[2024-03-14T23:53:24.903+0000] {processor.py:161} INFO - Started process (PID=38) to work on /home/airflow/.local/lib/python3.8/site-packages/airflow/example_dags/example_sla_dag.py
[2024-03-14T23:53:24.903+0000] {processor.py:830} INFO - Processing file /home/airflow/.local/lib/python3.8/site-packages/airflow/example_dags/example_sla_dag.py for tasks to queue
[2024-03-14T23:53:24.905+0000] {logging_mixin.py:188} INFO - [2024-03-14T23:53:24.904+0000] {dagbag.py:540} INFO - Filling up the DagBag from /home/airflow/.local/lib/python3.8/site-packages/airflow/example_dags/example_sla_dag.py
[2024-03-14T23:53:24.914+0000] {processor.py:840} INFO - DAG(s) 'example_sla_dag' retrieved from /home/airflow/.local/lib/python3.8/site-packages/airflow/example_dags/example_sla_dag.py
[2024-03-14T23:53:24.924+0000] {logging_mixin.py:188} INFO - [2024-03-14T23:53:24.923+0000] {dag.py:3047} INFO - Sync 1 DAGs
[2024-03-14T23:53:24.954+0000] {logging_mixin.py:188} INFO - [2024-03-14T23:53:24.954+0000] {dag.py:3834} INFO - Setting next_dagrun for example_sla_dag to 2024-03-14 23:50:00+00:00, run_after=2024-03-14 23:52:00+00:00
[2024-03-14T23:53:24.969+0000] {processor.py:183} INFO - Processing /home/airflow/.local/lib/python3.8/site-packages/airflow/example_dags/example_sla_dag.py took 0.068 seconds
[2024-03-14T23:53:55.293+0000] {processor.py:161} INFO - Started process (PID=93) to work on /home/airflow/.local/lib/python3.8/site-packages/airflow/example_dags/example_sla_dag.py
[2024-03-14T23:53:55.293+0000] {processor.py:830} INFO - Processing file /home/airflow/.local/lib/python3.8/site-packages/airflow/example_dags/example_sla_dag.py for tasks to queue
[2024-03-14T23:53:55.295+0000] {logging_mixin.py:188} INFO - [2024-03-14T23:53:55.294+0000] {dagbag.py:540} INFO - Filling up the DagBag from /home/airflow/.local/lib/python3.8/site-packages/airflow/example_dags/example_sla_dag.py
[2024-03-14T23:53:55.300+0000] {processor.py:840} INFO - DAG(s) 'example_sla_dag' retrieved from /home/airflow/.local/lib/python3.8/site-packages/airflow/example_dags/example_sla_dag.py
[2024-03-14T23:53:55.374+0000] {logging_mixin.py:188} INFO - [2024-03-14T23:53:55.374+0000] {dag.py:3047} INFO - Sync 1 DAGs
[2024-03-14T23:53:55.390+0000] {logging_mixin.py:188} INFO - [2024-03-14T23:53:55.390+0000] {dag.py:3834} INFO - Setting next_dagrun for example_sla_dag to 2024-03-14 23:50:00+00:00, run_after=2024-03-14 23:52:00+00:00
[2024-03-14T23:53:55.404+0000] {processor.py:183} INFO - Processing /home/airflow/.local/lib/python3.8/site-packages/airflow/example_dags/example_sla_dag.py took 0.114 seconds
[2024-03-14T23:54:25.603+0000] {processor.py:161} INFO - Started process (PID=148) to work on /home/airflow/.local/lib/python3.8/site-packages/airflow/example_dags/example_sla_dag.py
[2024-03-14T23:54:25.603+0000] {processor.py:830} INFO - Processing file /home/airflow/.local/lib/python3.8/site-packages/airflow/example_dags/example_sla_dag.py for tasks to queue
[2024-03-14T23:54:25.604+0000] {logging_mixin.py:188} INFO - [2024-03-14T23:54:25.604+0000] {dagbag.py:540} INFO - Filling up the DagBag from /home/airflow/.local/lib/python3.8/site-packages/airflow/example_dags/example_sla_dag.py
[2024-03-14T23:54:25.611+0000] {processor.py:840} INFO - DAG(s) 'example_sla_dag' retrieved from /home/airflow/.local/lib/python3.8/site-packages/airflow/example_dags/example_sla_dag.py
[2024-03-14T23:54:25.625+0000] {logging_mixin.py:188} INFO - [2024-03-14T23:54:25.625+0000] {dag.py:3047} INFO - Sync 1 DAGs
[2024-03-14T23:54:25.643+0000] {logging_mixin.py:188} INFO - [2024-03-14T23:54:25.643+0000] {dag.py:3834} INFO - Setting next_dagrun for example_sla_dag to 2024-03-14 23:52:00+00:00, run_after=2024-03-14 23:54:00+00:00
[2024-03-14T23:54:25.657+0000] {processor.py:183} INFO - Processing /home/airflow/.local/lib/python3.8/site-packages/airflow/example_dags/example_sla_dag.py took 0.057 seconds
[2024-03-14T23:54:55.719+0000] {processor.py:161} INFO - Started process (PID=203) to work on /home/airflow/.local/lib/python3.8/site-packages/airflow/example_dags/example_sla_dag.py
[2024-03-14T23:54:55.720+0000] {processor.py:830} INFO - Processing file /home/airflow/.local/lib/python3.8/site-packages/airflow/example_dags/example_sla_dag.py for tasks to queue
[2024-03-14T23:54:55.721+0000] {logging_mixin.py:188} INFO - [2024-03-14T23:54:55.721+0000] {dagbag.py:540} INFO - Filling up the DagBag from /home/airflow/.local/lib/python3.8/site-packages/airflow/example_dags/example_sla_dag.py
[2024-03-14T23:54:55.727+0000] {processor.py:840} INFO - DAG(s) 'example_sla_dag' retrieved from /home/airflow/.local/lib/python3.8/site-packages/airflow/example_dags/example_sla_dag.py
[2024-03-14T23:54:55.734+0000] {logging_mixin.py:188} INFO - [2024-03-14T23:54:55.734+0000] {dag.py:3047} INFO - Sync 1 DAGs
[2024-03-14T23:54:55.753+0000] {logging_mixin.py:188} INFO - [2024-03-14T23:54:55.753+0000] {dag.py:3834} INFO - Setting next_dagrun for example_sla_dag to 2024-03-14 23:52:00+00:00, run_after=2024-03-14 23:54:00+00:00
[2024-03-14T23:54:55.766+0000] {processor.py:183} INFO - Processing /home/airflow/.local/lib/python3.8/site-packages/airflow/example_dags/example_sla_dag.py took 0.048 seconds
[2024-03-14T23:55:26.928+0000] {processor.py:161} INFO - Started process (PID=258) to work on /home/airflow/.local/lib/python3.8/site-packages/airflow/example_dags/example_sla_dag.py
[2024-03-14T23:55:26.928+0000] {processor.py:830} INFO - Processing file /home/airflow/.local/lib/python3.8/site-packages/airflow/example_dags/example_sla_dag.py for tasks to queue
[2024-03-14T23:55:26.930+0000] {logging_mixin.py:188} INFO - [2024-03-14T23:55:26.929+0000] {dagbag.py:540} INFO - Filling up the DagBag from /home/airflow/.local/lib/python3.8/site-packages/airflow/example_dags/example_sla_dag.py
[2024-03-14T23:55:26.936+0000] {processor.py:840} INFO - DAG(s) 'example_sla_dag' retrieved from /home/airflow/.local/lib/python3.8/site-packages/airflow/example_dags/example_sla_dag.py
[2024-03-14T23:55:27.016+0000] {logging_mixin.py:188} INFO - [2024-03-14T23:55:27.015+0000] {dag.py:3047} INFO - Sync 1 DAGs
[2024-03-14T23:55:27.036+0000] {logging_mixin.py:188} INFO - [2024-03-14T23:55:27.036+0000] {dag.py:3834} INFO - Setting next_dagrun for example_sla_dag to 2024-03-14 23:52:00+00:00, run_after=2024-03-14 23:54:00+00:00
[2024-03-14T23:55:27.051+0000] {processor.py:183} INFO - Processing /home/airflow/.local/lib/python3.8/site-packages/airflow/example_dags/example_sla_dag.py took 0.126 seconds
[2024-03-14T23:55:57.443+0000] {processor.py:161} INFO - Started process (PID=313) to work on /home/airflow/.local/lib/python3.8/site-packages/airflow/example_dags/example_sla_dag.py
[2024-03-14T23:55:57.443+0000] {processor.py:830} INFO - Processing file /home/airflow/.local/lib/python3.8/site-packages/airflow/example_dags/example_sla_dag.py for tasks to queue
[2024-03-14T23:55:57.444+0000] {logging_mixin.py:188} INFO - [2024-03-14T23:55:57.444+0000] {dagbag.py:540} INFO - Filling up the DagBag from /home/airflow/.local/lib/python3.8/site-packages/airflow/example_dags/example_sla_dag.py
[2024-03-14T23:55:57.449+0000] {processor.py:840} INFO - DAG(s) 'example_sla_dag' retrieved from /home/airflow/.local/lib/python3.8/site-packages/airflow/example_dags/example_sla_dag.py
[2024-03-14T23:55:57.463+0000] {logging_mixin.py:188} INFO - [2024-03-14T23:55:57.463+0000] {dag.py:3047} INFO - Sync 1 DAGs
[2024-03-14T23:55:57.481+0000] {logging_mixin.py:188} INFO - [2024-03-14T23:55:57.481+0000] {dag.py:3834} INFO - Setting next_dagrun for example_sla_dag to 2024-03-14 23:52:00+00:00, run_after=2024-03-14 23:54:00+00:00
[2024-03-14T23:55:57.495+0000] {processor.py:183} INFO - Processing /home/airflow/.local/lib/python3.8/site-packages/airflow/example_dags/example_sla_dag.py took 0.054 seconds
[2024-03-14T23:56:27.563+0000] {processor.py:161} INFO - Started process (PID=368) to work on /home/airflow/.local/lib/python3.8/site-packages/airflow/example_dags/example_sla_dag.py
[2024-03-14T23:56:27.564+0000] {processor.py:830} INFO - Processing file /home/airflow/.local/lib/python3.8/site-packages/airflow/example_dags/example_sla_dag.py for tasks to queue
[2024-03-14T23:56:27.565+0000] {logging_mixin.py:188} INFO - [2024-03-14T23:56:27.565+0000] {dagbag.py:540} INFO - Filling up the DagBag from /home/airflow/.local/lib/python3.8/site-packages/airflow/example_dags/example_sla_dag.py
[2024-03-14T23:56:27.571+0000] {processor.py:840} INFO - DAG(s) 'example_sla_dag' retrieved from /home/airflow/.local/lib/python3.8/site-packages/airflow/example_dags/example_sla_dag.py
[2024-03-14T23:56:27.584+0000] {logging_mixin.py:188} INFO - [2024-03-14T23:56:27.584+0000] {dag.py:3047} INFO - Sync 1 DAGs
[2024-03-14T23:56:27.604+0000] {logging_mixin.py:188} INFO - [2024-03-14T23:56:27.603+0000] {dag.py:3834} INFO - Setting next_dagrun for example_sla_dag to 2024-03-14 23:54:00+00:00, run_after=2024-03-14 23:56:00+00:00
[2024-03-14T23:56:27.618+0000] {processor.py:183} INFO - Processing /home/airflow/.local/lib/python3.8/site-packages/airflow/example_dags/example_sla_dag.py took 0.058 seconds
[2024-03-14T23:56:58.613+0000] {processor.py:161} INFO - Started process (PID=423) to work on /home/airflow/.local/lib/python3.8/site-packages/airflow/example_dags/example_sla_dag.py
[2024-03-14T23:56:58.614+0000] {processor.py:830} INFO - Processing file /home/airflow/.local/lib/python3.8/site-packages/airflow/example_dags/example_sla_dag.py for tasks to queue
[2024-03-14T23:56:58.615+0000] {logging_mixin.py:188} INFO - [2024-03-14T23:56:58.615+0000] {dagbag.py:540} INFO - Filling up the DagBag from /home/airflow/.local/lib/python3.8/site-packages/airflow/example_dags/example_sla_dag.py
[2024-03-14T23:56:58.620+0000] {processor.py:840} INFO - DAG(s) 'example_sla_dag' retrieved from /home/airflow/.local/lib/python3.8/site-packages/airflow/example_dags/example_sla_dag.py
[2024-03-14T23:56:58.633+0000] {logging_mixin.py:188} INFO - [2024-03-14T23:56:58.632+0000] {dag.py:3047} INFO - Sync 1 DAGs
[2024-03-14T23:56:58.651+0000] {logging_mixin.py:188} INFO - [2024-03-14T23:56:58.651+0000] {dag.py:3834} INFO - Setting next_dagrun for example_sla_dag to 2024-03-14 23:54:00+00:00, run_after=2024-03-14 23:56:00+00:00
[2024-03-14T23:56:58.664+0000] {processor.py:183} INFO - Processing /home/airflow/.local/lib/python3.8/site-packages/airflow/example_dags/example_sla_dag.py took 0.053 seconds
[2024-03-14T23:57:28.739+0000] {processor.py:161} INFO - Started process (PID=478) to work on /home/airflow/.local/lib/python3.8/site-packages/airflow/example_dags/example_sla_dag.py
[2024-03-14T23:57:28.740+0000] {processor.py:830} INFO - Processing file /home/airflow/.local/lib/python3.8/site-packages/airflow/example_dags/example_sla_dag.py for tasks to queue
[2024-03-14T23:57:28.741+0000] {logging_mixin.py:188} INFO - [2024-03-14T23:57:28.741+0000] {dagbag.py:540} INFO - Filling up the DagBag from /home/airflow/.local/lib/python3.8/site-packages/airflow/example_dags/example_sla_dag.py
[2024-03-14T23:57:28.747+0000] {processor.py:840} INFO - DAG(s) 'example_sla_dag' retrieved from /home/airflow/.local/lib/python3.8/site-packages/airflow/example_dags/example_sla_dag.py
[2024-03-14T23:57:28.760+0000] {logging_mixin.py:188} INFO - [2024-03-14T23:57:28.760+0000] {dag.py:3047} INFO - Sync 1 DAGs
[2024-03-14T23:57:28.780+0000] {logging_mixin.py:188} INFO - [2024-03-14T23:57:28.779+0000] {dag.py:3834} INFO - Setting next_dagrun for example_sla_dag to 2024-03-14 23:54:00+00:00, run_after=2024-03-14 23:56:00+00:00
[2024-03-14T23:57:28.792+0000] {processor.py:183} INFO - Processing /home/airflow/.local/lib/python3.8/site-packages/airflow/example_dags/example_sla_dag.py took 0.056 seconds
[2024-03-14T23:57:58.811+0000] {processor.py:161} INFO - Started process (PID=533) to work on /home/airflow/.local/lib/python3.8/site-packages/airflow/example_dags/example_sla_dag.py
[2024-03-14T23:57:58.812+0000] {processor.py:830} INFO - Processing file /home/airflow/.local/lib/python3.8/site-packages/airflow/example_dags/example_sla_dag.py for tasks to queue
[2024-03-14T23:57:58.813+0000] {logging_mixin.py:188} INFO - [2024-03-14T23:57:58.812+0000] {dagbag.py:540} INFO - Filling up the DagBag from /home/airflow/.local/lib/python3.8/site-packages/airflow/example_dags/example_sla_dag.py
[2024-03-14T23:57:58.818+0000] {processor.py:840} INFO - DAG(s) 'example_sla_dag' retrieved from /home/airflow/.local/lib/python3.8/site-packages/airflow/example_dags/example_sla_dag.py
[2024-03-14T23:57:58.843+0000] {logging_mixin.py:188} INFO - [2024-03-14T23:57:58.842+0000] {dag.py:3047} INFO - Sync 1 DAGs
[2024-03-14T23:57:58.864+0000] {logging_mixin.py:188} INFO - [2024-03-14T23:57:58.864+0000] {dag.py:3834} INFO - Setting next_dagrun for example_sla_dag to 2024-03-14 23:54:00+00:00, run_after=2024-03-14 23:56:00+00:00
[2024-03-14T23:57:58.880+0000] {processor.py:183} INFO - Processing /home/airflow/.local/lib/python3.8/site-packages/airflow/example_dags/example_sla_dag.py took 0.071 seconds
[2024-03-14T23:58:29.027+0000] {processor.py:161} INFO - Started process (PID=589) to work on /home/airflow/.local/lib/python3.8/site-packages/airflow/example_dags/example_sla_dag.py
[2024-03-14T23:58:29.028+0000] {processor.py:830} INFO - Processing file /home/airflow/.local/lib/python3.8/site-packages/airflow/example_dags/example_sla_dag.py for tasks to queue
[2024-03-14T23:58:29.029+0000] {logging_mixin.py:188} INFO - [2024-03-14T23:58:29.029+0000] {dagbag.py:540} INFO - Filling up the DagBag from /home/airflow/.local/lib/python3.8/site-packages/airflow/example_dags/example_sla_dag.py
[2024-03-14T23:58:29.035+0000] {processor.py:840} INFO - DAG(s) 'example_sla_dag' retrieved from /home/airflow/.local/lib/python3.8/site-packages/airflow/example_dags/example_sla_dag.py
[2024-03-14T23:58:29.048+0000] {logging_mixin.py:188} INFO - [2024-03-14T23:58:29.047+0000] {dag.py:3047} INFO - Sync 1 DAGs
[2024-03-14T23:58:29.068+0000] {logging_mixin.py:188} INFO - [2024-03-14T23:58:29.067+0000] {dag.py:3834} INFO - Setting next_dagrun for example_sla_dag to 2024-03-14 23:56:00+00:00, run_after=2024-03-14 23:58:00+00:00
[2024-03-14T23:58:29.084+0000] {processor.py:183} INFO - Processing /home/airflow/.local/lib/python3.8/site-packages/airflow/example_dags/example_sla_dag.py took 0.059 seconds
[2024-03-14T23:58:59.245+0000] {processor.py:161} INFO - Started process (PID=644) to work on /home/airflow/.local/lib/python3.8/site-packages/airflow/example_dags/example_sla_dag.py
[2024-03-14T23:58:59.246+0000] {processor.py:830} INFO - Processing file /home/airflow/.local/lib/python3.8/site-packages/airflow/example_dags/example_sla_dag.py for tasks to queue
[2024-03-14T23:58:59.247+0000] {logging_mixin.py:188} INFO - [2024-03-14T23:58:59.247+0000] {dagbag.py:540} INFO - Filling up the DagBag from /home/airflow/.local/lib/python3.8/site-packages/airflow/example_dags/example_sla_dag.py
[2024-03-14T23:58:59.253+0000] {processor.py:840} INFO - DAG(s) 'example_sla_dag' retrieved from /home/airflow/.local/lib/python3.8/site-packages/airflow/example_dags/example_sla_dag.py
[2024-03-14T23:58:59.268+0000] {logging_mixin.py:188} INFO - [2024-03-14T23:58:59.268+0000] {dag.py:3047} INFO - Sync 1 DAGs
[2024-03-14T23:58:59.292+0000] {logging_mixin.py:188} INFO - [2024-03-14T23:58:59.291+0000] {dag.py:3834} INFO - Setting next_dagrun for example_sla_dag to 2024-03-14 23:56:00+00:00, run_after=2024-03-14 23:58:00+00:00
[2024-03-14T23:58:59.308+0000] {processor.py:183} INFO - Processing /home/airflow/.local/lib/python3.8/site-packages/airflow/example_dags/example_sla_dag.py took 0.064 seconds
