[2024-03-14T23:53:26.054+0000] {processor.py:161} INFO - Started process (PID=60) to work on /home/airflow/.local/lib/python3.8/site-packages/airflow/example_dags/example_task_group.py
[2024-03-14T23:53:26.055+0000] {processor.py:830} INFO - Processing file /home/airflow/.local/lib/python3.8/site-packages/airflow/example_dags/example_task_group.py for tasks to queue
[2024-03-14T23:53:26.059+0000] {logging_mixin.py:188} INFO - [2024-03-14T23:53:26.058+0000] {dagbag.py:540} INFO - Filling up the DagBag from /home/airflow/.local/lib/python3.8/site-packages/airflow/example_dags/example_task_group.py
[2024-03-14T23:53:26.066+0000] {processor.py:840} INFO - DAG(s) 'example_task_group' retrieved from /home/airflow/.local/lib/python3.8/site-packages/airflow/example_dags/example_task_group.py
[2024-03-14T23:53:26.083+0000] {logging_mixin.py:188} INFO - [2024-03-14T23:53:26.083+0000] {dag.py:3047} INFO - Sync 1 DAGs
[2024-03-14T23:53:26.106+0000] {logging_mixin.py:188} INFO - [2024-03-14T23:53:26.106+0000] {dag.py:3834} INFO - Setting next_dagrun for example_task_group to 2024-03-13 00:00:00+00:00, run_after=2024-03-14 00:00:00+00:00
[2024-03-14T23:53:26.125+0000] {processor.py:183} INFO - Processing /home/airflow/.local/lib/python3.8/site-packages/airflow/example_dags/example_task_group.py took 0.079 seconds
[2024-03-14T23:53:56.811+0000] {processor.py:161} INFO - Started process (PID=115) to work on /home/airflow/.local/lib/python3.8/site-packages/airflow/example_dags/example_task_group.py
[2024-03-14T23:53:56.812+0000] {processor.py:830} INFO - Processing file /home/airflow/.local/lib/python3.8/site-packages/airflow/example_dags/example_task_group.py for tasks to queue
[2024-03-14T23:53:56.813+0000] {logging_mixin.py:188} INFO - [2024-03-14T23:53:56.813+0000] {dagbag.py:540} INFO - Filling up the DagBag from /home/airflow/.local/lib/python3.8/site-packages/airflow/example_dags/example_task_group.py
[2024-03-14T23:53:56.818+0000] {processor.py:840} INFO - DAG(s) 'example_task_group' retrieved from /home/airflow/.local/lib/python3.8/site-packages/airflow/example_dags/example_task_group.py
[2024-03-14T23:53:56.898+0000] {logging_mixin.py:188} INFO - [2024-03-14T23:53:56.897+0000] {dag.py:3047} INFO - Sync 1 DAGs
[2024-03-14T23:53:56.913+0000] {logging_mixin.py:188} INFO - [2024-03-14T23:53:56.913+0000] {dag.py:3834} INFO - Setting next_dagrun for example_task_group to 2024-03-13 00:00:00+00:00, run_after=2024-03-14 00:00:00+00:00
[2024-03-14T23:53:56.927+0000] {processor.py:183} INFO - Processing /home/airflow/.local/lib/python3.8/site-packages/airflow/example_dags/example_task_group.py took 0.119 seconds
[2024-03-14T23:54:27.567+0000] {processor.py:161} INFO - Started process (PID=170) to work on /home/airflow/.local/lib/python3.8/site-packages/airflow/example_dags/example_task_group.py
[2024-03-14T23:54:27.567+0000] {processor.py:830} INFO - Processing file /home/airflow/.local/lib/python3.8/site-packages/airflow/example_dags/example_task_group.py for tasks to queue
[2024-03-14T23:54:27.569+0000] {logging_mixin.py:188} INFO - [2024-03-14T23:54:27.568+0000] {dagbag.py:540} INFO - Filling up the DagBag from /home/airflow/.local/lib/python3.8/site-packages/airflow/example_dags/example_task_group.py
[2024-03-14T23:54:27.574+0000] {processor.py:840} INFO - DAG(s) 'example_task_group' retrieved from /home/airflow/.local/lib/python3.8/site-packages/airflow/example_dags/example_task_group.py
[2024-03-14T23:54:27.591+0000] {logging_mixin.py:188} INFO - [2024-03-14T23:54:27.591+0000] {dag.py:3047} INFO - Sync 1 DAGs
[2024-03-14T23:54:27.609+0000] {logging_mixin.py:188} INFO - [2024-03-14T23:54:27.609+0000] {dag.py:3834} INFO - Setting next_dagrun for example_task_group to 2024-03-13 00:00:00+00:00, run_after=2024-03-14 00:00:00+00:00
[2024-03-14T23:54:27.622+0000] {processor.py:183} INFO - Processing /home/airflow/.local/lib/python3.8/site-packages/airflow/example_dags/example_task_group.py took 0.058 seconds
[2024-03-14T23:54:58.535+0000] {processor.py:161} INFO - Started process (PID=225) to work on /home/airflow/.local/lib/python3.8/site-packages/airflow/example_dags/example_task_group.py
[2024-03-14T23:54:58.535+0000] {processor.py:830} INFO - Processing file /home/airflow/.local/lib/python3.8/site-packages/airflow/example_dags/example_task_group.py for tasks to queue
[2024-03-14T23:54:58.536+0000] {logging_mixin.py:188} INFO - [2024-03-14T23:54:58.536+0000] {dagbag.py:540} INFO - Filling up the DagBag from /home/airflow/.local/lib/python3.8/site-packages/airflow/example_dags/example_task_group.py
[2024-03-14T23:54:58.542+0000] {processor.py:840} INFO - DAG(s) 'example_task_group' retrieved from /home/airflow/.local/lib/python3.8/site-packages/airflow/example_dags/example_task_group.py
[2024-03-14T23:54:58.551+0000] {logging_mixin.py:188} INFO - [2024-03-14T23:54:58.551+0000] {dag.py:3047} INFO - Sync 1 DAGs
[2024-03-14T23:54:58.570+0000] {logging_mixin.py:188} INFO - [2024-03-14T23:54:58.569+0000] {dag.py:3834} INFO - Setting next_dagrun for example_task_group to 2024-03-13 00:00:00+00:00, run_after=2024-03-14 00:00:00+00:00
[2024-03-14T23:54:58.584+0000] {processor.py:183} INFO - Processing /home/airflow/.local/lib/python3.8/site-packages/airflow/example_dags/example_task_group.py took 0.051 seconds
[2024-03-14T23:55:29.705+0000] {processor.py:161} INFO - Started process (PID=280) to work on /home/airflow/.local/lib/python3.8/site-packages/airflow/example_dags/example_task_group.py
[2024-03-14T23:55:29.706+0000] {processor.py:830} INFO - Processing file /home/airflow/.local/lib/python3.8/site-packages/airflow/example_dags/example_task_group.py for tasks to queue
[2024-03-14T23:55:29.707+0000] {logging_mixin.py:188} INFO - [2024-03-14T23:55:29.707+0000] {dagbag.py:540} INFO - Filling up the DagBag from /home/airflow/.local/lib/python3.8/site-packages/airflow/example_dags/example_task_group.py
[2024-03-14T23:55:29.714+0000] {processor.py:840} INFO - DAG(s) 'example_task_group' retrieved from /home/airflow/.local/lib/python3.8/site-packages/airflow/example_dags/example_task_group.py
[2024-03-14T23:55:29.792+0000] {logging_mixin.py:188} INFO - [2024-03-14T23:55:29.792+0000] {dag.py:3047} INFO - Sync 1 DAGs
[2024-03-14T23:55:29.810+0000] {logging_mixin.py:188} INFO - [2024-03-14T23:55:29.809+0000] {dag.py:3834} INFO - Setting next_dagrun for example_task_group to 2024-03-13 00:00:00+00:00, run_after=2024-03-14 00:00:00+00:00
[2024-03-14T23:55:29.824+0000] {processor.py:183} INFO - Processing /home/airflow/.local/lib/python3.8/site-packages/airflow/example_dags/example_task_group.py took 0.121 seconds
[2024-03-14T23:56:00.304+0000] {processor.py:161} INFO - Started process (PID=335) to work on /home/airflow/.local/lib/python3.8/site-packages/airflow/example_dags/example_task_group.py
[2024-03-14T23:56:00.304+0000] {processor.py:830} INFO - Processing file /home/airflow/.local/lib/python3.8/site-packages/airflow/example_dags/example_task_group.py for tasks to queue
[2024-03-14T23:56:00.306+0000] {logging_mixin.py:188} INFO - [2024-03-14T23:56:00.305+0000] {dagbag.py:540} INFO - Filling up the DagBag from /home/airflow/.local/lib/python3.8/site-packages/airflow/example_dags/example_task_group.py
[2024-03-14T23:56:00.311+0000] {processor.py:840} INFO - DAG(s) 'example_task_group' retrieved from /home/airflow/.local/lib/python3.8/site-packages/airflow/example_dags/example_task_group.py
[2024-03-14T23:56:00.326+0000] {logging_mixin.py:188} INFO - [2024-03-14T23:56:00.326+0000] {dag.py:3047} INFO - Sync 1 DAGs
[2024-03-14T23:56:00.344+0000] {logging_mixin.py:188} INFO - [2024-03-14T23:56:00.344+0000] {dag.py:3834} INFO - Setting next_dagrun for example_task_group to 2024-03-13 00:00:00+00:00, run_after=2024-03-14 00:00:00+00:00
[2024-03-14T23:56:00.357+0000] {processor.py:183} INFO - Processing /home/airflow/.local/lib/python3.8/site-packages/airflow/example_dags/example_task_group.py took 0.056 seconds
[2024-03-14T23:56:30.412+0000] {processor.py:161} INFO - Started process (PID=390) to work on /home/airflow/.local/lib/python3.8/site-packages/airflow/example_dags/example_task_group.py
[2024-03-14T23:56:30.414+0000] {processor.py:830} INFO - Processing file /home/airflow/.local/lib/python3.8/site-packages/airflow/example_dags/example_task_group.py for tasks to queue
[2024-03-14T23:56:30.416+0000] {logging_mixin.py:188} INFO - [2024-03-14T23:56:30.415+0000] {dagbag.py:540} INFO - Filling up the DagBag from /home/airflow/.local/lib/python3.8/site-packages/airflow/example_dags/example_task_group.py
[2024-03-14T23:56:30.420+0000] {processor.py:840} INFO - DAG(s) 'example_task_group' retrieved from /home/airflow/.local/lib/python3.8/site-packages/airflow/example_dags/example_task_group.py
[2024-03-14T23:56:30.438+0000] {logging_mixin.py:188} INFO - [2024-03-14T23:56:30.437+0000] {dag.py:3047} INFO - Sync 1 DAGs
[2024-03-14T23:56:30.454+0000] {logging_mixin.py:188} INFO - [2024-03-14T23:56:30.454+0000] {dag.py:3834} INFO - Setting next_dagrun for example_task_group to 2024-03-13 00:00:00+00:00, run_after=2024-03-14 00:00:00+00:00
[2024-03-14T23:56:30.468+0000] {processor.py:183} INFO - Processing /home/airflow/.local/lib/python3.8/site-packages/airflow/example_dags/example_task_group.py took 0.058 seconds
[2024-03-14T23:57:01.419+0000] {processor.py:161} INFO - Started process (PID=445) to work on /home/airflow/.local/lib/python3.8/site-packages/airflow/example_dags/example_task_group.py
[2024-03-14T23:57:01.419+0000] {processor.py:830} INFO - Processing file /home/airflow/.local/lib/python3.8/site-packages/airflow/example_dags/example_task_group.py for tasks to queue
[2024-03-14T23:57:01.420+0000] {logging_mixin.py:188} INFO - [2024-03-14T23:57:01.420+0000] {dagbag.py:540} INFO - Filling up the DagBag from /home/airflow/.local/lib/python3.8/site-packages/airflow/example_dags/example_task_group.py
[2024-03-14T23:57:01.426+0000] {processor.py:840} INFO - DAG(s) 'example_task_group' retrieved from /home/airflow/.local/lib/python3.8/site-packages/airflow/example_dags/example_task_group.py
[2024-03-14T23:57:01.443+0000] {logging_mixin.py:188} INFO - [2024-03-14T23:57:01.443+0000] {dag.py:3047} INFO - Sync 1 DAGs
[2024-03-14T23:57:01.458+0000] {logging_mixin.py:188} INFO - [2024-03-14T23:57:01.458+0000] {dag.py:3834} INFO - Setting next_dagrun for example_task_group to 2024-03-13 00:00:00+00:00, run_after=2024-03-14 00:00:00+00:00
[2024-03-14T23:57:01.470+0000] {processor.py:183} INFO - Processing /home/airflow/.local/lib/python3.8/site-packages/airflow/example_dags/example_task_group.py took 0.053 seconds
[2024-03-14T23:57:31.537+0000] {processor.py:161} INFO - Started process (PID=500) to work on /home/airflow/.local/lib/python3.8/site-packages/airflow/example_dags/example_task_group.py
[2024-03-14T23:57:31.538+0000] {processor.py:830} INFO - Processing file /home/airflow/.local/lib/python3.8/site-packages/airflow/example_dags/example_task_group.py for tasks to queue
[2024-03-14T23:57:31.539+0000] {logging_mixin.py:188} INFO - [2024-03-14T23:57:31.538+0000] {dagbag.py:540} INFO - Filling up the DagBag from /home/airflow/.local/lib/python3.8/site-packages/airflow/example_dags/example_task_group.py
[2024-03-14T23:57:31.543+0000] {processor.py:840} INFO - DAG(s) 'example_task_group' retrieved from /home/airflow/.local/lib/python3.8/site-packages/airflow/example_dags/example_task_group.py
[2024-03-14T23:57:31.559+0000] {logging_mixin.py:188} INFO - [2024-03-14T23:57:31.559+0000] {dag.py:3047} INFO - Sync 1 DAGs
[2024-03-14T23:57:31.576+0000] {logging_mixin.py:188} INFO - [2024-03-14T23:57:31.576+0000] {dag.py:3834} INFO - Setting next_dagrun for example_task_group to 2024-03-13 00:00:00+00:00, run_after=2024-03-14 00:00:00+00:00
[2024-03-14T23:57:31.590+0000] {processor.py:183} INFO - Processing /home/airflow/.local/lib/python3.8/site-packages/airflow/example_dags/example_task_group.py took 0.056 seconds
[2024-03-14T23:58:01.762+0000] {processor.py:161} INFO - Started process (PID=555) to work on /home/airflow/.local/lib/python3.8/site-packages/airflow/example_dags/example_task_group.py
[2024-03-14T23:58:01.762+0000] {processor.py:830} INFO - Processing file /home/airflow/.local/lib/python3.8/site-packages/airflow/example_dags/example_task_group.py for tasks to queue
[2024-03-14T23:58:01.763+0000] {logging_mixin.py:188} INFO - [2024-03-14T23:58:01.763+0000] {dagbag.py:540} INFO - Filling up the DagBag from /home/airflow/.local/lib/python3.8/site-packages/airflow/example_dags/example_task_group.py
[2024-03-14T23:58:01.768+0000] {processor.py:840} INFO - DAG(s) 'example_task_group' retrieved from /home/airflow/.local/lib/python3.8/site-packages/airflow/example_dags/example_task_group.py
[2024-03-14T23:58:01.783+0000] {logging_mixin.py:188} INFO - [2024-03-14T23:58:01.783+0000] {dag.py:3047} INFO - Sync 1 DAGs
[2024-03-14T23:58:01.801+0000] {logging_mixin.py:188} INFO - [2024-03-14T23:58:01.801+0000] {dag.py:3834} INFO - Setting next_dagrun for example_task_group to 2024-03-13 00:00:00+00:00, run_after=2024-03-14 00:00:00+00:00
[2024-03-14T23:58:01.815+0000] {processor.py:183} INFO - Processing /home/airflow/.local/lib/python3.8/site-packages/airflow/example_dags/example_task_group.py took 0.055 seconds
[2024-03-14T23:58:31.938+0000] {processor.py:161} INFO - Started process (PID=611) to work on /home/airflow/.local/lib/python3.8/site-packages/airflow/example_dags/example_task_group.py
[2024-03-14T23:58:31.939+0000] {processor.py:830} INFO - Processing file /home/airflow/.local/lib/python3.8/site-packages/airflow/example_dags/example_task_group.py for tasks to queue
[2024-03-14T23:58:31.940+0000] {logging_mixin.py:188} INFO - [2024-03-14T23:58:31.939+0000] {dagbag.py:540} INFO - Filling up the DagBag from /home/airflow/.local/lib/python3.8/site-packages/airflow/example_dags/example_task_group.py
[2024-03-14T23:58:31.945+0000] {processor.py:840} INFO - DAG(s) 'example_task_group' retrieved from /home/airflow/.local/lib/python3.8/site-packages/airflow/example_dags/example_task_group.py
[2024-03-14T23:58:31.961+0000] {logging_mixin.py:188} INFO - [2024-03-14T23:58:31.961+0000] {dag.py:3047} INFO - Sync 1 DAGs
[2024-03-14T23:58:31.978+0000] {logging_mixin.py:188} INFO - [2024-03-14T23:58:31.977+0000] {dag.py:3834} INFO - Setting next_dagrun for example_task_group to 2024-03-13 00:00:00+00:00, run_after=2024-03-14 00:00:00+00:00
[2024-03-14T23:58:31.991+0000] {processor.py:183} INFO - Processing /home/airflow/.local/lib/python3.8/site-packages/airflow/example_dags/example_task_group.py took 0.055 seconds
[2024-03-14T23:59:02.080+0000] {processor.py:161} INFO - Started process (PID=665) to work on /home/airflow/.local/lib/python3.8/site-packages/airflow/example_dags/example_task_group.py
[2024-03-14T23:59:02.081+0000] {processor.py:830} INFO - Processing file /home/airflow/.local/lib/python3.8/site-packages/airflow/example_dags/example_task_group.py for tasks to queue
[2024-03-14T23:59:02.082+0000] {logging_mixin.py:188} INFO - [2024-03-14T23:59:02.082+0000] {dagbag.py:540} INFO - Filling up the DagBag from /home/airflow/.local/lib/python3.8/site-packages/airflow/example_dags/example_task_group.py
[2024-03-14T23:59:02.089+0000] {processor.py:840} INFO - DAG(s) 'example_task_group' retrieved from /home/airflow/.local/lib/python3.8/site-packages/airflow/example_dags/example_task_group.py
[2024-03-14T23:59:02.107+0000] {logging_mixin.py:188} INFO - [2024-03-14T23:59:02.107+0000] {dag.py:3047} INFO - Sync 1 DAGs
[2024-03-14T23:59:02.125+0000] {logging_mixin.py:188} INFO - [2024-03-14T23:59:02.125+0000] {dag.py:3834} INFO - Setting next_dagrun for example_task_group to 2024-03-13 00:00:00+00:00, run_after=2024-03-14 00:00:00+00:00
[2024-03-14T23:59:02.140+0000] {processor.py:183} INFO - Processing /home/airflow/.local/lib/python3.8/site-packages/airflow/example_dags/example_task_group.py took 0.062 seconds
