[2024-03-14T23:53:25.442+0000] {processor.py:161} INFO - Started process (PID=48) to work on /home/airflow/.local/lib/python3.8/site-packages/airflow/example_dags/example_setup_teardown_taskflow.py
[2024-03-14T23:53:25.443+0000] {processor.py:830} INFO - Processing file /home/airflow/.local/lib/python3.8/site-packages/airflow/example_dags/example_setup_teardown_taskflow.py for tasks to queue
[2024-03-14T23:53:25.444+0000] {logging_mixin.py:188} INFO - [2024-03-14T23:53:25.444+0000] {dagbag.py:540} INFO - Filling up the DagBag from /home/airflow/.local/lib/python3.8/site-packages/airflow/example_dags/example_setup_teardown_taskflow.py
[2024-03-14T23:53:25.453+0000] {processor.py:840} INFO - DAG(s) 'example_setup_teardown_taskflow' retrieved from /home/airflow/.local/lib/python3.8/site-packages/airflow/example_dags/example_setup_teardown_taskflow.py
[2024-03-14T23:53:25.467+0000] {logging_mixin.py:188} INFO - [2024-03-14T23:53:25.467+0000] {dag.py:3047} INFO - Sync 1 DAGs
[2024-03-14T23:53:25.492+0000] {logging_mixin.py:188} INFO - [2024-03-14T23:53:25.492+0000] {dag.py:3834} INFO - Setting next_dagrun for example_setup_teardown_taskflow to 2024-03-13 00:00:00+00:00, run_after=2024-03-14 00:00:00+00:00
[2024-03-14T23:53:25.525+0000] {processor.py:183} INFO - Processing /home/airflow/.local/lib/python3.8/site-packages/airflow/example_dags/example_setup_teardown_taskflow.py took 0.085 seconds
[2024-03-14T23:53:55.949+0000] {processor.py:161} INFO - Started process (PID=103) to work on /home/airflow/.local/lib/python3.8/site-packages/airflow/example_dags/example_setup_teardown_taskflow.py
[2024-03-14T23:53:55.950+0000] {processor.py:830} INFO - Processing file /home/airflow/.local/lib/python3.8/site-packages/airflow/example_dags/example_setup_teardown_taskflow.py for tasks to queue
[2024-03-14T23:53:55.951+0000] {logging_mixin.py:188} INFO - [2024-03-14T23:53:55.951+0000] {dagbag.py:540} INFO - Filling up the DagBag from /home/airflow/.local/lib/python3.8/site-packages/airflow/example_dags/example_setup_teardown_taskflow.py
[2024-03-14T23:53:55.958+0000] {processor.py:840} INFO - DAG(s) 'example_setup_teardown_taskflow' retrieved from /home/airflow/.local/lib/python3.8/site-packages/airflow/example_dags/example_setup_teardown_taskflow.py
[2024-03-14T23:53:56.036+0000] {logging_mixin.py:188} INFO - [2024-03-14T23:53:56.036+0000] {dag.py:3047} INFO - Sync 1 DAGs
[2024-03-14T23:53:56.050+0000] {logging_mixin.py:188} INFO - [2024-03-14T23:53:56.050+0000] {dag.py:3834} INFO - Setting next_dagrun for example_setup_teardown_taskflow to 2024-03-13 00:00:00+00:00, run_after=2024-03-14 00:00:00+00:00
[2024-03-14T23:53:56.065+0000] {processor.py:183} INFO - Processing /home/airflow/.local/lib/python3.8/site-packages/airflow/example_dags/example_setup_teardown_taskflow.py took 0.118 seconds
[2024-03-14T23:54:26.135+0000] {processor.py:161} INFO - Started process (PID=158) to work on /home/airflow/.local/lib/python3.8/site-packages/airflow/example_dags/example_setup_teardown_taskflow.py
[2024-03-14T23:54:26.136+0000] {processor.py:830} INFO - Processing file /home/airflow/.local/lib/python3.8/site-packages/airflow/example_dags/example_setup_teardown_taskflow.py for tasks to queue
[2024-03-14T23:54:26.137+0000] {logging_mixin.py:188} INFO - [2024-03-14T23:54:26.137+0000] {dagbag.py:540} INFO - Filling up the DagBag from /home/airflow/.local/lib/python3.8/site-packages/airflow/example_dags/example_setup_teardown_taskflow.py
[2024-03-14T23:54:26.144+0000] {processor.py:840} INFO - DAG(s) 'example_setup_teardown_taskflow' retrieved from /home/airflow/.local/lib/python3.8/site-packages/airflow/example_dags/example_setup_teardown_taskflow.py
[2024-03-14T23:54:26.160+0000] {logging_mixin.py:188} INFO - [2024-03-14T23:54:26.159+0000] {dag.py:3047} INFO - Sync 1 DAGs
[2024-03-14T23:54:26.174+0000] {logging_mixin.py:188} INFO - [2024-03-14T23:54:26.174+0000] {dag.py:3834} INFO - Setting next_dagrun for example_setup_teardown_taskflow to 2024-03-13 00:00:00+00:00, run_after=2024-03-14 00:00:00+00:00
[2024-03-14T23:54:26.186+0000] {processor.py:183} INFO - Processing /home/airflow/.local/lib/python3.8/site-packages/airflow/example_dags/example_setup_teardown_taskflow.py took 0.054 seconds
[2024-03-14T23:54:57.147+0000] {processor.py:161} INFO - Started process (PID=213) to work on /home/airflow/.local/lib/python3.8/site-packages/airflow/example_dags/example_setup_teardown_taskflow.py
[2024-03-14T23:54:57.148+0000] {processor.py:830} INFO - Processing file /home/airflow/.local/lib/python3.8/site-packages/airflow/example_dags/example_setup_teardown_taskflow.py for tasks to queue
[2024-03-14T23:54:57.149+0000] {logging_mixin.py:188} INFO - [2024-03-14T23:54:57.149+0000] {dagbag.py:540} INFO - Filling up the DagBag from /home/airflow/.local/lib/python3.8/site-packages/airflow/example_dags/example_setup_teardown_taskflow.py
[2024-03-14T23:54:57.155+0000] {processor.py:840} INFO - DAG(s) 'example_setup_teardown_taskflow' retrieved from /home/airflow/.local/lib/python3.8/site-packages/airflow/example_dags/example_setup_teardown_taskflow.py
[2024-03-14T23:54:57.165+0000] {logging_mixin.py:188} INFO - [2024-03-14T23:54:57.164+0000] {dag.py:3047} INFO - Sync 1 DAGs
[2024-03-14T23:54:57.182+0000] {logging_mixin.py:188} INFO - [2024-03-14T23:54:57.182+0000] {dag.py:3834} INFO - Setting next_dagrun for example_setup_teardown_taskflow to 2024-03-13 00:00:00+00:00, run_after=2024-03-14 00:00:00+00:00
[2024-03-14T23:54:57.197+0000] {processor.py:183} INFO - Processing /home/airflow/.local/lib/python3.8/site-packages/airflow/example_dags/example_setup_teardown_taskflow.py took 0.052 seconds
[2024-03-14T23:55:27.676+0000] {processor.py:161} INFO - Started process (PID=268) to work on /home/airflow/.local/lib/python3.8/site-packages/airflow/example_dags/example_setup_teardown_taskflow.py
[2024-03-14T23:55:27.677+0000] {processor.py:830} INFO - Processing file /home/airflow/.local/lib/python3.8/site-packages/airflow/example_dags/example_setup_teardown_taskflow.py for tasks to queue
[2024-03-14T23:55:27.678+0000] {logging_mixin.py:188} INFO - [2024-03-14T23:55:27.678+0000] {dagbag.py:540} INFO - Filling up the DagBag from /home/airflow/.local/lib/python3.8/site-packages/airflow/example_dags/example_setup_teardown_taskflow.py
[2024-03-14T23:55:27.684+0000] {processor.py:840} INFO - DAG(s) 'example_setup_teardown_taskflow' retrieved from /home/airflow/.local/lib/python3.8/site-packages/airflow/example_dags/example_setup_teardown_taskflow.py
[2024-03-14T23:55:27.763+0000] {logging_mixin.py:188} INFO - [2024-03-14T23:55:27.763+0000] {dag.py:3047} INFO - Sync 1 DAGs
[2024-03-14T23:55:27.780+0000] {logging_mixin.py:188} INFO - [2024-03-14T23:55:27.779+0000] {dag.py:3834} INFO - Setting next_dagrun for example_setup_teardown_taskflow to 2024-03-13 00:00:00+00:00, run_after=2024-03-14 00:00:00+00:00
[2024-03-14T23:55:27.794+0000] {processor.py:183} INFO - Processing /home/airflow/.local/lib/python3.8/site-packages/airflow/example_dags/example_setup_teardown_taskflow.py took 0.121 seconds
[2024-03-14T23:55:57.828+0000] {processor.py:161} INFO - Started process (PID=323) to work on /home/airflow/.local/lib/python3.8/site-packages/airflow/example_dags/example_setup_teardown_taskflow.py
[2024-03-14T23:55:57.829+0000] {processor.py:830} INFO - Processing file /home/airflow/.local/lib/python3.8/site-packages/airflow/example_dags/example_setup_teardown_taskflow.py for tasks to queue
[2024-03-14T23:55:57.830+0000] {logging_mixin.py:188} INFO - [2024-03-14T23:55:57.830+0000] {dagbag.py:540} INFO - Filling up the DagBag from /home/airflow/.local/lib/python3.8/site-packages/airflow/example_dags/example_setup_teardown_taskflow.py
[2024-03-14T23:55:57.836+0000] {processor.py:840} INFO - DAG(s) 'example_setup_teardown_taskflow' retrieved from /home/airflow/.local/lib/python3.8/site-packages/airflow/example_dags/example_setup_teardown_taskflow.py
[2024-03-14T23:55:57.852+0000] {logging_mixin.py:188} INFO - [2024-03-14T23:55:57.852+0000] {dag.py:3047} INFO - Sync 1 DAGs
[2024-03-14T23:55:57.867+0000] {logging_mixin.py:188} INFO - [2024-03-14T23:55:57.867+0000] {dag.py:3834} INFO - Setting next_dagrun for example_setup_teardown_taskflow to 2024-03-13 00:00:00+00:00, run_after=2024-03-14 00:00:00+00:00
[2024-03-14T23:55:57.882+0000] {processor.py:183} INFO - Processing /home/airflow/.local/lib/python3.8/site-packages/airflow/example_dags/example_setup_teardown_taskflow.py took 0.056 seconds
[2024-03-14T23:56:27.922+0000] {processor.py:161} INFO - Started process (PID=378) to work on /home/airflow/.local/lib/python3.8/site-packages/airflow/example_dags/example_setup_teardown_taskflow.py
[2024-03-14T23:56:27.923+0000] {processor.py:830} INFO - Processing file /home/airflow/.local/lib/python3.8/site-packages/airflow/example_dags/example_setup_teardown_taskflow.py for tasks to queue
[2024-03-14T23:56:27.924+0000] {logging_mixin.py:188} INFO - [2024-03-14T23:56:27.924+0000] {dagbag.py:540} INFO - Filling up the DagBag from /home/airflow/.local/lib/python3.8/site-packages/airflow/example_dags/example_setup_teardown_taskflow.py
[2024-03-14T23:56:27.931+0000] {processor.py:840} INFO - DAG(s) 'example_setup_teardown_taskflow' retrieved from /home/airflow/.local/lib/python3.8/site-packages/airflow/example_dags/example_setup_teardown_taskflow.py
[2024-03-14T23:56:27.946+0000] {logging_mixin.py:188} INFO - [2024-03-14T23:56:27.946+0000] {dag.py:3047} INFO - Sync 1 DAGs
[2024-03-14T23:56:27.962+0000] {logging_mixin.py:188} INFO - [2024-03-14T23:56:27.962+0000] {dag.py:3834} INFO - Setting next_dagrun for example_setup_teardown_taskflow to 2024-03-13 00:00:00+00:00, run_after=2024-03-14 00:00:00+00:00
[2024-03-14T23:56:27.975+0000] {processor.py:183} INFO - Processing /home/airflow/.local/lib/python3.8/site-packages/airflow/example_dags/example_setup_teardown_taskflow.py took 0.055 seconds
[2024-03-14T23:56:58.964+0000] {processor.py:161} INFO - Started process (PID=433) to work on /home/airflow/.local/lib/python3.8/site-packages/airflow/example_dags/example_setup_teardown_taskflow.py
[2024-03-14T23:56:58.965+0000] {processor.py:830} INFO - Processing file /home/airflow/.local/lib/python3.8/site-packages/airflow/example_dags/example_setup_teardown_taskflow.py for tasks to queue
[2024-03-14T23:56:58.966+0000] {logging_mixin.py:188} INFO - [2024-03-14T23:56:58.966+0000] {dagbag.py:540} INFO - Filling up the DagBag from /home/airflow/.local/lib/python3.8/site-packages/airflow/example_dags/example_setup_teardown_taskflow.py
[2024-03-14T23:56:58.973+0000] {processor.py:840} INFO - DAG(s) 'example_setup_teardown_taskflow' retrieved from /home/airflow/.local/lib/python3.8/site-packages/airflow/example_dags/example_setup_teardown_taskflow.py
[2024-03-14T23:56:58.990+0000] {logging_mixin.py:188} INFO - [2024-03-14T23:56:58.990+0000] {dag.py:3047} INFO - Sync 1 DAGs
[2024-03-14T23:56:59.006+0000] {logging_mixin.py:188} INFO - [2024-03-14T23:56:59.006+0000] {dag.py:3834} INFO - Setting next_dagrun for example_setup_teardown_taskflow to 2024-03-13 00:00:00+00:00, run_after=2024-03-14 00:00:00+00:00
[2024-03-14T23:56:59.020+0000] {processor.py:183} INFO - Processing /home/airflow/.local/lib/python3.8/site-packages/airflow/example_dags/example_setup_teardown_taskflow.py took 0.058 seconds
[2024-03-14T23:57:29.097+0000] {processor.py:161} INFO - Started process (PID=488) to work on /home/airflow/.local/lib/python3.8/site-packages/airflow/example_dags/example_setup_teardown_taskflow.py
[2024-03-14T23:57:29.098+0000] {processor.py:830} INFO - Processing file /home/airflow/.local/lib/python3.8/site-packages/airflow/example_dags/example_setup_teardown_taskflow.py for tasks to queue
[2024-03-14T23:57:29.099+0000] {logging_mixin.py:188} INFO - [2024-03-14T23:57:29.099+0000] {dagbag.py:540} INFO - Filling up the DagBag from /home/airflow/.local/lib/python3.8/site-packages/airflow/example_dags/example_setup_teardown_taskflow.py
[2024-03-14T23:57:29.105+0000] {processor.py:840} INFO - DAG(s) 'example_setup_teardown_taskflow' retrieved from /home/airflow/.local/lib/python3.8/site-packages/airflow/example_dags/example_setup_teardown_taskflow.py
[2024-03-14T23:57:29.122+0000] {logging_mixin.py:188} INFO - [2024-03-14T23:57:29.121+0000] {dag.py:3047} INFO - Sync 1 DAGs
[2024-03-14T23:57:29.142+0000] {logging_mixin.py:188} INFO - [2024-03-14T23:57:29.142+0000] {dag.py:3834} INFO - Setting next_dagrun for example_setup_teardown_taskflow to 2024-03-13 00:00:00+00:00, run_after=2024-03-14 00:00:00+00:00
[2024-03-14T23:57:29.155+0000] {processor.py:183} INFO - Processing /home/airflow/.local/lib/python3.8/site-packages/airflow/example_dags/example_setup_teardown_taskflow.py took 0.060 seconds
[2024-03-14T23:57:59.363+0000] {processor.py:161} INFO - Started process (PID=543) to work on /home/airflow/.local/lib/python3.8/site-packages/airflow/example_dags/example_setup_teardown_taskflow.py
[2024-03-14T23:57:59.363+0000] {processor.py:830} INFO - Processing file /home/airflow/.local/lib/python3.8/site-packages/airflow/example_dags/example_setup_teardown_taskflow.py for tasks to queue
[2024-03-14T23:57:59.365+0000] {logging_mixin.py:188} INFO - [2024-03-14T23:57:59.364+0000] {dagbag.py:540} INFO - Filling up the DagBag from /home/airflow/.local/lib/python3.8/site-packages/airflow/example_dags/example_setup_teardown_taskflow.py
[2024-03-14T23:57:59.371+0000] {processor.py:840} INFO - DAG(s) 'example_setup_teardown_taskflow' retrieved from /home/airflow/.local/lib/python3.8/site-packages/airflow/example_dags/example_setup_teardown_taskflow.py
[2024-03-14T23:57:59.386+0000] {logging_mixin.py:188} INFO - [2024-03-14T23:57:59.386+0000] {dag.py:3047} INFO - Sync 1 DAGs
[2024-03-14T23:57:59.418+0000] {logging_mixin.py:188} INFO - [2024-03-14T23:57:59.418+0000] {dag.py:3834} INFO - Setting next_dagrun for example_setup_teardown_taskflow to 2024-03-13 00:00:00+00:00, run_after=2024-03-14 00:00:00+00:00
[2024-03-14T23:57:59.435+0000] {processor.py:183} INFO - Processing /home/airflow/.local/lib/python3.8/site-packages/airflow/example_dags/example_setup_teardown_taskflow.py took 0.075 seconds
[2024-03-14T23:58:29.453+0000] {processor.py:161} INFO - Started process (PID=599) to work on /home/airflow/.local/lib/python3.8/site-packages/airflow/example_dags/example_setup_teardown_taskflow.py
[2024-03-14T23:58:29.454+0000] {processor.py:830} INFO - Processing file /home/airflow/.local/lib/python3.8/site-packages/airflow/example_dags/example_setup_teardown_taskflow.py for tasks to queue
[2024-03-14T23:58:29.455+0000] {logging_mixin.py:188} INFO - [2024-03-14T23:58:29.455+0000] {dagbag.py:540} INFO - Filling up the DagBag from /home/airflow/.local/lib/python3.8/site-packages/airflow/example_dags/example_setup_teardown_taskflow.py
[2024-03-14T23:58:29.461+0000] {processor.py:840} INFO - DAG(s) 'example_setup_teardown_taskflow' retrieved from /home/airflow/.local/lib/python3.8/site-packages/airflow/example_dags/example_setup_teardown_taskflow.py
[2024-03-14T23:58:29.478+0000] {logging_mixin.py:188} INFO - [2024-03-14T23:58:29.478+0000] {dag.py:3047} INFO - Sync 1 DAGs
[2024-03-14T23:58:29.494+0000] {logging_mixin.py:188} INFO - [2024-03-14T23:58:29.494+0000] {dag.py:3834} INFO - Setting next_dagrun for example_setup_teardown_taskflow to 2024-03-13 00:00:00+00:00, run_after=2024-03-14 00:00:00+00:00
[2024-03-14T23:58:29.507+0000] {processor.py:183} INFO - Processing /home/airflow/.local/lib/python3.8/site-packages/airflow/example_dags/example_setup_teardown_taskflow.py took 0.056 seconds
[2024-03-14T23:58:59.659+0000] {processor.py:161} INFO - Started process (PID=654) to work on /home/airflow/.local/lib/python3.8/site-packages/airflow/example_dags/example_setup_teardown_taskflow.py
[2024-03-14T23:58:59.659+0000] {processor.py:830} INFO - Processing file /home/airflow/.local/lib/python3.8/site-packages/airflow/example_dags/example_setup_teardown_taskflow.py for tasks to queue
[2024-03-14T23:58:59.661+0000] {logging_mixin.py:188} INFO - [2024-03-14T23:58:59.660+0000] {dagbag.py:540} INFO - Filling up the DagBag from /home/airflow/.local/lib/python3.8/site-packages/airflow/example_dags/example_setup_teardown_taskflow.py
[2024-03-14T23:58:59.667+0000] {processor.py:840} INFO - DAG(s) 'example_setup_teardown_taskflow' retrieved from /home/airflow/.local/lib/python3.8/site-packages/airflow/example_dags/example_setup_teardown_taskflow.py
[2024-03-14T23:58:59.682+0000] {logging_mixin.py:188} INFO - [2024-03-14T23:58:59.682+0000] {dag.py:3047} INFO - Sync 1 DAGs
[2024-03-14T23:58:59.701+0000] {logging_mixin.py:188} INFO - [2024-03-14T23:58:59.701+0000] {dag.py:3834} INFO - Setting next_dagrun for example_setup_teardown_taskflow to 2024-03-13 00:00:00+00:00, run_after=2024-03-14 00:00:00+00:00
[2024-03-14T23:58:59.715+0000] {processor.py:183} INFO - Processing /home/airflow/.local/lib/python3.8/site-packages/airflow/example_dags/example_setup_teardown_taskflow.py took 0.059 seconds
