[2024-03-14T23:53:25.797+0000] {processor.py:161} INFO - Started process (PID=55) to work on /home/airflow/.local/lib/python3.8/site-packages/airflow/example_dags/example_setup_teardown.py
[2024-03-14T23:53:25.798+0000] {processor.py:830} INFO - Processing file /home/airflow/.local/lib/python3.8/site-packages/airflow/example_dags/example_setup_teardown.py for tasks to queue
[2024-03-14T23:53:25.799+0000] {logging_mixin.py:188} INFO - [2024-03-14T23:53:25.799+0000] {dagbag.py:540} INFO - Filling up the DagBag from /home/airflow/.local/lib/python3.8/site-packages/airflow/example_dags/example_setup_teardown.py
[2024-03-14T23:53:25.805+0000] {processor.py:840} INFO - DAG(s) 'example_setup_teardown' retrieved from /home/airflow/.local/lib/python3.8/site-packages/airflow/example_dags/example_setup_teardown.py
[2024-03-14T23:53:25.817+0000] {logging_mixin.py:188} INFO - [2024-03-14T23:53:25.816+0000] {dag.py:3047} INFO - Sync 1 DAGs
[2024-03-14T23:53:25.847+0000] {logging_mixin.py:188} INFO - [2024-03-14T23:53:25.847+0000] {dag.py:3834} INFO - Setting next_dagrun for example_setup_teardown to 2024-03-13 00:00:00+00:00, run_after=2024-03-14 00:00:00+00:00
[2024-03-14T23:53:25.865+0000] {processor.py:183} INFO - Processing /home/airflow/.local/lib/python3.8/site-packages/airflow/example_dags/example_setup_teardown.py took 0.070 seconds
[2024-03-14T23:53:56.446+0000] {processor.py:161} INFO - Started process (PID=110) to work on /home/airflow/.local/lib/python3.8/site-packages/airflow/example_dags/example_setup_teardown.py
[2024-03-14T23:53:56.446+0000] {processor.py:830} INFO - Processing file /home/airflow/.local/lib/python3.8/site-packages/airflow/example_dags/example_setup_teardown.py for tasks to queue
[2024-03-14T23:53:56.447+0000] {logging_mixin.py:188} INFO - [2024-03-14T23:53:56.447+0000] {dagbag.py:540} INFO - Filling up the DagBag from /home/airflow/.local/lib/python3.8/site-packages/airflow/example_dags/example_setup_teardown.py
[2024-03-14T23:53:56.451+0000] {processor.py:840} INFO - DAG(s) 'example_setup_teardown' retrieved from /home/airflow/.local/lib/python3.8/site-packages/airflow/example_dags/example_setup_teardown.py
[2024-03-14T23:53:56.525+0000] {logging_mixin.py:188} INFO - [2024-03-14T23:53:56.525+0000] {dag.py:3047} INFO - Sync 1 DAGs
[2024-03-14T23:53:56.539+0000] {logging_mixin.py:188} INFO - [2024-03-14T23:53:56.538+0000] {dag.py:3834} INFO - Setting next_dagrun for example_setup_teardown to 2024-03-13 00:00:00+00:00, run_after=2024-03-14 00:00:00+00:00
[2024-03-14T23:53:56.551+0000] {processor.py:183} INFO - Processing /home/airflow/.local/lib/python3.8/site-packages/airflow/example_dags/example_setup_teardown.py took 0.108 seconds
[2024-03-14T23:54:27.349+0000] {processor.py:161} INFO - Started process (PID=165) to work on /home/airflow/.local/lib/python3.8/site-packages/airflow/example_dags/example_setup_teardown.py
[2024-03-14T23:54:27.350+0000] {processor.py:830} INFO - Processing file /home/airflow/.local/lib/python3.8/site-packages/airflow/example_dags/example_setup_teardown.py for tasks to queue
[2024-03-14T23:54:27.351+0000] {logging_mixin.py:188} INFO - [2024-03-14T23:54:27.350+0000] {dagbag.py:540} INFO - Filling up the DagBag from /home/airflow/.local/lib/python3.8/site-packages/airflow/example_dags/example_setup_teardown.py
[2024-03-14T23:54:27.355+0000] {processor.py:840} INFO - DAG(s) 'example_setup_teardown' retrieved from /home/airflow/.local/lib/python3.8/site-packages/airflow/example_dags/example_setup_teardown.py
[2024-03-14T23:54:27.368+0000] {logging_mixin.py:188} INFO - [2024-03-14T23:54:27.368+0000] {dag.py:3047} INFO - Sync 1 DAGs
[2024-03-14T23:54:27.385+0000] {logging_mixin.py:188} INFO - [2024-03-14T23:54:27.385+0000] {dag.py:3834} INFO - Setting next_dagrun for example_setup_teardown to 2024-03-13 00:00:00+00:00, run_after=2024-03-14 00:00:00+00:00
[2024-03-14T23:54:27.399+0000] {processor.py:183} INFO - Processing /home/airflow/.local/lib/python3.8/site-packages/airflow/example_dags/example_setup_teardown.py took 0.052 seconds
[2024-03-14T23:54:58.344+0000] {processor.py:161} INFO - Started process (PID=220) to work on /home/airflow/.local/lib/python3.8/site-packages/airflow/example_dags/example_setup_teardown.py
[2024-03-14T23:54:58.345+0000] {processor.py:830} INFO - Processing file /home/airflow/.local/lib/python3.8/site-packages/airflow/example_dags/example_setup_teardown.py for tasks to queue
[2024-03-14T23:54:58.346+0000] {logging_mixin.py:188} INFO - [2024-03-14T23:54:58.346+0000] {dagbag.py:540} INFO - Filling up the DagBag from /home/airflow/.local/lib/python3.8/site-packages/airflow/example_dags/example_setup_teardown.py
[2024-03-14T23:54:58.350+0000] {processor.py:840} INFO - DAG(s) 'example_setup_teardown' retrieved from /home/airflow/.local/lib/python3.8/site-packages/airflow/example_dags/example_setup_teardown.py
[2024-03-14T23:54:58.360+0000] {logging_mixin.py:188} INFO - [2024-03-14T23:54:58.360+0000] {dag.py:3047} INFO - Sync 1 DAGs
[2024-03-14T23:54:58.377+0000] {logging_mixin.py:188} INFO - [2024-03-14T23:54:58.376+0000] {dag.py:3834} INFO - Setting next_dagrun for example_setup_teardown to 2024-03-13 00:00:00+00:00, run_after=2024-03-14 00:00:00+00:00
[2024-03-14T23:54:58.390+0000] {processor.py:183} INFO - Processing /home/airflow/.local/lib/python3.8/site-packages/airflow/example_dags/example_setup_teardown.py took 0.047 seconds
[2024-03-14T23:55:29.196+0000] {processor.py:161} INFO - Started process (PID=275) to work on /home/airflow/.local/lib/python3.8/site-packages/airflow/example_dags/example_setup_teardown.py
[2024-03-14T23:55:29.197+0000] {processor.py:830} INFO - Processing file /home/airflow/.local/lib/python3.8/site-packages/airflow/example_dags/example_setup_teardown.py for tasks to queue
[2024-03-14T23:55:29.198+0000] {logging_mixin.py:188} INFO - [2024-03-14T23:55:29.198+0000] {dagbag.py:540} INFO - Filling up the DagBag from /home/airflow/.local/lib/python3.8/site-packages/airflow/example_dags/example_setup_teardown.py
[2024-03-14T23:55:29.202+0000] {processor.py:840} INFO - DAG(s) 'example_setup_teardown' retrieved from /home/airflow/.local/lib/python3.8/site-packages/airflow/example_dags/example_setup_teardown.py
[2024-03-14T23:55:29.301+0000] {logging_mixin.py:188} INFO - [2024-03-14T23:55:29.299+0000] {dag.py:3047} INFO - Sync 1 DAGs
[2024-03-14T23:55:29.330+0000] {logging_mixin.py:188} INFO - [2024-03-14T23:55:29.329+0000] {dag.py:3834} INFO - Setting next_dagrun for example_setup_teardown to 2024-03-13 00:00:00+00:00, run_after=2024-03-14 00:00:00+00:00
[2024-03-14T23:55:29.353+0000] {processor.py:183} INFO - Processing /home/airflow/.local/lib/python3.8/site-packages/airflow/example_dags/example_setup_teardown.py took 0.160 seconds
[2024-03-14T23:56:00.101+0000] {processor.py:161} INFO - Started process (PID=330) to work on /home/airflow/.local/lib/python3.8/site-packages/airflow/example_dags/example_setup_teardown.py
[2024-03-14T23:56:00.101+0000] {processor.py:830} INFO - Processing file /home/airflow/.local/lib/python3.8/site-packages/airflow/example_dags/example_setup_teardown.py for tasks to queue
[2024-03-14T23:56:00.102+0000] {logging_mixin.py:188} INFO - [2024-03-14T23:56:00.102+0000] {dagbag.py:540} INFO - Filling up the DagBag from /home/airflow/.local/lib/python3.8/site-packages/airflow/example_dags/example_setup_teardown.py
[2024-03-14T23:56:00.106+0000] {processor.py:840} INFO - DAG(s) 'example_setup_teardown' retrieved from /home/airflow/.local/lib/python3.8/site-packages/airflow/example_dags/example_setup_teardown.py
[2024-03-14T23:56:00.121+0000] {logging_mixin.py:188} INFO - [2024-03-14T23:56:00.120+0000] {dag.py:3047} INFO - Sync 1 DAGs
[2024-03-14T23:56:00.137+0000] {logging_mixin.py:188} INFO - [2024-03-14T23:56:00.137+0000] {dag.py:3834} INFO - Setting next_dagrun for example_setup_teardown to 2024-03-13 00:00:00+00:00, run_after=2024-03-14 00:00:00+00:00
[2024-03-14T23:56:00.152+0000] {processor.py:183} INFO - Processing /home/airflow/.local/lib/python3.8/site-packages/airflow/example_dags/example_setup_teardown.py took 0.053 seconds
[2024-03-14T23:56:30.192+0000] {processor.py:161} INFO - Started process (PID=385) to work on /home/airflow/.local/lib/python3.8/site-packages/airflow/example_dags/example_setup_teardown.py
[2024-03-14T23:56:30.192+0000] {processor.py:830} INFO - Processing file /home/airflow/.local/lib/python3.8/site-packages/airflow/example_dags/example_setup_teardown.py for tasks to queue
[2024-03-14T23:56:30.193+0000] {logging_mixin.py:188} INFO - [2024-03-14T23:56:30.193+0000] {dagbag.py:540} INFO - Filling up the DagBag from /home/airflow/.local/lib/python3.8/site-packages/airflow/example_dags/example_setup_teardown.py
[2024-03-14T23:56:30.198+0000] {processor.py:840} INFO - DAG(s) 'example_setup_teardown' retrieved from /home/airflow/.local/lib/python3.8/site-packages/airflow/example_dags/example_setup_teardown.py
[2024-03-14T23:56:30.212+0000] {logging_mixin.py:188} INFO - [2024-03-14T23:56:30.212+0000] {dag.py:3047} INFO - Sync 1 DAGs
[2024-03-14T23:56:30.228+0000] {logging_mixin.py:188} INFO - [2024-03-14T23:56:30.228+0000] {dag.py:3834} INFO - Setting next_dagrun for example_setup_teardown to 2024-03-13 00:00:00+00:00, run_after=2024-03-14 00:00:00+00:00
[2024-03-14T23:56:30.241+0000] {processor.py:183} INFO - Processing /home/airflow/.local/lib/python3.8/site-packages/airflow/example_dags/example_setup_teardown.py took 0.052 seconds
[2024-03-14T23:57:01.216+0000] {processor.py:161} INFO - Started process (PID=440) to work on /home/airflow/.local/lib/python3.8/site-packages/airflow/example_dags/example_setup_teardown.py
[2024-03-14T23:57:01.216+0000] {processor.py:830} INFO - Processing file /home/airflow/.local/lib/python3.8/site-packages/airflow/example_dags/example_setup_teardown.py for tasks to queue
[2024-03-14T23:57:01.217+0000] {logging_mixin.py:188} INFO - [2024-03-14T23:57:01.217+0000] {dagbag.py:540} INFO - Filling up the DagBag from /home/airflow/.local/lib/python3.8/site-packages/airflow/example_dags/example_setup_teardown.py
[2024-03-14T23:57:01.222+0000] {processor.py:840} INFO - DAG(s) 'example_setup_teardown' retrieved from /home/airflow/.local/lib/python3.8/site-packages/airflow/example_dags/example_setup_teardown.py
[2024-03-14T23:57:01.237+0000] {logging_mixin.py:188} INFO - [2024-03-14T23:57:01.237+0000] {dag.py:3047} INFO - Sync 1 DAGs
[2024-03-14T23:57:01.254+0000] {logging_mixin.py:188} INFO - [2024-03-14T23:57:01.254+0000] {dag.py:3834} INFO - Setting next_dagrun for example_setup_teardown to 2024-03-13 00:00:00+00:00, run_after=2024-03-14 00:00:00+00:00
[2024-03-14T23:57:01.266+0000] {processor.py:183} INFO - Processing /home/airflow/.local/lib/python3.8/site-packages/airflow/example_dags/example_setup_teardown.py took 0.053 seconds
[2024-03-14T23:57:31.332+0000] {processor.py:161} INFO - Started process (PID=495) to work on /home/airflow/.local/lib/python3.8/site-packages/airflow/example_dags/example_setup_teardown.py
[2024-03-14T23:57:31.332+0000] {processor.py:830} INFO - Processing file /home/airflow/.local/lib/python3.8/site-packages/airflow/example_dags/example_setup_teardown.py for tasks to queue
[2024-03-14T23:57:31.333+0000] {logging_mixin.py:188} INFO - [2024-03-14T23:57:31.333+0000] {dagbag.py:540} INFO - Filling up the DagBag from /home/airflow/.local/lib/python3.8/site-packages/airflow/example_dags/example_setup_teardown.py
[2024-03-14T23:57:31.338+0000] {processor.py:840} INFO - DAG(s) 'example_setup_teardown' retrieved from /home/airflow/.local/lib/python3.8/site-packages/airflow/example_dags/example_setup_teardown.py
[2024-03-14T23:57:31.353+0000] {logging_mixin.py:188} INFO - [2024-03-14T23:57:31.353+0000] {dag.py:3047} INFO - Sync 1 DAGs
[2024-03-14T23:57:31.369+0000] {logging_mixin.py:188} INFO - [2024-03-14T23:57:31.369+0000] {dag.py:3834} INFO - Setting next_dagrun for example_setup_teardown to 2024-03-13 00:00:00+00:00, run_after=2024-03-14 00:00:00+00:00
[2024-03-14T23:57:31.383+0000] {processor.py:183} INFO - Processing /home/airflow/.local/lib/python3.8/site-packages/airflow/example_dags/example_setup_teardown.py took 0.054 seconds
[2024-03-14T23:58:01.600+0000] {processor.py:161} INFO - Started process (PID=550) to work on /home/airflow/.local/lib/python3.8/site-packages/airflow/example_dags/example_setup_teardown.py
[2024-03-14T23:58:01.601+0000] {processor.py:830} INFO - Processing file /home/airflow/.local/lib/python3.8/site-packages/airflow/example_dags/example_setup_teardown.py for tasks to queue
[2024-03-14T23:58:01.602+0000] {logging_mixin.py:188} INFO - [2024-03-14T23:58:01.601+0000] {dagbag.py:540} INFO - Filling up the DagBag from /home/airflow/.local/lib/python3.8/site-packages/airflow/example_dags/example_setup_teardown.py
[2024-03-14T23:58:01.606+0000] {processor.py:840} INFO - DAG(s) 'example_setup_teardown' retrieved from /home/airflow/.local/lib/python3.8/site-packages/airflow/example_dags/example_setup_teardown.py
[2024-03-14T23:58:01.622+0000] {logging_mixin.py:188} INFO - [2024-03-14T23:58:01.622+0000] {dag.py:3047} INFO - Sync 1 DAGs
[2024-03-14T23:58:01.640+0000] {logging_mixin.py:188} INFO - [2024-03-14T23:58:01.640+0000] {dag.py:3834} INFO - Setting next_dagrun for example_setup_teardown to 2024-03-13 00:00:00+00:00, run_after=2024-03-14 00:00:00+00:00
[2024-03-14T23:58:01.655+0000] {processor.py:183} INFO - Processing /home/airflow/.local/lib/python3.8/site-packages/airflow/example_dags/example_setup_teardown.py took 0.056 seconds
[2024-03-14T23:58:31.736+0000] {processor.py:161} INFO - Started process (PID=606) to work on /home/airflow/.local/lib/python3.8/site-packages/airflow/example_dags/example_setup_teardown.py
[2024-03-14T23:58:31.737+0000] {processor.py:830} INFO - Processing file /home/airflow/.local/lib/python3.8/site-packages/airflow/example_dags/example_setup_teardown.py for tasks to queue
[2024-03-14T23:58:31.739+0000] {logging_mixin.py:188} INFO - [2024-03-14T23:58:31.738+0000] {dagbag.py:540} INFO - Filling up the DagBag from /home/airflow/.local/lib/python3.8/site-packages/airflow/example_dags/example_setup_teardown.py
[2024-03-14T23:58:31.745+0000] {processor.py:840} INFO - DAG(s) 'example_setup_teardown' retrieved from /home/airflow/.local/lib/python3.8/site-packages/airflow/example_dags/example_setup_teardown.py
[2024-03-14T23:58:31.760+0000] {logging_mixin.py:188} INFO - [2024-03-14T23:58:31.759+0000] {dag.py:3047} INFO - Sync 1 DAGs
[2024-03-14T23:58:31.776+0000] {logging_mixin.py:188} INFO - [2024-03-14T23:58:31.776+0000] {dag.py:3834} INFO - Setting next_dagrun for example_setup_teardown to 2024-03-13 00:00:00+00:00, run_after=2024-03-14 00:00:00+00:00
[2024-03-14T23:58:31.789+0000] {processor.py:183} INFO - Processing /home/airflow/.local/lib/python3.8/site-packages/airflow/example_dags/example_setup_teardown.py took 0.056 seconds
[2024-03-14T23:59:01.941+0000] {processor.py:161} INFO - Started process (PID=661) to work on /home/airflow/.local/lib/python3.8/site-packages/airflow/example_dags/example_setup_teardown.py
[2024-03-14T23:59:01.941+0000] {processor.py:830} INFO - Processing file /home/airflow/.local/lib/python3.8/site-packages/airflow/example_dags/example_setup_teardown.py for tasks to queue
[2024-03-14T23:59:01.942+0000] {logging_mixin.py:188} INFO - [2024-03-14T23:59:01.942+0000] {dagbag.py:540} INFO - Filling up the DagBag from /home/airflow/.local/lib/python3.8/site-packages/airflow/example_dags/example_setup_teardown.py
[2024-03-14T23:59:01.946+0000] {processor.py:840} INFO - DAG(s) 'example_setup_teardown' retrieved from /home/airflow/.local/lib/python3.8/site-packages/airflow/example_dags/example_setup_teardown.py
[2024-03-14T23:59:01.961+0000] {logging_mixin.py:188} INFO - [2024-03-14T23:59:01.961+0000] {dag.py:3047} INFO - Sync 1 DAGs
[2024-03-14T23:59:01.978+0000] {logging_mixin.py:188} INFO - [2024-03-14T23:59:01.977+0000] {dag.py:3834} INFO - Setting next_dagrun for example_setup_teardown to 2024-03-13 00:00:00+00:00, run_after=2024-03-14 00:00:00+00:00
[2024-03-14T23:59:01.991+0000] {processor.py:183} INFO - Processing /home/airflow/.local/lib/python3.8/site-packages/airflow/example_dags/example_setup_teardown.py took 0.053 seconds
