[2024-03-14T23:53:26.329+0000] {processor.py:161} INFO - Started process (PID=67) to work on /home/airflow/.local/lib/python3.8/site-packages/airflow/example_dags/example_datasets.py
[2024-03-14T23:53:26.330+0000] {processor.py:830} INFO - Processing file /home/airflow/.local/lib/python3.8/site-packages/airflow/example_dags/example_datasets.py for tasks to queue
[2024-03-14T23:53:26.332+0000] {logging_mixin.py:188} INFO - [2024-03-14T23:53:26.332+0000] {dagbag.py:540} INFO - Filling up the DagBag from /home/airflow/.local/lib/python3.8/site-packages/airflow/example_dags/example_datasets.py
[2024-03-14T23:53:26.341+0000] {processor.py:840} INFO - DAG(s) 'dataset_consumes_1_and_2', 'dataset_consumes_unknown_never_scheduled', 'dataset_produces_2', 'dataset_consumes_1', 'dataset_consumes_1_never_scheduled', 'dataset_produces_1' retrieved from /home/airflow/.local/lib/python3.8/site-packages/airflow/example_dags/example_datasets.py
[2024-03-14T23:53:26.360+0000] {logging_mixin.py:188} INFO - [2024-03-14T23:53:26.360+0000] {dag.py:3047} INFO - Sync 6 DAGs
[2024-03-14T23:53:26.383+0000] {logging_mixin.py:188} INFO - [2024-03-14T23:53:26.383+0000] {dag.py:3834} INFO - Setting next_dagrun for dataset_consumes_1 to None, run_after=None
[2024-03-14T23:53:26.386+0000] {logging_mixin.py:188} INFO - [2024-03-14T23:53:26.386+0000] {dag.py:3834} INFO - Setting next_dagrun for dataset_consumes_1_and_2 to None, run_after=None
[2024-03-14T23:53:26.387+0000] {logging_mixin.py:188} INFO - [2024-03-14T23:53:26.387+0000] {dag.py:3834} INFO - Setting next_dagrun for dataset_consumes_1_never_scheduled to None, run_after=None
[2024-03-14T23:53:26.388+0000] {logging_mixin.py:188} INFO - [2024-03-14T23:53:26.388+0000] {dag.py:3834} INFO - Setting next_dagrun for dataset_consumes_unknown_never_scheduled to None, run_after=None
[2024-03-14T23:53:26.392+0000] {logging_mixin.py:188} INFO - [2024-03-14T23:53:26.392+0000] {dag.py:3834} INFO - Setting next_dagrun for dataset_produces_1 to 2024-03-13 00:00:00+00:00, run_after=2024-03-14 00:00:00+00:00
[2024-03-14T23:53:26.393+0000] {logging_mixin.py:188} INFO - [2024-03-14T23:53:26.393+0000] {dag.py:3834} INFO - Setting next_dagrun for dataset_produces_2 to None, run_after=None
[2024-03-14T23:53:26.421+0000] {processor.py:183} INFO - Processing /home/airflow/.local/lib/python3.8/site-packages/airflow/example_dags/example_datasets.py took 0.094 seconds
[2024-03-14T23:53:57.470+0000] {processor.py:161} INFO - Started process (PID=122) to work on /home/airflow/.local/lib/python3.8/site-packages/airflow/example_dags/example_datasets.py
[2024-03-14T23:53:57.470+0000] {processor.py:830} INFO - Processing file /home/airflow/.local/lib/python3.8/site-packages/airflow/example_dags/example_datasets.py for tasks to queue
[2024-03-14T23:53:57.472+0000] {logging_mixin.py:188} INFO - [2024-03-14T23:53:57.472+0000] {dagbag.py:540} INFO - Filling up the DagBag from /home/airflow/.local/lib/python3.8/site-packages/airflow/example_dags/example_datasets.py
[2024-03-14T23:53:57.479+0000] {processor.py:840} INFO - DAG(s) 'dataset_consumes_unknown_never_scheduled', 'dataset_consumes_1', 'dataset_consumes_1_and_2', 'dataset_produces_2', 'dataset_produces_1', 'dataset_consumes_1_never_scheduled' retrieved from /home/airflow/.local/lib/python3.8/site-packages/airflow/example_dags/example_datasets.py
[2024-03-14T23:53:57.598+0000] {logging_mixin.py:188} INFO - [2024-03-14T23:53:57.598+0000] {dag.py:3047} INFO - Sync 6 DAGs
[2024-03-14T23:53:57.614+0000] {logging_mixin.py:188} INFO - [2024-03-14T23:53:57.614+0000] {dag.py:3834} INFO - Setting next_dagrun for dataset_consumes_1 to None, run_after=None
[2024-03-14T23:53:57.616+0000] {logging_mixin.py:188} INFO - [2024-03-14T23:53:57.616+0000] {dag.py:3834} INFO - Setting next_dagrun for dataset_consumes_1_and_2 to None, run_after=None
[2024-03-14T23:53:57.617+0000] {logging_mixin.py:188} INFO - [2024-03-14T23:53:57.617+0000] {dag.py:3834} INFO - Setting next_dagrun for dataset_consumes_1_never_scheduled to None, run_after=None
[2024-03-14T23:53:57.618+0000] {logging_mixin.py:188} INFO - [2024-03-14T23:53:57.618+0000] {dag.py:3834} INFO - Setting next_dagrun for dataset_consumes_unknown_never_scheduled to None, run_after=None
[2024-03-14T23:53:57.620+0000] {logging_mixin.py:188} INFO - [2024-03-14T23:53:57.620+0000] {dag.py:3834} INFO - Setting next_dagrun for dataset_produces_1 to 2024-03-13 00:00:00+00:00, run_after=2024-03-14 00:00:00+00:00
[2024-03-14T23:53:57.622+0000] {logging_mixin.py:188} INFO - [2024-03-14T23:53:57.622+0000] {dag.py:3834} INFO - Setting next_dagrun for dataset_produces_2 to None, run_after=None
[2024-03-14T23:53:57.647+0000] {processor.py:183} INFO - Processing /home/airflow/.local/lib/python3.8/site-packages/airflow/example_dags/example_datasets.py took 0.179 seconds
[2024-03-14T23:54:27.911+0000] {processor.py:161} INFO - Started process (PID=178) to work on /home/airflow/.local/lib/python3.8/site-packages/airflow/example_dags/example_datasets.py
[2024-03-14T23:54:27.912+0000] {processor.py:830} INFO - Processing file /home/airflow/.local/lib/python3.8/site-packages/airflow/example_dags/example_datasets.py for tasks to queue
[2024-03-14T23:54:27.913+0000] {logging_mixin.py:188} INFO - [2024-03-14T23:54:27.913+0000] {dagbag.py:540} INFO - Filling up the DagBag from /home/airflow/.local/lib/python3.8/site-packages/airflow/example_dags/example_datasets.py
[2024-03-14T23:54:27.919+0000] {processor.py:840} INFO - DAG(s) 'dataset_consumes_1', 'dataset_produces_1', 'dataset_consumes_1_and_2', 'dataset_consumes_1_never_scheduled', 'dataset_produces_2', 'dataset_consumes_unknown_never_scheduled' retrieved from /home/airflow/.local/lib/python3.8/site-packages/airflow/example_dags/example_datasets.py
[2024-03-14T23:54:27.946+0000] {logging_mixin.py:188} INFO - [2024-03-14T23:54:27.946+0000] {dag.py:3047} INFO - Sync 6 DAGs
[2024-03-14T23:54:27.962+0000] {logging_mixin.py:188} INFO - [2024-03-14T23:54:27.962+0000] {dag.py:3834} INFO - Setting next_dagrun for dataset_consumes_1 to None, run_after=None
[2024-03-14T23:54:27.965+0000] {logging_mixin.py:188} INFO - [2024-03-14T23:54:27.965+0000] {dag.py:3834} INFO - Setting next_dagrun for dataset_consumes_1_and_2 to None, run_after=None
[2024-03-14T23:54:27.966+0000] {logging_mixin.py:188} INFO - [2024-03-14T23:54:27.966+0000] {dag.py:3834} INFO - Setting next_dagrun for dataset_consumes_1_never_scheduled to None, run_after=None
[2024-03-14T23:54:27.967+0000] {logging_mixin.py:188} INFO - [2024-03-14T23:54:27.967+0000] {dag.py:3834} INFO - Setting next_dagrun for dataset_consumes_unknown_never_scheduled to None, run_after=None
[2024-03-14T23:54:27.969+0000] {logging_mixin.py:188} INFO - [2024-03-14T23:54:27.969+0000] {dag.py:3834} INFO - Setting next_dagrun for dataset_produces_1 to 2024-03-13 00:00:00+00:00, run_after=2024-03-14 00:00:00+00:00
[2024-03-14T23:54:27.970+0000] {logging_mixin.py:188} INFO - [2024-03-14T23:54:27.970+0000] {dag.py:3834} INFO - Setting next_dagrun for dataset_produces_2 to None, run_after=None
[2024-03-14T23:54:27.995+0000] {processor.py:183} INFO - Processing /home/airflow/.local/lib/python3.8/site-packages/airflow/example_dags/example_datasets.py took 0.086 seconds
[2024-03-14T23:54:58.871+0000] {processor.py:161} INFO - Started process (PID=232) to work on /home/airflow/.local/lib/python3.8/site-packages/airflow/example_dags/example_datasets.py
[2024-03-14T23:54:58.872+0000] {processor.py:830} INFO - Processing file /home/airflow/.local/lib/python3.8/site-packages/airflow/example_dags/example_datasets.py for tasks to queue
[2024-03-14T23:54:58.874+0000] {logging_mixin.py:188} INFO - [2024-03-14T23:54:58.874+0000] {dagbag.py:540} INFO - Filling up the DagBag from /home/airflow/.local/lib/python3.8/site-packages/airflow/example_dags/example_datasets.py
[2024-03-14T23:54:58.881+0000] {processor.py:840} INFO - DAG(s) 'dataset_consumes_unknown_never_scheduled', 'dataset_consumes_1_never_scheduled', 'dataset_produces_1', 'dataset_produces_2', 'dataset_consumes_1_and_2', 'dataset_consumes_1' retrieved from /home/airflow/.local/lib/python3.8/site-packages/airflow/example_dags/example_datasets.py
[2024-03-14T23:54:58.893+0000] {logging_mixin.py:188} INFO - [2024-03-14T23:54:58.893+0000] {dag.py:3047} INFO - Sync 6 DAGs
[2024-03-14T23:54:58.911+0000] {logging_mixin.py:188} INFO - [2024-03-14T23:54:58.911+0000] {dag.py:3834} INFO - Setting next_dagrun for dataset_consumes_1 to None, run_after=None
[2024-03-14T23:54:58.914+0000] {logging_mixin.py:188} INFO - [2024-03-14T23:54:58.914+0000] {dag.py:3834} INFO - Setting next_dagrun for dataset_consumes_1_and_2 to None, run_after=None
[2024-03-14T23:54:58.915+0000] {logging_mixin.py:188} INFO - [2024-03-14T23:54:58.915+0000] {dag.py:3834} INFO - Setting next_dagrun for dataset_consumes_1_never_scheduled to None, run_after=None
[2024-03-14T23:54:58.916+0000] {logging_mixin.py:188} INFO - [2024-03-14T23:54:58.916+0000] {dag.py:3834} INFO - Setting next_dagrun for dataset_consumes_unknown_never_scheduled to None, run_after=None
[2024-03-14T23:54:58.918+0000] {logging_mixin.py:188} INFO - [2024-03-14T23:54:58.918+0000] {dag.py:3834} INFO - Setting next_dagrun for dataset_produces_1 to 2024-03-13 00:00:00+00:00, run_after=2024-03-14 00:00:00+00:00
[2024-03-14T23:54:58.919+0000] {logging_mixin.py:188} INFO - [2024-03-14T23:54:58.918+0000] {dag.py:3834} INFO - Setting next_dagrun for dataset_produces_2 to None, run_after=None
[2024-03-14T23:54:58.945+0000] {processor.py:183} INFO - Processing /home/airflow/.local/lib/python3.8/site-packages/airflow/example_dags/example_datasets.py took 0.076 seconds
[2024-03-14T23:55:30.239+0000] {processor.py:161} INFO - Started process (PID=287) to work on /home/airflow/.local/lib/python3.8/site-packages/airflow/example_dags/example_datasets.py
[2024-03-14T23:55:30.240+0000] {processor.py:830} INFO - Processing file /home/airflow/.local/lib/python3.8/site-packages/airflow/example_dags/example_datasets.py for tasks to queue
[2024-03-14T23:55:30.241+0000] {logging_mixin.py:188} INFO - [2024-03-14T23:55:30.241+0000] {dagbag.py:540} INFO - Filling up the DagBag from /home/airflow/.local/lib/python3.8/site-packages/airflow/example_dags/example_datasets.py
[2024-03-14T23:55:30.248+0000] {processor.py:840} INFO - DAG(s) 'dataset_produces_2', 'dataset_consumes_unknown_never_scheduled', 'dataset_produces_1', 'dataset_consumes_1', 'dataset_consumes_1_never_scheduled', 'dataset_consumes_1_and_2' retrieved from /home/airflow/.local/lib/python3.8/site-packages/airflow/example_dags/example_datasets.py
[2024-03-14T23:55:30.381+0000] {logging_mixin.py:188} INFO - [2024-03-14T23:55:30.381+0000] {dag.py:3047} INFO - Sync 6 DAGs
[2024-03-14T23:55:30.398+0000] {logging_mixin.py:188} INFO - [2024-03-14T23:55:30.398+0000] {dag.py:3834} INFO - Setting next_dagrun for dataset_consumes_1 to None, run_after=None
[2024-03-14T23:55:30.401+0000] {logging_mixin.py:188} INFO - [2024-03-14T23:55:30.401+0000] {dag.py:3834} INFO - Setting next_dagrun for dataset_consumes_1_and_2 to None, run_after=None
[2024-03-14T23:55:30.402+0000] {logging_mixin.py:188} INFO - [2024-03-14T23:55:30.402+0000] {dag.py:3834} INFO - Setting next_dagrun for dataset_consumes_1_never_scheduled to None, run_after=None
[2024-03-14T23:55:30.403+0000] {logging_mixin.py:188} INFO - [2024-03-14T23:55:30.403+0000] {dag.py:3834} INFO - Setting next_dagrun for dataset_consumes_unknown_never_scheduled to None, run_after=None
[2024-03-14T23:55:30.405+0000] {logging_mixin.py:188} INFO - [2024-03-14T23:55:30.405+0000] {dag.py:3834} INFO - Setting next_dagrun for dataset_produces_1 to 2024-03-13 00:00:00+00:00, run_after=2024-03-14 00:00:00+00:00
[2024-03-14T23:55:30.406+0000] {logging_mixin.py:188} INFO - [2024-03-14T23:55:30.406+0000] {dag.py:3834} INFO - Setting next_dagrun for dataset_produces_2 to None, run_after=None
[2024-03-14T23:55:30.431+0000] {processor.py:183} INFO - Processing /home/airflow/.local/lib/python3.8/site-packages/airflow/example_dags/example_datasets.py took 0.194 seconds
[2024-03-14T23:56:00.568+0000] {processor.py:161} INFO - Started process (PID=343) to work on /home/airflow/.local/lib/python3.8/site-packages/airflow/example_dags/example_datasets.py
[2024-03-14T23:56:00.568+0000] {processor.py:830} INFO - Processing file /home/airflow/.local/lib/python3.8/site-packages/airflow/example_dags/example_datasets.py for tasks to queue
[2024-03-14T23:56:00.569+0000] {logging_mixin.py:188} INFO - [2024-03-14T23:56:00.569+0000] {dagbag.py:540} INFO - Filling up the DagBag from /home/airflow/.local/lib/python3.8/site-packages/airflow/example_dags/example_datasets.py
[2024-03-14T23:56:00.576+0000] {processor.py:840} INFO - DAG(s) 'dataset_produces_1', 'dataset_produces_2', 'dataset_consumes_1_and_2', 'dataset_consumes_1', 'dataset_consumes_unknown_never_scheduled', 'dataset_consumes_1_never_scheduled' retrieved from /home/airflow/.local/lib/python3.8/site-packages/airflow/example_dags/example_datasets.py
[2024-03-14T23:56:00.602+0000] {logging_mixin.py:188} INFO - [2024-03-14T23:56:00.601+0000] {dag.py:3047} INFO - Sync 6 DAGs
[2024-03-14T23:56:00.619+0000] {logging_mixin.py:188} INFO - [2024-03-14T23:56:00.618+0000] {dag.py:3834} INFO - Setting next_dagrun for dataset_consumes_1 to None, run_after=None
[2024-03-14T23:56:00.621+0000] {logging_mixin.py:188} INFO - [2024-03-14T23:56:00.621+0000] {dag.py:3834} INFO - Setting next_dagrun for dataset_consumes_1_and_2 to None, run_after=None
[2024-03-14T23:56:00.622+0000] {logging_mixin.py:188} INFO - [2024-03-14T23:56:00.622+0000] {dag.py:3834} INFO - Setting next_dagrun for dataset_consumes_1_never_scheduled to None, run_after=None
[2024-03-14T23:56:00.623+0000] {logging_mixin.py:188} INFO - [2024-03-14T23:56:00.623+0000] {dag.py:3834} INFO - Setting next_dagrun for dataset_consumes_unknown_never_scheduled to None, run_after=None
[2024-03-14T23:56:00.625+0000] {logging_mixin.py:188} INFO - [2024-03-14T23:56:00.625+0000] {dag.py:3834} INFO - Setting next_dagrun for dataset_produces_1 to 2024-03-13 00:00:00+00:00, run_after=2024-03-14 00:00:00+00:00
[2024-03-14T23:56:00.626+0000] {logging_mixin.py:188} INFO - [2024-03-14T23:56:00.626+0000] {dag.py:3834} INFO - Setting next_dagrun for dataset_produces_2 to None, run_after=None
[2024-03-14T23:56:00.651+0000] {processor.py:183} INFO - Processing /home/airflow/.local/lib/python3.8/site-packages/airflow/example_dags/example_datasets.py took 0.085 seconds
[2024-03-14T23:56:30.677+0000] {processor.py:161} INFO - Started process (PID=397) to work on /home/airflow/.local/lib/python3.8/site-packages/airflow/example_dags/example_datasets.py
[2024-03-14T23:56:30.678+0000] {processor.py:830} INFO - Processing file /home/airflow/.local/lib/python3.8/site-packages/airflow/example_dags/example_datasets.py for tasks to queue
[2024-03-14T23:56:30.679+0000] {logging_mixin.py:188} INFO - [2024-03-14T23:56:30.679+0000] {dagbag.py:540} INFO - Filling up the DagBag from /home/airflow/.local/lib/python3.8/site-packages/airflow/example_dags/example_datasets.py
[2024-03-14T23:56:30.686+0000] {processor.py:840} INFO - DAG(s) 'dataset_consumes_1_never_scheduled', 'dataset_consumes_1', 'dataset_consumes_unknown_never_scheduled', 'dataset_produces_1', 'dataset_consumes_1_and_2', 'dataset_produces_2' retrieved from /home/airflow/.local/lib/python3.8/site-packages/airflow/example_dags/example_datasets.py
[2024-03-14T23:56:30.710+0000] {logging_mixin.py:188} INFO - [2024-03-14T23:56:30.710+0000] {dag.py:3047} INFO - Sync 6 DAGs
[2024-03-14T23:56:30.726+0000] {logging_mixin.py:188} INFO - [2024-03-14T23:56:30.726+0000] {dag.py:3834} INFO - Setting next_dagrun for dataset_consumes_1 to None, run_after=None
[2024-03-14T23:56:30.729+0000] {logging_mixin.py:188} INFO - [2024-03-14T23:56:30.728+0000] {dag.py:3834} INFO - Setting next_dagrun for dataset_consumes_1_and_2 to None, run_after=None
[2024-03-14T23:56:30.730+0000] {logging_mixin.py:188} INFO - [2024-03-14T23:56:30.729+0000] {dag.py:3834} INFO - Setting next_dagrun for dataset_consumes_1_never_scheduled to None, run_after=None
[2024-03-14T23:56:30.730+0000] {logging_mixin.py:188} INFO - [2024-03-14T23:56:30.730+0000] {dag.py:3834} INFO - Setting next_dagrun for dataset_consumes_unknown_never_scheduled to None, run_after=None
[2024-03-14T23:56:30.733+0000] {logging_mixin.py:188} INFO - [2024-03-14T23:56:30.732+0000] {dag.py:3834} INFO - Setting next_dagrun for dataset_produces_1 to 2024-03-13 00:00:00+00:00, run_after=2024-03-14 00:00:00+00:00
[2024-03-14T23:56:30.733+0000] {logging_mixin.py:188} INFO - [2024-03-14T23:56:30.733+0000] {dag.py:3834} INFO - Setting next_dagrun for dataset_produces_2 to None, run_after=None
[2024-03-14T23:56:30.758+0000] {processor.py:183} INFO - Processing /home/airflow/.local/lib/python3.8/site-packages/airflow/example_dags/example_datasets.py took 0.083 seconds
[2024-03-14T23:57:01.677+0000] {processor.py:161} INFO - Started process (PID=452) to work on /home/airflow/.local/lib/python3.8/site-packages/airflow/example_dags/example_datasets.py
[2024-03-14T23:57:01.678+0000] {processor.py:830} INFO - Processing file /home/airflow/.local/lib/python3.8/site-packages/airflow/example_dags/example_datasets.py for tasks to queue
[2024-03-14T23:57:01.679+0000] {logging_mixin.py:188} INFO - [2024-03-14T23:57:01.679+0000] {dagbag.py:540} INFO - Filling up the DagBag from /home/airflow/.local/lib/python3.8/site-packages/airflow/example_dags/example_datasets.py
[2024-03-14T23:57:01.685+0000] {processor.py:840} INFO - DAG(s) 'dataset_consumes_1_never_scheduled', 'dataset_produces_1', 'dataset_consumes_1_and_2', 'dataset_produces_2', 'dataset_consumes_unknown_never_scheduled', 'dataset_consumes_1' retrieved from /home/airflow/.local/lib/python3.8/site-packages/airflow/example_dags/example_datasets.py
[2024-03-14T23:57:01.713+0000] {logging_mixin.py:188} INFO - [2024-03-14T23:57:01.712+0000] {dag.py:3047} INFO - Sync 6 DAGs
[2024-03-14T23:57:01.729+0000] {logging_mixin.py:188} INFO - [2024-03-14T23:57:01.729+0000] {dag.py:3834} INFO - Setting next_dagrun for dataset_consumes_1 to None, run_after=None
[2024-03-14T23:57:01.732+0000] {logging_mixin.py:188} INFO - [2024-03-14T23:57:01.732+0000] {dag.py:3834} INFO - Setting next_dagrun for dataset_consumes_1_and_2 to None, run_after=None
[2024-03-14T23:57:01.733+0000] {logging_mixin.py:188} INFO - [2024-03-14T23:57:01.733+0000] {dag.py:3834} INFO - Setting next_dagrun for dataset_consumes_1_never_scheduled to None, run_after=None
[2024-03-14T23:57:01.734+0000] {logging_mixin.py:188} INFO - [2024-03-14T23:57:01.734+0000] {dag.py:3834} INFO - Setting next_dagrun for dataset_consumes_unknown_never_scheduled to None, run_after=None
[2024-03-14T23:57:01.736+0000] {logging_mixin.py:188} INFO - [2024-03-14T23:57:01.736+0000] {dag.py:3834} INFO - Setting next_dagrun for dataset_produces_1 to 2024-03-13 00:00:00+00:00, run_after=2024-03-14 00:00:00+00:00
[2024-03-14T23:57:01.737+0000] {logging_mixin.py:188} INFO - [2024-03-14T23:57:01.737+0000] {dag.py:3834} INFO - Setting next_dagrun for dataset_produces_2 to None, run_after=None
[2024-03-14T23:57:01.760+0000] {processor.py:183} INFO - Processing /home/airflow/.local/lib/python3.8/site-packages/airflow/example_dags/example_datasets.py took 0.085 seconds
[2024-03-14T23:57:31.797+0000] {processor.py:161} INFO - Started process (PID=507) to work on /home/airflow/.local/lib/python3.8/site-packages/airflow/example_dags/example_datasets.py
[2024-03-14T23:57:31.797+0000] {processor.py:830} INFO - Processing file /home/airflow/.local/lib/python3.8/site-packages/airflow/example_dags/example_datasets.py for tasks to queue
[2024-03-14T23:57:31.798+0000] {logging_mixin.py:188} INFO - [2024-03-14T23:57:31.798+0000] {dagbag.py:540} INFO - Filling up the DagBag from /home/airflow/.local/lib/python3.8/site-packages/airflow/example_dags/example_datasets.py
[2024-03-14T23:57:31.805+0000] {processor.py:840} INFO - DAG(s) 'dataset_produces_1', 'dataset_produces_2', 'dataset_consumes_unknown_never_scheduled', 'dataset_consumes_1_never_scheduled', 'dataset_consumes_1', 'dataset_consumes_1_and_2' retrieved from /home/airflow/.local/lib/python3.8/site-packages/airflow/example_dags/example_datasets.py
[2024-03-14T23:57:31.831+0000] {logging_mixin.py:188} INFO - [2024-03-14T23:57:31.831+0000] {dag.py:3047} INFO - Sync 6 DAGs
[2024-03-14T23:57:31.848+0000] {logging_mixin.py:188} INFO - [2024-03-14T23:57:31.848+0000] {dag.py:3834} INFO - Setting next_dagrun for dataset_consumes_1 to None, run_after=None
[2024-03-14T23:57:31.851+0000] {logging_mixin.py:188} INFO - [2024-03-14T23:57:31.850+0000] {dag.py:3834} INFO - Setting next_dagrun for dataset_consumes_1_and_2 to None, run_after=None
[2024-03-14T23:57:31.852+0000] {logging_mixin.py:188} INFO - [2024-03-14T23:57:31.851+0000] {dag.py:3834} INFO - Setting next_dagrun for dataset_consumes_1_never_scheduled to None, run_after=None
[2024-03-14T23:57:31.853+0000] {logging_mixin.py:188} INFO - [2024-03-14T23:57:31.852+0000] {dag.py:3834} INFO - Setting next_dagrun for dataset_consumes_unknown_never_scheduled to None, run_after=None
[2024-03-14T23:57:31.855+0000] {logging_mixin.py:188} INFO - [2024-03-14T23:57:31.855+0000] {dag.py:3834} INFO - Setting next_dagrun for dataset_produces_1 to 2024-03-13 00:00:00+00:00, run_after=2024-03-14 00:00:00+00:00
[2024-03-14T23:57:31.856+0000] {logging_mixin.py:188} INFO - [2024-03-14T23:57:31.856+0000] {dag.py:3834} INFO - Setting next_dagrun for dataset_produces_2 to None, run_after=None
[2024-03-14T23:57:31.880+0000] {processor.py:183} INFO - Processing /home/airflow/.local/lib/python3.8/site-packages/airflow/example_dags/example_datasets.py took 0.085 seconds
[2024-03-14T23:58:02.050+0000] {processor.py:161} INFO - Started process (PID=562) to work on /home/airflow/.local/lib/python3.8/site-packages/airflow/example_dags/example_datasets.py
[2024-03-14T23:58:02.051+0000] {processor.py:830} INFO - Processing file /home/airflow/.local/lib/python3.8/site-packages/airflow/example_dags/example_datasets.py for tasks to queue
[2024-03-14T23:58:02.052+0000] {logging_mixin.py:188} INFO - [2024-03-14T23:58:02.052+0000] {dagbag.py:540} INFO - Filling up the DagBag from /home/airflow/.local/lib/python3.8/site-packages/airflow/example_dags/example_datasets.py
[2024-03-14T23:58:02.060+0000] {processor.py:840} INFO - DAG(s) 'dataset_consumes_unknown_never_scheduled', 'dataset_consumes_1', 'dataset_produces_2', 'dataset_consumes_1_and_2', 'dataset_consumes_1_never_scheduled', 'dataset_produces_1' retrieved from /home/airflow/.local/lib/python3.8/site-packages/airflow/example_dags/example_datasets.py
[2024-03-14T23:58:02.087+0000] {logging_mixin.py:188} INFO - [2024-03-14T23:58:02.087+0000] {dag.py:3047} INFO - Sync 6 DAGs
[2024-03-14T23:58:02.105+0000] {logging_mixin.py:188} INFO - [2024-03-14T23:58:02.104+0000] {dag.py:3834} INFO - Setting next_dagrun for dataset_consumes_1 to None, run_after=None
[2024-03-14T23:58:02.108+0000] {logging_mixin.py:188} INFO - [2024-03-14T23:58:02.108+0000] {dag.py:3834} INFO - Setting next_dagrun for dataset_consumes_1_and_2 to None, run_after=None
[2024-03-14T23:58:02.109+0000] {logging_mixin.py:188} INFO - [2024-03-14T23:58:02.109+0000] {dag.py:3834} INFO - Setting next_dagrun for dataset_consumes_1_never_scheduled to None, run_after=None
[2024-03-14T23:58:02.110+0000] {logging_mixin.py:188} INFO - [2024-03-14T23:58:02.109+0000] {dag.py:3834} INFO - Setting next_dagrun for dataset_consumes_unknown_never_scheduled to None, run_after=None
[2024-03-14T23:58:02.112+0000] {logging_mixin.py:188} INFO - [2024-03-14T23:58:02.111+0000] {dag.py:3834} INFO - Setting next_dagrun for dataset_produces_1 to 2024-03-13 00:00:00+00:00, run_after=2024-03-14 00:00:00+00:00
[2024-03-14T23:58:02.112+0000] {logging_mixin.py:188} INFO - [2024-03-14T23:58:02.112+0000] {dag.py:3834} INFO - Setting next_dagrun for dataset_produces_2 to None, run_after=None
[2024-03-14T23:58:02.136+0000] {processor.py:183} INFO - Processing /home/airflow/.local/lib/python3.8/site-packages/airflow/example_dags/example_datasets.py took 0.088 seconds
[2024-03-14T23:58:32.302+0000] {processor.py:161} INFO - Started process (PID=618) to work on /home/airflow/.local/lib/python3.8/site-packages/airflow/example_dags/example_datasets.py
[2024-03-14T23:58:32.303+0000] {processor.py:830} INFO - Processing file /home/airflow/.local/lib/python3.8/site-packages/airflow/example_dags/example_datasets.py for tasks to queue
[2024-03-14T23:58:32.304+0000] {logging_mixin.py:188} INFO - [2024-03-14T23:58:32.304+0000] {dagbag.py:540} INFO - Filling up the DagBag from /home/airflow/.local/lib/python3.8/site-packages/airflow/example_dags/example_datasets.py
[2024-03-14T23:58:32.310+0000] {processor.py:840} INFO - DAG(s) 'dataset_produces_1', 'dataset_consumes_unknown_never_scheduled', 'dataset_consumes_1', 'dataset_produces_2', 'dataset_consumes_1_never_scheduled', 'dataset_consumes_1_and_2' retrieved from /home/airflow/.local/lib/python3.8/site-packages/airflow/example_dags/example_datasets.py
[2024-03-14T23:58:32.335+0000] {logging_mixin.py:188} INFO - [2024-03-14T23:58:32.335+0000] {dag.py:3047} INFO - Sync 6 DAGs
[2024-03-14T23:58:32.352+0000] {logging_mixin.py:188} INFO - [2024-03-14T23:58:32.351+0000] {dag.py:3834} INFO - Setting next_dagrun for dataset_consumes_1 to None, run_after=None
[2024-03-14T23:58:32.354+0000] {logging_mixin.py:188} INFO - [2024-03-14T23:58:32.354+0000] {dag.py:3834} INFO - Setting next_dagrun for dataset_consumes_1_and_2 to None, run_after=None
[2024-03-14T23:58:32.355+0000] {logging_mixin.py:188} INFO - [2024-03-14T23:58:32.355+0000] {dag.py:3834} INFO - Setting next_dagrun for dataset_consumes_1_never_scheduled to None, run_after=None
[2024-03-14T23:58:32.356+0000] {logging_mixin.py:188} INFO - [2024-03-14T23:58:32.356+0000] {dag.py:3834} INFO - Setting next_dagrun for dataset_consumes_unknown_never_scheduled to None, run_after=None
[2024-03-14T23:58:32.358+0000] {logging_mixin.py:188} INFO - [2024-03-14T23:58:32.358+0000] {dag.py:3834} INFO - Setting next_dagrun for dataset_produces_1 to 2024-03-13 00:00:00+00:00, run_after=2024-03-14 00:00:00+00:00
[2024-03-14T23:58:32.360+0000] {logging_mixin.py:188} INFO - [2024-03-14T23:58:32.359+0000] {dag.py:3834} INFO - Setting next_dagrun for dataset_produces_2 to None, run_after=None
[2024-03-14T23:58:32.383+0000] {processor.py:183} INFO - Processing /home/airflow/.local/lib/python3.8/site-packages/airflow/example_dags/example_datasets.py took 0.083 seconds
[2024-03-14T23:59:02.458+0000] {processor.py:161} INFO - Started process (PID=673) to work on /home/airflow/.local/lib/python3.8/site-packages/airflow/example_dags/example_datasets.py
[2024-03-14T23:59:02.459+0000] {processor.py:830} INFO - Processing file /home/airflow/.local/lib/python3.8/site-packages/airflow/example_dags/example_datasets.py for tasks to queue
[2024-03-14T23:59:02.460+0000] {logging_mixin.py:188} INFO - [2024-03-14T23:59:02.460+0000] {dagbag.py:540} INFO - Filling up the DagBag from /home/airflow/.local/lib/python3.8/site-packages/airflow/example_dags/example_datasets.py
[2024-03-14T23:59:02.466+0000] {processor.py:840} INFO - DAG(s) 'dataset_consumes_1_never_scheduled', 'dataset_consumes_1_and_2', 'dataset_consumes_1', 'dataset_produces_2', 'dataset_consumes_unknown_never_scheduled', 'dataset_produces_1' retrieved from /home/airflow/.local/lib/python3.8/site-packages/airflow/example_dags/example_datasets.py
[2024-03-14T23:59:02.494+0000] {logging_mixin.py:188} INFO - [2024-03-14T23:59:02.494+0000] {dag.py:3047} INFO - Sync 6 DAGs
[2024-03-14T23:59:02.514+0000] {logging_mixin.py:188} INFO - [2024-03-14T23:59:02.514+0000] {dag.py:3834} INFO - Setting next_dagrun for dataset_consumes_1 to None, run_after=None
[2024-03-14T23:59:02.518+0000] {logging_mixin.py:188} INFO - [2024-03-14T23:59:02.517+0000] {dag.py:3834} INFO - Setting next_dagrun for dataset_consumes_1_and_2 to None, run_after=None
[2024-03-14T23:59:02.518+0000] {logging_mixin.py:188} INFO - [2024-03-14T23:59:02.518+0000] {dag.py:3834} INFO - Setting next_dagrun for dataset_consumes_1_never_scheduled to None, run_after=None
[2024-03-14T23:59:02.519+0000] {logging_mixin.py:188} INFO - [2024-03-14T23:59:02.519+0000] {dag.py:3834} INFO - Setting next_dagrun for dataset_consumes_unknown_never_scheduled to None, run_after=None
[2024-03-14T23:59:02.521+0000] {logging_mixin.py:188} INFO - [2024-03-14T23:59:02.521+0000] {dag.py:3834} INFO - Setting next_dagrun for dataset_produces_1 to 2024-03-13 00:00:00+00:00, run_after=2024-03-14 00:00:00+00:00
[2024-03-14T23:59:02.522+0000] {logging_mixin.py:188} INFO - [2024-03-14T23:59:02.522+0000] {dag.py:3834} INFO - Setting next_dagrun for dataset_produces_2 to None, run_after=None
[2024-03-14T23:59:02.544+0000] {processor.py:183} INFO - Processing /home/airflow/.local/lib/python3.8/site-packages/airflow/example_dags/example_datasets.py took 0.088 seconds
