[2024-03-14T23:53:26.612+0000] {processor.py:161} INFO - Started process (PID=73) to work on /home/airflow/.local/lib/python3.8/site-packages/airflow/example_dags/example_branch_operator_decorator.py
[2024-03-14T23:53:26.612+0000] {processor.py:830} INFO - Processing file /home/airflow/.local/lib/python3.8/site-packages/airflow/example_dags/example_branch_operator_decorator.py for tasks to queue
[2024-03-14T23:53:26.613+0000] {logging_mixin.py:188} INFO - [2024-03-14T23:53:26.613+0000] {dagbag.py:540} INFO - Filling up the DagBag from /home/airflow/.local/lib/python3.8/site-packages/airflow/example_dags/example_branch_operator_decorator.py
[2024-03-14T23:53:26.633+0000] {processor.py:840} INFO - DAG(s) 'example_branch_python_operator_decorator' retrieved from /home/airflow/.local/lib/python3.8/site-packages/airflow/example_dags/example_branch_operator_decorator.py
[2024-03-14T23:53:26.643+0000] {logging_mixin.py:188} INFO - [2024-03-14T23:53:26.643+0000] {dag.py:3047} INFO - Sync 1 DAGs
[2024-03-14T23:53:26.671+0000] {logging_mixin.py:188} INFO - [2024-03-14T23:53:26.671+0000] {dag.py:3834} INFO - Setting next_dagrun for example_branch_python_operator_decorator to 2024-03-13 00:00:00+00:00, run_after=2024-03-14 00:00:00+00:00
[2024-03-14T23:53:26.687+0000] {processor.py:183} INFO - Processing /home/airflow/.local/lib/python3.8/site-packages/airflow/example_dags/example_branch_operator_decorator.py took 0.079 seconds
[2024-03-14T23:53:57.898+0000] {processor.py:161} INFO - Started process (PID=128) to work on /home/airflow/.local/lib/python3.8/site-packages/airflow/example_dags/example_branch_operator_decorator.py
[2024-03-14T23:53:57.898+0000] {processor.py:830} INFO - Processing file /home/airflow/.local/lib/python3.8/site-packages/airflow/example_dags/example_branch_operator_decorator.py for tasks to queue
[2024-03-14T23:53:57.899+0000] {logging_mixin.py:188} INFO - [2024-03-14T23:53:57.899+0000] {dagbag.py:540} INFO - Filling up the DagBag from /home/airflow/.local/lib/python3.8/site-packages/airflow/example_dags/example_branch_operator_decorator.py
[2024-03-14T23:53:57.915+0000] {processor.py:840} INFO - DAG(s) 'example_branch_python_operator_decorator' retrieved from /home/airflow/.local/lib/python3.8/site-packages/airflow/example_dags/example_branch_operator_decorator.py
[2024-03-14T23:53:57.995+0000] {logging_mixin.py:188} INFO - [2024-03-14T23:53:57.995+0000] {dag.py:3047} INFO - Sync 1 DAGs
[2024-03-14T23:53:58.014+0000] {logging_mixin.py:188} INFO - [2024-03-14T23:53:58.014+0000] {dag.py:3834} INFO - Setting next_dagrun for example_branch_python_operator_decorator to 2024-03-13 00:00:00+00:00, run_after=2024-03-14 00:00:00+00:00
[2024-03-14T23:53:58.029+0000] {processor.py:183} INFO - Processing /home/airflow/.local/lib/python3.8/site-packages/airflow/example_dags/example_branch_operator_decorator.py took 0.134 seconds
[2024-03-14T23:54:28.078+0000] {processor.py:161} INFO - Started process (PID=183) to work on /home/airflow/.local/lib/python3.8/site-packages/airflow/example_dags/example_branch_operator_decorator.py
[2024-03-14T23:54:28.079+0000] {processor.py:830} INFO - Processing file /home/airflow/.local/lib/python3.8/site-packages/airflow/example_dags/example_branch_operator_decorator.py for tasks to queue
[2024-03-14T23:54:28.080+0000] {logging_mixin.py:188} INFO - [2024-03-14T23:54:28.080+0000] {dagbag.py:540} INFO - Filling up the DagBag from /home/airflow/.local/lib/python3.8/site-packages/airflow/example_dags/example_branch_operator_decorator.py
[2024-03-14T23:54:28.096+0000] {processor.py:840} INFO - DAG(s) 'example_branch_python_operator_decorator' retrieved from /home/airflow/.local/lib/python3.8/site-packages/airflow/example_dags/example_branch_operator_decorator.py
[2024-03-14T23:54:28.116+0000] {logging_mixin.py:188} INFO - [2024-03-14T23:54:28.116+0000] {dag.py:3047} INFO - Sync 1 DAGs
[2024-03-14T23:54:28.135+0000] {logging_mixin.py:188} INFO - [2024-03-14T23:54:28.135+0000] {dag.py:3834} INFO - Setting next_dagrun for example_branch_python_operator_decorator to 2024-03-13 00:00:00+00:00, run_after=2024-03-14 00:00:00+00:00
[2024-03-14T23:54:28.150+0000] {processor.py:183} INFO - Processing /home/airflow/.local/lib/python3.8/site-packages/airflow/example_dags/example_branch_operator_decorator.py took 0.074 seconds
[2024-03-14T23:54:59.103+0000] {processor.py:161} INFO - Started process (PID=238) to work on /home/airflow/.local/lib/python3.8/site-packages/airflow/example_dags/example_branch_operator_decorator.py
[2024-03-14T23:54:59.103+0000] {processor.py:830} INFO - Processing file /home/airflow/.local/lib/python3.8/site-packages/airflow/example_dags/example_branch_operator_decorator.py for tasks to queue
[2024-03-14T23:54:59.104+0000] {logging_mixin.py:188} INFO - [2024-03-14T23:54:59.104+0000] {dagbag.py:540} INFO - Filling up the DagBag from /home/airflow/.local/lib/python3.8/site-packages/airflow/example_dags/example_branch_operator_decorator.py
[2024-03-14T23:54:59.121+0000] {processor.py:840} INFO - DAG(s) 'example_branch_python_operator_decorator' retrieved from /home/airflow/.local/lib/python3.8/site-packages/airflow/example_dags/example_branch_operator_decorator.py
[2024-03-14T23:54:59.131+0000] {logging_mixin.py:188} INFO - [2024-03-14T23:54:59.131+0000] {dag.py:3047} INFO - Sync 1 DAGs
[2024-03-14T23:54:59.151+0000] {logging_mixin.py:188} INFO - [2024-03-14T23:54:59.151+0000] {dag.py:3834} INFO - Setting next_dagrun for example_branch_python_operator_decorator to 2024-03-13 00:00:00+00:00, run_after=2024-03-14 00:00:00+00:00
[2024-03-14T23:54:59.166+0000] {processor.py:183} INFO - Processing /home/airflow/.local/lib/python3.8/site-packages/airflow/example_dags/example_branch_operator_decorator.py took 0.066 seconds
[2024-03-14T23:55:30.681+0000] {processor.py:161} INFO - Started process (PID=293) to work on /home/airflow/.local/lib/python3.8/site-packages/airflow/example_dags/example_branch_operator_decorator.py
[2024-03-14T23:55:30.682+0000] {processor.py:830} INFO - Processing file /home/airflow/.local/lib/python3.8/site-packages/airflow/example_dags/example_branch_operator_decorator.py for tasks to queue
[2024-03-14T23:55:30.683+0000] {logging_mixin.py:188} INFO - [2024-03-14T23:55:30.683+0000] {dagbag.py:540} INFO - Filling up the DagBag from /home/airflow/.local/lib/python3.8/site-packages/airflow/example_dags/example_branch_operator_decorator.py
[2024-03-14T23:55:30.699+0000] {processor.py:840} INFO - DAG(s) 'example_branch_python_operator_decorator' retrieved from /home/airflow/.local/lib/python3.8/site-packages/airflow/example_dags/example_branch_operator_decorator.py
[2024-03-14T23:55:30.784+0000] {logging_mixin.py:188} INFO - [2024-03-14T23:55:30.784+0000] {dag.py:3047} INFO - Sync 1 DAGs
[2024-03-14T23:55:30.801+0000] {logging_mixin.py:188} INFO - [2024-03-14T23:55:30.801+0000] {dag.py:3834} INFO - Setting next_dagrun for example_branch_python_operator_decorator to 2024-03-13 00:00:00+00:00, run_after=2024-03-14 00:00:00+00:00
[2024-03-14T23:55:30.816+0000] {processor.py:183} INFO - Processing /home/airflow/.local/lib/python3.8/site-packages/airflow/example_dags/example_branch_operator_decorator.py took 0.137 seconds
[2024-03-14T23:56:00.838+0000] {processor.py:161} INFO - Started process (PID=348) to work on /home/airflow/.local/lib/python3.8/site-packages/airflow/example_dags/example_branch_operator_decorator.py
[2024-03-14T23:56:00.839+0000] {processor.py:830} INFO - Processing file /home/airflow/.local/lib/python3.8/site-packages/airflow/example_dags/example_branch_operator_decorator.py for tasks to queue
[2024-03-14T23:56:00.840+0000] {logging_mixin.py:188} INFO - [2024-03-14T23:56:00.839+0000] {dagbag.py:540} INFO - Filling up the DagBag from /home/airflow/.local/lib/python3.8/site-packages/airflow/example_dags/example_branch_operator_decorator.py
[2024-03-14T23:56:00.854+0000] {processor.py:840} INFO - DAG(s) 'example_branch_python_operator_decorator' retrieved from /home/airflow/.local/lib/python3.8/site-packages/airflow/example_dags/example_branch_operator_decorator.py
[2024-03-14T23:56:00.875+0000] {logging_mixin.py:188} INFO - [2024-03-14T23:56:00.875+0000] {dag.py:3047} INFO - Sync 1 DAGs
[2024-03-14T23:56:00.893+0000] {logging_mixin.py:188} INFO - [2024-03-14T23:56:00.892+0000] {dag.py:3834} INFO - Setting next_dagrun for example_branch_python_operator_decorator to 2024-03-13 00:00:00+00:00, run_after=2024-03-14 00:00:00+00:00
[2024-03-14T23:56:00.906+0000] {processor.py:183} INFO - Processing /home/airflow/.local/lib/python3.8/site-packages/airflow/example_dags/example_branch_operator_decorator.py took 0.070 seconds
[2024-03-14T23:56:30.933+0000] {processor.py:161} INFO - Started process (PID=403) to work on /home/airflow/.local/lib/python3.8/site-packages/airflow/example_dags/example_branch_operator_decorator.py
[2024-03-14T23:56:30.934+0000] {processor.py:830} INFO - Processing file /home/airflow/.local/lib/python3.8/site-packages/airflow/example_dags/example_branch_operator_decorator.py for tasks to queue
[2024-03-14T23:56:30.935+0000] {logging_mixin.py:188} INFO - [2024-03-14T23:56:30.935+0000] {dagbag.py:540} INFO - Filling up the DagBag from /home/airflow/.local/lib/python3.8/site-packages/airflow/example_dags/example_branch_operator_decorator.py
[2024-03-14T23:56:30.951+0000] {processor.py:840} INFO - DAG(s) 'example_branch_python_operator_decorator' retrieved from /home/airflow/.local/lib/python3.8/site-packages/airflow/example_dags/example_branch_operator_decorator.py
[2024-03-14T23:56:30.970+0000] {logging_mixin.py:188} INFO - [2024-03-14T23:56:30.969+0000] {dag.py:3047} INFO - Sync 1 DAGs
[2024-03-14T23:56:30.985+0000] {logging_mixin.py:188} INFO - [2024-03-14T23:56:30.985+0000] {dag.py:3834} INFO - Setting next_dagrun for example_branch_python_operator_decorator to 2024-03-13 00:00:00+00:00, run_after=2024-03-14 00:00:00+00:00
[2024-03-14T23:56:30.998+0000] {processor.py:183} INFO - Processing /home/airflow/.local/lib/python3.8/site-packages/airflow/example_dags/example_branch_operator_decorator.py took 0.067 seconds
[2024-03-14T23:57:01.886+0000] {processor.py:161} INFO - Started process (PID=458) to work on /home/airflow/.local/lib/python3.8/site-packages/airflow/example_dags/example_branch_operator_decorator.py
[2024-03-14T23:57:01.887+0000] {processor.py:830} INFO - Processing file /home/airflow/.local/lib/python3.8/site-packages/airflow/example_dags/example_branch_operator_decorator.py for tasks to queue
[2024-03-14T23:57:01.888+0000] {logging_mixin.py:188} INFO - [2024-03-14T23:57:01.888+0000] {dagbag.py:540} INFO - Filling up the DagBag from /home/airflow/.local/lib/python3.8/site-packages/airflow/example_dags/example_branch_operator_decorator.py
[2024-03-14T23:57:01.906+0000] {processor.py:840} INFO - DAG(s) 'example_branch_python_operator_decorator' retrieved from /home/airflow/.local/lib/python3.8/site-packages/airflow/example_dags/example_branch_operator_decorator.py
[2024-03-14T23:57:01.927+0000] {logging_mixin.py:188} INFO - [2024-03-14T23:57:01.927+0000] {dag.py:3047} INFO - Sync 1 DAGs
[2024-03-14T23:57:01.946+0000] {logging_mixin.py:188} INFO - [2024-03-14T23:57:01.946+0000] {dag.py:3834} INFO - Setting next_dagrun for example_branch_python_operator_decorator to 2024-03-13 00:00:00+00:00, run_after=2024-03-14 00:00:00+00:00
[2024-03-14T23:57:01.959+0000] {processor.py:183} INFO - Processing /home/airflow/.local/lib/python3.8/site-packages/airflow/example_dags/example_branch_operator_decorator.py took 0.075 seconds
[2024-03-14T23:57:32.007+0000] {processor.py:161} INFO - Started process (PID=513) to work on /home/airflow/.local/lib/python3.8/site-packages/airflow/example_dags/example_branch_operator_decorator.py
[2024-03-14T23:57:32.008+0000] {processor.py:830} INFO - Processing file /home/airflow/.local/lib/python3.8/site-packages/airflow/example_dags/example_branch_operator_decorator.py for tasks to queue
[2024-03-14T23:57:32.009+0000] {logging_mixin.py:188} INFO - [2024-03-14T23:57:32.008+0000] {dagbag.py:540} INFO - Filling up the DagBag from /home/airflow/.local/lib/python3.8/site-packages/airflow/example_dags/example_branch_operator_decorator.py
[2024-03-14T23:57:32.024+0000] {processor.py:840} INFO - DAG(s) 'example_branch_python_operator_decorator' retrieved from /home/airflow/.local/lib/python3.8/site-packages/airflow/example_dags/example_branch_operator_decorator.py
[2024-03-14T23:57:32.044+0000] {logging_mixin.py:188} INFO - [2024-03-14T23:57:32.044+0000] {dag.py:3047} INFO - Sync 1 DAGs
[2024-03-14T23:57:32.062+0000] {logging_mixin.py:188} INFO - [2024-03-14T23:57:32.062+0000] {dag.py:3834} INFO - Setting next_dagrun for example_branch_python_operator_decorator to 2024-03-13 00:00:00+00:00, run_after=2024-03-14 00:00:00+00:00
[2024-03-14T23:57:32.075+0000] {processor.py:183} INFO - Processing /home/airflow/.local/lib/python3.8/site-packages/airflow/example_dags/example_branch_operator_decorator.py took 0.070 seconds
[2024-03-14T23:58:02.308+0000] {processor.py:161} INFO - Started process (PID=568) to work on /home/airflow/.local/lib/python3.8/site-packages/airflow/example_dags/example_branch_operator_decorator.py
[2024-03-14T23:58:02.308+0000] {processor.py:830} INFO - Processing file /home/airflow/.local/lib/python3.8/site-packages/airflow/example_dags/example_branch_operator_decorator.py for tasks to queue
[2024-03-14T23:58:02.309+0000] {logging_mixin.py:188} INFO - [2024-03-14T23:58:02.309+0000] {dagbag.py:540} INFO - Filling up the DagBag from /home/airflow/.local/lib/python3.8/site-packages/airflow/example_dags/example_branch_operator_decorator.py
[2024-03-14T23:58:02.326+0000] {processor.py:840} INFO - DAG(s) 'example_branch_python_operator_decorator' retrieved from /home/airflow/.local/lib/python3.8/site-packages/airflow/example_dags/example_branch_operator_decorator.py
[2024-03-14T23:58:02.348+0000] {logging_mixin.py:188} INFO - [2024-03-14T23:58:02.348+0000] {dag.py:3047} INFO - Sync 1 DAGs
[2024-03-14T23:58:02.366+0000] {logging_mixin.py:188} INFO - [2024-03-14T23:58:02.366+0000] {dag.py:3834} INFO - Setting next_dagrun for example_branch_python_operator_decorator to 2024-03-13 00:00:00+00:00, run_after=2024-03-14 00:00:00+00:00
[2024-03-14T23:58:02.379+0000] {processor.py:183} INFO - Processing /home/airflow/.local/lib/python3.8/site-packages/airflow/example_dags/example_branch_operator_decorator.py took 0.074 seconds
[2024-03-14T23:58:32.544+0000] {processor.py:161} INFO - Started process (PID=624) to work on /home/airflow/.local/lib/python3.8/site-packages/airflow/example_dags/example_branch_operator_decorator.py
[2024-03-14T23:58:32.545+0000] {processor.py:830} INFO - Processing file /home/airflow/.local/lib/python3.8/site-packages/airflow/example_dags/example_branch_operator_decorator.py for tasks to queue
[2024-03-14T23:58:32.546+0000] {logging_mixin.py:188} INFO - [2024-03-14T23:58:32.545+0000] {dagbag.py:540} INFO - Filling up the DagBag from /home/airflow/.local/lib/python3.8/site-packages/airflow/example_dags/example_branch_operator_decorator.py
[2024-03-14T23:58:32.561+0000] {processor.py:840} INFO - DAG(s) 'example_branch_python_operator_decorator' retrieved from /home/airflow/.local/lib/python3.8/site-packages/airflow/example_dags/example_branch_operator_decorator.py
[2024-03-14T23:58:32.581+0000] {logging_mixin.py:188} INFO - [2024-03-14T23:58:32.581+0000] {dag.py:3047} INFO - Sync 1 DAGs
[2024-03-14T23:58:32.597+0000] {logging_mixin.py:188} INFO - [2024-03-14T23:58:32.597+0000] {dag.py:3834} INFO - Setting next_dagrun for example_branch_python_operator_decorator to 2024-03-13 00:00:00+00:00, run_after=2024-03-14 00:00:00+00:00
[2024-03-14T23:58:32.611+0000] {processor.py:183} INFO - Processing /home/airflow/.local/lib/python3.8/site-packages/airflow/example_dags/example_branch_operator_decorator.py took 0.070 seconds
[2024-03-14T23:59:02.677+0000] {processor.py:161} INFO - Started process (PID=679) to work on /home/airflow/.local/lib/python3.8/site-packages/airflow/example_dags/example_branch_operator_decorator.py
[2024-03-14T23:59:02.678+0000] {processor.py:830} INFO - Processing file /home/airflow/.local/lib/python3.8/site-packages/airflow/example_dags/example_branch_operator_decorator.py for tasks to queue
[2024-03-14T23:59:02.679+0000] {logging_mixin.py:188} INFO - [2024-03-14T23:59:02.679+0000] {dagbag.py:540} INFO - Filling up the DagBag from /home/airflow/.local/lib/python3.8/site-packages/airflow/example_dags/example_branch_operator_decorator.py
[2024-03-14T23:59:02.697+0000] {processor.py:840} INFO - DAG(s) 'example_branch_python_operator_decorator' retrieved from /home/airflow/.local/lib/python3.8/site-packages/airflow/example_dags/example_branch_operator_decorator.py
[2024-03-14T23:59:02.720+0000] {logging_mixin.py:188} INFO - [2024-03-14T23:59:02.719+0000] {dag.py:3047} INFO - Sync 1 DAGs
[2024-03-14T23:59:02.739+0000] {logging_mixin.py:188} INFO - [2024-03-14T23:59:02.739+0000] {dag.py:3834} INFO - Setting next_dagrun for example_branch_python_operator_decorator to 2024-03-13 00:00:00+00:00, run_after=2024-03-14 00:00:00+00:00
[2024-03-14T23:59:02.754+0000] {processor.py:183} INFO - Processing /home/airflow/.local/lib/python3.8/site-packages/airflow/example_dags/example_branch_operator_decorator.py took 0.079 seconds
