[2024-03-14T23:53:24.981+0000] {processor.py:161} INFO - Started process (PID=40) to work on /home/airflow/.local/lib/python3.8/site-packages/airflow/example_dags/example_subdag_operator.py
[2024-03-14T23:53:24.982+0000] {processor.py:830} INFO - Processing file /home/airflow/.local/lib/python3.8/site-packages/airflow/example_dags/example_subdag_operator.py for tasks to queue
[2024-03-14T23:53:24.983+0000] {logging_mixin.py:188} INFO - [2024-03-14T23:53:24.983+0000] {dagbag.py:540} INFO - Filling up the DagBag from /home/airflow/.local/lib/python3.8/site-packages/airflow/example_dags/example_subdag_operator.py
[2024-03-14T23:53:25.003+0000] {processor.py:840} INFO - DAG(s) 'example_subdag_operator.section-1', 'example_subdag_operator.section-2', 'example_subdag_operator' retrieved from /home/airflow/.local/lib/python3.8/site-packages/airflow/example_dags/example_subdag_operator.py
[2024-03-14T23:53:25.006+0000] {logging_mixin.py:188} INFO - [2024-03-14T23:53:25.006+0000] {dag.py:3047} INFO - Sync 3 DAGs
[2024-03-14T23:53:25.023+0000] {logging_mixin.py:188} INFO - [2024-03-14T23:53:25.023+0000] {dag.py:3834} INFO - Setting next_dagrun for example_subdag_operator to 2022-01-01 00:00:00+00:00, run_after=2022-01-01 00:00:00+00:00
[2024-03-14T23:53:25.025+0000] {logging_mixin.py:188} INFO - [2024-03-14T23:53:25.025+0000] {dag.py:3834} INFO - Setting next_dagrun for example_subdag_operator.section-1 to None, run_after=None
[2024-03-14T23:53:25.026+0000] {logging_mixin.py:188} INFO - [2024-03-14T23:53:25.026+0000] {dag.py:3834} INFO - Setting next_dagrun for example_subdag_operator.section-2 to None, run_after=None
[2024-03-14T23:53:25.031+0000] {logging_mixin.py:188} INFO - [2024-03-14T23:53:25.031+0000] {dag.py:3047} INFO - Sync 2 DAGs
[2024-03-14T23:53:25.034+0000] {logging_mixin.py:188} INFO - [2024-03-14T23:53:25.034+0000] {dag.py:3834} INFO - Setting next_dagrun for example_subdag_operator.section-1 to None, run_after=None
[2024-03-14T23:53:25.035+0000] {logging_mixin.py:188} INFO - [2024-03-14T23:53:25.035+0000] {dag.py:3834} INFO - Setting next_dagrun for example_subdag_operator.section-2 to None, run_after=None
[2024-03-14T23:53:25.045+0000] {processor.py:183} INFO - Processing /home/airflow/.local/lib/python3.8/site-packages/airflow/example_dags/example_subdag_operator.py took 0.065 seconds
[2024-03-14T23:53:55.422+0000] {processor.py:161} INFO - Started process (PID=95) to work on /home/airflow/.local/lib/python3.8/site-packages/airflow/example_dags/example_subdag_operator.py
[2024-03-14T23:53:55.423+0000] {processor.py:830} INFO - Processing file /home/airflow/.local/lib/python3.8/site-packages/airflow/example_dags/example_subdag_operator.py for tasks to queue
[2024-03-14T23:53:55.424+0000] {logging_mixin.py:188} INFO - [2024-03-14T23:53:55.424+0000] {dagbag.py:540} INFO - Filling up the DagBag from /home/airflow/.local/lib/python3.8/site-packages/airflow/example_dags/example_subdag_operator.py
[2024-03-14T23:53:55.441+0000] {processor.py:840} INFO - DAG(s) 'example_subdag_operator.section-1', 'example_subdag_operator.section-2', 'example_subdag_operator' retrieved from /home/airflow/.local/lib/python3.8/site-packages/airflow/example_dags/example_subdag_operator.py
[2024-03-14T23:53:55.514+0000] {logging_mixin.py:188} INFO - [2024-03-14T23:53:55.513+0000] {dag.py:3047} INFO - Sync 3 DAGs
[2024-03-14T23:53:55.528+0000] {logging_mixin.py:188} INFO - [2024-03-14T23:53:55.528+0000] {dag.py:3834} INFO - Setting next_dagrun for example_subdag_operator to 2022-01-01 00:00:00+00:00, run_after=2022-01-01 00:00:00+00:00
[2024-03-14T23:53:55.530+0000] {logging_mixin.py:188} INFO - [2024-03-14T23:53:55.530+0000] {dag.py:3834} INFO - Setting next_dagrun for example_subdag_operator.section-1 to None, run_after=None
[2024-03-14T23:53:55.531+0000] {logging_mixin.py:188} INFO - [2024-03-14T23:53:55.531+0000] {dag.py:3834} INFO - Setting next_dagrun for example_subdag_operator.section-2 to None, run_after=None
[2024-03-14T23:53:55.537+0000] {logging_mixin.py:188} INFO - [2024-03-14T23:53:55.537+0000] {dag.py:3047} INFO - Sync 2 DAGs
[2024-03-14T23:53:55.542+0000] {logging_mixin.py:188} INFO - [2024-03-14T23:53:55.541+0000] {dag.py:3834} INFO - Setting next_dagrun for example_subdag_operator.section-1 to None, run_after=None
[2024-03-14T23:53:55.542+0000] {logging_mixin.py:188} INFO - [2024-03-14T23:53:55.542+0000] {dag.py:3834} INFO - Setting next_dagrun for example_subdag_operator.section-2 to None, run_after=None
[2024-03-14T23:53:55.550+0000] {processor.py:183} INFO - Processing /home/airflow/.local/lib/python3.8/site-packages/airflow/example_dags/example_subdag_operator.py took 0.131 seconds
[2024-03-14T23:54:25.675+0000] {processor.py:161} INFO - Started process (PID=150) to work on /home/airflow/.local/lib/python3.8/site-packages/airflow/example_dags/example_subdag_operator.py
[2024-03-14T23:54:25.676+0000] {processor.py:830} INFO - Processing file /home/airflow/.local/lib/python3.8/site-packages/airflow/example_dags/example_subdag_operator.py for tasks to queue
[2024-03-14T23:54:25.678+0000] {logging_mixin.py:188} INFO - [2024-03-14T23:54:25.677+0000] {dagbag.py:540} INFO - Filling up the DagBag from /home/airflow/.local/lib/python3.8/site-packages/airflow/example_dags/example_subdag_operator.py
[2024-03-14T23:54:25.697+0000] {processor.py:840} INFO - DAG(s) 'example_subdag_operator.section-1', 'example_subdag_operator.section-2', 'example_subdag_operator' retrieved from /home/airflow/.local/lib/python3.8/site-packages/airflow/example_dags/example_subdag_operator.py
[2024-03-14T23:54:25.710+0000] {logging_mixin.py:188} INFO - [2024-03-14T23:54:25.709+0000] {dag.py:3047} INFO - Sync 3 DAGs
[2024-03-14T23:54:25.727+0000] {logging_mixin.py:188} INFO - [2024-03-14T23:54:25.727+0000] {dag.py:3834} INFO - Setting next_dagrun for example_subdag_operator to 2022-01-01 00:00:00+00:00, run_after=2022-01-01 00:00:00+00:00
[2024-03-14T23:54:25.731+0000] {logging_mixin.py:188} INFO - [2024-03-14T23:54:25.731+0000] {dag.py:3834} INFO - Setting next_dagrun for example_subdag_operator.section-1 to None, run_after=None
[2024-03-14T23:54:25.732+0000] {logging_mixin.py:188} INFO - [2024-03-14T23:54:25.732+0000] {dag.py:3834} INFO - Setting next_dagrun for example_subdag_operator.section-2 to None, run_after=None
[2024-03-14T23:54:25.737+0000] {logging_mixin.py:188} INFO - [2024-03-14T23:54:25.737+0000] {dag.py:3047} INFO - Sync 2 DAGs
[2024-03-14T23:54:25.742+0000] {logging_mixin.py:188} INFO - [2024-03-14T23:54:25.741+0000] {dag.py:3834} INFO - Setting next_dagrun for example_subdag_operator.section-1 to None, run_after=None
[2024-03-14T23:54:25.742+0000] {logging_mixin.py:188} INFO - [2024-03-14T23:54:25.742+0000] {dag.py:3834} INFO - Setting next_dagrun for example_subdag_operator.section-2 to None, run_after=None
[2024-03-14T23:54:25.751+0000] {processor.py:183} INFO - Processing /home/airflow/.local/lib/python3.8/site-packages/airflow/example_dags/example_subdag_operator.py took 0.080 seconds
[2024-03-14T23:54:55.781+0000] {processor.py:161} INFO - Started process (PID=205) to work on /home/airflow/.local/lib/python3.8/site-packages/airflow/example_dags/example_subdag_operator.py
[2024-03-14T23:54:55.782+0000] {processor.py:830} INFO - Processing file /home/airflow/.local/lib/python3.8/site-packages/airflow/example_dags/example_subdag_operator.py for tasks to queue
[2024-03-14T23:54:55.783+0000] {logging_mixin.py:188} INFO - [2024-03-14T23:54:55.782+0000] {dagbag.py:540} INFO - Filling up the DagBag from /home/airflow/.local/lib/python3.8/site-packages/airflow/example_dags/example_subdag_operator.py
[2024-03-14T23:54:55.798+0000] {processor.py:840} INFO - DAG(s) 'example_subdag_operator.section-1', 'example_subdag_operator.section-2', 'example_subdag_operator' retrieved from /home/airflow/.local/lib/python3.8/site-packages/airflow/example_dags/example_subdag_operator.py
[2024-03-14T23:54:55.800+0000] {logging_mixin.py:188} INFO - [2024-03-14T23:54:55.800+0000] {dag.py:3047} INFO - Sync 3 DAGs
[2024-03-14T23:54:55.818+0000] {logging_mixin.py:188} INFO - [2024-03-14T23:54:55.817+0000] {dag.py:3834} INFO - Setting next_dagrun for example_subdag_operator to 2022-01-01 00:00:00+00:00, run_after=2022-01-01 00:00:00+00:00
[2024-03-14T23:54:55.820+0000] {logging_mixin.py:188} INFO - [2024-03-14T23:54:55.820+0000] {dag.py:3834} INFO - Setting next_dagrun for example_subdag_operator.section-1 to None, run_after=None
[2024-03-14T23:54:55.821+0000] {logging_mixin.py:188} INFO - [2024-03-14T23:54:55.821+0000] {dag.py:3834} INFO - Setting next_dagrun for example_subdag_operator.section-2 to None, run_after=None
[2024-03-14T23:54:55.828+0000] {logging_mixin.py:188} INFO - [2024-03-14T23:54:55.827+0000] {dag.py:3047} INFO - Sync 2 DAGs
[2024-03-14T23:54:55.831+0000] {logging_mixin.py:188} INFO - [2024-03-14T23:54:55.831+0000] {dag.py:3834} INFO - Setting next_dagrun for example_subdag_operator.section-1 to None, run_after=None
[2024-03-14T23:54:55.831+0000] {logging_mixin.py:188} INFO - [2024-03-14T23:54:55.831+0000] {dag.py:3834} INFO - Setting next_dagrun for example_subdag_operator.section-2 to None, run_after=None
[2024-03-14T23:54:55.839+0000] {processor.py:183} INFO - Processing /home/airflow/.local/lib/python3.8/site-packages/airflow/example_dags/example_subdag_operator.py took 0.060 seconds
[2024-03-14T23:55:27.069+0000] {processor.py:161} INFO - Started process (PID=260) to work on /home/airflow/.local/lib/python3.8/site-packages/airflow/example_dags/example_subdag_operator.py
[2024-03-14T23:55:27.070+0000] {processor.py:830} INFO - Processing file /home/airflow/.local/lib/python3.8/site-packages/airflow/example_dags/example_subdag_operator.py for tasks to queue
[2024-03-14T23:55:27.071+0000] {logging_mixin.py:188} INFO - [2024-03-14T23:55:27.071+0000] {dagbag.py:540} INFO - Filling up the DagBag from /home/airflow/.local/lib/python3.8/site-packages/airflow/example_dags/example_subdag_operator.py
[2024-03-14T23:55:27.090+0000] {processor.py:840} INFO - DAG(s) 'example_subdag_operator.section-1', 'example_subdag_operator.section-2', 'example_subdag_operator' retrieved from /home/airflow/.local/lib/python3.8/site-packages/airflow/example_dags/example_subdag_operator.py
[2024-03-14T23:55:27.169+0000] {logging_mixin.py:188} INFO - [2024-03-14T23:55:27.168+0000] {dag.py:3047} INFO - Sync 3 DAGs
[2024-03-14T23:55:27.191+0000] {logging_mixin.py:188} INFO - [2024-03-14T23:55:27.191+0000] {dag.py:3834} INFO - Setting next_dagrun for example_subdag_operator to 2022-01-01 00:00:00+00:00, run_after=2022-01-01 00:00:00+00:00
[2024-03-14T23:55:27.194+0000] {logging_mixin.py:188} INFO - [2024-03-14T23:55:27.194+0000] {dag.py:3834} INFO - Setting next_dagrun for example_subdag_operator.section-1 to None, run_after=None
[2024-03-14T23:55:27.195+0000] {logging_mixin.py:188} INFO - [2024-03-14T23:55:27.195+0000] {dag.py:3834} INFO - Setting next_dagrun for example_subdag_operator.section-2 to None, run_after=None
[2024-03-14T23:55:27.203+0000] {logging_mixin.py:188} INFO - [2024-03-14T23:55:27.202+0000] {dag.py:3047} INFO - Sync 2 DAGs
[2024-03-14T23:55:27.207+0000] {logging_mixin.py:188} INFO - [2024-03-14T23:55:27.207+0000] {dag.py:3834} INFO - Setting next_dagrun for example_subdag_operator.section-1 to None, run_after=None
[2024-03-14T23:55:27.208+0000] {logging_mixin.py:188} INFO - [2024-03-14T23:55:27.208+0000] {dag.py:3834} INFO - Setting next_dagrun for example_subdag_operator.section-2 to None, run_after=None
[2024-03-14T23:55:27.216+0000] {processor.py:183} INFO - Processing /home/airflow/.local/lib/python3.8/site-packages/airflow/example_dags/example_subdag_operator.py took 0.149 seconds
[2024-03-14T23:55:57.511+0000] {processor.py:161} INFO - Started process (PID=315) to work on /home/airflow/.local/lib/python3.8/site-packages/airflow/example_dags/example_subdag_operator.py
[2024-03-14T23:55:57.511+0000] {processor.py:830} INFO - Processing file /home/airflow/.local/lib/python3.8/site-packages/airflow/example_dags/example_subdag_operator.py for tasks to queue
[2024-03-14T23:55:57.512+0000] {logging_mixin.py:188} INFO - [2024-03-14T23:55:57.512+0000] {dagbag.py:540} INFO - Filling up the DagBag from /home/airflow/.local/lib/python3.8/site-packages/airflow/example_dags/example_subdag_operator.py
[2024-03-14T23:55:57.528+0000] {processor.py:840} INFO - DAG(s) 'example_subdag_operator.section-1', 'example_subdag_operator.section-2', 'example_subdag_operator' retrieved from /home/airflow/.local/lib/python3.8/site-packages/airflow/example_dags/example_subdag_operator.py
[2024-03-14T23:55:57.539+0000] {logging_mixin.py:188} INFO - [2024-03-14T23:55:57.539+0000] {dag.py:3047} INFO - Sync 3 DAGs
[2024-03-14T23:55:57.556+0000] {logging_mixin.py:188} INFO - [2024-03-14T23:55:57.556+0000] {dag.py:3834} INFO - Setting next_dagrun for example_subdag_operator to 2022-01-01 00:00:00+00:00, run_after=2022-01-01 00:00:00+00:00
[2024-03-14T23:55:57.559+0000] {logging_mixin.py:188} INFO - [2024-03-14T23:55:57.559+0000] {dag.py:3834} INFO - Setting next_dagrun for example_subdag_operator.section-1 to None, run_after=None
[2024-03-14T23:55:57.560+0000] {logging_mixin.py:188} INFO - [2024-03-14T23:55:57.560+0000] {dag.py:3834} INFO - Setting next_dagrun for example_subdag_operator.section-2 to None, run_after=None
[2024-03-14T23:55:57.566+0000] {logging_mixin.py:188} INFO - [2024-03-14T23:55:57.565+0000] {dag.py:3047} INFO - Sync 2 DAGs
[2024-03-14T23:55:57.569+0000] {logging_mixin.py:188} INFO - [2024-03-14T23:55:57.569+0000] {dag.py:3834} INFO - Setting next_dagrun for example_subdag_operator.section-1 to None, run_after=None
[2024-03-14T23:55:57.570+0000] {logging_mixin.py:188} INFO - [2024-03-14T23:55:57.570+0000] {dag.py:3834} INFO - Setting next_dagrun for example_subdag_operator.section-2 to None, run_after=None
[2024-03-14T23:55:57.578+0000] {processor.py:183} INFO - Processing /home/airflow/.local/lib/python3.8/site-packages/airflow/example_dags/example_subdag_operator.py took 0.070 seconds
[2024-03-14T23:56:27.633+0000] {processor.py:161} INFO - Started process (PID=370) to work on /home/airflow/.local/lib/python3.8/site-packages/airflow/example_dags/example_subdag_operator.py
[2024-03-14T23:56:27.634+0000] {processor.py:830} INFO - Processing file /home/airflow/.local/lib/python3.8/site-packages/airflow/example_dags/example_subdag_operator.py for tasks to queue
[2024-03-14T23:56:27.635+0000] {logging_mixin.py:188} INFO - [2024-03-14T23:56:27.635+0000] {dagbag.py:540} INFO - Filling up the DagBag from /home/airflow/.local/lib/python3.8/site-packages/airflow/example_dags/example_subdag_operator.py
[2024-03-14T23:56:27.651+0000] {processor.py:840} INFO - DAG(s) 'example_subdag_operator.section-1', 'example_subdag_operator.section-2', 'example_subdag_operator' retrieved from /home/airflow/.local/lib/python3.8/site-packages/airflow/example_dags/example_subdag_operator.py
[2024-03-14T23:56:27.663+0000] {logging_mixin.py:188} INFO - [2024-03-14T23:56:27.663+0000] {dag.py:3047} INFO - Sync 3 DAGs
[2024-03-14T23:56:27.679+0000] {logging_mixin.py:188} INFO - [2024-03-14T23:56:27.679+0000] {dag.py:3834} INFO - Setting next_dagrun for example_subdag_operator to 2022-01-01 00:00:00+00:00, run_after=2022-01-01 00:00:00+00:00
[2024-03-14T23:56:27.682+0000] {logging_mixin.py:188} INFO - [2024-03-14T23:56:27.682+0000] {dag.py:3834} INFO - Setting next_dagrun for example_subdag_operator.section-1 to None, run_after=None
[2024-03-14T23:56:27.683+0000] {logging_mixin.py:188} INFO - [2024-03-14T23:56:27.682+0000] {dag.py:3834} INFO - Setting next_dagrun for example_subdag_operator.section-2 to None, run_after=None
[2024-03-14T23:56:27.687+0000] {logging_mixin.py:188} INFO - [2024-03-14T23:56:27.687+0000] {dag.py:3047} INFO - Sync 2 DAGs
[2024-03-14T23:56:27.691+0000] {logging_mixin.py:188} INFO - [2024-03-14T23:56:27.690+0000] {dag.py:3834} INFO - Setting next_dagrun for example_subdag_operator.section-1 to None, run_after=None
[2024-03-14T23:56:27.691+0000] {logging_mixin.py:188} INFO - [2024-03-14T23:56:27.691+0000] {dag.py:3834} INFO - Setting next_dagrun for example_subdag_operator.section-2 to None, run_after=None
[2024-03-14T23:56:27.699+0000] {processor.py:183} INFO - Processing /home/airflow/.local/lib/python3.8/site-packages/airflow/example_dags/example_subdag_operator.py took 0.068 seconds
[2024-03-14T23:56:58.681+0000] {processor.py:161} INFO - Started process (PID=425) to work on /home/airflow/.local/lib/python3.8/site-packages/airflow/example_dags/example_subdag_operator.py
[2024-03-14T23:56:58.681+0000] {processor.py:830} INFO - Processing file /home/airflow/.local/lib/python3.8/site-packages/airflow/example_dags/example_subdag_operator.py for tasks to queue
[2024-03-14T23:56:58.682+0000] {logging_mixin.py:188} INFO - [2024-03-14T23:56:58.682+0000] {dagbag.py:540} INFO - Filling up the DagBag from /home/airflow/.local/lib/python3.8/site-packages/airflow/example_dags/example_subdag_operator.py
[2024-03-14T23:56:58.699+0000] {processor.py:840} INFO - DAG(s) 'example_subdag_operator.section-1', 'example_subdag_operator.section-2', 'example_subdag_operator' retrieved from /home/airflow/.local/lib/python3.8/site-packages/airflow/example_dags/example_subdag_operator.py
[2024-03-14T23:56:58.710+0000] {logging_mixin.py:188} INFO - [2024-03-14T23:56:58.710+0000] {dag.py:3047} INFO - Sync 3 DAGs
[2024-03-14T23:56:58.726+0000] {logging_mixin.py:188} INFO - [2024-03-14T23:56:58.726+0000] {dag.py:3834} INFO - Setting next_dagrun for example_subdag_operator to 2022-01-01 00:00:00+00:00, run_after=2022-01-01 00:00:00+00:00
[2024-03-14T23:56:58.729+0000] {logging_mixin.py:188} INFO - [2024-03-14T23:56:58.728+0000] {dag.py:3834} INFO - Setting next_dagrun for example_subdag_operator.section-1 to None, run_after=None
[2024-03-14T23:56:58.729+0000] {logging_mixin.py:188} INFO - [2024-03-14T23:56:58.729+0000] {dag.py:3834} INFO - Setting next_dagrun for example_subdag_operator.section-2 to None, run_after=None
[2024-03-14T23:56:58.734+0000] {logging_mixin.py:188} INFO - [2024-03-14T23:56:58.734+0000] {dag.py:3047} INFO - Sync 2 DAGs
[2024-03-14T23:56:58.738+0000] {logging_mixin.py:188} INFO - [2024-03-14T23:56:58.737+0000] {dag.py:3834} INFO - Setting next_dagrun for example_subdag_operator.section-1 to None, run_after=None
[2024-03-14T23:56:58.738+0000] {logging_mixin.py:188} INFO - [2024-03-14T23:56:58.738+0000] {dag.py:3834} INFO - Setting next_dagrun for example_subdag_operator.section-2 to None, run_after=None
[2024-03-14T23:56:58.746+0000] {processor.py:183} INFO - Processing /home/airflow/.local/lib/python3.8/site-packages/airflow/example_dags/example_subdag_operator.py took 0.067 seconds
[2024-03-14T23:57:28.808+0000] {processor.py:161} INFO - Started process (PID=480) to work on /home/airflow/.local/lib/python3.8/site-packages/airflow/example_dags/example_subdag_operator.py
[2024-03-14T23:57:28.809+0000] {processor.py:830} INFO - Processing file /home/airflow/.local/lib/python3.8/site-packages/airflow/example_dags/example_subdag_operator.py for tasks to queue
[2024-03-14T23:57:28.810+0000] {logging_mixin.py:188} INFO - [2024-03-14T23:57:28.810+0000] {dagbag.py:540} INFO - Filling up the DagBag from /home/airflow/.local/lib/python3.8/site-packages/airflow/example_dags/example_subdag_operator.py
[2024-03-14T23:57:28.826+0000] {processor.py:840} INFO - DAG(s) 'example_subdag_operator.section-1', 'example_subdag_operator.section-2', 'example_subdag_operator' retrieved from /home/airflow/.local/lib/python3.8/site-packages/airflow/example_dags/example_subdag_operator.py
[2024-03-14T23:57:28.837+0000] {logging_mixin.py:188} INFO - [2024-03-14T23:57:28.837+0000] {dag.py:3047} INFO - Sync 3 DAGs
[2024-03-14T23:57:28.853+0000] {logging_mixin.py:188} INFO - [2024-03-14T23:57:28.853+0000] {dag.py:3834} INFO - Setting next_dagrun for example_subdag_operator to 2022-01-01 00:00:00+00:00, run_after=2022-01-01 00:00:00+00:00
[2024-03-14T23:57:28.855+0000] {logging_mixin.py:188} INFO - [2024-03-14T23:57:28.855+0000] {dag.py:3834} INFO - Setting next_dagrun for example_subdag_operator.section-1 to None, run_after=None
[2024-03-14T23:57:28.856+0000] {logging_mixin.py:188} INFO - [2024-03-14T23:57:28.856+0000] {dag.py:3834} INFO - Setting next_dagrun for example_subdag_operator.section-2 to None, run_after=None
[2024-03-14T23:57:28.861+0000] {logging_mixin.py:188} INFO - [2024-03-14T23:57:28.861+0000] {dag.py:3047} INFO - Sync 2 DAGs
[2024-03-14T23:57:28.865+0000] {logging_mixin.py:188} INFO - [2024-03-14T23:57:28.865+0000] {dag.py:3834} INFO - Setting next_dagrun for example_subdag_operator.section-1 to None, run_after=None
[2024-03-14T23:57:28.865+0000] {logging_mixin.py:188} INFO - [2024-03-14T23:57:28.865+0000] {dag.py:3834} INFO - Setting next_dagrun for example_subdag_operator.section-2 to None, run_after=None
[2024-03-14T23:57:28.873+0000] {processor.py:183} INFO - Processing /home/airflow/.local/lib/python3.8/site-packages/airflow/example_dags/example_subdag_operator.py took 0.067 seconds
[2024-03-14T23:57:58.919+0000] {processor.py:161} INFO - Started process (PID=535) to work on /home/airflow/.local/lib/python3.8/site-packages/airflow/example_dags/example_subdag_operator.py
[2024-03-14T23:57:58.920+0000] {processor.py:830} INFO - Processing file /home/airflow/.local/lib/python3.8/site-packages/airflow/example_dags/example_subdag_operator.py for tasks to queue
[2024-03-14T23:57:58.921+0000] {logging_mixin.py:188} INFO - [2024-03-14T23:57:58.921+0000] {dagbag.py:540} INFO - Filling up the DagBag from /home/airflow/.local/lib/python3.8/site-packages/airflow/example_dags/example_subdag_operator.py
[2024-03-14T23:57:58.941+0000] {processor.py:840} INFO - DAG(s) 'example_subdag_operator.section-1', 'example_subdag_operator.section-2', 'example_subdag_operator' retrieved from /home/airflow/.local/lib/python3.8/site-packages/airflow/example_dags/example_subdag_operator.py
[2024-03-14T23:57:58.953+0000] {logging_mixin.py:188} INFO - [2024-03-14T23:57:58.952+0000] {dag.py:3047} INFO - Sync 3 DAGs
[2024-03-14T23:57:58.969+0000] {logging_mixin.py:188} INFO - [2024-03-14T23:57:58.969+0000] {dag.py:3834} INFO - Setting next_dagrun for example_subdag_operator to 2022-01-01 00:00:00+00:00, run_after=2022-01-01 00:00:00+00:00
[2024-03-14T23:57:58.971+0000] {logging_mixin.py:188} INFO - [2024-03-14T23:57:58.971+0000] {dag.py:3834} INFO - Setting next_dagrun for example_subdag_operator.section-1 to None, run_after=None
[2024-03-14T23:57:58.972+0000] {logging_mixin.py:188} INFO - [2024-03-14T23:57:58.972+0000] {dag.py:3834} INFO - Setting next_dagrun for example_subdag_operator.section-2 to None, run_after=None
[2024-03-14T23:57:58.977+0000] {logging_mixin.py:188} INFO - [2024-03-14T23:57:58.977+0000] {dag.py:3047} INFO - Sync 2 DAGs
[2024-03-14T23:57:58.981+0000] {logging_mixin.py:188} INFO - [2024-03-14T23:57:58.981+0000] {dag.py:3834} INFO - Setting next_dagrun for example_subdag_operator.section-1 to None, run_after=None
[2024-03-14T23:57:58.981+0000] {logging_mixin.py:188} INFO - [2024-03-14T23:57:58.981+0000] {dag.py:3834} INFO - Setting next_dagrun for example_subdag_operator.section-2 to None, run_after=None
[2024-03-14T23:57:58.989+0000] {processor.py:183} INFO - Processing /home/airflow/.local/lib/python3.8/site-packages/airflow/example_dags/example_subdag_operator.py took 0.071 seconds
[2024-03-14T23:58:29.103+0000] {processor.py:161} INFO - Started process (PID=591) to work on /home/airflow/.local/lib/python3.8/site-packages/airflow/example_dags/example_subdag_operator.py
[2024-03-14T23:58:29.104+0000] {processor.py:830} INFO - Processing file /home/airflow/.local/lib/python3.8/site-packages/airflow/example_dags/example_subdag_operator.py for tasks to queue
[2024-03-14T23:58:29.105+0000] {logging_mixin.py:188} INFO - [2024-03-14T23:58:29.105+0000] {dagbag.py:540} INFO - Filling up the DagBag from /home/airflow/.local/lib/python3.8/site-packages/airflow/example_dags/example_subdag_operator.py
[2024-03-14T23:58:29.122+0000] {processor.py:840} INFO - DAG(s) 'example_subdag_operator.section-1', 'example_subdag_operator.section-2', 'example_subdag_operator' retrieved from /home/airflow/.local/lib/python3.8/site-packages/airflow/example_dags/example_subdag_operator.py
[2024-03-14T23:58:29.134+0000] {logging_mixin.py:188} INFO - [2024-03-14T23:58:29.133+0000] {dag.py:3047} INFO - Sync 3 DAGs
[2024-03-14T23:58:29.150+0000] {logging_mixin.py:188} INFO - [2024-03-14T23:58:29.150+0000] {dag.py:3834} INFO - Setting next_dagrun for example_subdag_operator to 2022-01-01 00:00:00+00:00, run_after=2022-01-01 00:00:00+00:00
[2024-03-14T23:58:29.153+0000] {logging_mixin.py:188} INFO - [2024-03-14T23:58:29.152+0000] {dag.py:3834} INFO - Setting next_dagrun for example_subdag_operator.section-1 to None, run_after=None
[2024-03-14T23:58:29.153+0000] {logging_mixin.py:188} INFO - [2024-03-14T23:58:29.153+0000] {dag.py:3834} INFO - Setting next_dagrun for example_subdag_operator.section-2 to None, run_after=None
[2024-03-14T23:58:29.159+0000] {logging_mixin.py:188} INFO - [2024-03-14T23:58:29.159+0000] {dag.py:3047} INFO - Sync 2 DAGs
[2024-03-14T23:58:29.163+0000] {logging_mixin.py:188} INFO - [2024-03-14T23:58:29.163+0000] {dag.py:3834} INFO - Setting next_dagrun for example_subdag_operator.section-1 to None, run_after=None
[2024-03-14T23:58:29.163+0000] {logging_mixin.py:188} INFO - [2024-03-14T23:58:29.163+0000] {dag.py:3834} INFO - Setting next_dagrun for example_subdag_operator.section-2 to None, run_after=None
[2024-03-14T23:58:29.172+0000] {processor.py:183} INFO - Processing /home/airflow/.local/lib/python3.8/site-packages/airflow/example_dags/example_subdag_operator.py took 0.071 seconds
[2024-03-14T23:58:59.329+0000] {processor.py:161} INFO - Started process (PID=646) to work on /home/airflow/.local/lib/python3.8/site-packages/airflow/example_dags/example_subdag_operator.py
[2024-03-14T23:58:59.330+0000] {processor.py:830} INFO - Processing file /home/airflow/.local/lib/python3.8/site-packages/airflow/example_dags/example_subdag_operator.py for tasks to queue
[2024-03-14T23:58:59.331+0000] {logging_mixin.py:188} INFO - [2024-03-14T23:58:59.331+0000] {dagbag.py:540} INFO - Filling up the DagBag from /home/airflow/.local/lib/python3.8/site-packages/airflow/example_dags/example_subdag_operator.py
[2024-03-14T23:58:59.350+0000] {processor.py:840} INFO - DAG(s) 'example_subdag_operator.section-1', 'example_subdag_operator.section-2', 'example_subdag_operator' retrieved from /home/airflow/.local/lib/python3.8/site-packages/airflow/example_dags/example_subdag_operator.py
[2024-03-14T23:58:59.365+0000] {logging_mixin.py:188} INFO - [2024-03-14T23:58:59.365+0000] {dag.py:3047} INFO - Sync 3 DAGs
[2024-03-14T23:58:59.386+0000] {logging_mixin.py:188} INFO - [2024-03-14T23:58:59.386+0000] {dag.py:3834} INFO - Setting next_dagrun for example_subdag_operator to 2022-01-01 00:00:00+00:00, run_after=2022-01-01 00:00:00+00:00
[2024-03-14T23:58:59.389+0000] {logging_mixin.py:188} INFO - [2024-03-14T23:58:59.389+0000] {dag.py:3834} INFO - Setting next_dagrun for example_subdag_operator.section-1 to None, run_after=None
[2024-03-14T23:58:59.390+0000] {logging_mixin.py:188} INFO - [2024-03-14T23:58:59.390+0000] {dag.py:3834} INFO - Setting next_dagrun for example_subdag_operator.section-2 to None, run_after=None
[2024-03-14T23:58:59.395+0000] {logging_mixin.py:188} INFO - [2024-03-14T23:58:59.395+0000] {dag.py:3047} INFO - Sync 2 DAGs
[2024-03-14T23:58:59.400+0000] {logging_mixin.py:188} INFO - [2024-03-14T23:58:59.399+0000] {dag.py:3834} INFO - Setting next_dagrun for example_subdag_operator.section-1 to None, run_after=None
[2024-03-14T23:58:59.400+0000] {logging_mixin.py:188} INFO - [2024-03-14T23:58:59.400+0000] {dag.py:3834} INFO - Setting next_dagrun for example_subdag_operator.section-2 to None, run_after=None
[2024-03-14T23:58:59.410+0000] {processor.py:183} INFO - Processing /home/airflow/.local/lib/python3.8/site-packages/airflow/example_dags/example_subdag_operator.py took 0.084 seconds
