[2024-03-14T23:53:25.265+0000] {processor.py:161} INFO - Started process (PID=44) to work on /home/airflow/.local/lib/python3.8/site-packages/airflow/example_dags/example_bash_operator.py
[2024-03-14T23:53:25.266+0000] {processor.py:830} INFO - Processing file /home/airflow/.local/lib/python3.8/site-packages/airflow/example_dags/example_bash_operator.py for tasks to queue
[2024-03-14T23:53:25.267+0000] {logging_mixin.py:188} INFO - [2024-03-14T23:53:25.267+0000] {dagbag.py:540} INFO - Filling up the DagBag from /home/airflow/.local/lib/python3.8/site-packages/airflow/example_dags/example_bash_operator.py
[2024-03-14T23:53:25.283+0000] {processor.py:840} INFO - DAG(s) 'example_bash_operator' retrieved from /home/airflow/.local/lib/python3.8/site-packages/airflow/example_dags/example_bash_operator.py
[2024-03-14T23:53:25.298+0000] {logging_mixin.py:188} INFO - [2024-03-14T23:53:25.298+0000] {dag.py:3047} INFO - Sync 1 DAGs
[2024-03-14T23:53:25.327+0000] {logging_mixin.py:188} INFO - [2024-03-14T23:53:25.326+0000] {dag.py:3834} INFO - Setting next_dagrun for example_bash_operator to 2024-03-13 00:00:00+00:00, run_after=2024-03-14 00:00:00+00:00
[2024-03-14T23:53:25.348+0000] {processor.py:183} INFO - Processing /home/airflow/.local/lib/python3.8/site-packages/airflow/example_dags/example_bash_operator.py took 0.083 seconds
[2024-03-14T23:53:55.696+0000] {processor.py:161} INFO - Started process (PID=99) to work on /home/airflow/.local/lib/python3.8/site-packages/airflow/example_dags/example_bash_operator.py
[2024-03-14T23:53:55.697+0000] {processor.py:830} INFO - Processing file /home/airflow/.local/lib/python3.8/site-packages/airflow/example_dags/example_bash_operator.py for tasks to queue
[2024-03-14T23:53:55.698+0000] {logging_mixin.py:188} INFO - [2024-03-14T23:53:55.698+0000] {dagbag.py:540} INFO - Filling up the DagBag from /home/airflow/.local/lib/python3.8/site-packages/airflow/example_dags/example_bash_operator.py
[2024-03-14T23:53:55.706+0000] {processor.py:840} INFO - DAG(s) 'example_bash_operator' retrieved from /home/airflow/.local/lib/python3.8/site-packages/airflow/example_dags/example_bash_operator.py
[2024-03-14T23:53:55.787+0000] {logging_mixin.py:188} INFO - [2024-03-14T23:53:55.787+0000] {dag.py:3047} INFO - Sync 1 DAGs
[2024-03-14T23:53:55.803+0000] {logging_mixin.py:188} INFO - [2024-03-14T23:53:55.803+0000] {dag.py:3834} INFO - Setting next_dagrun for example_bash_operator to 2024-03-13 00:00:00+00:00, run_after=2024-03-14 00:00:00+00:00
[2024-03-14T23:53:55.817+0000] {processor.py:183} INFO - Processing /home/airflow/.local/lib/python3.8/site-packages/airflow/example_dags/example_bash_operator.py took 0.123 seconds
[2024-03-14T23:54:25.848+0000] {processor.py:161} INFO - Started process (PID=154) to work on /home/airflow/.local/lib/python3.8/site-packages/airflow/example_dags/example_bash_operator.py
[2024-03-14T23:54:25.848+0000] {processor.py:830} INFO - Processing file /home/airflow/.local/lib/python3.8/site-packages/airflow/example_dags/example_bash_operator.py for tasks to queue
[2024-03-14T23:54:25.849+0000] {logging_mixin.py:188} INFO - [2024-03-14T23:54:25.849+0000] {dagbag.py:540} INFO - Filling up the DagBag from /home/airflow/.local/lib/python3.8/site-packages/airflow/example_dags/example_bash_operator.py
[2024-03-14T23:54:25.859+0000] {processor.py:840} INFO - DAG(s) 'example_bash_operator' retrieved from /home/airflow/.local/lib/python3.8/site-packages/airflow/example_dags/example_bash_operator.py
[2024-03-14T23:54:25.882+0000] {logging_mixin.py:188} INFO - [2024-03-14T23:54:25.882+0000] {dag.py:3047} INFO - Sync 1 DAGs
[2024-03-14T23:54:25.899+0000] {logging_mixin.py:188} INFO - [2024-03-14T23:54:25.899+0000] {dag.py:3834} INFO - Setting next_dagrun for example_bash_operator to 2024-03-13 00:00:00+00:00, run_after=2024-03-14 00:00:00+00:00
[2024-03-14T23:54:25.911+0000] {processor.py:183} INFO - Processing /home/airflow/.local/lib/python3.8/site-packages/airflow/example_dags/example_bash_operator.py took 0.066 seconds
[2024-03-14T23:54:55.948+0000] {processor.py:161} INFO - Started process (PID=209) to work on /home/airflow/.local/lib/python3.8/site-packages/airflow/example_dags/example_bash_operator.py
[2024-03-14T23:54:55.949+0000] {processor.py:830} INFO - Processing file /home/airflow/.local/lib/python3.8/site-packages/airflow/example_dags/example_bash_operator.py for tasks to queue
[2024-03-14T23:54:55.950+0000] {logging_mixin.py:188} INFO - [2024-03-14T23:54:55.950+0000] {dagbag.py:540} INFO - Filling up the DagBag from /home/airflow/.local/lib/python3.8/site-packages/airflow/example_dags/example_bash_operator.py
[2024-03-14T23:54:55.958+0000] {processor.py:840} INFO - DAG(s) 'example_bash_operator' retrieved from /home/airflow/.local/lib/python3.8/site-packages/airflow/example_dags/example_bash_operator.py
[2024-03-14T23:54:55.966+0000] {logging_mixin.py:188} INFO - [2024-03-14T23:54:55.966+0000] {dag.py:3047} INFO - Sync 1 DAGs
[2024-03-14T23:54:55.983+0000] {logging_mixin.py:188} INFO - [2024-03-14T23:54:55.983+0000] {dag.py:3834} INFO - Setting next_dagrun for example_bash_operator to 2024-03-13 00:00:00+00:00, run_after=2024-03-14 00:00:00+00:00
[2024-03-14T23:54:55.997+0000] {processor.py:183} INFO - Processing /home/airflow/.local/lib/python3.8/site-packages/airflow/example_dags/example_bash_operator.py took 0.051 seconds
[2024-03-14T23:55:27.385+0000] {processor.py:161} INFO - Started process (PID=264) to work on /home/airflow/.local/lib/python3.8/site-packages/airflow/example_dags/example_bash_operator.py
[2024-03-14T23:55:27.386+0000] {processor.py:830} INFO - Processing file /home/airflow/.local/lib/python3.8/site-packages/airflow/example_dags/example_bash_operator.py for tasks to queue
[2024-03-14T23:55:27.387+0000] {logging_mixin.py:188} INFO - [2024-03-14T23:55:27.387+0000] {dagbag.py:540} INFO - Filling up the DagBag from /home/airflow/.local/lib/python3.8/site-packages/airflow/example_dags/example_bash_operator.py
[2024-03-14T23:55:27.397+0000] {processor.py:840} INFO - DAG(s) 'example_bash_operator' retrieved from /home/airflow/.local/lib/python3.8/site-packages/airflow/example_dags/example_bash_operator.py
[2024-03-14T23:55:27.490+0000] {logging_mixin.py:188} INFO - [2024-03-14T23:55:27.489+0000] {dag.py:3047} INFO - Sync 1 DAGs
[2024-03-14T23:55:27.509+0000] {logging_mixin.py:188} INFO - [2024-03-14T23:55:27.509+0000] {dag.py:3834} INFO - Setting next_dagrun for example_bash_operator to 2024-03-13 00:00:00+00:00, run_after=2024-03-14 00:00:00+00:00
[2024-03-14T23:55:27.526+0000] {processor.py:183} INFO - Processing /home/airflow/.local/lib/python3.8/site-packages/airflow/example_dags/example_bash_operator.py took 0.143 seconds
[2024-03-14T23:55:57.665+0000] {processor.py:161} INFO - Started process (PID=319) to work on /home/airflow/.local/lib/python3.8/site-packages/airflow/example_dags/example_bash_operator.py
[2024-03-14T23:55:57.666+0000] {processor.py:830} INFO - Processing file /home/airflow/.local/lib/python3.8/site-packages/airflow/example_dags/example_bash_operator.py for tasks to queue
[2024-03-14T23:55:57.667+0000] {logging_mixin.py:188} INFO - [2024-03-14T23:55:57.667+0000] {dagbag.py:540} INFO - Filling up the DagBag from /home/airflow/.local/lib/python3.8/site-packages/airflow/example_dags/example_bash_operator.py
[2024-03-14T23:55:57.675+0000] {processor.py:840} INFO - DAG(s) 'example_bash_operator' retrieved from /home/airflow/.local/lib/python3.8/site-packages/airflow/example_dags/example_bash_operator.py
[2024-03-14T23:55:57.697+0000] {logging_mixin.py:188} INFO - [2024-03-14T23:55:57.697+0000] {dag.py:3047} INFO - Sync 1 DAGs
[2024-03-14T23:55:57.713+0000] {logging_mixin.py:188} INFO - [2024-03-14T23:55:57.713+0000] {dag.py:3834} INFO - Setting next_dagrun for example_bash_operator to 2024-03-13 00:00:00+00:00, run_after=2024-03-14 00:00:00+00:00
[2024-03-14T23:55:57.726+0000] {processor.py:183} INFO - Processing /home/airflow/.local/lib/python3.8/site-packages/airflow/example_dags/example_bash_operator.py took 0.063 seconds
[2024-03-14T23:56:27.783+0000] {processor.py:161} INFO - Started process (PID=374) to work on /home/airflow/.local/lib/python3.8/site-packages/airflow/example_dags/example_bash_operator.py
[2024-03-14T23:56:27.784+0000] {processor.py:830} INFO - Processing file /home/airflow/.local/lib/python3.8/site-packages/airflow/example_dags/example_bash_operator.py for tasks to queue
[2024-03-14T23:56:27.785+0000] {logging_mixin.py:188} INFO - [2024-03-14T23:56:27.785+0000] {dagbag.py:540} INFO - Filling up the DagBag from /home/airflow/.local/lib/python3.8/site-packages/airflow/example_dags/example_bash_operator.py
[2024-03-14T23:56:27.794+0000] {processor.py:840} INFO - DAG(s) 'example_bash_operator' retrieved from /home/airflow/.local/lib/python3.8/site-packages/airflow/example_dags/example_bash_operator.py
[2024-03-14T23:56:27.816+0000] {logging_mixin.py:188} INFO - [2024-03-14T23:56:27.816+0000] {dag.py:3047} INFO - Sync 1 DAGs
[2024-03-14T23:56:27.835+0000] {logging_mixin.py:188} INFO - [2024-03-14T23:56:27.835+0000] {dag.py:3834} INFO - Setting next_dagrun for example_bash_operator to 2024-03-13 00:00:00+00:00, run_after=2024-03-14 00:00:00+00:00
[2024-03-14T23:56:27.848+0000] {processor.py:183} INFO - Processing /home/airflow/.local/lib/python3.8/site-packages/airflow/example_dags/example_bash_operator.py took 0.067 seconds
[2024-03-14T23:56:58.831+0000] {processor.py:161} INFO - Started process (PID=429) to work on /home/airflow/.local/lib/python3.8/site-packages/airflow/example_dags/example_bash_operator.py
[2024-03-14T23:56:58.832+0000] {processor.py:830} INFO - Processing file /home/airflow/.local/lib/python3.8/site-packages/airflow/example_dags/example_bash_operator.py for tasks to queue
[2024-03-14T23:56:58.833+0000] {logging_mixin.py:188} INFO - [2024-03-14T23:56:58.833+0000] {dagbag.py:540} INFO - Filling up the DagBag from /home/airflow/.local/lib/python3.8/site-packages/airflow/example_dags/example_bash_operator.py
[2024-03-14T23:56:58.842+0000] {processor.py:840} INFO - DAG(s) 'example_bash_operator' retrieved from /home/airflow/.local/lib/python3.8/site-packages/airflow/example_dags/example_bash_operator.py
[2024-03-14T23:56:58.864+0000] {logging_mixin.py:188} INFO - [2024-03-14T23:56:58.864+0000] {dag.py:3047} INFO - Sync 1 DAGs
[2024-03-14T23:56:58.880+0000] {logging_mixin.py:188} INFO - [2024-03-14T23:56:58.880+0000] {dag.py:3834} INFO - Setting next_dagrun for example_bash_operator to 2024-03-13 00:00:00+00:00, run_after=2024-03-14 00:00:00+00:00
[2024-03-14T23:56:58.893+0000] {processor.py:183} INFO - Processing /home/airflow/.local/lib/python3.8/site-packages/airflow/example_dags/example_bash_operator.py took 0.063 seconds
[2024-03-14T23:57:28.959+0000] {processor.py:161} INFO - Started process (PID=484) to work on /home/airflow/.local/lib/python3.8/site-packages/airflow/example_dags/example_bash_operator.py
[2024-03-14T23:57:28.960+0000] {processor.py:830} INFO - Processing file /home/airflow/.local/lib/python3.8/site-packages/airflow/example_dags/example_bash_operator.py for tasks to queue
[2024-03-14T23:57:28.961+0000] {logging_mixin.py:188} INFO - [2024-03-14T23:57:28.961+0000] {dagbag.py:540} INFO - Filling up the DagBag from /home/airflow/.local/lib/python3.8/site-packages/airflow/example_dags/example_bash_operator.py
[2024-03-14T23:57:28.969+0000] {processor.py:840} INFO - DAG(s) 'example_bash_operator' retrieved from /home/airflow/.local/lib/python3.8/site-packages/airflow/example_dags/example_bash_operator.py
[2024-03-14T23:57:28.991+0000] {logging_mixin.py:188} INFO - [2024-03-14T23:57:28.991+0000] {dag.py:3047} INFO - Sync 1 DAGs
[2024-03-14T23:57:29.009+0000] {logging_mixin.py:188} INFO - [2024-03-14T23:57:29.009+0000] {dag.py:3834} INFO - Setting next_dagrun for example_bash_operator to 2024-03-13 00:00:00+00:00, run_after=2024-03-14 00:00:00+00:00
[2024-03-14T23:57:29.022+0000] {processor.py:183} INFO - Processing /home/airflow/.local/lib/python3.8/site-packages/airflow/example_dags/example_bash_operator.py took 0.064 seconds
[2024-03-14T23:57:59.139+0000] {processor.py:161} INFO - Started process (PID=539) to work on /home/airflow/.local/lib/python3.8/site-packages/airflow/example_dags/example_bash_operator.py
[2024-03-14T23:57:59.140+0000] {processor.py:830} INFO - Processing file /home/airflow/.local/lib/python3.8/site-packages/airflow/example_dags/example_bash_operator.py for tasks to queue
[2024-03-14T23:57:59.142+0000] {logging_mixin.py:188} INFO - [2024-03-14T23:57:59.142+0000] {dagbag.py:540} INFO - Filling up the DagBag from /home/airflow/.local/lib/python3.8/site-packages/airflow/example_dags/example_bash_operator.py
[2024-03-14T23:57:59.151+0000] {processor.py:840} INFO - DAG(s) 'example_bash_operator' retrieved from /home/airflow/.local/lib/python3.8/site-packages/airflow/example_dags/example_bash_operator.py
[2024-03-14T23:57:59.173+0000] {logging_mixin.py:188} INFO - [2024-03-14T23:57:59.173+0000] {dag.py:3047} INFO - Sync 1 DAGs
[2024-03-14T23:57:59.191+0000] {logging_mixin.py:188} INFO - [2024-03-14T23:57:59.191+0000] {dag.py:3834} INFO - Setting next_dagrun for example_bash_operator to 2024-03-13 00:00:00+00:00, run_after=2024-03-14 00:00:00+00:00
[2024-03-14T23:57:59.205+0000] {processor.py:183} INFO - Processing /home/airflow/.local/lib/python3.8/site-packages/airflow/example_dags/example_bash_operator.py took 0.068 seconds
[2024-03-14T23:58:29.244+0000] {processor.py:161} INFO - Started process (PID=595) to work on /home/airflow/.local/lib/python3.8/site-packages/airflow/example_dags/example_bash_operator.py
[2024-03-14T23:58:29.245+0000] {processor.py:830} INFO - Processing file /home/airflow/.local/lib/python3.8/site-packages/airflow/example_dags/example_bash_operator.py for tasks to queue
[2024-03-14T23:58:29.246+0000] {logging_mixin.py:188} INFO - [2024-03-14T23:58:29.246+0000] {dagbag.py:540} INFO - Filling up the DagBag from /home/airflow/.local/lib/python3.8/site-packages/airflow/example_dags/example_bash_operator.py
[2024-03-14T23:58:29.255+0000] {processor.py:840} INFO - DAG(s) 'example_bash_operator' retrieved from /home/airflow/.local/lib/python3.8/site-packages/airflow/example_dags/example_bash_operator.py
[2024-03-14T23:58:29.278+0000] {logging_mixin.py:188} INFO - [2024-03-14T23:58:29.278+0000] {dag.py:3047} INFO - Sync 1 DAGs
[2024-03-14T23:58:29.296+0000] {logging_mixin.py:188} INFO - [2024-03-14T23:58:29.295+0000] {dag.py:3834} INFO - Setting next_dagrun for example_bash_operator to 2024-03-13 00:00:00+00:00, run_after=2024-03-14 00:00:00+00:00
[2024-03-14T23:58:29.309+0000] {processor.py:183} INFO - Processing /home/airflow/.local/lib/python3.8/site-packages/airflow/example_dags/example_bash_operator.py took 0.067 seconds
[2024-03-14T23:58:59.514+0000] {processor.py:161} INFO - Started process (PID=650) to work on /home/airflow/.local/lib/python3.8/site-packages/airflow/example_dags/example_bash_operator.py
[2024-03-14T23:58:59.515+0000] {processor.py:830} INFO - Processing file /home/airflow/.local/lib/python3.8/site-packages/airflow/example_dags/example_bash_operator.py for tasks to queue
[2024-03-14T23:58:59.516+0000] {logging_mixin.py:188} INFO - [2024-03-14T23:58:59.516+0000] {dagbag.py:540} INFO - Filling up the DagBag from /home/airflow/.local/lib/python3.8/site-packages/airflow/example_dags/example_bash_operator.py
[2024-03-14T23:58:59.524+0000] {processor.py:840} INFO - DAG(s) 'example_bash_operator' retrieved from /home/airflow/.local/lib/python3.8/site-packages/airflow/example_dags/example_bash_operator.py
[2024-03-14T23:58:59.548+0000] {logging_mixin.py:188} INFO - [2024-03-14T23:58:59.547+0000] {dag.py:3047} INFO - Sync 1 DAGs
[2024-03-14T23:58:59.567+0000] {logging_mixin.py:188} INFO - [2024-03-14T23:58:59.567+0000] {dag.py:3834} INFO - Setting next_dagrun for example_bash_operator to 2024-03-13 00:00:00+00:00, run_after=2024-03-14 00:00:00+00:00
[2024-03-14T23:58:59.582+0000] {processor.py:183} INFO - Processing /home/airflow/.local/lib/python3.8/site-packages/airflow/example_dags/example_bash_operator.py took 0.070 seconds
