[2024-03-14T23:53:25.981+0000] {processor.py:161} INFO - Started process (PID=59) to work on /home/airflow/.local/lib/python3.8/site-packages/airflow/example_dags/example_task_group_decorator.py
[2024-03-14T23:53:25.982+0000] {processor.py:830} INFO - Processing file /home/airflow/.local/lib/python3.8/site-packages/airflow/example_dags/example_task_group_decorator.py for tasks to queue
[2024-03-14T23:53:25.983+0000] {logging_mixin.py:188} INFO - [2024-03-14T23:53:25.982+0000] {dagbag.py:540} INFO - Filling up the DagBag from /home/airflow/.local/lib/python3.8/site-packages/airflow/example_dags/example_task_group_decorator.py
[2024-03-14T23:53:26.002+0000] {processor.py:840} INFO - DAG(s) 'example_task_group_decorator' retrieved from /home/airflow/.local/lib/python3.8/site-packages/airflow/example_dags/example_task_group_decorator.py
[2024-03-14T23:53:26.015+0000] {logging_mixin.py:188} INFO - [2024-03-14T23:53:26.015+0000] {dag.py:3047} INFO - Sync 1 DAGs
[2024-03-14T23:53:26.044+0000] {logging_mixin.py:188} INFO - [2024-03-14T23:53:26.044+0000] {dag.py:3834} INFO - Setting next_dagrun for example_task_group_decorator to 2024-03-13 00:00:00+00:00, run_after=2024-03-14 00:00:00+00:00
[2024-03-14T23:53:26.074+0000] {processor.py:183} INFO - Processing /home/airflow/.local/lib/python3.8/site-packages/airflow/example_dags/example_task_group_decorator.py took 0.096 seconds
[2024-03-14T23:53:56.808+0000] {processor.py:161} INFO - Started process (PID=114) to work on /home/airflow/.local/lib/python3.8/site-packages/airflow/example_dags/example_task_group_decorator.py
[2024-03-14T23:53:56.808+0000] {processor.py:830} INFO - Processing file /home/airflow/.local/lib/python3.8/site-packages/airflow/example_dags/example_task_group_decorator.py for tasks to queue
[2024-03-14T23:53:56.810+0000] {logging_mixin.py:188} INFO - [2024-03-14T23:53:56.809+0000] {dagbag.py:540} INFO - Filling up the DagBag from /home/airflow/.local/lib/python3.8/site-packages/airflow/example_dags/example_task_group_decorator.py
[2024-03-14T23:53:56.820+0000] {processor.py:840} INFO - DAG(s) 'example_task_group_decorator' retrieved from /home/airflow/.local/lib/python3.8/site-packages/airflow/example_dags/example_task_group_decorator.py
[2024-03-14T23:53:56.901+0000] {logging_mixin.py:188} INFO - [2024-03-14T23:53:56.901+0000] {dag.py:3047} INFO - Sync 1 DAGs
[2024-03-14T23:53:56.915+0000] {logging_mixin.py:188} INFO - [2024-03-14T23:53:56.914+0000] {dag.py:3834} INFO - Setting next_dagrun for example_task_group_decorator to 2024-03-13 00:00:00+00:00, run_after=2024-03-14 00:00:00+00:00
[2024-03-14T23:53:56.928+0000] {processor.py:183} INFO - Processing /home/airflow/.local/lib/python3.8/site-packages/airflow/example_dags/example_task_group_decorator.py took 0.123 seconds
[2024-03-14T23:54:27.489+0000] {processor.py:161} INFO - Started process (PID=169) to work on /home/airflow/.local/lib/python3.8/site-packages/airflow/example_dags/example_task_group_decorator.py
[2024-03-14T23:54:27.489+0000] {processor.py:830} INFO - Processing file /home/airflow/.local/lib/python3.8/site-packages/airflow/example_dags/example_task_group_decorator.py for tasks to queue
[2024-03-14T23:54:27.491+0000] {logging_mixin.py:188} INFO - [2024-03-14T23:54:27.490+0000] {dagbag.py:540} INFO - Filling up the DagBag from /home/airflow/.local/lib/python3.8/site-packages/airflow/example_dags/example_task_group_decorator.py
[2024-03-14T23:54:27.502+0000] {processor.py:840} INFO - DAG(s) 'example_task_group_decorator' retrieved from /home/airflow/.local/lib/python3.8/site-packages/airflow/example_dags/example_task_group_decorator.py
[2024-03-14T23:54:27.520+0000] {logging_mixin.py:188} INFO - [2024-03-14T23:54:27.520+0000] {dag.py:3047} INFO - Sync 1 DAGs
[2024-03-14T23:54:27.537+0000] {logging_mixin.py:188} INFO - [2024-03-14T23:54:27.536+0000] {dag.py:3834} INFO - Setting next_dagrun for example_task_group_decorator to 2024-03-13 00:00:00+00:00, run_after=2024-03-14 00:00:00+00:00
[2024-03-14T23:54:27.551+0000] {processor.py:183} INFO - Processing /home/airflow/.local/lib/python3.8/site-packages/airflow/example_dags/example_task_group_decorator.py took 0.064 seconds
[2024-03-14T23:54:58.532+0000] {processor.py:161} INFO - Started process (PID=224) to work on /home/airflow/.local/lib/python3.8/site-packages/airflow/example_dags/example_task_group_decorator.py
[2024-03-14T23:54:58.533+0000] {processor.py:830} INFO - Processing file /home/airflow/.local/lib/python3.8/site-packages/airflow/example_dags/example_task_group_decorator.py for tasks to queue
[2024-03-14T23:54:58.534+0000] {logging_mixin.py:188} INFO - [2024-03-14T23:54:58.534+0000] {dagbag.py:540} INFO - Filling up the DagBag from /home/airflow/.local/lib/python3.8/site-packages/airflow/example_dags/example_task_group_decorator.py
[2024-03-14T23:54:58.545+0000] {processor.py:840} INFO - DAG(s) 'example_task_group_decorator' retrieved from /home/airflow/.local/lib/python3.8/site-packages/airflow/example_dags/example_task_group_decorator.py
[2024-03-14T23:54:58.553+0000] {logging_mixin.py:188} INFO - [2024-03-14T23:54:58.553+0000] {dag.py:3047} INFO - Sync 1 DAGs
[2024-03-14T23:54:58.570+0000] {logging_mixin.py:188} INFO - [2024-03-14T23:54:58.570+0000] {dag.py:3834} INFO - Setting next_dagrun for example_task_group_decorator to 2024-03-13 00:00:00+00:00, run_after=2024-03-14 00:00:00+00:00
[2024-03-14T23:54:58.588+0000] {processor.py:183} INFO - Processing /home/airflow/.local/lib/python3.8/site-packages/airflow/example_dags/example_task_group_decorator.py took 0.058 seconds
[2024-03-14T23:55:29.576+0000] {processor.py:161} INFO - Started process (PID=279) to work on /home/airflow/.local/lib/python3.8/site-packages/airflow/example_dags/example_task_group_decorator.py
[2024-03-14T23:55:29.577+0000] {processor.py:830} INFO - Processing file /home/airflow/.local/lib/python3.8/site-packages/airflow/example_dags/example_task_group_decorator.py for tasks to queue
[2024-03-14T23:55:29.578+0000] {logging_mixin.py:188} INFO - [2024-03-14T23:55:29.578+0000] {dagbag.py:540} INFO - Filling up the DagBag from /home/airflow/.local/lib/python3.8/site-packages/airflow/example_dags/example_task_group_decorator.py
[2024-03-14T23:55:29.590+0000] {processor.py:840} INFO - DAG(s) 'example_task_group_decorator' retrieved from /home/airflow/.local/lib/python3.8/site-packages/airflow/example_dags/example_task_group_decorator.py
[2024-03-14T23:55:29.670+0000] {logging_mixin.py:188} INFO - [2024-03-14T23:55:29.670+0000] {dag.py:3047} INFO - Sync 1 DAGs
[2024-03-14T23:55:29.686+0000] {logging_mixin.py:188} INFO - [2024-03-14T23:55:29.686+0000] {dag.py:3834} INFO - Setting next_dagrun for example_task_group_decorator to 2024-03-13 00:00:00+00:00, run_after=2024-03-14 00:00:00+00:00
[2024-03-14T23:55:29.700+0000] {processor.py:183} INFO - Processing /home/airflow/.local/lib/python3.8/site-packages/airflow/example_dags/example_task_group_decorator.py took 0.126 seconds
[2024-03-14T23:56:00.230+0000] {processor.py:161} INFO - Started process (PID=334) to work on /home/airflow/.local/lib/python3.8/site-packages/airflow/example_dags/example_task_group_decorator.py
[2024-03-14T23:56:00.231+0000] {processor.py:830} INFO - Processing file /home/airflow/.local/lib/python3.8/site-packages/airflow/example_dags/example_task_group_decorator.py for tasks to queue
[2024-03-14T23:56:00.232+0000] {logging_mixin.py:188} INFO - [2024-03-14T23:56:00.232+0000] {dagbag.py:540} INFO - Filling up the DagBag from /home/airflow/.local/lib/python3.8/site-packages/airflow/example_dags/example_task_group_decorator.py
[2024-03-14T23:56:00.242+0000] {processor.py:840} INFO - DAG(s) 'example_task_group_decorator' retrieved from /home/airflow/.local/lib/python3.8/site-packages/airflow/example_dags/example_task_group_decorator.py
[2024-03-14T23:56:00.259+0000] {logging_mixin.py:188} INFO - [2024-03-14T23:56:00.259+0000] {dag.py:3047} INFO - Sync 1 DAGs
[2024-03-14T23:56:00.276+0000] {logging_mixin.py:188} INFO - [2024-03-14T23:56:00.275+0000] {dag.py:3834} INFO - Setting next_dagrun for example_task_group_decorator to 2024-03-13 00:00:00+00:00, run_after=2024-03-14 00:00:00+00:00
[2024-03-14T23:56:00.289+0000] {processor.py:183} INFO - Processing /home/airflow/.local/lib/python3.8/site-packages/airflow/example_dags/example_task_group_decorator.py took 0.060 seconds
[2024-03-14T23:56:30.324+0000] {processor.py:161} INFO - Started process (PID=389) to work on /home/airflow/.local/lib/python3.8/site-packages/airflow/example_dags/example_task_group_decorator.py
[2024-03-14T23:56:30.325+0000] {processor.py:830} INFO - Processing file /home/airflow/.local/lib/python3.8/site-packages/airflow/example_dags/example_task_group_decorator.py for tasks to queue
[2024-03-14T23:56:30.326+0000] {logging_mixin.py:188} INFO - [2024-03-14T23:56:30.326+0000] {dagbag.py:540} INFO - Filling up the DagBag from /home/airflow/.local/lib/python3.8/site-packages/airflow/example_dags/example_task_group_decorator.py
[2024-03-14T23:56:30.336+0000] {processor.py:840} INFO - DAG(s) 'example_task_group_decorator' retrieved from /home/airflow/.local/lib/python3.8/site-packages/airflow/example_dags/example_task_group_decorator.py
[2024-03-14T23:56:30.356+0000] {logging_mixin.py:188} INFO - [2024-03-14T23:56:30.356+0000] {dag.py:3047} INFO - Sync 1 DAGs
[2024-03-14T23:56:30.372+0000] {logging_mixin.py:188} INFO - [2024-03-14T23:56:30.372+0000] {dag.py:3834} INFO - Setting next_dagrun for example_task_group_decorator to 2024-03-13 00:00:00+00:00, run_after=2024-03-14 00:00:00+00:00
[2024-03-14T23:56:30.386+0000] {processor.py:183} INFO - Processing /home/airflow/.local/lib/python3.8/site-packages/airflow/example_dags/example_task_group_decorator.py took 0.064 seconds
[2024-03-14T23:57:01.348+0000] {processor.py:161} INFO - Started process (PID=444) to work on /home/airflow/.local/lib/python3.8/site-packages/airflow/example_dags/example_task_group_decorator.py
[2024-03-14T23:57:01.349+0000] {processor.py:830} INFO - Processing file /home/airflow/.local/lib/python3.8/site-packages/airflow/example_dags/example_task_group_decorator.py for tasks to queue
[2024-03-14T23:57:01.350+0000] {logging_mixin.py:188} INFO - [2024-03-14T23:57:01.350+0000] {dagbag.py:540} INFO - Filling up the DagBag from /home/airflow/.local/lib/python3.8/site-packages/airflow/example_dags/example_task_group_decorator.py
[2024-03-14T23:57:01.360+0000] {processor.py:840} INFO - DAG(s) 'example_task_group_decorator' retrieved from /home/airflow/.local/lib/python3.8/site-packages/airflow/example_dags/example_task_group_decorator.py
[2024-03-14T23:57:01.378+0000] {logging_mixin.py:188} INFO - [2024-03-14T23:57:01.378+0000] {dag.py:3047} INFO - Sync 1 DAGs
[2024-03-14T23:57:01.393+0000] {logging_mixin.py:188} INFO - [2024-03-14T23:57:01.392+0000] {dag.py:3834} INFO - Setting next_dagrun for example_task_group_decorator to 2024-03-13 00:00:00+00:00, run_after=2024-03-14 00:00:00+00:00
[2024-03-14T23:57:01.404+0000] {processor.py:183} INFO - Processing /home/airflow/.local/lib/python3.8/site-packages/airflow/example_dags/example_task_group_decorator.py took 0.058 seconds
[2024-03-14T23:57:31.467+0000] {processor.py:161} INFO - Started process (PID=499) to work on /home/airflow/.local/lib/python3.8/site-packages/airflow/example_dags/example_task_group_decorator.py
[2024-03-14T23:57:31.467+0000] {processor.py:830} INFO - Processing file /home/airflow/.local/lib/python3.8/site-packages/airflow/example_dags/example_task_group_decorator.py for tasks to queue
[2024-03-14T23:57:31.469+0000] {logging_mixin.py:188} INFO - [2024-03-14T23:57:31.468+0000] {dagbag.py:540} INFO - Filling up the DagBag from /home/airflow/.local/lib/python3.8/site-packages/airflow/example_dags/example_task_group_decorator.py
[2024-03-14T23:57:31.479+0000] {processor.py:840} INFO - DAG(s) 'example_task_group_decorator' retrieved from /home/airflow/.local/lib/python3.8/site-packages/airflow/example_dags/example_task_group_decorator.py
[2024-03-14T23:57:31.495+0000] {logging_mixin.py:188} INFO - [2024-03-14T23:57:31.495+0000] {dag.py:3047} INFO - Sync 1 DAGs
[2024-03-14T23:57:31.510+0000] {logging_mixin.py:188} INFO - [2024-03-14T23:57:31.510+0000] {dag.py:3834} INFO - Setting next_dagrun for example_task_group_decorator to 2024-03-13 00:00:00+00:00, run_after=2024-03-14 00:00:00+00:00
[2024-03-14T23:57:31.523+0000] {processor.py:183} INFO - Processing /home/airflow/.local/lib/python3.8/site-packages/airflow/example_dags/example_task_group_decorator.py took 0.058 seconds
[2024-03-14T23:58:01.751+0000] {processor.py:161} INFO - Started process (PID=554) to work on /home/airflow/.local/lib/python3.8/site-packages/airflow/example_dags/example_task_group_decorator.py
[2024-03-14T23:58:01.751+0000] {processor.py:830} INFO - Processing file /home/airflow/.local/lib/python3.8/site-packages/airflow/example_dags/example_task_group_decorator.py for tasks to queue
[2024-03-14T23:58:01.752+0000] {logging_mixin.py:188} INFO - [2024-03-14T23:58:01.752+0000] {dagbag.py:540} INFO - Filling up the DagBag from /home/airflow/.local/lib/python3.8/site-packages/airflow/example_dags/example_task_group_decorator.py
[2024-03-14T23:58:01.764+0000] {processor.py:840} INFO - DAG(s) 'example_task_group_decorator' retrieved from /home/airflow/.local/lib/python3.8/site-packages/airflow/example_dags/example_task_group_decorator.py
[2024-03-14T23:58:01.783+0000] {logging_mixin.py:188} INFO - [2024-03-14T23:58:01.783+0000] {dag.py:3047} INFO - Sync 1 DAGs
[2024-03-14T23:58:01.801+0000] {logging_mixin.py:188} INFO - [2024-03-14T23:58:01.800+0000] {dag.py:3834} INFO - Setting next_dagrun for example_task_group_decorator to 2024-03-13 00:00:00+00:00, run_after=2024-03-14 00:00:00+00:00
[2024-03-14T23:58:01.815+0000] {processor.py:183} INFO - Processing /home/airflow/.local/lib/python3.8/site-packages/airflow/example_dags/example_task_group_decorator.py took 0.066 seconds
[2024-03-14T23:58:31.935+0000] {processor.py:161} INFO - Started process (PID=610) to work on /home/airflow/.local/lib/python3.8/site-packages/airflow/example_dags/example_task_group_decorator.py
[2024-03-14T23:58:31.936+0000] {processor.py:830} INFO - Processing file /home/airflow/.local/lib/python3.8/site-packages/airflow/example_dags/example_task_group_decorator.py for tasks to queue
[2024-03-14T23:58:31.937+0000] {logging_mixin.py:188} INFO - [2024-03-14T23:58:31.936+0000] {dagbag.py:540} INFO - Filling up the DagBag from /home/airflow/.local/lib/python3.8/site-packages/airflow/example_dags/example_task_group_decorator.py
[2024-03-14T23:58:31.948+0000] {processor.py:840} INFO - DAG(s) 'example_task_group_decorator' retrieved from /home/airflow/.local/lib/python3.8/site-packages/airflow/example_dags/example_task_group_decorator.py
[2024-03-14T23:58:31.967+0000] {logging_mixin.py:188} INFO - [2024-03-14T23:58:31.966+0000] {dag.py:3047} INFO - Sync 1 DAGs
[2024-03-14T23:58:31.982+0000] {logging_mixin.py:188} INFO - [2024-03-14T23:58:31.982+0000] {dag.py:3834} INFO - Setting next_dagrun for example_task_group_decorator to 2024-03-13 00:00:00+00:00, run_after=2024-03-14 00:00:00+00:00
[2024-03-14T23:58:31.995+0000] {processor.py:183} INFO - Processing /home/airflow/.local/lib/python3.8/site-packages/airflow/example_dags/example_task_group_decorator.py took 0.063 seconds
[2024-03-14T23:59:02.098+0000] {processor.py:161} INFO - Started process (PID=666) to work on /home/airflow/.local/lib/python3.8/site-packages/airflow/example_dags/example_task_group_decorator.py
[2024-03-14T23:59:02.099+0000] {processor.py:830} INFO - Processing file /home/airflow/.local/lib/python3.8/site-packages/airflow/example_dags/example_task_group_decorator.py for tasks to queue
[2024-03-14T23:59:02.100+0000] {logging_mixin.py:188} INFO - [2024-03-14T23:59:02.100+0000] {dagbag.py:540} INFO - Filling up the DagBag from /home/airflow/.local/lib/python3.8/site-packages/airflow/example_dags/example_task_group_decorator.py
[2024-03-14T23:59:02.110+0000] {processor.py:840} INFO - DAG(s) 'example_task_group_decorator' retrieved from /home/airflow/.local/lib/python3.8/site-packages/airflow/example_dags/example_task_group_decorator.py
[2024-03-14T23:59:02.129+0000] {logging_mixin.py:188} INFO - [2024-03-14T23:59:02.129+0000] {dag.py:3047} INFO - Sync 1 DAGs
[2024-03-14T23:59:02.149+0000] {logging_mixin.py:188} INFO - [2024-03-14T23:59:02.149+0000] {dag.py:3834} INFO - Setting next_dagrun for example_task_group_decorator to 2024-03-13 00:00:00+00:00, run_after=2024-03-14 00:00:00+00:00
[2024-03-14T23:59:02.163+0000] {processor.py:183} INFO - Processing /home/airflow/.local/lib/python3.8/site-packages/airflow/example_dags/example_task_group_decorator.py took 0.067 seconds
