[2024-03-14T23:53:26.144+0000] {processor.py:161} INFO - Started process (PID=62) to work on /home/airflow/.local/lib/python3.8/site-packages/airflow/example_dags/example_branch_python_dop_operator_3.py
[2024-03-14T23:53:26.144+0000] {processor.py:830} INFO - Processing file /home/airflow/.local/lib/python3.8/site-packages/airflow/example_dags/example_branch_python_dop_operator_3.py for tasks to queue
[2024-03-14T23:53:26.145+0000] {logging_mixin.py:188} INFO - [2024-03-14T23:53:26.145+0000] {dagbag.py:540} INFO - Filling up the DagBag from /home/airflow/.local/lib/python3.8/site-packages/airflow/example_dags/example_branch_python_dop_operator_3.py
[2024-03-14T23:53:26.154+0000] {processor.py:840} INFO - DAG(s) 'example_branch_dop_operator_v3' retrieved from /home/airflow/.local/lib/python3.8/site-packages/airflow/example_dags/example_branch_python_dop_operator_3.py
[2024-03-14T23:53:26.164+0000] {logging_mixin.py:188} INFO - [2024-03-14T23:53:26.164+0000] {dag.py:3047} INFO - Sync 1 DAGs
[2024-03-14T23:53:26.191+0000] {logging_mixin.py:188} INFO - [2024-03-14T23:53:26.190+0000] {dag.py:3834} INFO - Setting next_dagrun for example_branch_dop_operator_v3 to 2024-03-14 23:52:00+00:00, run_after=2024-03-14 23:53:00+00:00
[2024-03-14T23:53:26.206+0000] {processor.py:183} INFO - Processing /home/airflow/.local/lib/python3.8/site-packages/airflow/example_dags/example_branch_python_dop_operator_3.py took 0.064 seconds
[2024-03-14T23:53:57.086+0000] {processor.py:161} INFO - Started process (PID=117) to work on /home/airflow/.local/lib/python3.8/site-packages/airflow/example_dags/example_branch_python_dop_operator_3.py
[2024-03-14T23:53:57.086+0000] {processor.py:830} INFO - Processing file /home/airflow/.local/lib/python3.8/site-packages/airflow/example_dags/example_branch_python_dop_operator_3.py for tasks to queue
[2024-03-14T23:53:57.088+0000] {logging_mixin.py:188} INFO - [2024-03-14T23:53:57.087+0000] {dagbag.py:540} INFO - Filling up the DagBag from /home/airflow/.local/lib/python3.8/site-packages/airflow/example_dags/example_branch_python_dop_operator_3.py
[2024-03-14T23:53:57.094+0000] {processor.py:840} INFO - DAG(s) 'example_branch_dop_operator_v3' retrieved from /home/airflow/.local/lib/python3.8/site-packages/airflow/example_dags/example_branch_python_dop_operator_3.py
[2024-03-14T23:53:57.171+0000] {logging_mixin.py:188} INFO - [2024-03-14T23:53:57.171+0000] {dag.py:3047} INFO - Sync 1 DAGs
[2024-03-14T23:53:57.190+0000] {logging_mixin.py:188} INFO - [2024-03-14T23:53:57.190+0000] {dag.py:3834} INFO - Setting next_dagrun for example_branch_dop_operator_v3 to 2024-03-14 23:52:00+00:00, run_after=2024-03-14 23:53:00+00:00
[2024-03-14T23:53:57.203+0000] {processor.py:183} INFO - Processing /home/airflow/.local/lib/python3.8/site-packages/airflow/example_dags/example_branch_python_dop_operator_3.py took 0.120 seconds
[2024-03-14T23:54:27.651+0000] {processor.py:161} INFO - Started process (PID=173) to work on /home/airflow/.local/lib/python3.8/site-packages/airflow/example_dags/example_branch_python_dop_operator_3.py
[2024-03-14T23:54:27.652+0000] {processor.py:830} INFO - Processing file /home/airflow/.local/lib/python3.8/site-packages/airflow/example_dags/example_branch_python_dop_operator_3.py for tasks to queue
[2024-03-14T23:54:27.653+0000] {logging_mixin.py:188} INFO - [2024-03-14T23:54:27.653+0000] {dagbag.py:540} INFO - Filling up the DagBag from /home/airflow/.local/lib/python3.8/site-packages/airflow/example_dags/example_branch_python_dop_operator_3.py
[2024-03-14T23:54:27.659+0000] {processor.py:840} INFO - DAG(s) 'example_branch_dop_operator_v3' retrieved from /home/airflow/.local/lib/python3.8/site-packages/airflow/example_dags/example_branch_python_dop_operator_3.py
[2024-03-14T23:54:27.673+0000] {logging_mixin.py:188} INFO - [2024-03-14T23:54:27.673+0000] {dag.py:3047} INFO - Sync 1 DAGs
[2024-03-14T23:54:27.693+0000] {logging_mixin.py:188} INFO - [2024-03-14T23:54:27.693+0000] {dag.py:3834} INFO - Setting next_dagrun for example_branch_dop_operator_v3 to 2024-03-14 23:53:00+00:00, run_after=2024-03-14 23:54:00+00:00
[2024-03-14T23:54:27.707+0000] {processor.py:183} INFO - Processing /home/airflow/.local/lib/python3.8/site-packages/airflow/example_dags/example_branch_python_dop_operator_3.py took 0.058 seconds
[2024-03-14T23:54:58.674+0000] {processor.py:161} INFO - Started process (PID=227) to work on /home/airflow/.local/lib/python3.8/site-packages/airflow/example_dags/example_branch_python_dop_operator_3.py
[2024-03-14T23:54:58.675+0000] {processor.py:830} INFO - Processing file /home/airflow/.local/lib/python3.8/site-packages/airflow/example_dags/example_branch_python_dop_operator_3.py for tasks to queue
[2024-03-14T23:54:58.677+0000] {logging_mixin.py:188} INFO - [2024-03-14T23:54:58.676+0000] {dagbag.py:540} INFO - Filling up the DagBag from /home/airflow/.local/lib/python3.8/site-packages/airflow/example_dags/example_branch_python_dop_operator_3.py
[2024-03-14T23:54:58.682+0000] {processor.py:840} INFO - DAG(s) 'example_branch_dop_operator_v3' retrieved from /home/airflow/.local/lib/python3.8/site-packages/airflow/example_dags/example_branch_python_dop_operator_3.py
[2024-03-14T23:54:58.692+0000] {logging_mixin.py:188} INFO - [2024-03-14T23:54:58.692+0000] {dag.py:3047} INFO - Sync 1 DAGs
[2024-03-14T23:54:58.716+0000] {logging_mixin.py:188} INFO - [2024-03-14T23:54:58.716+0000] {dag.py:3834} INFO - Setting next_dagrun for example_branch_dop_operator_v3 to 2024-03-14 23:53:00+00:00, run_after=2024-03-14 23:54:00+00:00
[2024-03-14T23:54:58.731+0000] {processor.py:183} INFO - Processing /home/airflow/.local/lib/python3.8/site-packages/airflow/example_dags/example_branch_python_dop_operator_3.py took 0.060 seconds
[2024-03-14T23:55:29.838+0000] {processor.py:161} INFO - Started process (PID=282) to work on /home/airflow/.local/lib/python3.8/site-packages/airflow/example_dags/example_branch_python_dop_operator_3.py
[2024-03-14T23:55:29.838+0000] {processor.py:830} INFO - Processing file /home/airflow/.local/lib/python3.8/site-packages/airflow/example_dags/example_branch_python_dop_operator_3.py for tasks to queue
[2024-03-14T23:55:29.840+0000] {logging_mixin.py:188} INFO - [2024-03-14T23:55:29.839+0000] {dagbag.py:540} INFO - Filling up the DagBag from /home/airflow/.local/lib/python3.8/site-packages/airflow/example_dags/example_branch_python_dop_operator_3.py
[2024-03-14T23:55:29.845+0000] {processor.py:840} INFO - DAG(s) 'example_branch_dop_operator_v3' retrieved from /home/airflow/.local/lib/python3.8/site-packages/airflow/example_dags/example_branch_python_dop_operator_3.py
[2024-03-14T23:55:29.919+0000] {logging_mixin.py:188} INFO - [2024-03-14T23:55:29.919+0000] {dag.py:3047} INFO - Sync 1 DAGs
[2024-03-14T23:55:29.941+0000] {logging_mixin.py:188} INFO - [2024-03-14T23:55:29.940+0000] {dag.py:3834} INFO - Setting next_dagrun for example_branch_dop_operator_v3 to 2024-03-14 23:54:00+00:00, run_after=2024-03-14 23:55:00+00:00
[2024-03-14T23:55:29.954+0000] {processor.py:183} INFO - Processing /home/airflow/.local/lib/python3.8/site-packages/airflow/example_dags/example_branch_python_dop_operator_3.py took 0.119 seconds
[2024-03-14T23:56:00.373+0000] {processor.py:161} INFO - Started process (PID=337) to work on /home/airflow/.local/lib/python3.8/site-packages/airflow/example_dags/example_branch_python_dop_operator_3.py
[2024-03-14T23:56:00.373+0000] {processor.py:830} INFO - Processing file /home/airflow/.local/lib/python3.8/site-packages/airflow/example_dags/example_branch_python_dop_operator_3.py for tasks to queue
[2024-03-14T23:56:00.374+0000] {logging_mixin.py:188} INFO - [2024-03-14T23:56:00.374+0000] {dagbag.py:540} INFO - Filling up the DagBag from /home/airflow/.local/lib/python3.8/site-packages/airflow/example_dags/example_branch_python_dop_operator_3.py
[2024-03-14T23:56:00.381+0000] {processor.py:840} INFO - DAG(s) 'example_branch_dop_operator_v3' retrieved from /home/airflow/.local/lib/python3.8/site-packages/airflow/example_dags/example_branch_python_dop_operator_3.py
[2024-03-14T23:56:00.394+0000] {logging_mixin.py:188} INFO - [2024-03-14T23:56:00.394+0000] {dag.py:3047} INFO - Sync 1 DAGs
[2024-03-14T23:56:00.415+0000] {logging_mixin.py:188} INFO - [2024-03-14T23:56:00.415+0000] {dag.py:3834} INFO - Setting next_dagrun for example_branch_dop_operator_v3 to 2024-03-14 23:55:00+00:00, run_after=2024-03-14 23:56:00+00:00
[2024-03-14T23:56:00.430+0000] {processor.py:183} INFO - Processing /home/airflow/.local/lib/python3.8/site-packages/airflow/example_dags/example_branch_python_dop_operator_3.py took 0.059 seconds
[2024-03-14T23:56:30.484+0000] {processor.py:161} INFO - Started process (PID=392) to work on /home/airflow/.local/lib/python3.8/site-packages/airflow/example_dags/example_branch_python_dop_operator_3.py
[2024-03-14T23:56:30.484+0000] {processor.py:830} INFO - Processing file /home/airflow/.local/lib/python3.8/site-packages/airflow/example_dags/example_branch_python_dop_operator_3.py for tasks to queue
[2024-03-14T23:56:30.486+0000] {logging_mixin.py:188} INFO - [2024-03-14T23:56:30.485+0000] {dagbag.py:540} INFO - Filling up the DagBag from /home/airflow/.local/lib/python3.8/site-packages/airflow/example_dags/example_branch_python_dop_operator_3.py
[2024-03-14T23:56:30.492+0000] {processor.py:840} INFO - DAG(s) 'example_branch_dop_operator_v3' retrieved from /home/airflow/.local/lib/python3.8/site-packages/airflow/example_dags/example_branch_python_dop_operator_3.py
[2024-03-14T23:56:30.505+0000] {logging_mixin.py:188} INFO - [2024-03-14T23:56:30.505+0000] {dag.py:3047} INFO - Sync 1 DAGs
[2024-03-14T23:56:30.524+0000] {logging_mixin.py:188} INFO - [2024-03-14T23:56:30.523+0000] {dag.py:3834} INFO - Setting next_dagrun for example_branch_dop_operator_v3 to 2024-03-14 23:55:00+00:00, run_after=2024-03-14 23:56:00+00:00
[2024-03-14T23:56:30.536+0000] {processor.py:183} INFO - Processing /home/airflow/.local/lib/python3.8/site-packages/airflow/example_dags/example_branch_python_dop_operator_3.py took 0.055 seconds
[2024-03-14T23:57:01.485+0000] {processor.py:161} INFO - Started process (PID=447) to work on /home/airflow/.local/lib/python3.8/site-packages/airflow/example_dags/example_branch_python_dop_operator_3.py
[2024-03-14T23:57:01.486+0000] {processor.py:830} INFO - Processing file /home/airflow/.local/lib/python3.8/site-packages/airflow/example_dags/example_branch_python_dop_operator_3.py for tasks to queue
[2024-03-14T23:57:01.487+0000] {logging_mixin.py:188} INFO - [2024-03-14T23:57:01.487+0000] {dagbag.py:540} INFO - Filling up the DagBag from /home/airflow/.local/lib/python3.8/site-packages/airflow/example_dags/example_branch_python_dop_operator_3.py
[2024-03-14T23:57:01.494+0000] {processor.py:840} INFO - DAG(s) 'example_branch_dop_operator_v3' retrieved from /home/airflow/.local/lib/python3.8/site-packages/airflow/example_dags/example_branch_python_dop_operator_3.py
[2024-03-14T23:57:01.507+0000] {logging_mixin.py:188} INFO - [2024-03-14T23:57:01.507+0000] {dag.py:3047} INFO - Sync 1 DAGs
[2024-03-14T23:57:01.526+0000] {logging_mixin.py:188} INFO - [2024-03-14T23:57:01.525+0000] {dag.py:3834} INFO - Setting next_dagrun for example_branch_dop_operator_v3 to 2024-03-14 23:56:00+00:00, run_after=2024-03-14 23:57:00+00:00
[2024-03-14T23:57:01.538+0000] {processor.py:183} INFO - Processing /home/airflow/.local/lib/python3.8/site-packages/airflow/example_dags/example_branch_python_dop_operator_3.py took 0.055 seconds
[2024-03-14T23:57:31.605+0000] {processor.py:161} INFO - Started process (PID=502) to work on /home/airflow/.local/lib/python3.8/site-packages/airflow/example_dags/example_branch_python_dop_operator_3.py
[2024-03-14T23:57:31.606+0000] {processor.py:830} INFO - Processing file /home/airflow/.local/lib/python3.8/site-packages/airflow/example_dags/example_branch_python_dop_operator_3.py for tasks to queue
[2024-03-14T23:57:31.607+0000] {logging_mixin.py:188} INFO - [2024-03-14T23:57:31.607+0000] {dagbag.py:540} INFO - Filling up the DagBag from /home/airflow/.local/lib/python3.8/site-packages/airflow/example_dags/example_branch_python_dop_operator_3.py
[2024-03-14T23:57:31.613+0000] {processor.py:840} INFO - DAG(s) 'example_branch_dop_operator_v3' retrieved from /home/airflow/.local/lib/python3.8/site-packages/airflow/example_dags/example_branch_python_dop_operator_3.py
[2024-03-14T23:57:31.626+0000] {logging_mixin.py:188} INFO - [2024-03-14T23:57:31.625+0000] {dag.py:3047} INFO - Sync 1 DAGs
[2024-03-14T23:57:31.646+0000] {logging_mixin.py:188} INFO - [2024-03-14T23:57:31.646+0000] {dag.py:3834} INFO - Setting next_dagrun for example_branch_dop_operator_v3 to 2024-03-14 23:56:00+00:00, run_after=2024-03-14 23:57:00+00:00
[2024-03-14T23:57:31.659+0000] {processor.py:183} INFO - Processing /home/airflow/.local/lib/python3.8/site-packages/airflow/example_dags/example_branch_python_dop_operator_3.py took 0.056 seconds
[2024-03-14T23:58:01.834+0000] {processor.py:161} INFO - Started process (PID=557) to work on /home/airflow/.local/lib/python3.8/site-packages/airflow/example_dags/example_branch_python_dop_operator_3.py
[2024-03-14T23:58:01.834+0000] {processor.py:830} INFO - Processing file /home/airflow/.local/lib/python3.8/site-packages/airflow/example_dags/example_branch_python_dop_operator_3.py for tasks to queue
[2024-03-14T23:58:01.835+0000] {logging_mixin.py:188} INFO - [2024-03-14T23:58:01.835+0000] {dagbag.py:540} INFO - Filling up the DagBag from /home/airflow/.local/lib/python3.8/site-packages/airflow/example_dags/example_branch_python_dop_operator_3.py
[2024-03-14T23:58:01.841+0000] {processor.py:840} INFO - DAG(s) 'example_branch_dop_operator_v3' retrieved from /home/airflow/.local/lib/python3.8/site-packages/airflow/example_dags/example_branch_python_dop_operator_3.py
[2024-03-14T23:58:01.856+0000] {logging_mixin.py:188} INFO - [2024-03-14T23:58:01.856+0000] {dag.py:3047} INFO - Sync 1 DAGs
[2024-03-14T23:58:01.878+0000] {logging_mixin.py:188} INFO - [2024-03-14T23:58:01.877+0000] {dag.py:3834} INFO - Setting next_dagrun for example_branch_dop_operator_v3 to 2024-03-14 23:57:00+00:00, run_after=2024-03-14 23:58:00+00:00
[2024-03-14T23:58:01.892+0000] {processor.py:183} INFO - Processing /home/airflow/.local/lib/python3.8/site-packages/airflow/example_dags/example_branch_python_dop_operator_3.py took 0.061 seconds
[2024-03-14T23:58:32.096+0000] {processor.py:161} INFO - Started process (PID=613) to work on /home/airflow/.local/lib/python3.8/site-packages/airflow/example_dags/example_branch_python_dop_operator_3.py
[2024-03-14T23:58:32.097+0000] {processor.py:830} INFO - Processing file /home/airflow/.local/lib/python3.8/site-packages/airflow/example_dags/example_branch_python_dop_operator_3.py for tasks to queue
[2024-03-14T23:58:32.098+0000] {logging_mixin.py:188} INFO - [2024-03-14T23:58:32.098+0000] {dagbag.py:540} INFO - Filling up the DagBag from /home/airflow/.local/lib/python3.8/site-packages/airflow/example_dags/example_branch_python_dop_operator_3.py
[2024-03-14T23:58:32.104+0000] {processor.py:840} INFO - DAG(s) 'example_branch_dop_operator_v3' retrieved from /home/airflow/.local/lib/python3.8/site-packages/airflow/example_dags/example_branch_python_dop_operator_3.py
[2024-03-14T23:58:32.120+0000] {logging_mixin.py:188} INFO - [2024-03-14T23:58:32.120+0000] {dag.py:3047} INFO - Sync 1 DAGs
[2024-03-14T23:58:32.140+0000] {logging_mixin.py:188} INFO - [2024-03-14T23:58:32.140+0000] {dag.py:3834} INFO - Setting next_dagrun for example_branch_dop_operator_v3 to 2024-03-14 23:57:00+00:00, run_after=2024-03-14 23:58:00+00:00
[2024-03-14T23:58:32.154+0000] {processor.py:183} INFO - Processing /home/airflow/.local/lib/python3.8/site-packages/airflow/example_dags/example_branch_python_dop_operator_3.py took 0.060 seconds
[2024-03-14T23:59:02.180+0000] {processor.py:161} INFO - Started process (PID=668) to work on /home/airflow/.local/lib/python3.8/site-packages/airflow/example_dags/example_branch_python_dop_operator_3.py
[2024-03-14T23:59:02.181+0000] {processor.py:830} INFO - Processing file /home/airflow/.local/lib/python3.8/site-packages/airflow/example_dags/example_branch_python_dop_operator_3.py for tasks to queue
[2024-03-14T23:59:02.182+0000] {logging_mixin.py:188} INFO - [2024-03-14T23:59:02.182+0000] {dagbag.py:540} INFO - Filling up the DagBag from /home/airflow/.local/lib/python3.8/site-packages/airflow/example_dags/example_branch_python_dop_operator_3.py
[2024-03-14T23:59:02.188+0000] {processor.py:840} INFO - DAG(s) 'example_branch_dop_operator_v3' retrieved from /home/airflow/.local/lib/python3.8/site-packages/airflow/example_dags/example_branch_python_dop_operator_3.py
[2024-03-14T23:59:02.204+0000] {logging_mixin.py:188} INFO - [2024-03-14T23:59:02.204+0000] {dag.py:3047} INFO - Sync 1 DAGs
[2024-03-14T23:59:02.230+0000] {logging_mixin.py:188} INFO - [2024-03-14T23:59:02.230+0000] {dag.py:3834} INFO - Setting next_dagrun for example_branch_dop_operator_v3 to 2024-03-14 23:58:00+00:00, run_after=2024-03-14 23:59:00+00:00
[2024-03-14T23:59:02.246+0000] {processor.py:183} INFO - Processing /home/airflow/.local/lib/python3.8/site-packages/airflow/example_dags/example_branch_python_dop_operator_3.py took 0.068 seconds
