[2024-03-14T23:53:25.689+0000] {processor.py:161} INFO - Started process (PID=52) to work on /home/airflow/.local/lib/python3.8/site-packages/airflow/example_dags/example_latest_only_with_trigger.py
[2024-03-14T23:53:25.690+0000] {processor.py:830} INFO - Processing file /home/airflow/.local/lib/python3.8/site-packages/airflow/example_dags/example_latest_only_with_trigger.py for tasks to queue
[2024-03-14T23:53:25.692+0000] {logging_mixin.py:188} INFO - [2024-03-14T23:53:25.691+0000] {dagbag.py:540} INFO - Filling up the DagBag from /home/airflow/.local/lib/python3.8/site-packages/airflow/example_dags/example_latest_only_with_trigger.py
[2024-03-14T23:53:25.703+0000] {processor.py:840} INFO - DAG(s) 'latest_only_with_trigger' retrieved from /home/airflow/.local/lib/python3.8/site-packages/airflow/example_dags/example_latest_only_with_trigger.py
[2024-03-14T23:53:25.715+0000] {logging_mixin.py:188} INFO - [2024-03-14T23:53:25.715+0000] {dag.py:3047} INFO - Sync 1 DAGs
[2024-03-14T23:53:25.741+0000] {logging_mixin.py:188} INFO - [2024-03-14T23:53:25.740+0000] {dag.py:3834} INFO - Setting next_dagrun for latest_only_with_trigger to 2024-03-14 16:00:00+00:00, run_after=2024-03-14 20:00:00+00:00
[2024-03-14T23:53:25.758+0000] {processor.py:183} INFO - Processing /home/airflow/.local/lib/python3.8/site-packages/airflow/example_dags/example_latest_only_with_trigger.py took 0.072 seconds
[2024-03-14T23:53:56.203+0000] {processor.py:161} INFO - Started process (PID=107) to work on /home/airflow/.local/lib/python3.8/site-packages/airflow/example_dags/example_latest_only_with_trigger.py
[2024-03-14T23:53:56.204+0000] {processor.py:830} INFO - Processing file /home/airflow/.local/lib/python3.8/site-packages/airflow/example_dags/example_latest_only_with_trigger.py for tasks to queue
[2024-03-14T23:53:56.205+0000] {logging_mixin.py:188} INFO - [2024-03-14T23:53:56.205+0000] {dagbag.py:540} INFO - Filling up the DagBag from /home/airflow/.local/lib/python3.8/site-packages/airflow/example_dags/example_latest_only_with_trigger.py
[2024-03-14T23:53:56.210+0000] {processor.py:840} INFO - DAG(s) 'latest_only_with_trigger' retrieved from /home/airflow/.local/lib/python3.8/site-packages/airflow/example_dags/example_latest_only_with_trigger.py
[2024-03-14T23:53:56.285+0000] {logging_mixin.py:188} INFO - [2024-03-14T23:53:56.284+0000] {dag.py:3047} INFO - Sync 1 DAGs
[2024-03-14T23:53:56.299+0000] {logging_mixin.py:188} INFO - [2024-03-14T23:53:56.299+0000] {dag.py:3834} INFO - Setting next_dagrun for latest_only_with_trigger to 2024-03-14 16:00:00+00:00, run_after=2024-03-14 20:00:00+00:00
[2024-03-14T23:53:56.312+0000] {processor.py:183} INFO - Processing /home/airflow/.local/lib/python3.8/site-packages/airflow/example_dags/example_latest_only_with_trigger.py took 0.111 seconds
[2024-03-14T23:54:27.222+0000] {processor.py:161} INFO - Started process (PID=162) to work on /home/airflow/.local/lib/python3.8/site-packages/airflow/example_dags/example_latest_only_with_trigger.py
[2024-03-14T23:54:27.223+0000] {processor.py:830} INFO - Processing file /home/airflow/.local/lib/python3.8/site-packages/airflow/example_dags/example_latest_only_with_trigger.py for tasks to queue
[2024-03-14T23:54:27.224+0000] {logging_mixin.py:188} INFO - [2024-03-14T23:54:27.224+0000] {dagbag.py:540} INFO - Filling up the DagBag from /home/airflow/.local/lib/python3.8/site-packages/airflow/example_dags/example_latest_only_with_trigger.py
[2024-03-14T23:54:27.228+0000] {processor.py:840} INFO - DAG(s) 'latest_only_with_trigger' retrieved from /home/airflow/.local/lib/python3.8/site-packages/airflow/example_dags/example_latest_only_with_trigger.py
[2024-03-14T23:54:27.243+0000] {logging_mixin.py:188} INFO - [2024-03-14T23:54:27.243+0000] {dag.py:3047} INFO - Sync 1 DAGs
[2024-03-14T23:54:27.261+0000] {logging_mixin.py:188} INFO - [2024-03-14T23:54:27.261+0000] {dag.py:3834} INFO - Setting next_dagrun for latest_only_with_trigger to 2024-03-14 16:00:00+00:00, run_after=2024-03-14 20:00:00+00:00
[2024-03-14T23:54:27.276+0000] {processor.py:183} INFO - Processing /home/airflow/.local/lib/python3.8/site-packages/airflow/example_dags/example_latest_only_with_trigger.py took 0.056 seconds
[2024-03-14T23:54:58.223+0000] {processor.py:161} INFO - Started process (PID=217) to work on /home/airflow/.local/lib/python3.8/site-packages/airflow/example_dags/example_latest_only_with_trigger.py
[2024-03-14T23:54:58.224+0000] {processor.py:830} INFO - Processing file /home/airflow/.local/lib/python3.8/site-packages/airflow/example_dags/example_latest_only_with_trigger.py for tasks to queue
[2024-03-14T23:54:58.225+0000] {logging_mixin.py:188} INFO - [2024-03-14T23:54:58.225+0000] {dagbag.py:540} INFO - Filling up the DagBag from /home/airflow/.local/lib/python3.8/site-packages/airflow/example_dags/example_latest_only_with_trigger.py
[2024-03-14T23:54:58.229+0000] {processor.py:840} INFO - DAG(s) 'latest_only_with_trigger' retrieved from /home/airflow/.local/lib/python3.8/site-packages/airflow/example_dags/example_latest_only_with_trigger.py
[2024-03-14T23:54:58.237+0000] {logging_mixin.py:188} INFO - [2024-03-14T23:54:58.237+0000] {dag.py:3047} INFO - Sync 1 DAGs
[2024-03-14T23:54:58.254+0000] {logging_mixin.py:188} INFO - [2024-03-14T23:54:58.254+0000] {dag.py:3834} INFO - Setting next_dagrun for latest_only_with_trigger to 2024-03-14 16:00:00+00:00, run_after=2024-03-14 20:00:00+00:00
[2024-03-14T23:54:58.269+0000] {processor.py:183} INFO - Processing /home/airflow/.local/lib/python3.8/site-packages/airflow/example_dags/example_latest_only_with_trigger.py took 0.049 seconds
[2024-03-14T23:55:28.899+0000] {processor.py:161} INFO - Started process (PID=272) to work on /home/airflow/.local/lib/python3.8/site-packages/airflow/example_dags/example_latest_only_with_trigger.py
[2024-03-14T23:55:28.900+0000] {processor.py:830} INFO - Processing file /home/airflow/.local/lib/python3.8/site-packages/airflow/example_dags/example_latest_only_with_trigger.py for tasks to queue
[2024-03-14T23:55:28.901+0000] {logging_mixin.py:188} INFO - [2024-03-14T23:55:28.901+0000] {dagbag.py:540} INFO - Filling up the DagBag from /home/airflow/.local/lib/python3.8/site-packages/airflow/example_dags/example_latest_only_with_trigger.py
[2024-03-14T23:55:28.906+0000] {processor.py:840} INFO - DAG(s) 'latest_only_with_trigger' retrieved from /home/airflow/.local/lib/python3.8/site-packages/airflow/example_dags/example_latest_only_with_trigger.py
[2024-03-14T23:55:28.991+0000] {logging_mixin.py:188} INFO - [2024-03-14T23:55:28.991+0000] {dag.py:3047} INFO - Sync 1 DAGs
[2024-03-14T23:55:29.012+0000] {logging_mixin.py:188} INFO - [2024-03-14T23:55:29.012+0000] {dag.py:3834} INFO - Setting next_dagrun for latest_only_with_trigger to 2024-03-14 16:00:00+00:00, run_after=2024-03-14 20:00:00+00:00
[2024-03-14T23:55:29.028+0000] {processor.py:183} INFO - Processing /home/airflow/.local/lib/python3.8/site-packages/airflow/example_dags/example_latest_only_with_trigger.py took 0.131 seconds
[2024-03-14T23:55:59.977+0000] {processor.py:161} INFO - Started process (PID=327) to work on /home/airflow/.local/lib/python3.8/site-packages/airflow/example_dags/example_latest_only_with_trigger.py
[2024-03-14T23:55:59.977+0000] {processor.py:830} INFO - Processing file /home/airflow/.local/lib/python3.8/site-packages/airflow/example_dags/example_latest_only_with_trigger.py for tasks to queue
[2024-03-14T23:55:59.978+0000] {logging_mixin.py:188} INFO - [2024-03-14T23:55:59.978+0000] {dagbag.py:540} INFO - Filling up the DagBag from /home/airflow/.local/lib/python3.8/site-packages/airflow/example_dags/example_latest_only_with_trigger.py
[2024-03-14T23:55:59.983+0000] {processor.py:840} INFO - DAG(s) 'latest_only_with_trigger' retrieved from /home/airflow/.local/lib/python3.8/site-packages/airflow/example_dags/example_latest_only_with_trigger.py
[2024-03-14T23:55:59.998+0000] {logging_mixin.py:188} INFO - [2024-03-14T23:55:59.998+0000] {dag.py:3047} INFO - Sync 1 DAGs
[2024-03-14T23:56:00.016+0000] {logging_mixin.py:188} INFO - [2024-03-14T23:56:00.016+0000] {dag.py:3834} INFO - Setting next_dagrun for latest_only_with_trigger to 2024-03-14 16:00:00+00:00, run_after=2024-03-14 20:00:00+00:00
[2024-03-14T23:56:00.031+0000] {processor.py:183} INFO - Processing /home/airflow/.local/lib/python3.8/site-packages/airflow/example_dags/example_latest_only_with_trigger.py took 0.057 seconds
[2024-03-14T23:56:30.072+0000] {processor.py:161} INFO - Started process (PID=382) to work on /home/airflow/.local/lib/python3.8/site-packages/airflow/example_dags/example_latest_only_with_trigger.py
[2024-03-14T23:56:30.073+0000] {processor.py:830} INFO - Processing file /home/airflow/.local/lib/python3.8/site-packages/airflow/example_dags/example_latest_only_with_trigger.py for tasks to queue
[2024-03-14T23:56:30.074+0000] {logging_mixin.py:188} INFO - [2024-03-14T23:56:30.074+0000] {dagbag.py:540} INFO - Filling up the DagBag from /home/airflow/.local/lib/python3.8/site-packages/airflow/example_dags/example_latest_only_with_trigger.py
[2024-03-14T23:56:30.078+0000] {processor.py:840} INFO - DAG(s) 'latest_only_with_trigger' retrieved from /home/airflow/.local/lib/python3.8/site-packages/airflow/example_dags/example_latest_only_with_trigger.py
[2024-03-14T23:56:30.093+0000] {logging_mixin.py:188} INFO - [2024-03-14T23:56:30.093+0000] {dag.py:3047} INFO - Sync 1 DAGs
[2024-03-14T23:56:30.111+0000] {logging_mixin.py:188} INFO - [2024-03-14T23:56:30.111+0000] {dag.py:3834} INFO - Setting next_dagrun for latest_only_with_trigger to 2024-03-14 16:00:00+00:00, run_after=2024-03-14 20:00:00+00:00
[2024-03-14T23:56:30.124+0000] {processor.py:183} INFO - Processing /home/airflow/.local/lib/python3.8/site-packages/airflow/example_dags/example_latest_only_with_trigger.py took 0.054 seconds
[2024-03-14T23:57:01.094+0000] {processor.py:161} INFO - Started process (PID=437) to work on /home/airflow/.local/lib/python3.8/site-packages/airflow/example_dags/example_latest_only_with_trigger.py
[2024-03-14T23:57:01.095+0000] {processor.py:830} INFO - Processing file /home/airflow/.local/lib/python3.8/site-packages/airflow/example_dags/example_latest_only_with_trigger.py for tasks to queue
[2024-03-14T23:57:01.096+0000] {logging_mixin.py:188} INFO - [2024-03-14T23:57:01.096+0000] {dagbag.py:540} INFO - Filling up the DagBag from /home/airflow/.local/lib/python3.8/site-packages/airflow/example_dags/example_latest_only_with_trigger.py
[2024-03-14T23:57:01.100+0000] {processor.py:840} INFO - DAG(s) 'latest_only_with_trigger' retrieved from /home/airflow/.local/lib/python3.8/site-packages/airflow/example_dags/example_latest_only_with_trigger.py
[2024-03-14T23:57:01.113+0000] {logging_mixin.py:188} INFO - [2024-03-14T23:57:01.113+0000] {dag.py:3047} INFO - Sync 1 DAGs
[2024-03-14T23:57:01.129+0000] {logging_mixin.py:188} INFO - [2024-03-14T23:57:01.129+0000] {dag.py:3834} INFO - Setting next_dagrun for latest_only_with_trigger to 2024-03-14 16:00:00+00:00, run_after=2024-03-14 20:00:00+00:00
[2024-03-14T23:57:01.144+0000] {processor.py:183} INFO - Processing /home/airflow/.local/lib/python3.8/site-packages/airflow/example_dags/example_latest_only_with_trigger.py took 0.052 seconds
[2024-03-14T23:57:31.208+0000] {processor.py:161} INFO - Started process (PID=492) to work on /home/airflow/.local/lib/python3.8/site-packages/airflow/example_dags/example_latest_only_with_trigger.py
[2024-03-14T23:57:31.209+0000] {processor.py:830} INFO - Processing file /home/airflow/.local/lib/python3.8/site-packages/airflow/example_dags/example_latest_only_with_trigger.py for tasks to queue
[2024-03-14T23:57:31.210+0000] {logging_mixin.py:188} INFO - [2024-03-14T23:57:31.210+0000] {dagbag.py:540} INFO - Filling up the DagBag from /home/airflow/.local/lib/python3.8/site-packages/airflow/example_dags/example_latest_only_with_trigger.py
[2024-03-14T23:57:31.214+0000] {processor.py:840} INFO - DAG(s) 'latest_only_with_trigger' retrieved from /home/airflow/.local/lib/python3.8/site-packages/airflow/example_dags/example_latest_only_with_trigger.py
[2024-03-14T23:57:31.227+0000] {logging_mixin.py:188} INFO - [2024-03-14T23:57:31.227+0000] {dag.py:3047} INFO - Sync 1 DAGs
[2024-03-14T23:57:31.243+0000] {logging_mixin.py:188} INFO - [2024-03-14T23:57:31.243+0000] {dag.py:3834} INFO - Setting next_dagrun for latest_only_with_trigger to 2024-03-14 16:00:00+00:00, run_after=2024-03-14 20:00:00+00:00
[2024-03-14T23:57:31.256+0000] {processor.py:183} INFO - Processing /home/airflow/.local/lib/python3.8/site-packages/airflow/example_dags/example_latest_only_with_trigger.py took 0.050 seconds
[2024-03-14T23:58:01.468+0000] {processor.py:161} INFO - Started process (PID=547) to work on /home/airflow/.local/lib/python3.8/site-packages/airflow/example_dags/example_latest_only_with_trigger.py
[2024-03-14T23:58:01.468+0000] {processor.py:830} INFO - Processing file /home/airflow/.local/lib/python3.8/site-packages/airflow/example_dags/example_latest_only_with_trigger.py for tasks to queue
[2024-03-14T23:58:01.469+0000] {logging_mixin.py:188} INFO - [2024-03-14T23:58:01.469+0000] {dagbag.py:540} INFO - Filling up the DagBag from /home/airflow/.local/lib/python3.8/site-packages/airflow/example_dags/example_latest_only_with_trigger.py
[2024-03-14T23:58:01.473+0000] {processor.py:840} INFO - DAG(s) 'latest_only_with_trigger' retrieved from /home/airflow/.local/lib/python3.8/site-packages/airflow/example_dags/example_latest_only_with_trigger.py
[2024-03-14T23:58:01.488+0000] {logging_mixin.py:188} INFO - [2024-03-14T23:58:01.488+0000] {dag.py:3047} INFO - Sync 1 DAGs
[2024-03-14T23:58:01.504+0000] {logging_mixin.py:188} INFO - [2024-03-14T23:58:01.503+0000] {dag.py:3834} INFO - Setting next_dagrun for latest_only_with_trigger to 2024-03-14 16:00:00+00:00, run_after=2024-03-14 20:00:00+00:00
[2024-03-14T23:58:01.518+0000] {processor.py:183} INFO - Processing /home/airflow/.local/lib/python3.8/site-packages/airflow/example_dags/example_latest_only_with_trigger.py took 0.052 seconds
[2024-03-14T23:58:31.538+0000] {processor.py:161} INFO - Started process (PID=603) to work on /home/airflow/.local/lib/python3.8/site-packages/airflow/example_dags/example_latest_only_with_trigger.py
[2024-03-14T23:58:31.539+0000] {processor.py:830} INFO - Processing file /home/airflow/.local/lib/python3.8/site-packages/airflow/example_dags/example_latest_only_with_trigger.py for tasks to queue
[2024-03-14T23:58:31.540+0000] {logging_mixin.py:188} INFO - [2024-03-14T23:58:31.540+0000] {dagbag.py:540} INFO - Filling up the DagBag from /home/airflow/.local/lib/python3.8/site-packages/airflow/example_dags/example_latest_only_with_trigger.py
[2024-03-14T23:58:31.544+0000] {processor.py:840} INFO - DAG(s) 'latest_only_with_trigger' retrieved from /home/airflow/.local/lib/python3.8/site-packages/airflow/example_dags/example_latest_only_with_trigger.py
[2024-03-14T23:58:31.558+0000] {logging_mixin.py:188} INFO - [2024-03-14T23:58:31.558+0000] {dag.py:3047} INFO - Sync 1 DAGs
[2024-03-14T23:58:31.573+0000] {logging_mixin.py:188} INFO - [2024-03-14T23:58:31.573+0000] {dag.py:3834} INFO - Setting next_dagrun for latest_only_with_trigger to 2024-03-14 16:00:00+00:00, run_after=2024-03-14 20:00:00+00:00
[2024-03-14T23:58:31.586+0000] {processor.py:183} INFO - Processing /home/airflow/.local/lib/python3.8/site-packages/airflow/example_dags/example_latest_only_with_trigger.py took 0.050 seconds
[2024-03-14T23:59:01.819+0000] {processor.py:161} INFO - Started process (PID=658) to work on /home/airflow/.local/lib/python3.8/site-packages/airflow/example_dags/example_latest_only_with_trigger.py
[2024-03-14T23:59:01.820+0000] {processor.py:830} INFO - Processing file /home/airflow/.local/lib/python3.8/site-packages/airflow/example_dags/example_latest_only_with_trigger.py for tasks to queue
[2024-03-14T23:59:01.820+0000] {logging_mixin.py:188} INFO - [2024-03-14T23:59:01.820+0000] {dagbag.py:540} INFO - Filling up the DagBag from /home/airflow/.local/lib/python3.8/site-packages/airflow/example_dags/example_latest_only_with_trigger.py
[2024-03-14T23:59:01.824+0000] {processor.py:840} INFO - DAG(s) 'latest_only_with_trigger' retrieved from /home/airflow/.local/lib/python3.8/site-packages/airflow/example_dags/example_latest_only_with_trigger.py
[2024-03-14T23:59:01.837+0000] {logging_mixin.py:188} INFO - [2024-03-14T23:59:01.837+0000] {dag.py:3047} INFO - Sync 1 DAGs
[2024-03-14T23:59:01.854+0000] {logging_mixin.py:188} INFO - [2024-03-14T23:59:01.853+0000] {dag.py:3834} INFO - Setting next_dagrun for latest_only_with_trigger to 2024-03-14 16:00:00+00:00, run_after=2024-03-14 20:00:00+00:00
[2024-03-14T23:59:01.868+0000] {processor.py:183} INFO - Processing /home/airflow/.local/lib/python3.8/site-packages/airflow/example_dags/example_latest_only_with_trigger.py took 0.052 seconds
