[2024-03-14T23:53:24.482+0000] {processor.py:161} INFO - Started process (PID=32) to work on /home/airflow/.local/lib/python3.8/site-packages/airflow/example_dags/example_latest_only.py
[2024-03-14T23:53:24.483+0000] {processor.py:830} INFO - Processing file /home/airflow/.local/lib/python3.8/site-packages/airflow/example_dags/example_latest_only.py for tasks to queue
[2024-03-14T23:53:24.484+0000] {logging_mixin.py:188} INFO - [2024-03-14T23:53:24.484+0000] {dagbag.py:540} INFO - Filling up the DagBag from /home/airflow/.local/lib/python3.8/site-packages/airflow/example_dags/example_latest_only.py
[2024-03-14T23:53:24.509+0000] {processor.py:840} INFO - DAG(s) 'latest_only' retrieved from /home/airflow/.local/lib/python3.8/site-packages/airflow/example_dags/example_latest_only.py
[2024-03-14T23:53:24.536+0000] {logging_mixin.py:188} INFO - [2024-03-14T23:53:24.536+0000] {dag.py:3047} INFO - Sync 1 DAGs
[2024-03-14T23:53:24.571+0000] {logging_mixin.py:188} INFO - [2024-03-14T23:53:24.570+0000] {dag.py:3834} INFO - Setting next_dagrun for latest_only to 2024-03-14 16:00:00+00:00, run_after=2024-03-14 20:00:00+00:00
[2024-03-14T23:53:24.587+0000] {processor.py:183} INFO - Processing /home/airflow/.local/lib/python3.8/site-packages/airflow/example_dags/example_latest_only.py took 0.112 seconds
[2024-03-14T23:53:54.816+0000] {processor.py:161} INFO - Started process (PID=87) to work on /home/airflow/.local/lib/python3.8/site-packages/airflow/example_dags/example_latest_only.py
[2024-03-14T23:53:54.817+0000] {processor.py:830} INFO - Processing file /home/airflow/.local/lib/python3.8/site-packages/airflow/example_dags/example_latest_only.py for tasks to queue
[2024-03-14T23:53:54.818+0000] {logging_mixin.py:188} INFO - [2024-03-14T23:53:54.818+0000] {dagbag.py:540} INFO - Filling up the DagBag from /home/airflow/.local/lib/python3.8/site-packages/airflow/example_dags/example_latest_only.py
[2024-03-14T23:53:54.821+0000] {processor.py:840} INFO - DAG(s) 'latest_only' retrieved from /home/airflow/.local/lib/python3.8/site-packages/airflow/example_dags/example_latest_only.py
[2024-03-14T23:53:54.968+0000] {logging_mixin.py:188} INFO - [2024-03-14T23:53:54.967+0000] {dag.py:3047} INFO - Sync 1 DAGs
[2024-03-14T23:53:54.983+0000] {logging_mixin.py:188} INFO - [2024-03-14T23:53:54.983+0000] {dag.py:3834} INFO - Setting next_dagrun for latest_only to 2024-03-14 16:00:00+00:00, run_after=2024-03-14 20:00:00+00:00
[2024-03-14T23:53:54.996+0000] {processor.py:183} INFO - Processing /home/airflow/.local/lib/python3.8/site-packages/airflow/example_dags/example_latest_only.py took 0.183 seconds
[2024-03-14T23:54:25.375+0000] {processor.py:161} INFO - Started process (PID=142) to work on /home/airflow/.local/lib/python3.8/site-packages/airflow/example_dags/example_latest_only.py
[2024-03-14T23:54:25.376+0000] {processor.py:830} INFO - Processing file /home/airflow/.local/lib/python3.8/site-packages/airflow/example_dags/example_latest_only.py for tasks to queue
[2024-03-14T23:54:25.377+0000] {logging_mixin.py:188} INFO - [2024-03-14T23:54:25.377+0000] {dagbag.py:540} INFO - Filling up the DagBag from /home/airflow/.local/lib/python3.8/site-packages/airflow/example_dags/example_latest_only.py
[2024-03-14T23:54:25.381+0000] {processor.py:840} INFO - DAG(s) 'latest_only' retrieved from /home/airflow/.local/lib/python3.8/site-packages/airflow/example_dags/example_latest_only.py
[2024-03-14T23:54:25.397+0000] {logging_mixin.py:188} INFO - [2024-03-14T23:54:25.397+0000] {dag.py:3047} INFO - Sync 1 DAGs
[2024-03-14T23:54:25.416+0000] {logging_mixin.py:188} INFO - [2024-03-14T23:54:25.416+0000] {dag.py:3834} INFO - Setting next_dagrun for latest_only to 2024-03-14 16:00:00+00:00, run_after=2024-03-14 20:00:00+00:00
[2024-03-14T23:54:25.430+0000] {processor.py:183} INFO - Processing /home/airflow/.local/lib/python3.8/site-packages/airflow/example_dags/example_latest_only.py took 0.059 seconds
[2024-03-14T23:54:55.545+0000] {processor.py:161} INFO - Started process (PID=197) to work on /home/airflow/.local/lib/python3.8/site-packages/airflow/example_dags/example_latest_only.py
[2024-03-14T23:54:55.546+0000] {processor.py:830} INFO - Processing file /home/airflow/.local/lib/python3.8/site-packages/airflow/example_dags/example_latest_only.py for tasks to queue
[2024-03-14T23:54:55.548+0000] {logging_mixin.py:188} INFO - [2024-03-14T23:54:55.547+0000] {dagbag.py:540} INFO - Filling up the DagBag from /home/airflow/.local/lib/python3.8/site-packages/airflow/example_dags/example_latest_only.py
[2024-03-14T23:54:55.551+0000] {processor.py:840} INFO - DAG(s) 'latest_only' retrieved from /home/airflow/.local/lib/python3.8/site-packages/airflow/example_dags/example_latest_only.py
[2024-03-14T23:54:55.559+0000] {logging_mixin.py:188} INFO - [2024-03-14T23:54:55.559+0000] {dag.py:3047} INFO - Sync 1 DAGs
[2024-03-14T23:54:55.576+0000] {logging_mixin.py:188} INFO - [2024-03-14T23:54:55.576+0000] {dag.py:3834} INFO - Setting next_dagrun for latest_only to 2024-03-14 16:00:00+00:00, run_after=2024-03-14 20:00:00+00:00
[2024-03-14T23:54:55.589+0000] {processor.py:183} INFO - Processing /home/airflow/.local/lib/python3.8/site-packages/airflow/example_dags/example_latest_only.py took 0.047 seconds
[2024-03-14T23:55:26.511+0000] {processor.py:161} INFO - Started process (PID=252) to work on /home/airflow/.local/lib/python3.8/site-packages/airflow/example_dags/example_latest_only.py
[2024-03-14T23:55:26.512+0000] {processor.py:830} INFO - Processing file /home/airflow/.local/lib/python3.8/site-packages/airflow/example_dags/example_latest_only.py for tasks to queue
[2024-03-14T23:55:26.513+0000] {logging_mixin.py:188} INFO - [2024-03-14T23:55:26.513+0000] {dagbag.py:540} INFO - Filling up the DagBag from /home/airflow/.local/lib/python3.8/site-packages/airflow/example_dags/example_latest_only.py
[2024-03-14T23:55:26.516+0000] {processor.py:840} INFO - DAG(s) 'latest_only' retrieved from /home/airflow/.local/lib/python3.8/site-packages/airflow/example_dags/example_latest_only.py
[2024-03-14T23:55:26.612+0000] {logging_mixin.py:188} INFO - [2024-03-14T23:55:26.612+0000] {dag.py:3047} INFO - Sync 1 DAGs
[2024-03-14T23:55:26.631+0000] {logging_mixin.py:188} INFO - [2024-03-14T23:55:26.631+0000] {dag.py:3834} INFO - Setting next_dagrun for latest_only to 2024-03-14 16:00:00+00:00, run_after=2024-03-14 20:00:00+00:00
[2024-03-14T23:55:26.644+0000] {processor.py:183} INFO - Processing /home/airflow/.local/lib/python3.8/site-packages/airflow/example_dags/example_latest_only.py took 0.136 seconds
[2024-03-14T23:55:57.225+0000] {processor.py:161} INFO - Started process (PID=307) to work on /home/airflow/.local/lib/python3.8/site-packages/airflow/example_dags/example_latest_only.py
[2024-03-14T23:55:57.226+0000] {processor.py:830} INFO - Processing file /home/airflow/.local/lib/python3.8/site-packages/airflow/example_dags/example_latest_only.py for tasks to queue
[2024-03-14T23:55:57.227+0000] {logging_mixin.py:188} INFO - [2024-03-14T23:55:57.227+0000] {dagbag.py:540} INFO - Filling up the DagBag from /home/airflow/.local/lib/python3.8/site-packages/airflow/example_dags/example_latest_only.py
[2024-03-14T23:55:57.230+0000] {processor.py:840} INFO - DAG(s) 'latest_only' retrieved from /home/airflow/.local/lib/python3.8/site-packages/airflow/example_dags/example_latest_only.py
[2024-03-14T23:55:57.245+0000] {logging_mixin.py:188} INFO - [2024-03-14T23:55:57.244+0000] {dag.py:3047} INFO - Sync 1 DAGs
[2024-03-14T23:55:57.260+0000] {logging_mixin.py:188} INFO - [2024-03-14T23:55:57.260+0000] {dag.py:3834} INFO - Setting next_dagrun for latest_only to 2024-03-14 16:00:00+00:00, run_after=2024-03-14 20:00:00+00:00
[2024-03-14T23:55:57.273+0000] {processor.py:183} INFO - Processing /home/airflow/.local/lib/python3.8/site-packages/airflow/example_dags/example_latest_only.py took 0.050 seconds
[2024-03-14T23:56:27.319+0000] {processor.py:161} INFO - Started process (PID=362) to work on /home/airflow/.local/lib/python3.8/site-packages/airflow/example_dags/example_latest_only.py
[2024-03-14T23:56:27.321+0000] {processor.py:830} INFO - Processing file /home/airflow/.local/lib/python3.8/site-packages/airflow/example_dags/example_latest_only.py for tasks to queue
[2024-03-14T23:56:27.324+0000] {logging_mixin.py:188} INFO - [2024-03-14T23:56:27.323+0000] {dagbag.py:540} INFO - Filling up the DagBag from /home/airflow/.local/lib/python3.8/site-packages/airflow/example_dags/example_latest_only.py
[2024-03-14T23:56:27.330+0000] {processor.py:840} INFO - DAG(s) 'latest_only' retrieved from /home/airflow/.local/lib/python3.8/site-packages/airflow/example_dags/example_latest_only.py
[2024-03-14T23:56:27.352+0000] {logging_mixin.py:188} INFO - [2024-03-14T23:56:27.352+0000] {dag.py:3047} INFO - Sync 1 DAGs
[2024-03-14T23:56:27.374+0000] {logging_mixin.py:188} INFO - [2024-03-14T23:56:27.374+0000] {dag.py:3834} INFO - Setting next_dagrun for latest_only to 2024-03-14 16:00:00+00:00, run_after=2024-03-14 20:00:00+00:00
[2024-03-14T23:56:27.389+0000] {processor.py:183} INFO - Processing /home/airflow/.local/lib/python3.8/site-packages/airflow/example_dags/example_latest_only.py took 0.074 seconds
[2024-03-14T23:56:58.397+0000] {processor.py:161} INFO - Started process (PID=417) to work on /home/airflow/.local/lib/python3.8/site-packages/airflow/example_dags/example_latest_only.py
[2024-03-14T23:56:58.398+0000] {processor.py:830} INFO - Processing file /home/airflow/.local/lib/python3.8/site-packages/airflow/example_dags/example_latest_only.py for tasks to queue
[2024-03-14T23:56:58.401+0000] {logging_mixin.py:188} INFO - [2024-03-14T23:56:58.400+0000] {dagbag.py:540} INFO - Filling up the DagBag from /home/airflow/.local/lib/python3.8/site-packages/airflow/example_dags/example_latest_only.py
[2024-03-14T23:56:58.406+0000] {processor.py:840} INFO - DAG(s) 'latest_only' retrieved from /home/airflow/.local/lib/python3.8/site-packages/airflow/example_dags/example_latest_only.py
[2024-03-14T23:56:58.422+0000] {logging_mixin.py:188} INFO - [2024-03-14T23:56:58.422+0000] {dag.py:3047} INFO - Sync 1 DAGs
[2024-03-14T23:56:58.438+0000] {logging_mixin.py:188} INFO - [2024-03-14T23:56:58.438+0000] {dag.py:3834} INFO - Setting next_dagrun for latest_only to 2024-03-14 16:00:00+00:00, run_after=2024-03-14 20:00:00+00:00
[2024-03-14T23:56:58.452+0000] {processor.py:183} INFO - Processing /home/airflow/.local/lib/python3.8/site-packages/airflow/example_dags/example_latest_only.py took 0.057 seconds
[2024-03-14T23:57:28.473+0000] {processor.py:161} INFO - Started process (PID=472) to work on /home/airflow/.local/lib/python3.8/site-packages/airflow/example_dags/example_latest_only.py
[2024-03-14T23:57:28.474+0000] {processor.py:830} INFO - Processing file /home/airflow/.local/lib/python3.8/site-packages/airflow/example_dags/example_latest_only.py for tasks to queue
[2024-03-14T23:57:28.476+0000] {logging_mixin.py:188} INFO - [2024-03-14T23:57:28.475+0000] {dagbag.py:540} INFO - Filling up the DagBag from /home/airflow/.local/lib/python3.8/site-packages/airflow/example_dags/example_latest_only.py
[2024-03-14T23:57:28.479+0000] {processor.py:840} INFO - DAG(s) 'latest_only' retrieved from /home/airflow/.local/lib/python3.8/site-packages/airflow/example_dags/example_latest_only.py
[2024-03-14T23:57:28.493+0000] {logging_mixin.py:188} INFO - [2024-03-14T23:57:28.493+0000] {dag.py:3047} INFO - Sync 1 DAGs
[2024-03-14T23:57:28.511+0000] {logging_mixin.py:188} INFO - [2024-03-14T23:57:28.511+0000] {dag.py:3834} INFO - Setting next_dagrun for latest_only to 2024-03-14 16:00:00+00:00, run_after=2024-03-14 20:00:00+00:00
[2024-03-14T23:57:28.525+0000] {processor.py:183} INFO - Processing /home/airflow/.local/lib/python3.8/site-packages/airflow/example_dags/example_latest_only.py took 0.054 seconds
[2024-03-14T23:57:58.548+0000] {processor.py:161} INFO - Started process (PID=527) to work on /home/airflow/.local/lib/python3.8/site-packages/airflow/example_dags/example_latest_only.py
[2024-03-14T23:57:58.549+0000] {processor.py:830} INFO - Processing file /home/airflow/.local/lib/python3.8/site-packages/airflow/example_dags/example_latest_only.py for tasks to queue
[2024-03-14T23:57:58.550+0000] {logging_mixin.py:188} INFO - [2024-03-14T23:57:58.550+0000] {dagbag.py:540} INFO - Filling up the DagBag from /home/airflow/.local/lib/python3.8/site-packages/airflow/example_dags/example_latest_only.py
[2024-03-14T23:57:58.553+0000] {processor.py:840} INFO - DAG(s) 'latest_only' retrieved from /home/airflow/.local/lib/python3.8/site-packages/airflow/example_dags/example_latest_only.py
[2024-03-14T23:57:58.569+0000] {logging_mixin.py:188} INFO - [2024-03-14T23:57:58.569+0000] {dag.py:3047} INFO - Sync 1 DAGs
[2024-03-14T23:57:58.586+0000] {logging_mixin.py:188} INFO - [2024-03-14T23:57:58.586+0000] {dag.py:3834} INFO - Setting next_dagrun for latest_only to 2024-03-14 16:00:00+00:00, run_after=2024-03-14 20:00:00+00:00
[2024-03-14T23:57:58.601+0000] {processor.py:183} INFO - Processing /home/airflow/.local/lib/python3.8/site-packages/airflow/example_dags/example_latest_only.py took 0.055 seconds
[2024-03-14T23:58:28.768+0000] {processor.py:161} INFO - Started process (PID=583) to work on /home/airflow/.local/lib/python3.8/site-packages/airflow/example_dags/example_latest_only.py
[2024-03-14T23:58:28.769+0000] {processor.py:830} INFO - Processing file /home/airflow/.local/lib/python3.8/site-packages/airflow/example_dags/example_latest_only.py for tasks to queue
[2024-03-14T23:58:28.770+0000] {logging_mixin.py:188} INFO - [2024-03-14T23:58:28.770+0000] {dagbag.py:540} INFO - Filling up the DagBag from /home/airflow/.local/lib/python3.8/site-packages/airflow/example_dags/example_latest_only.py
[2024-03-14T23:58:28.773+0000] {processor.py:840} INFO - DAG(s) 'latest_only' retrieved from /home/airflow/.local/lib/python3.8/site-packages/airflow/example_dags/example_latest_only.py
[2024-03-14T23:58:28.787+0000] {logging_mixin.py:188} INFO - [2024-03-14T23:58:28.787+0000] {dag.py:3047} INFO - Sync 1 DAGs
[2024-03-14T23:58:28.803+0000] {logging_mixin.py:188} INFO - [2024-03-14T23:58:28.802+0000] {dag.py:3834} INFO - Setting next_dagrun for latest_only to 2024-03-14 16:00:00+00:00, run_after=2024-03-14 20:00:00+00:00
[2024-03-14T23:58:28.818+0000] {processor.py:183} INFO - Processing /home/airflow/.local/lib/python3.8/site-packages/airflow/example_dags/example_latest_only.py took 0.052 seconds
[2024-03-14T23:58:58.954+0000] {processor.py:161} INFO - Started process (PID=638) to work on /home/airflow/.local/lib/python3.8/site-packages/airflow/example_dags/example_latest_only.py
[2024-03-14T23:58:58.955+0000] {processor.py:830} INFO - Processing file /home/airflow/.local/lib/python3.8/site-packages/airflow/example_dags/example_latest_only.py for tasks to queue
[2024-03-14T23:58:58.956+0000] {logging_mixin.py:188} INFO - [2024-03-14T23:58:58.956+0000] {dagbag.py:540} INFO - Filling up the DagBag from /home/airflow/.local/lib/python3.8/site-packages/airflow/example_dags/example_latest_only.py
[2024-03-14T23:58:58.960+0000] {processor.py:840} INFO - DAG(s) 'latest_only' retrieved from /home/airflow/.local/lib/python3.8/site-packages/airflow/example_dags/example_latest_only.py
[2024-03-14T23:58:58.974+0000] {logging_mixin.py:188} INFO - [2024-03-14T23:58:58.974+0000] {dag.py:3047} INFO - Sync 1 DAGs
[2024-03-14T23:58:58.991+0000] {logging_mixin.py:188} INFO - [2024-03-14T23:58:58.991+0000] {dag.py:3834} INFO - Setting next_dagrun for latest_only to 2024-03-14 16:00:00+00:00, run_after=2024-03-14 20:00:00+00:00
[2024-03-14T23:58:59.005+0000] {processor.py:183} INFO - Processing /home/airflow/.local/lib/python3.8/site-packages/airflow/example_dags/example_latest_only.py took 0.053 seconds
