[2024-03-14T23:53:26.539+0000] {processor.py:161} INFO - Started process (PID=71) to work on /home/airflow/.local/lib/python3.8/site-packages/airflow/example_dags/example_external_task_marker_dag.py
[2024-03-14T23:53:26.540+0000] {processor.py:830} INFO - Processing file /home/airflow/.local/lib/python3.8/site-packages/airflow/example_dags/example_external_task_marker_dag.py for tasks to queue
[2024-03-14T23:53:26.541+0000] {logging_mixin.py:188} INFO - [2024-03-14T23:53:26.541+0000] {dagbag.py:540} INFO - Filling up the DagBag from /home/airflow/.local/lib/python3.8/site-packages/airflow/example_dags/example_external_task_marker_dag.py
[2024-03-14T23:53:26.547+0000] {processor.py:840} INFO - DAG(s) 'example_external_task_marker_parent', 'example_external_task_marker_child' retrieved from /home/airflow/.local/lib/python3.8/site-packages/airflow/example_dags/example_external_task_marker_dag.py
[2024-03-14T23:53:26.556+0000] {logging_mixin.py:188} INFO - [2024-03-14T23:53:26.556+0000] {dag.py:3047} INFO - Sync 2 DAGs
[2024-03-14T23:53:26.569+0000] {logging_mixin.py:188} INFO - [2024-03-14T23:53:26.568+0000] {dag.py:3834} INFO - Setting next_dagrun for example_external_task_marker_child to None, run_after=None
[2024-03-14T23:53:26.572+0000] {logging_mixin.py:188} INFO - [2024-03-14T23:53:26.572+0000] {dag.py:3834} INFO - Setting next_dagrun for example_external_task_marker_parent to None, run_after=None
[2024-03-14T23:53:26.590+0000] {processor.py:183} INFO - Processing /home/airflow/.local/lib/python3.8/site-packages/airflow/example_dags/example_external_task_marker_dag.py took 0.054 seconds
[2024-03-14T23:53:57.769+0000] {processor.py:161} INFO - Started process (PID=126) to work on /home/airflow/.local/lib/python3.8/site-packages/airflow/example_dags/example_external_task_marker_dag.py
[2024-03-14T23:53:57.770+0000] {processor.py:830} INFO - Processing file /home/airflow/.local/lib/python3.8/site-packages/airflow/example_dags/example_external_task_marker_dag.py for tasks to queue
[2024-03-14T23:53:57.771+0000] {logging_mixin.py:188} INFO - [2024-03-14T23:53:57.770+0000] {dagbag.py:540} INFO - Filling up the DagBag from /home/airflow/.local/lib/python3.8/site-packages/airflow/example_dags/example_external_task_marker_dag.py
[2024-03-14T23:53:57.774+0000] {processor.py:840} INFO - DAG(s) 'example_external_task_marker_parent', 'example_external_task_marker_child' retrieved from /home/airflow/.local/lib/python3.8/site-packages/airflow/example_dags/example_external_task_marker_dag.py
[2024-03-14T23:53:57.857+0000] {logging_mixin.py:188} INFO - [2024-03-14T23:53:57.856+0000] {dag.py:3047} INFO - Sync 2 DAGs
[2024-03-14T23:53:57.865+0000] {logging_mixin.py:188} INFO - [2024-03-14T23:53:57.865+0000] {dag.py:3834} INFO - Setting next_dagrun for example_external_task_marker_child to None, run_after=None
[2024-03-14T23:53:57.867+0000] {logging_mixin.py:188} INFO - [2024-03-14T23:53:57.867+0000] {dag.py:3834} INFO - Setting next_dagrun for example_external_task_marker_parent to None, run_after=None
[2024-03-14T23:53:57.881+0000] {processor.py:183} INFO - Processing /home/airflow/.local/lib/python3.8/site-packages/airflow/example_dags/example_external_task_marker_dag.py took 0.114 seconds
[2024-03-14T23:54:28.013+0000] {processor.py:161} INFO - Started process (PID=181) to work on /home/airflow/.local/lib/python3.8/site-packages/airflow/example_dags/example_external_task_marker_dag.py
[2024-03-14T23:54:28.014+0000] {processor.py:830} INFO - Processing file /home/airflow/.local/lib/python3.8/site-packages/airflow/example_dags/example_external_task_marker_dag.py for tasks to queue
[2024-03-14T23:54:28.015+0000] {logging_mixin.py:188} INFO - [2024-03-14T23:54:28.015+0000] {dagbag.py:540} INFO - Filling up the DagBag from /home/airflow/.local/lib/python3.8/site-packages/airflow/example_dags/example_external_task_marker_dag.py
[2024-03-14T23:54:28.019+0000] {processor.py:840} INFO - DAG(s) 'example_external_task_marker_child', 'example_external_task_marker_parent' retrieved from /home/airflow/.local/lib/python3.8/site-packages/airflow/example_dags/example_external_task_marker_dag.py
[2024-03-14T23:54:28.035+0000] {logging_mixin.py:188} INFO - [2024-03-14T23:54:28.035+0000] {dag.py:3047} INFO - Sync 2 DAGs
[2024-03-14T23:54:28.045+0000] {logging_mixin.py:188} INFO - [2024-03-14T23:54:28.044+0000] {dag.py:3834} INFO - Setting next_dagrun for example_external_task_marker_child to None, run_after=None
[2024-03-14T23:54:28.047+0000] {logging_mixin.py:188} INFO - [2024-03-14T23:54:28.047+0000] {dag.py:3834} INFO - Setting next_dagrun for example_external_task_marker_parent to None, run_after=None
[2024-03-14T23:54:28.060+0000] {processor.py:183} INFO - Processing /home/airflow/.local/lib/python3.8/site-packages/airflow/example_dags/example_external_task_marker_dag.py took 0.050 seconds
[2024-03-14T23:54:59.035+0000] {processor.py:161} INFO - Started process (PID=236) to work on /home/airflow/.local/lib/python3.8/site-packages/airflow/example_dags/example_external_task_marker_dag.py
[2024-03-14T23:54:59.036+0000] {processor.py:830} INFO - Processing file /home/airflow/.local/lib/python3.8/site-packages/airflow/example_dags/example_external_task_marker_dag.py for tasks to queue
[2024-03-14T23:54:59.037+0000] {logging_mixin.py:188} INFO - [2024-03-14T23:54:59.037+0000] {dagbag.py:540} INFO - Filling up the DagBag from /home/airflow/.local/lib/python3.8/site-packages/airflow/example_dags/example_external_task_marker_dag.py
[2024-03-14T23:54:59.041+0000] {processor.py:840} INFO - DAG(s) 'example_external_task_marker_parent', 'example_external_task_marker_child' retrieved from /home/airflow/.local/lib/python3.8/site-packages/airflow/example_dags/example_external_task_marker_dag.py
[2024-03-14T23:54:59.050+0000] {logging_mixin.py:188} INFO - [2024-03-14T23:54:59.050+0000] {dag.py:3047} INFO - Sync 2 DAGs
[2024-03-14T23:54:59.062+0000] {logging_mixin.py:188} INFO - [2024-03-14T23:54:59.061+0000] {dag.py:3834} INFO - Setting next_dagrun for example_external_task_marker_child to None, run_after=None
[2024-03-14T23:54:59.065+0000] {logging_mixin.py:188} INFO - [2024-03-14T23:54:59.065+0000] {dag.py:3834} INFO - Setting next_dagrun for example_external_task_marker_parent to None, run_after=None
[2024-03-14T23:54:59.080+0000] {processor.py:183} INFO - Processing /home/airflow/.local/lib/python3.8/site-packages/airflow/example_dags/example_external_task_marker_dag.py took 0.047 seconds
[2024-03-14T23:55:30.540+0000] {processor.py:161} INFO - Started process (PID=291) to work on /home/airflow/.local/lib/python3.8/site-packages/airflow/example_dags/example_external_task_marker_dag.py
[2024-03-14T23:55:30.541+0000] {processor.py:830} INFO - Processing file /home/airflow/.local/lib/python3.8/site-packages/airflow/example_dags/example_external_task_marker_dag.py for tasks to queue
[2024-03-14T23:55:30.542+0000] {logging_mixin.py:188} INFO - [2024-03-14T23:55:30.542+0000] {dagbag.py:540} INFO - Filling up the DagBag from /home/airflow/.local/lib/python3.8/site-packages/airflow/example_dags/example_external_task_marker_dag.py
[2024-03-14T23:55:30.547+0000] {processor.py:840} INFO - DAG(s) 'example_external_task_marker_child', 'example_external_task_marker_parent' retrieved from /home/airflow/.local/lib/python3.8/site-packages/airflow/example_dags/example_external_task_marker_dag.py
[2024-03-14T23:55:30.635+0000] {logging_mixin.py:188} INFO - [2024-03-14T23:55:30.634+0000] {dag.py:3047} INFO - Sync 2 DAGs
[2024-03-14T23:55:30.645+0000] {logging_mixin.py:188} INFO - [2024-03-14T23:55:30.644+0000] {dag.py:3834} INFO - Setting next_dagrun for example_external_task_marker_child to None, run_after=None
[2024-03-14T23:55:30.647+0000] {logging_mixin.py:188} INFO - [2024-03-14T23:55:30.647+0000] {dag.py:3834} INFO - Setting next_dagrun for example_external_task_marker_parent to None, run_after=None
[2024-03-14T23:55:30.662+0000] {processor.py:183} INFO - Processing /home/airflow/.local/lib/python3.8/site-packages/airflow/example_dags/example_external_task_marker_dag.py took 0.125 seconds
[2024-03-14T23:56:00.711+0000] {processor.py:161} INFO - Started process (PID=346) to work on /home/airflow/.local/lib/python3.8/site-packages/airflow/example_dags/example_external_task_marker_dag.py
[2024-03-14T23:56:00.712+0000] {processor.py:830} INFO - Processing file /home/airflow/.local/lib/python3.8/site-packages/airflow/example_dags/example_external_task_marker_dag.py for tasks to queue
[2024-03-14T23:56:00.712+0000] {logging_mixin.py:188} INFO - [2024-03-14T23:56:00.712+0000] {dagbag.py:540} INFO - Filling up the DagBag from /home/airflow/.local/lib/python3.8/site-packages/airflow/example_dags/example_external_task_marker_dag.py
[2024-03-14T23:56:00.716+0000] {processor.py:840} INFO - DAG(s) 'example_external_task_marker_child', 'example_external_task_marker_parent' retrieved from /home/airflow/.local/lib/python3.8/site-packages/airflow/example_dags/example_external_task_marker_dag.py
[2024-03-14T23:56:00.732+0000] {logging_mixin.py:188} INFO - [2024-03-14T23:56:00.731+0000] {dag.py:3047} INFO - Sync 2 DAGs
[2024-03-14T23:56:00.741+0000] {logging_mixin.py:188} INFO - [2024-03-14T23:56:00.741+0000] {dag.py:3834} INFO - Setting next_dagrun for example_external_task_marker_child to None, run_after=None
[2024-03-14T23:56:00.743+0000] {logging_mixin.py:188} INFO - [2024-03-14T23:56:00.743+0000] {dag.py:3834} INFO - Setting next_dagrun for example_external_task_marker_parent to None, run_after=None
[2024-03-14T23:56:00.755+0000] {processor.py:183} INFO - Processing /home/airflow/.local/lib/python3.8/site-packages/airflow/example_dags/example_external_task_marker_dag.py took 0.046 seconds
[2024-03-14T23:56:30.853+0000] {processor.py:161} INFO - Started process (PID=401) to work on /home/airflow/.local/lib/python3.8/site-packages/airflow/example_dags/example_external_task_marker_dag.py
[2024-03-14T23:56:30.854+0000] {processor.py:830} INFO - Processing file /home/airflow/.local/lib/python3.8/site-packages/airflow/example_dags/example_external_task_marker_dag.py for tasks to queue
[2024-03-14T23:56:30.855+0000] {logging_mixin.py:188} INFO - [2024-03-14T23:56:30.855+0000] {dagbag.py:540} INFO - Filling up the DagBag from /home/airflow/.local/lib/python3.8/site-packages/airflow/example_dags/example_external_task_marker_dag.py
[2024-03-14T23:56:30.859+0000] {processor.py:840} INFO - DAG(s) 'example_external_task_marker_child', 'example_external_task_marker_parent' retrieved from /home/airflow/.local/lib/python3.8/site-packages/airflow/example_dags/example_external_task_marker_dag.py
[2024-03-14T23:56:30.876+0000] {logging_mixin.py:188} INFO - [2024-03-14T23:56:30.876+0000] {dag.py:3047} INFO - Sync 2 DAGs
[2024-03-14T23:56:30.885+0000] {logging_mixin.py:188} INFO - [2024-03-14T23:56:30.884+0000] {dag.py:3834} INFO - Setting next_dagrun for example_external_task_marker_child to None, run_after=None
[2024-03-14T23:56:30.887+0000] {logging_mixin.py:188} INFO - [2024-03-14T23:56:30.887+0000] {dag.py:3834} INFO - Setting next_dagrun for example_external_task_marker_parent to None, run_after=None
[2024-03-14T23:56:30.898+0000] {processor.py:183} INFO - Processing /home/airflow/.local/lib/python3.8/site-packages/airflow/example_dags/example_external_task_marker_dag.py took 0.047 seconds
[2024-03-14T23:57:01.826+0000] {processor.py:161} INFO - Started process (PID=456) to work on /home/airflow/.local/lib/python3.8/site-packages/airflow/example_dags/example_external_task_marker_dag.py
[2024-03-14T23:57:01.827+0000] {processor.py:830} INFO - Processing file /home/airflow/.local/lib/python3.8/site-packages/airflow/example_dags/example_external_task_marker_dag.py for tasks to queue
[2024-03-14T23:57:01.828+0000] {logging_mixin.py:188} INFO - [2024-03-14T23:57:01.828+0000] {dagbag.py:540} INFO - Filling up the DagBag from /home/airflow/.local/lib/python3.8/site-packages/airflow/example_dags/example_external_task_marker_dag.py
[2024-03-14T23:57:01.832+0000] {processor.py:840} INFO - DAG(s) 'example_external_task_marker_child', 'example_external_task_marker_parent' retrieved from /home/airflow/.local/lib/python3.8/site-packages/airflow/example_dags/example_external_task_marker_dag.py
[2024-03-14T23:57:01.848+0000] {logging_mixin.py:188} INFO - [2024-03-14T23:57:01.848+0000] {dag.py:3047} INFO - Sync 2 DAGs
[2024-03-14T23:57:01.857+0000] {logging_mixin.py:188} INFO - [2024-03-14T23:57:01.857+0000] {dag.py:3834} INFO - Setting next_dagrun for example_external_task_marker_child to None, run_after=None
[2024-03-14T23:57:01.860+0000] {logging_mixin.py:188} INFO - [2024-03-14T23:57:01.860+0000] {dag.py:3834} INFO - Setting next_dagrun for example_external_task_marker_parent to None, run_after=None
[2024-03-14T23:57:01.871+0000] {processor.py:183} INFO - Processing /home/airflow/.local/lib/python3.8/site-packages/airflow/example_dags/example_external_task_marker_dag.py took 0.047 seconds
[2024-03-14T23:57:31.946+0000] {processor.py:161} INFO - Started process (PID=511) to work on /home/airflow/.local/lib/python3.8/site-packages/airflow/example_dags/example_external_task_marker_dag.py
[2024-03-14T23:57:31.946+0000] {processor.py:830} INFO - Processing file /home/airflow/.local/lib/python3.8/site-packages/airflow/example_dags/example_external_task_marker_dag.py for tasks to queue
[2024-03-14T23:57:31.947+0000] {logging_mixin.py:188} INFO - [2024-03-14T23:57:31.947+0000] {dagbag.py:540} INFO - Filling up the DagBag from /home/airflow/.local/lib/python3.8/site-packages/airflow/example_dags/example_external_task_marker_dag.py
[2024-03-14T23:57:31.951+0000] {processor.py:840} INFO - DAG(s) 'example_external_task_marker_child', 'example_external_task_marker_parent' retrieved from /home/airflow/.local/lib/python3.8/site-packages/airflow/example_dags/example_external_task_marker_dag.py
[2024-03-14T23:57:31.967+0000] {logging_mixin.py:188} INFO - [2024-03-14T23:57:31.967+0000] {dag.py:3047} INFO - Sync 2 DAGs
[2024-03-14T23:57:31.977+0000] {logging_mixin.py:188} INFO - [2024-03-14T23:57:31.977+0000] {dag.py:3834} INFO - Setting next_dagrun for example_external_task_marker_child to None, run_after=None
[2024-03-14T23:57:31.980+0000] {logging_mixin.py:188} INFO - [2024-03-14T23:57:31.979+0000] {dag.py:3834} INFO - Setting next_dagrun for example_external_task_marker_parent to None, run_after=None
[2024-03-14T23:57:31.992+0000] {processor.py:183} INFO - Processing /home/airflow/.local/lib/python3.8/site-packages/airflow/example_dags/example_external_task_marker_dag.py took 0.048 seconds
[2024-03-14T23:58:02.237+0000] {processor.py:161} INFO - Started process (PID=566) to work on /home/airflow/.local/lib/python3.8/site-packages/airflow/example_dags/example_external_task_marker_dag.py
[2024-03-14T23:58:02.237+0000] {processor.py:830} INFO - Processing file /home/airflow/.local/lib/python3.8/site-packages/airflow/example_dags/example_external_task_marker_dag.py for tasks to queue
[2024-03-14T23:58:02.238+0000] {logging_mixin.py:188} INFO - [2024-03-14T23:58:02.238+0000] {dagbag.py:540} INFO - Filling up the DagBag from /home/airflow/.local/lib/python3.8/site-packages/airflow/example_dags/example_external_task_marker_dag.py
[2024-03-14T23:58:02.243+0000] {processor.py:840} INFO - DAG(s) 'example_external_task_marker_child', 'example_external_task_marker_parent' retrieved from /home/airflow/.local/lib/python3.8/site-packages/airflow/example_dags/example_external_task_marker_dag.py
[2024-03-14T23:58:02.261+0000] {logging_mixin.py:188} INFO - [2024-03-14T23:58:02.261+0000] {dag.py:3047} INFO - Sync 2 DAGs
[2024-03-14T23:58:02.271+0000] {logging_mixin.py:188} INFO - [2024-03-14T23:58:02.271+0000] {dag.py:3834} INFO - Setting next_dagrun for example_external_task_marker_child to None, run_after=None
[2024-03-14T23:58:02.275+0000] {logging_mixin.py:188} INFO - [2024-03-14T23:58:02.274+0000] {dag.py:3834} INFO - Setting next_dagrun for example_external_task_marker_parent to None, run_after=None
[2024-03-14T23:58:02.286+0000] {processor.py:183} INFO - Processing /home/airflow/.local/lib/python3.8/site-packages/airflow/example_dags/example_external_task_marker_dag.py took 0.052 seconds
[2024-03-14T23:58:32.481+0000] {processor.py:161} INFO - Started process (PID=622) to work on /home/airflow/.local/lib/python3.8/site-packages/airflow/example_dags/example_external_task_marker_dag.py
[2024-03-14T23:58:32.482+0000] {processor.py:830} INFO - Processing file /home/airflow/.local/lib/python3.8/site-packages/airflow/example_dags/example_external_task_marker_dag.py for tasks to queue
[2024-03-14T23:58:32.483+0000] {logging_mixin.py:188} INFO - [2024-03-14T23:58:32.482+0000] {dagbag.py:540} INFO - Filling up the DagBag from /home/airflow/.local/lib/python3.8/site-packages/airflow/example_dags/example_external_task_marker_dag.py
[2024-03-14T23:58:32.487+0000] {processor.py:840} INFO - DAG(s) 'example_external_task_marker_child', 'example_external_task_marker_parent' retrieved from /home/airflow/.local/lib/python3.8/site-packages/airflow/example_dags/example_external_task_marker_dag.py
[2024-03-14T23:58:32.504+0000] {logging_mixin.py:188} INFO - [2024-03-14T23:58:32.504+0000] {dag.py:3047} INFO - Sync 2 DAGs
[2024-03-14T23:58:32.513+0000] {logging_mixin.py:188} INFO - [2024-03-14T23:58:32.513+0000] {dag.py:3834} INFO - Setting next_dagrun for example_external_task_marker_child to None, run_after=None
[2024-03-14T23:58:32.515+0000] {logging_mixin.py:188} INFO - [2024-03-14T23:58:32.515+0000] {dag.py:3834} INFO - Setting next_dagrun for example_external_task_marker_parent to None, run_after=None
[2024-03-14T23:58:32.528+0000] {processor.py:183} INFO - Processing /home/airflow/.local/lib/python3.8/site-packages/airflow/example_dags/example_external_task_marker_dag.py took 0.049 seconds
[2024-03-14T23:59:02.614+0000] {processor.py:161} INFO - Started process (PID=677) to work on /home/airflow/.local/lib/python3.8/site-packages/airflow/example_dags/example_external_task_marker_dag.py
[2024-03-14T23:59:02.615+0000] {processor.py:830} INFO - Processing file /home/airflow/.local/lib/python3.8/site-packages/airflow/example_dags/example_external_task_marker_dag.py for tasks to queue
[2024-03-14T23:59:02.616+0000] {logging_mixin.py:188} INFO - [2024-03-14T23:59:02.615+0000] {dagbag.py:540} INFO - Filling up the DagBag from /home/airflow/.local/lib/python3.8/site-packages/airflow/example_dags/example_external_task_marker_dag.py
[2024-03-14T23:59:02.619+0000] {processor.py:840} INFO - DAG(s) 'example_external_task_marker_parent', 'example_external_task_marker_child' retrieved from /home/airflow/.local/lib/python3.8/site-packages/airflow/example_dags/example_external_task_marker_dag.py
[2024-03-14T23:59:02.636+0000] {logging_mixin.py:188} INFO - [2024-03-14T23:59:02.636+0000] {dag.py:3047} INFO - Sync 2 DAGs
[2024-03-14T23:59:02.646+0000] {logging_mixin.py:188} INFO - [2024-03-14T23:59:02.645+0000] {dag.py:3834} INFO - Setting next_dagrun for example_external_task_marker_child to None, run_after=None
[2024-03-14T23:59:02.648+0000] {logging_mixin.py:188} INFO - [2024-03-14T23:59:02.648+0000] {dag.py:3834} INFO - Setting next_dagrun for example_external_task_marker_parent to None, run_after=None
[2024-03-14T23:59:02.660+0000] {processor.py:183} INFO - Processing /home/airflow/.local/lib/python3.8/site-packages/airflow/example_dags/example_external_task_marker_dag.py took 0.048 seconds
