[2024-03-14T23:53:26.096+0000] {processor.py:161} INFO - Started process (PID=61) to work on /home/airflow/.local/lib/python3.8/site-packages/airflow/example_dags/example_branch_operator.py
[2024-03-14T23:53:26.097+0000] {processor.py:830} INFO - Processing file /home/airflow/.local/lib/python3.8/site-packages/airflow/example_dags/example_branch_operator.py for tasks to queue
[2024-03-14T23:53:26.098+0000] {logging_mixin.py:188} INFO - [2024-03-14T23:53:26.098+0000] {dagbag.py:540} INFO - Filling up the DagBag from /home/airflow/.local/lib/python3.8/site-packages/airflow/example_dags/example_branch_operator.py
[2024-03-14T23:53:26.119+0000] {processor.py:840} INFO - DAG(s) 'example_branch_operator' retrieved from /home/airflow/.local/lib/python3.8/site-packages/airflow/example_dags/example_branch_operator.py
[2024-03-14T23:53:26.132+0000] {logging_mixin.py:188} INFO - [2024-03-14T23:53:26.132+0000] {dag.py:3047} INFO - Sync 1 DAGs
[2024-03-14T23:53:26.152+0000] {logging_mixin.py:188} INFO - [2024-03-14T23:53:26.152+0000] {dag.py:3834} INFO - Setting next_dagrun for example_branch_operator to 2024-03-13 00:00:00+00:00, run_after=2024-03-14 00:00:00+00:00
[2024-03-14T23:53:26.169+0000] {processor.py:183} INFO - Processing /home/airflow/.local/lib/python3.8/site-packages/airflow/example_dags/example_branch_operator.py took 0.077 seconds
[2024-03-14T23:53:56.943+0000] {processor.py:161} INFO - Started process (PID=116) to work on /home/airflow/.local/lib/python3.8/site-packages/airflow/example_dags/example_branch_operator.py
[2024-03-14T23:53:56.944+0000] {processor.py:830} INFO - Processing file /home/airflow/.local/lib/python3.8/site-packages/airflow/example_dags/example_branch_operator.py for tasks to queue
[2024-03-14T23:53:56.945+0000] {logging_mixin.py:188} INFO - [2024-03-14T23:53:56.945+0000] {dagbag.py:540} INFO - Filling up the DagBag from /home/airflow/.local/lib/python3.8/site-packages/airflow/example_dags/example_branch_operator.py
[2024-03-14T23:53:56.957+0000] {processor.py:840} INFO - DAG(s) 'example_branch_operator' retrieved from /home/airflow/.local/lib/python3.8/site-packages/airflow/example_dags/example_branch_operator.py
[2024-03-14T23:53:57.039+0000] {logging_mixin.py:188} INFO - [2024-03-14T23:53:57.039+0000] {dag.py:3047} INFO - Sync 1 DAGs
[2024-03-14T23:53:57.054+0000] {logging_mixin.py:188} INFO - [2024-03-14T23:53:57.054+0000] {dag.py:3834} INFO - Setting next_dagrun for example_branch_operator to 2024-03-13 00:00:00+00:00, run_after=2024-03-14 00:00:00+00:00
[2024-03-14T23:53:57.069+0000] {processor.py:183} INFO - Processing /home/airflow/.local/lib/python3.8/site-packages/airflow/example_dags/example_branch_operator.py took 0.128 seconds
[2024-03-14T23:54:27.571+0000] {processor.py:161} INFO - Started process (PID=171) to work on /home/airflow/.local/lib/python3.8/site-packages/airflow/example_dags/example_branch_operator.py
[2024-03-14T23:54:27.572+0000] {processor.py:830} INFO - Processing file /home/airflow/.local/lib/python3.8/site-packages/airflow/example_dags/example_branch_operator.py for tasks to queue
[2024-03-14T23:54:27.573+0000] {logging_mixin.py:188} INFO - [2024-03-14T23:54:27.572+0000] {dagbag.py:540} INFO - Filling up the DagBag from /home/airflow/.local/lib/python3.8/site-packages/airflow/example_dags/example_branch_operator.py
[2024-03-14T23:54:27.585+0000] {processor.py:840} INFO - DAG(s) 'example_branch_operator' retrieved from /home/airflow/.local/lib/python3.8/site-packages/airflow/example_dags/example_branch_operator.py
[2024-03-14T23:54:27.606+0000] {logging_mixin.py:188} INFO - [2024-03-14T23:54:27.606+0000] {dag.py:3047} INFO - Sync 1 DAGs
[2024-03-14T23:54:27.624+0000] {logging_mixin.py:188} INFO - [2024-03-14T23:54:27.623+0000] {dag.py:3834} INFO - Setting next_dagrun for example_branch_operator to 2024-03-13 00:00:00+00:00, run_after=2024-03-14 00:00:00+00:00
[2024-03-14T23:54:27.637+0000] {processor.py:183} INFO - Processing /home/airflow/.local/lib/python3.8/site-packages/airflow/example_dags/example_branch_operator.py took 0.068 seconds
[2024-03-14T23:54:58.598+0000] {processor.py:161} INFO - Started process (PID=226) to work on /home/airflow/.local/lib/python3.8/site-packages/airflow/example_dags/example_branch_operator.py
[2024-03-14T23:54:58.599+0000] {processor.py:830} INFO - Processing file /home/airflow/.local/lib/python3.8/site-packages/airflow/example_dags/example_branch_operator.py for tasks to queue
[2024-03-14T23:54:58.600+0000] {logging_mixin.py:188} INFO - [2024-03-14T23:54:58.599+0000] {dagbag.py:540} INFO - Filling up the DagBag from /home/airflow/.local/lib/python3.8/site-packages/airflow/example_dags/example_branch_operator.py
[2024-03-14T23:54:58.613+0000] {processor.py:840} INFO - DAG(s) 'example_branch_operator' retrieved from /home/airflow/.local/lib/python3.8/site-packages/airflow/example_dags/example_branch_operator.py
[2024-03-14T23:54:58.622+0000] {logging_mixin.py:188} INFO - [2024-03-14T23:54:58.621+0000] {dag.py:3047} INFO - Sync 1 DAGs
[2024-03-14T23:54:58.644+0000] {logging_mixin.py:188} INFO - [2024-03-14T23:54:58.644+0000] {dag.py:3834} INFO - Setting next_dagrun for example_branch_operator to 2024-03-13 00:00:00+00:00, run_after=2024-03-14 00:00:00+00:00
[2024-03-14T23:54:58.658+0000] {processor.py:183} INFO - Processing /home/airflow/.local/lib/python3.8/site-packages/airflow/example_dags/example_branch_operator.py took 0.062 seconds
[2024-03-14T23:55:29.715+0000] {processor.py:161} INFO - Started process (PID=281) to work on /home/airflow/.local/lib/python3.8/site-packages/airflow/example_dags/example_branch_operator.py
[2024-03-14T23:55:29.716+0000] {processor.py:830} INFO - Processing file /home/airflow/.local/lib/python3.8/site-packages/airflow/example_dags/example_branch_operator.py for tasks to queue
[2024-03-14T23:55:29.717+0000] {logging_mixin.py:188} INFO - [2024-03-14T23:55:29.717+0000] {dagbag.py:540} INFO - Filling up the DagBag from /home/airflow/.local/lib/python3.8/site-packages/airflow/example_dags/example_branch_operator.py
[2024-03-14T23:55:29.730+0000] {processor.py:840} INFO - DAG(s) 'example_branch_operator' retrieved from /home/airflow/.local/lib/python3.8/site-packages/airflow/example_dags/example_branch_operator.py
[2024-03-14T23:55:29.813+0000] {logging_mixin.py:188} INFO - [2024-03-14T23:55:29.812+0000] {dag.py:3047} INFO - Sync 1 DAGs
[2024-03-14T23:55:29.829+0000] {logging_mixin.py:188} INFO - [2024-03-14T23:55:29.829+0000] {dag.py:3834} INFO - Setting next_dagrun for example_branch_operator to 2024-03-13 00:00:00+00:00, run_after=2024-03-14 00:00:00+00:00
[2024-03-14T23:55:29.844+0000] {processor.py:183} INFO - Processing /home/airflow/.local/lib/python3.8/site-packages/airflow/example_dags/example_branch_operator.py took 0.130 seconds
[2024-03-14T23:56:00.309+0000] {processor.py:161} INFO - Started process (PID=336) to work on /home/airflow/.local/lib/python3.8/site-packages/airflow/example_dags/example_branch_operator.py
[2024-03-14T23:56:00.309+0000] {processor.py:830} INFO - Processing file /home/airflow/.local/lib/python3.8/site-packages/airflow/example_dags/example_branch_operator.py for tasks to queue
[2024-03-14T23:56:00.310+0000] {logging_mixin.py:188} INFO - [2024-03-14T23:56:00.310+0000] {dagbag.py:540} INFO - Filling up the DagBag from /home/airflow/.local/lib/python3.8/site-packages/airflow/example_dags/example_branch_operator.py
[2024-03-14T23:56:00.322+0000] {processor.py:840} INFO - DAG(s) 'example_branch_operator' retrieved from /home/airflow/.local/lib/python3.8/site-packages/airflow/example_dags/example_branch_operator.py
[2024-03-14T23:56:00.342+0000] {logging_mixin.py:188} INFO - [2024-03-14T23:56:00.342+0000] {dag.py:3047} INFO - Sync 1 DAGs
[2024-03-14T23:56:00.358+0000] {logging_mixin.py:188} INFO - [2024-03-14T23:56:00.358+0000] {dag.py:3834} INFO - Setting next_dagrun for example_branch_operator to 2024-03-13 00:00:00+00:00, run_after=2024-03-14 00:00:00+00:00
[2024-03-14T23:56:00.373+0000] {processor.py:183} INFO - Processing /home/airflow/.local/lib/python3.8/site-packages/airflow/example_dags/example_branch_operator.py took 0.067 seconds
[2024-03-14T23:56:30.414+0000] {processor.py:161} INFO - Started process (PID=391) to work on /home/airflow/.local/lib/python3.8/site-packages/airflow/example_dags/example_branch_operator.py
[2024-03-14T23:56:30.417+0000] {processor.py:830} INFO - Processing file /home/airflow/.local/lib/python3.8/site-packages/airflow/example_dags/example_branch_operator.py for tasks to queue
[2024-03-14T23:56:30.418+0000] {logging_mixin.py:188} INFO - [2024-03-14T23:56:30.418+0000] {dagbag.py:540} INFO - Filling up the DagBag from /home/airflow/.local/lib/python3.8/site-packages/airflow/example_dags/example_branch_operator.py
[2024-03-14T23:56:30.430+0000] {processor.py:840} INFO - DAG(s) 'example_branch_operator' retrieved from /home/airflow/.local/lib/python3.8/site-packages/airflow/example_dags/example_branch_operator.py
[2024-03-14T23:56:30.450+0000] {logging_mixin.py:188} INFO - [2024-03-14T23:56:30.450+0000] {dag.py:3047} INFO - Sync 1 DAGs
[2024-03-14T23:56:30.469+0000] {logging_mixin.py:188} INFO - [2024-03-14T23:56:30.469+0000] {dag.py:3834} INFO - Setting next_dagrun for example_branch_operator to 2024-03-13 00:00:00+00:00, run_after=2024-03-14 00:00:00+00:00
[2024-03-14T23:56:30.483+0000] {processor.py:183} INFO - Processing /home/airflow/.local/lib/python3.8/site-packages/airflow/example_dags/example_branch_operator.py took 0.076 seconds
[2024-03-14T23:57:01.422+0000] {processor.py:161} INFO - Started process (PID=446) to work on /home/airflow/.local/lib/python3.8/site-packages/airflow/example_dags/example_branch_operator.py
[2024-03-14T23:57:01.423+0000] {processor.py:830} INFO - Processing file /home/airflow/.local/lib/python3.8/site-packages/airflow/example_dags/example_branch_operator.py for tasks to queue
[2024-03-14T23:57:01.424+0000] {logging_mixin.py:188} INFO - [2024-03-14T23:57:01.424+0000] {dagbag.py:540} INFO - Filling up the DagBag from /home/airflow/.local/lib/python3.8/site-packages/airflow/example_dags/example_branch_operator.py
[2024-03-14T23:57:01.436+0000] {processor.py:840} INFO - DAG(s) 'example_branch_operator' retrieved from /home/airflow/.local/lib/python3.8/site-packages/airflow/example_dags/example_branch_operator.py
[2024-03-14T23:57:01.456+0000] {logging_mixin.py:188} INFO - [2024-03-14T23:57:01.455+0000] {dag.py:3047} INFO - Sync 1 DAGs
[2024-03-14T23:57:01.473+0000] {logging_mixin.py:188} INFO - [2024-03-14T23:57:01.473+0000] {dag.py:3834} INFO - Setting next_dagrun for example_branch_operator to 2024-03-13 00:00:00+00:00, run_after=2024-03-14 00:00:00+00:00
[2024-03-14T23:57:01.485+0000] {processor.py:183} INFO - Processing /home/airflow/.local/lib/python3.8/site-packages/airflow/example_dags/example_branch_operator.py took 0.065 seconds
[2024-03-14T23:57:31.540+0000] {processor.py:161} INFO - Started process (PID=501) to work on /home/airflow/.local/lib/python3.8/site-packages/airflow/example_dags/example_branch_operator.py
[2024-03-14T23:57:31.541+0000] {processor.py:830} INFO - Processing file /home/airflow/.local/lib/python3.8/site-packages/airflow/example_dags/example_branch_operator.py for tasks to queue
[2024-03-14T23:57:31.542+0000] {logging_mixin.py:188} INFO - [2024-03-14T23:57:31.542+0000] {dagbag.py:540} INFO - Filling up the DagBag from /home/airflow/.local/lib/python3.8/site-packages/airflow/example_dags/example_branch_operator.py
[2024-03-14T23:57:31.554+0000] {processor.py:840} INFO - DAG(s) 'example_branch_operator' retrieved from /home/airflow/.local/lib/python3.8/site-packages/airflow/example_dags/example_branch_operator.py
[2024-03-14T23:57:31.573+0000] {logging_mixin.py:188} INFO - [2024-03-14T23:57:31.573+0000] {dag.py:3047} INFO - Sync 1 DAGs
[2024-03-14T23:57:31.590+0000] {logging_mixin.py:188} INFO - [2024-03-14T23:57:31.590+0000] {dag.py:3834} INFO - Setting next_dagrun for example_branch_operator to 2024-03-13 00:00:00+00:00, run_after=2024-03-14 00:00:00+00:00
[2024-03-14T23:57:31.604+0000] {processor.py:183} INFO - Processing /home/airflow/.local/lib/python3.8/site-packages/airflow/example_dags/example_branch_operator.py took 0.066 seconds
[2024-03-14T23:58:01.830+0000] {processor.py:161} INFO - Started process (PID=556) to work on /home/airflow/.local/lib/python3.8/site-packages/airflow/example_dags/example_branch_operator.py
[2024-03-14T23:58:01.831+0000] {processor.py:830} INFO - Processing file /home/airflow/.local/lib/python3.8/site-packages/airflow/example_dags/example_branch_operator.py for tasks to queue
[2024-03-14T23:58:01.832+0000] {logging_mixin.py:188} INFO - [2024-03-14T23:58:01.832+0000] {dagbag.py:540} INFO - Filling up the DagBag from /home/airflow/.local/lib/python3.8/site-packages/airflow/example_dags/example_branch_operator.py
[2024-03-14T23:58:01.844+0000] {processor.py:840} INFO - DAG(s) 'example_branch_operator' retrieved from /home/airflow/.local/lib/python3.8/site-packages/airflow/example_dags/example_branch_operator.py
[2024-03-14T23:58:01.864+0000] {logging_mixin.py:188} INFO - [2024-03-14T23:58:01.864+0000] {dag.py:3047} INFO - Sync 1 DAGs
[2024-03-14T23:58:01.882+0000] {logging_mixin.py:188} INFO - [2024-03-14T23:58:01.881+0000] {dag.py:3834} INFO - Setting next_dagrun for example_branch_operator to 2024-03-13 00:00:00+00:00, run_after=2024-03-14 00:00:00+00:00
[2024-03-14T23:58:01.894+0000] {processor.py:183} INFO - Processing /home/airflow/.local/lib/python3.8/site-packages/airflow/example_dags/example_branch_operator.py took 0.066 seconds
[2024-03-14T23:58:32.005+0000] {processor.py:161} INFO - Started process (PID=612) to work on /home/airflow/.local/lib/python3.8/site-packages/airflow/example_dags/example_branch_operator.py
[2024-03-14T23:58:32.006+0000] {processor.py:830} INFO - Processing file /home/airflow/.local/lib/python3.8/site-packages/airflow/example_dags/example_branch_operator.py for tasks to queue
[2024-03-14T23:58:32.008+0000] {logging_mixin.py:188} INFO - [2024-03-14T23:58:32.008+0000] {dagbag.py:540} INFO - Filling up the DagBag from /home/airflow/.local/lib/python3.8/site-packages/airflow/example_dags/example_branch_operator.py
[2024-03-14T23:58:32.021+0000] {processor.py:840} INFO - DAG(s) 'example_branch_operator' retrieved from /home/airflow/.local/lib/python3.8/site-packages/airflow/example_dags/example_branch_operator.py
[2024-03-14T23:58:32.043+0000] {logging_mixin.py:188} INFO - [2024-03-14T23:58:32.043+0000] {dag.py:3047} INFO - Sync 1 DAGs
[2024-03-14T23:58:32.062+0000] {logging_mixin.py:188} INFO - [2024-03-14T23:58:32.062+0000] {dag.py:3834} INFO - Setting next_dagrun for example_branch_operator to 2024-03-13 00:00:00+00:00, run_after=2024-03-14 00:00:00+00:00
[2024-03-14T23:58:32.076+0000] {processor.py:183} INFO - Processing /home/airflow/.local/lib/python3.8/site-packages/airflow/example_dags/example_branch_operator.py took 0.073 seconds
[2024-03-14T23:59:02.159+0000] {processor.py:161} INFO - Started process (PID=667) to work on /home/airflow/.local/lib/python3.8/site-packages/airflow/example_dags/example_branch_operator.py
[2024-03-14T23:59:02.160+0000] {processor.py:830} INFO - Processing file /home/airflow/.local/lib/python3.8/site-packages/airflow/example_dags/example_branch_operator.py for tasks to queue
[2024-03-14T23:59:02.161+0000] {logging_mixin.py:188} INFO - [2024-03-14T23:59:02.161+0000] {dagbag.py:540} INFO - Filling up the DagBag from /home/airflow/.local/lib/python3.8/site-packages/airflow/example_dags/example_branch_operator.py
[2024-03-14T23:59:02.173+0000] {processor.py:840} INFO - DAG(s) 'example_branch_operator' retrieved from /home/airflow/.local/lib/python3.8/site-packages/airflow/example_dags/example_branch_operator.py
[2024-03-14T23:59:02.196+0000] {logging_mixin.py:188} INFO - [2024-03-14T23:59:02.195+0000] {dag.py:3047} INFO - Sync 1 DAGs
[2024-03-14T23:59:02.217+0000] {logging_mixin.py:188} INFO - [2024-03-14T23:59:02.217+0000] {dag.py:3834} INFO - Setting next_dagrun for example_branch_operator to 2024-03-13 00:00:00+00:00, run_after=2024-03-14 00:00:00+00:00
[2024-03-14T23:59:02.233+0000] {processor.py:183} INFO - Processing /home/airflow/.local/lib/python3.8/site-packages/airflow/example_dags/example_branch_operator.py took 0.076 seconds
