[2024-03-14T23:53:24.763+0000] {processor.py:161} INFO - Started process (PID=36) to work on /home/airflow/.local/lib/python3.8/site-packages/airflow/example_dags/tutorial.py
[2024-03-14T23:53:24.763+0000] {processor.py:830} INFO - Processing file /home/airflow/.local/lib/python3.8/site-packages/airflow/example_dags/tutorial.py for tasks to queue
[2024-03-14T23:53:24.764+0000] {logging_mixin.py:188} INFO - [2024-03-14T23:53:24.764+0000] {dagbag.py:540} INFO - Filling up the DagBag from /home/airflow/.local/lib/python3.8/site-packages/airflow/example_dags/tutorial.py
[2024-03-14T23:53:24.770+0000] {processor.py:840} INFO - DAG(s) 'tutorial' retrieved from /home/airflow/.local/lib/python3.8/site-packages/airflow/example_dags/tutorial.py
[2024-03-14T23:53:24.779+0000] {logging_mixin.py:188} INFO - [2024-03-14T23:53:24.779+0000] {dag.py:3047} INFO - Sync 1 DAGs
[2024-03-14T23:53:24.802+0000] {logging_mixin.py:188} INFO - [2024-03-14T23:53:24.802+0000] {dag.py:3834} INFO - Setting next_dagrun for tutorial to 2024-03-13 00:00:00+00:00, run_after=2024-03-14 00:00:00+00:00
[2024-03-14T23:53:24.817+0000] {processor.py:183} INFO - Processing /home/airflow/.local/lib/python3.8/site-packages/airflow/example_dags/tutorial.py took 0.056 seconds
[2024-03-14T23:53:55.132+0000] {processor.py:161} INFO - Started process (PID=91) to work on /home/airflow/.local/lib/python3.8/site-packages/airflow/example_dags/tutorial.py
[2024-03-14T23:53:55.133+0000] {processor.py:830} INFO - Processing file /home/airflow/.local/lib/python3.8/site-packages/airflow/example_dags/tutorial.py for tasks to queue
[2024-03-14T23:53:55.134+0000] {logging_mixin.py:188} INFO - [2024-03-14T23:53:55.134+0000] {dagbag.py:540} INFO - Filling up the DagBag from /home/airflow/.local/lib/python3.8/site-packages/airflow/example_dags/tutorial.py
[2024-03-14T23:53:55.137+0000] {processor.py:840} INFO - DAG(s) 'tutorial' retrieved from /home/airflow/.local/lib/python3.8/site-packages/airflow/example_dags/tutorial.py
[2024-03-14T23:53:55.224+0000] {logging_mixin.py:188} INFO - [2024-03-14T23:53:55.224+0000] {dag.py:3047} INFO - Sync 1 DAGs
[2024-03-14T23:53:55.239+0000] {logging_mixin.py:188} INFO - [2024-03-14T23:53:55.239+0000] {dag.py:3834} INFO - Setting next_dagrun for tutorial to 2024-03-13 00:00:00+00:00, run_after=2024-03-14 00:00:00+00:00
[2024-03-14T23:53:55.252+0000] {processor.py:183} INFO - Processing /home/airflow/.local/lib/python3.8/site-packages/airflow/example_dags/tutorial.py took 0.123 seconds
[2024-03-14T23:54:25.508+0000] {processor.py:161} INFO - Started process (PID=146) to work on /home/airflow/.local/lib/python3.8/site-packages/airflow/example_dags/tutorial.py
[2024-03-14T23:54:25.509+0000] {processor.py:830} INFO - Processing file /home/airflow/.local/lib/python3.8/site-packages/airflow/example_dags/tutorial.py for tasks to queue
[2024-03-14T23:54:25.510+0000] {logging_mixin.py:188} INFO - [2024-03-14T23:54:25.509+0000] {dagbag.py:540} INFO - Filling up the DagBag from /home/airflow/.local/lib/python3.8/site-packages/airflow/example_dags/tutorial.py
[2024-03-14T23:54:25.514+0000] {processor.py:840} INFO - DAG(s) 'tutorial' retrieved from /home/airflow/.local/lib/python3.8/site-packages/airflow/example_dags/tutorial.py
[2024-03-14T23:54:25.529+0000] {logging_mixin.py:188} INFO - [2024-03-14T23:54:25.529+0000] {dag.py:3047} INFO - Sync 1 DAGs
[2024-03-14T23:54:25.547+0000] {logging_mixin.py:188} INFO - [2024-03-14T23:54:25.547+0000] {dag.py:3834} INFO - Setting next_dagrun for tutorial to 2024-03-13 00:00:00+00:00, run_after=2024-03-14 00:00:00+00:00
[2024-03-14T23:54:25.562+0000] {processor.py:183} INFO - Processing /home/airflow/.local/lib/python3.8/site-packages/airflow/example_dags/tutorial.py took 0.056 seconds
[2024-03-14T23:54:55.659+0000] {processor.py:161} INFO - Started process (PID=201) to work on /home/airflow/.local/lib/python3.8/site-packages/airflow/example_dags/tutorial.py
[2024-03-14T23:54:55.659+0000] {processor.py:830} INFO - Processing file /home/airflow/.local/lib/python3.8/site-packages/airflow/example_dags/tutorial.py for tasks to queue
[2024-03-14T23:54:55.660+0000] {logging_mixin.py:188} INFO - [2024-03-14T23:54:55.660+0000] {dagbag.py:540} INFO - Filling up the DagBag from /home/airflow/.local/lib/python3.8/site-packages/airflow/example_dags/tutorial.py
[2024-03-14T23:54:55.664+0000] {processor.py:840} INFO - DAG(s) 'tutorial' retrieved from /home/airflow/.local/lib/python3.8/site-packages/airflow/example_dags/tutorial.py
[2024-03-14T23:54:55.673+0000] {logging_mixin.py:188} INFO - [2024-03-14T23:54:55.672+0000] {dag.py:3047} INFO - Sync 1 DAGs
[2024-03-14T23:54:55.692+0000] {logging_mixin.py:188} INFO - [2024-03-14T23:54:55.692+0000] {dag.py:3834} INFO - Setting next_dagrun for tutorial to 2024-03-13 00:00:00+00:00, run_after=2024-03-14 00:00:00+00:00
[2024-03-14T23:54:55.706+0000] {processor.py:183} INFO - Processing /home/airflow/.local/lib/python3.8/site-packages/airflow/example_dags/tutorial.py took 0.050 seconds
[2024-03-14T23:55:26.787+0000] {processor.py:161} INFO - Started process (PID=256) to work on /home/airflow/.local/lib/python3.8/site-packages/airflow/example_dags/tutorial.py
[2024-03-14T23:55:26.788+0000] {processor.py:830} INFO - Processing file /home/airflow/.local/lib/python3.8/site-packages/airflow/example_dags/tutorial.py for tasks to queue
[2024-03-14T23:55:26.790+0000] {logging_mixin.py:188} INFO - [2024-03-14T23:55:26.790+0000] {dagbag.py:540} INFO - Filling up the DagBag from /home/airflow/.local/lib/python3.8/site-packages/airflow/example_dags/tutorial.py
[2024-03-14T23:55:26.795+0000] {processor.py:840} INFO - DAG(s) 'tutorial' retrieved from /home/airflow/.local/lib/python3.8/site-packages/airflow/example_dags/tutorial.py
[2024-03-14T23:55:26.878+0000] {logging_mixin.py:188} INFO - [2024-03-14T23:55:26.877+0000] {dag.py:3047} INFO - Sync 1 DAGs
[2024-03-14T23:55:26.893+0000] {logging_mixin.py:188} INFO - [2024-03-14T23:55:26.893+0000] {dag.py:3834} INFO - Setting next_dagrun for tutorial to 2024-03-13 00:00:00+00:00, run_after=2024-03-14 00:00:00+00:00
[2024-03-14T23:55:26.910+0000] {processor.py:183} INFO - Processing /home/airflow/.local/lib/python3.8/site-packages/airflow/example_dags/tutorial.py took 0.125 seconds
[2024-03-14T23:55:57.343+0000] {processor.py:161} INFO - Started process (PID=311) to work on /home/airflow/.local/lib/python3.8/site-packages/airflow/example_dags/tutorial.py
[2024-03-14T23:55:57.344+0000] {processor.py:830} INFO - Processing file /home/airflow/.local/lib/python3.8/site-packages/airflow/example_dags/tutorial.py for tasks to queue
[2024-03-14T23:55:57.345+0000] {logging_mixin.py:188} INFO - [2024-03-14T23:55:57.344+0000] {dagbag.py:540} INFO - Filling up the DagBag from /home/airflow/.local/lib/python3.8/site-packages/airflow/example_dags/tutorial.py
[2024-03-14T23:55:57.348+0000] {processor.py:840} INFO - DAG(s) 'tutorial' retrieved from /home/airflow/.local/lib/python3.8/site-packages/airflow/example_dags/tutorial.py
[2024-03-14T23:55:57.363+0000] {logging_mixin.py:188} INFO - [2024-03-14T23:55:57.362+0000] {dag.py:3047} INFO - Sync 1 DAGs
[2024-03-14T23:55:57.378+0000] {logging_mixin.py:188} INFO - [2024-03-14T23:55:57.378+0000] {dag.py:3834} INFO - Setting next_dagrun for tutorial to 2024-03-13 00:00:00+00:00, run_after=2024-03-14 00:00:00+00:00
[2024-03-14T23:55:57.393+0000] {processor.py:183} INFO - Processing /home/airflow/.local/lib/python3.8/site-packages/airflow/example_dags/tutorial.py took 0.051 seconds
[2024-03-14T23:56:27.467+0000] {processor.py:161} INFO - Started process (PID=366) to work on /home/airflow/.local/lib/python3.8/site-packages/airflow/example_dags/tutorial.py
[2024-03-14T23:56:27.468+0000] {processor.py:830} INFO - Processing file /home/airflow/.local/lib/python3.8/site-packages/airflow/example_dags/tutorial.py for tasks to queue
[2024-03-14T23:56:27.469+0000] {logging_mixin.py:188} INFO - [2024-03-14T23:56:27.469+0000] {dagbag.py:540} INFO - Filling up the DagBag from /home/airflow/.local/lib/python3.8/site-packages/airflow/example_dags/tutorial.py
[2024-03-14T23:56:27.473+0000] {processor.py:840} INFO - DAG(s) 'tutorial' retrieved from /home/airflow/.local/lib/python3.8/site-packages/airflow/example_dags/tutorial.py
[2024-03-14T23:56:27.487+0000] {logging_mixin.py:188} INFO - [2024-03-14T23:56:27.487+0000] {dag.py:3047} INFO - Sync 1 DAGs
[2024-03-14T23:56:27.503+0000] {logging_mixin.py:188} INFO - [2024-03-14T23:56:27.503+0000] {dag.py:3834} INFO - Setting next_dagrun for tutorial to 2024-03-13 00:00:00+00:00, run_after=2024-03-14 00:00:00+00:00
[2024-03-14T23:56:27.516+0000] {processor.py:183} INFO - Processing /home/airflow/.local/lib/python3.8/site-packages/airflow/example_dags/tutorial.py took 0.051 seconds
[2024-03-14T23:56:58.522+0000] {processor.py:161} INFO - Started process (PID=421) to work on /home/airflow/.local/lib/python3.8/site-packages/airflow/example_dags/tutorial.py
[2024-03-14T23:56:58.522+0000] {processor.py:830} INFO - Processing file /home/airflow/.local/lib/python3.8/site-packages/airflow/example_dags/tutorial.py for tasks to queue
[2024-03-14T23:56:58.524+0000] {logging_mixin.py:188} INFO - [2024-03-14T23:56:58.523+0000] {dagbag.py:540} INFO - Filling up the DagBag from /home/airflow/.local/lib/python3.8/site-packages/airflow/example_dags/tutorial.py
[2024-03-14T23:56:58.527+0000] {processor.py:840} INFO - DAG(s) 'tutorial' retrieved from /home/airflow/.local/lib/python3.8/site-packages/airflow/example_dags/tutorial.py
[2024-03-14T23:56:58.542+0000] {logging_mixin.py:188} INFO - [2024-03-14T23:56:58.542+0000] {dag.py:3047} INFO - Sync 1 DAGs
[2024-03-14T23:56:58.557+0000] {logging_mixin.py:188} INFO - [2024-03-14T23:56:58.557+0000] {dag.py:3834} INFO - Setting next_dagrun for tutorial to 2024-03-13 00:00:00+00:00, run_after=2024-03-14 00:00:00+00:00
[2024-03-14T23:56:58.569+0000] {processor.py:183} INFO - Processing /home/airflow/.local/lib/python3.8/site-packages/airflow/example_dags/tutorial.py took 0.050 seconds
[2024-03-14T23:57:28.604+0000] {processor.py:161} INFO - Started process (PID=475) to work on /home/airflow/.local/lib/python3.8/site-packages/airflow/example_dags/tutorial.py
[2024-03-14T23:57:28.605+0000] {processor.py:830} INFO - Processing file /home/airflow/.local/lib/python3.8/site-packages/airflow/example_dags/tutorial.py for tasks to queue
[2024-03-14T23:57:28.607+0000] {logging_mixin.py:188} INFO - [2024-03-14T23:57:28.606+0000] {dagbag.py:540} INFO - Filling up the DagBag from /home/airflow/.local/lib/python3.8/site-packages/airflow/example_dags/tutorial.py
[2024-03-14T23:57:28.611+0000] {processor.py:840} INFO - DAG(s) 'tutorial' retrieved from /home/airflow/.local/lib/python3.8/site-packages/airflow/example_dags/tutorial.py
[2024-03-14T23:57:28.625+0000] {logging_mixin.py:188} INFO - [2024-03-14T23:57:28.625+0000] {dag.py:3047} INFO - Sync 1 DAGs
[2024-03-14T23:57:28.643+0000] {logging_mixin.py:188} INFO - [2024-03-14T23:57:28.642+0000] {dag.py:3834} INFO - Setting next_dagrun for tutorial to 2024-03-13 00:00:00+00:00, run_after=2024-03-14 00:00:00+00:00
[2024-03-14T23:57:28.656+0000] {processor.py:183} INFO - Processing /home/airflow/.local/lib/python3.8/site-packages/airflow/example_dags/tutorial.py took 0.054 seconds
[2024-03-14T23:57:58.678+0000] {processor.py:161} INFO - Started process (PID=530) to work on /home/airflow/.local/lib/python3.8/site-packages/airflow/example_dags/tutorial.py
[2024-03-14T23:57:58.678+0000] {processor.py:830} INFO - Processing file /home/airflow/.local/lib/python3.8/site-packages/airflow/example_dags/tutorial.py for tasks to queue
[2024-03-14T23:57:58.679+0000] {logging_mixin.py:188} INFO - [2024-03-14T23:57:58.679+0000] {dagbag.py:540} INFO - Filling up the DagBag from /home/airflow/.local/lib/python3.8/site-packages/airflow/example_dags/tutorial.py
[2024-03-14T23:57:58.683+0000] {processor.py:840} INFO - DAG(s) 'tutorial' retrieved from /home/airflow/.local/lib/python3.8/site-packages/airflow/example_dags/tutorial.py
[2024-03-14T23:57:58.697+0000] {logging_mixin.py:188} INFO - [2024-03-14T23:57:58.697+0000] {dag.py:3047} INFO - Sync 1 DAGs
[2024-03-14T23:57:58.713+0000] {logging_mixin.py:188} INFO - [2024-03-14T23:57:58.713+0000] {dag.py:3834} INFO - Setting next_dagrun for tutorial to 2024-03-13 00:00:00+00:00, run_after=2024-03-14 00:00:00+00:00
[2024-03-14T23:57:58.727+0000] {processor.py:183} INFO - Processing /home/airflow/.local/lib/python3.8/site-packages/airflow/example_dags/tutorial.py took 0.052 seconds
[2024-03-14T23:58:28.887+0000] {processor.py:161} INFO - Started process (PID=586) to work on /home/airflow/.local/lib/python3.8/site-packages/airflow/example_dags/tutorial.py
[2024-03-14T23:58:28.888+0000] {processor.py:830} INFO - Processing file /home/airflow/.local/lib/python3.8/site-packages/airflow/example_dags/tutorial.py for tasks to queue
[2024-03-14T23:58:28.889+0000] {logging_mixin.py:188} INFO - [2024-03-14T23:58:28.888+0000] {dagbag.py:540} INFO - Filling up the DagBag from /home/airflow/.local/lib/python3.8/site-packages/airflow/example_dags/tutorial.py
[2024-03-14T23:58:28.893+0000] {processor.py:840} INFO - DAG(s) 'tutorial' retrieved from /home/airflow/.local/lib/python3.8/site-packages/airflow/example_dags/tutorial.py
[2024-03-14T23:58:28.906+0000] {logging_mixin.py:188} INFO - [2024-03-14T23:58:28.906+0000] {dag.py:3047} INFO - Sync 1 DAGs
[2024-03-14T23:58:28.921+0000] {logging_mixin.py:188} INFO - [2024-03-14T23:58:28.921+0000] {dag.py:3834} INFO - Setting next_dagrun for tutorial to 2024-03-13 00:00:00+00:00, run_after=2024-03-14 00:00:00+00:00
[2024-03-14T23:58:28.934+0000] {processor.py:183} INFO - Processing /home/airflow/.local/lib/python3.8/site-packages/airflow/example_dags/tutorial.py took 0.049 seconds
[2024-03-14T23:58:59.084+0000] {processor.py:161} INFO - Started process (PID=641) to work on /home/airflow/.local/lib/python3.8/site-packages/airflow/example_dags/tutorial.py
[2024-03-14T23:58:59.085+0000] {processor.py:830} INFO - Processing file /home/airflow/.local/lib/python3.8/site-packages/airflow/example_dags/tutorial.py for tasks to queue
[2024-03-14T23:58:59.086+0000] {logging_mixin.py:188} INFO - [2024-03-14T23:58:59.086+0000] {dagbag.py:540} INFO - Filling up the DagBag from /home/airflow/.local/lib/python3.8/site-packages/airflow/example_dags/tutorial.py
[2024-03-14T23:58:59.090+0000] {processor.py:840} INFO - DAG(s) 'tutorial' retrieved from /home/airflow/.local/lib/python3.8/site-packages/airflow/example_dags/tutorial.py
[2024-03-14T23:58:59.110+0000] {logging_mixin.py:188} INFO - [2024-03-14T23:58:59.109+0000] {dag.py:3047} INFO - Sync 1 DAGs
[2024-03-14T23:58:59.130+0000] {logging_mixin.py:188} INFO - [2024-03-14T23:58:59.130+0000] {dag.py:3834} INFO - Setting next_dagrun for tutorial to 2024-03-13 00:00:00+00:00, run_after=2024-03-14 00:00:00+00:00
[2024-03-14T23:58:59.146+0000] {processor.py:183} INFO - Processing /home/airflow/.local/lib/python3.8/site-packages/airflow/example_dags/tutorial.py took 0.064 seconds
