[2024-03-15T00:00:04.517+0000] {processor.py:161} INFO - Started process (PID=71) to work on /home/airflow/.local/lib/python3.8/site-packages/airflow/example_dags/example_external_task_marker_dag.py
[2024-03-15T00:00:04.517+0000] {processor.py:830} INFO - Processing file /home/airflow/.local/lib/python3.8/site-packages/airflow/example_dags/example_external_task_marker_dag.py for tasks to queue
[2024-03-15T00:00:04.519+0000] {logging_mixin.py:188} INFO - [2024-03-15T00:00:04.518+0000] {dagbag.py:540} INFO - Filling up the DagBag from /home/airflow/.local/lib/python3.8/site-packages/airflow/example_dags/example_external_task_marker_dag.py
[2024-03-15T00:00:04.525+0000] {processor.py:840} INFO - DAG(s) 'example_external_task_marker_parent', 'example_external_task_marker_child' retrieved from /home/airflow/.local/lib/python3.8/site-packages/airflow/example_dags/example_external_task_marker_dag.py
[2024-03-15T00:00:04.535+0000] {logging_mixin.py:188} INFO - [2024-03-15T00:00:04.535+0000] {dag.py:3047} INFO - Sync 2 DAGs
[2024-03-15T00:00:04.547+0000] {logging_mixin.py:188} INFO - [2024-03-15T00:00:04.546+0000] {dag.py:3834} INFO - Setting next_dagrun for example_external_task_marker_child to None, run_after=None
[2024-03-15T00:00:04.549+0000] {logging_mixin.py:188} INFO - [2024-03-15T00:00:04.549+0000] {dag.py:3834} INFO - Setting next_dagrun for example_external_task_marker_parent to None, run_after=None
[2024-03-15T00:00:04.562+0000] {processor.py:183} INFO - Processing /home/airflow/.local/lib/python3.8/site-packages/airflow/example_dags/example_external_task_marker_dag.py took 0.048 seconds
[2024-03-15T00:00:35.831+0000] {processor.py:161} INFO - Started process (PID=126) to work on /home/airflow/.local/lib/python3.8/site-packages/airflow/example_dags/example_external_task_marker_dag.py
[2024-03-15T00:00:35.832+0000] {processor.py:830} INFO - Processing file /home/airflow/.local/lib/python3.8/site-packages/airflow/example_dags/example_external_task_marker_dag.py for tasks to queue
[2024-03-15T00:00:35.833+0000] {logging_mixin.py:188} INFO - [2024-03-15T00:00:35.833+0000] {dagbag.py:540} INFO - Filling up the DagBag from /home/airflow/.local/lib/python3.8/site-packages/airflow/example_dags/example_external_task_marker_dag.py
[2024-03-15T00:00:35.837+0000] {processor.py:840} INFO - DAG(s) 'example_external_task_marker_child', 'example_external_task_marker_parent' retrieved from /home/airflow/.local/lib/python3.8/site-packages/airflow/example_dags/example_external_task_marker_dag.py
[2024-03-15T00:00:35.918+0000] {logging_mixin.py:188} INFO - [2024-03-15T00:00:35.918+0000] {dag.py:3047} INFO - Sync 2 DAGs
[2024-03-15T00:00:35.930+0000] {logging_mixin.py:188} INFO - [2024-03-15T00:00:35.930+0000] {dag.py:3834} INFO - Setting next_dagrun for example_external_task_marker_child to None, run_after=None
[2024-03-15T00:00:35.932+0000] {logging_mixin.py:188} INFO - [2024-03-15T00:00:35.932+0000] {dag.py:3834} INFO - Setting next_dagrun for example_external_task_marker_parent to None, run_after=None
[2024-03-15T00:00:35.946+0000] {processor.py:183} INFO - Processing /home/airflow/.local/lib/python3.8/site-packages/airflow/example_dags/example_external_task_marker_dag.py took 0.117 seconds
[2024-03-15T00:01:06.290+0000] {processor.py:161} INFO - Started process (PID=181) to work on /home/airflow/.local/lib/python3.8/site-packages/airflow/example_dags/example_external_task_marker_dag.py
[2024-03-15T00:01:06.290+0000] {processor.py:830} INFO - Processing file /home/airflow/.local/lib/python3.8/site-packages/airflow/example_dags/example_external_task_marker_dag.py for tasks to queue
[2024-03-15T00:01:06.291+0000] {logging_mixin.py:188} INFO - [2024-03-15T00:01:06.291+0000] {dagbag.py:540} INFO - Filling up the DagBag from /home/airflow/.local/lib/python3.8/site-packages/airflow/example_dags/example_external_task_marker_dag.py
[2024-03-15T00:01:06.295+0000] {processor.py:840} INFO - DAG(s) 'example_external_task_marker_child', 'example_external_task_marker_parent' retrieved from /home/airflow/.local/lib/python3.8/site-packages/airflow/example_dags/example_external_task_marker_dag.py
[2024-03-15T00:01:06.312+0000] {logging_mixin.py:188} INFO - [2024-03-15T00:01:06.312+0000] {dag.py:3047} INFO - Sync 2 DAGs
[2024-03-15T00:01:06.321+0000] {logging_mixin.py:188} INFO - [2024-03-15T00:01:06.321+0000] {dag.py:3834} INFO - Setting next_dagrun for example_external_task_marker_child to None, run_after=None
[2024-03-15T00:01:06.324+0000] {logging_mixin.py:188} INFO - [2024-03-15T00:01:06.324+0000] {dag.py:3834} INFO - Setting next_dagrun for example_external_task_marker_parent to None, run_after=None
[2024-03-15T00:01:06.336+0000] {processor.py:183} INFO - Processing /home/airflow/.local/lib/python3.8/site-packages/airflow/example_dags/example_external_task_marker_dag.py took 0.049 seconds
[2024-03-15T00:01:36.443+0000] {processor.py:161} INFO - Started process (PID=235) to work on /home/airflow/.local/lib/python3.8/site-packages/airflow/example_dags/example_external_task_marker_dag.py
[2024-03-15T00:01:36.444+0000] {processor.py:830} INFO - Processing file /home/airflow/.local/lib/python3.8/site-packages/airflow/example_dags/example_external_task_marker_dag.py for tasks to queue
[2024-03-15T00:01:36.445+0000] {logging_mixin.py:188} INFO - [2024-03-15T00:01:36.445+0000] {dagbag.py:540} INFO - Filling up the DagBag from /home/airflow/.local/lib/python3.8/site-packages/airflow/example_dags/example_external_task_marker_dag.py
[2024-03-15T00:01:36.449+0000] {processor.py:840} INFO - DAG(s) 'example_external_task_marker_child', 'example_external_task_marker_parent' retrieved from /home/airflow/.local/lib/python3.8/site-packages/airflow/example_dags/example_external_task_marker_dag.py
[2024-03-15T00:01:36.470+0000] {logging_mixin.py:188} INFO - [2024-03-15T00:01:36.469+0000] {dag.py:3047} INFO - Sync 2 DAGs
[2024-03-15T00:01:36.481+0000] {logging_mixin.py:188} INFO - [2024-03-15T00:01:36.480+0000] {dag.py:3834} INFO - Setting next_dagrun for example_external_task_marker_child to None, run_after=None
[2024-03-15T00:01:36.483+0000] {logging_mixin.py:188} INFO - [2024-03-15T00:01:36.483+0000] {dag.py:3834} INFO - Setting next_dagrun for example_external_task_marker_parent to None, run_after=None
[2024-03-15T00:01:36.496+0000] {processor.py:183} INFO - Processing /home/airflow/.local/lib/python3.8/site-packages/airflow/example_dags/example_external_task_marker_dag.py took 0.055 seconds
[2024-03-15T00:02:06.559+0000] {processor.py:161} INFO - Started process (PID=290) to work on /home/airflow/.local/lib/python3.8/site-packages/airflow/example_dags/example_external_task_marker_dag.py
[2024-03-15T00:02:06.560+0000] {processor.py:830} INFO - Processing file /home/airflow/.local/lib/python3.8/site-packages/airflow/example_dags/example_external_task_marker_dag.py for tasks to queue
[2024-03-15T00:02:06.561+0000] {logging_mixin.py:188} INFO - [2024-03-15T00:02:06.561+0000] {dagbag.py:540} INFO - Filling up the DagBag from /home/airflow/.local/lib/python3.8/site-packages/airflow/example_dags/example_external_task_marker_dag.py
[2024-03-15T00:02:06.565+0000] {processor.py:840} INFO - DAG(s) 'example_external_task_marker_child', 'example_external_task_marker_parent' retrieved from /home/airflow/.local/lib/python3.8/site-packages/airflow/example_dags/example_external_task_marker_dag.py
[2024-03-15T00:02:06.583+0000] {logging_mixin.py:188} INFO - [2024-03-15T00:02:06.583+0000] {dag.py:3047} INFO - Sync 2 DAGs
[2024-03-15T00:02:06.593+0000] {logging_mixin.py:188} INFO - [2024-03-15T00:02:06.593+0000] {dag.py:3834} INFO - Setting next_dagrun for example_external_task_marker_child to None, run_after=None
[2024-03-15T00:02:06.596+0000] {logging_mixin.py:188} INFO - [2024-03-15T00:02:06.596+0000] {dag.py:3834} INFO - Setting next_dagrun for example_external_task_marker_parent to None, run_after=None
[2024-03-15T00:02:06.609+0000] {processor.py:183} INFO - Processing /home/airflow/.local/lib/python3.8/site-packages/airflow/example_dags/example_external_task_marker_dag.py took 0.052 seconds
[2024-03-15T00:02:36.676+0000] {processor.py:161} INFO - Started process (PID=345) to work on /home/airflow/.local/lib/python3.8/site-packages/airflow/example_dags/example_external_task_marker_dag.py
[2024-03-15T00:02:36.677+0000] {processor.py:830} INFO - Processing file /home/airflow/.local/lib/python3.8/site-packages/airflow/example_dags/example_external_task_marker_dag.py for tasks to queue
[2024-03-15T00:02:36.678+0000] {logging_mixin.py:188} INFO - [2024-03-15T00:02:36.678+0000] {dagbag.py:540} INFO - Filling up the DagBag from /home/airflow/.local/lib/python3.8/site-packages/airflow/example_dags/example_external_task_marker_dag.py
[2024-03-15T00:02:36.682+0000] {processor.py:840} INFO - DAG(s) 'example_external_task_marker_parent', 'example_external_task_marker_child' retrieved from /home/airflow/.local/lib/python3.8/site-packages/airflow/example_dags/example_external_task_marker_dag.py
[2024-03-15T00:02:36.700+0000] {logging_mixin.py:188} INFO - [2024-03-15T00:02:36.700+0000] {dag.py:3047} INFO - Sync 2 DAGs
[2024-03-15T00:02:36.710+0000] {logging_mixin.py:188} INFO - [2024-03-15T00:02:36.709+0000] {dag.py:3834} INFO - Setting next_dagrun for example_external_task_marker_child to None, run_after=None
[2024-03-15T00:02:36.713+0000] {logging_mixin.py:188} INFO - [2024-03-15T00:02:36.712+0000] {dag.py:3834} INFO - Setting next_dagrun for example_external_task_marker_parent to None, run_after=None
[2024-03-15T00:02:36.727+0000] {processor.py:183} INFO - Processing /home/airflow/.local/lib/python3.8/site-packages/airflow/example_dags/example_external_task_marker_dag.py took 0.053 seconds
[2024-03-15T00:03:06.786+0000] {processor.py:161} INFO - Started process (PID=399) to work on /home/airflow/.local/lib/python3.8/site-packages/airflow/example_dags/example_external_task_marker_dag.py
[2024-03-15T00:03:06.787+0000] {processor.py:830} INFO - Processing file /home/airflow/.local/lib/python3.8/site-packages/airflow/example_dags/example_external_task_marker_dag.py for tasks to queue
[2024-03-15T00:03:06.788+0000] {logging_mixin.py:188} INFO - [2024-03-15T00:03:06.788+0000] {dagbag.py:540} INFO - Filling up the DagBag from /home/airflow/.local/lib/python3.8/site-packages/airflow/example_dags/example_external_task_marker_dag.py
[2024-03-15T00:03:06.792+0000] {processor.py:840} INFO - DAG(s) 'example_external_task_marker_parent', 'example_external_task_marker_child' retrieved from /home/airflow/.local/lib/python3.8/site-packages/airflow/example_dags/example_external_task_marker_dag.py
[2024-03-15T00:03:06.808+0000] {logging_mixin.py:188} INFO - [2024-03-15T00:03:06.808+0000] {dag.py:3047} INFO - Sync 2 DAGs
[2024-03-15T00:03:06.817+0000] {logging_mixin.py:188} INFO - [2024-03-15T00:03:06.817+0000] {dag.py:3834} INFO - Setting next_dagrun for example_external_task_marker_child to None, run_after=None
[2024-03-15T00:03:06.820+0000] {logging_mixin.py:188} INFO - [2024-03-15T00:03:06.819+0000] {dag.py:3834} INFO - Setting next_dagrun for example_external_task_marker_parent to None, run_after=None
[2024-03-15T00:03:06.832+0000] {processor.py:183} INFO - Processing /home/airflow/.local/lib/python3.8/site-packages/airflow/example_dags/example_external_task_marker_dag.py took 0.048 seconds
