[2024-03-15T00:00:04.496+0000] {processor.py:161} INFO - Started process (PID=70) to work on /home/airflow/.local/lib/python3.8/site-packages/airflow/example_dags/example_python_operator.py
[2024-03-15T00:00:04.496+0000] {processor.py:830} INFO - Processing file /home/airflow/.local/lib/python3.8/site-packages/airflow/example_dags/example_python_operator.py for tasks to queue
[2024-03-15T00:00:04.504+0000] {logging_mixin.py:188} INFO - [2024-03-15T00:00:04.504+0000] {dagbag.py:540} INFO - Filling up the DagBag from /home/airflow/.local/lib/python3.8/site-packages/airflow/example_dags/example_python_operator.py
[2024-03-15T00:00:04.517+0000] {processor.py:840} INFO - DAG(s) 'example_python_operator' retrieved from /home/airflow/.local/lib/python3.8/site-packages/airflow/example_dags/example_python_operator.py
[2024-03-15T00:00:04.529+0000] {logging_mixin.py:188} INFO - [2024-03-15T00:00:04.529+0000] {dag.py:3047} INFO - Sync 1 DAGs
[2024-03-15T00:00:04.541+0000] {logging_mixin.py:188} INFO - [2024-03-15T00:00:04.541+0000] {dag.py:3834} INFO - Setting next_dagrun for example_python_operator to None, run_after=None
[2024-03-15T00:00:04.555+0000] {processor.py:183} INFO - Processing /home/airflow/.local/lib/python3.8/site-packages/airflow/example_dags/example_python_operator.py took 0.062 seconds
[2024-03-15T00:00:35.732+0000] {processor.py:161} INFO - Started process (PID=125) to work on /home/airflow/.local/lib/python3.8/site-packages/airflow/example_dags/example_python_operator.py
[2024-03-15T00:00:35.733+0000] {processor.py:830} INFO - Processing file /home/airflow/.local/lib/python3.8/site-packages/airflow/example_dags/example_python_operator.py for tasks to queue
[2024-03-15T00:00:35.735+0000] {logging_mixin.py:188} INFO - [2024-03-15T00:00:35.734+0000] {dagbag.py:540} INFO - Filling up the DagBag from /home/airflow/.local/lib/python3.8/site-packages/airflow/example_dags/example_python_operator.py
[2024-03-15T00:00:35.742+0000] {processor.py:840} INFO - DAG(s) 'example_python_operator' retrieved from /home/airflow/.local/lib/python3.8/site-packages/airflow/example_dags/example_python_operator.py
[2024-03-15T00:00:35.818+0000] {logging_mixin.py:188} INFO - [2024-03-15T00:00:35.818+0000] {dag.py:3047} INFO - Sync 1 DAGs
[2024-03-15T00:00:35.826+0000] {logging_mixin.py:188} INFO - [2024-03-15T00:00:35.826+0000] {dag.py:3834} INFO - Setting next_dagrun for example_python_operator to None, run_after=None
[2024-03-15T00:00:35.840+0000] {processor.py:183} INFO - Processing /home/airflow/.local/lib/python3.8/site-packages/airflow/example_dags/example_python_operator.py took 0.110 seconds
[2024-03-15T00:01:06.227+0000] {processor.py:161} INFO - Started process (PID=180) to work on /home/airflow/.local/lib/python3.8/site-packages/airflow/example_dags/example_python_operator.py
[2024-03-15T00:01:06.227+0000] {processor.py:830} INFO - Processing file /home/airflow/.local/lib/python3.8/site-packages/airflow/example_dags/example_python_operator.py for tasks to queue
[2024-03-15T00:01:06.228+0000] {logging_mixin.py:188} INFO - [2024-03-15T00:01:06.228+0000] {dagbag.py:540} INFO - Filling up the DagBag from /home/airflow/.local/lib/python3.8/site-packages/airflow/example_dags/example_python_operator.py
[2024-03-15T00:01:06.235+0000] {processor.py:840} INFO - DAG(s) 'example_python_operator' retrieved from /home/airflow/.local/lib/python3.8/site-packages/airflow/example_dags/example_python_operator.py
[2024-03-15T00:01:06.253+0000] {logging_mixin.py:188} INFO - [2024-03-15T00:01:06.252+0000] {dag.py:3047} INFO - Sync 1 DAGs
[2024-03-15T00:01:06.263+0000] {logging_mixin.py:188} INFO - [2024-03-15T00:01:06.262+0000] {dag.py:3834} INFO - Setting next_dagrun for example_python_operator to None, run_after=None
[2024-03-15T00:01:06.276+0000] {processor.py:183} INFO - Processing /home/airflow/.local/lib/python3.8/site-packages/airflow/example_dags/example_python_operator.py took 0.051 seconds
[2024-03-15T00:01:36.389+0000] {processor.py:161} INFO - Started process (PID=234) to work on /home/airflow/.local/lib/python3.8/site-packages/airflow/example_dags/example_python_operator.py
[2024-03-15T00:01:36.390+0000] {processor.py:830} INFO - Processing file /home/airflow/.local/lib/python3.8/site-packages/airflow/example_dags/example_python_operator.py for tasks to queue
[2024-03-15T00:01:36.391+0000] {logging_mixin.py:188} INFO - [2024-03-15T00:01:36.391+0000] {dagbag.py:540} INFO - Filling up the DagBag from /home/airflow/.local/lib/python3.8/site-packages/airflow/example_dags/example_python_operator.py
[2024-03-15T00:01:36.399+0000] {processor.py:840} INFO - DAG(s) 'example_python_operator' retrieved from /home/airflow/.local/lib/python3.8/site-packages/airflow/example_dags/example_python_operator.py
[2024-03-15T00:01:36.415+0000] {logging_mixin.py:188} INFO - [2024-03-15T00:01:36.415+0000] {dag.py:3047} INFO - Sync 1 DAGs
[2024-03-15T00:01:36.425+0000] {logging_mixin.py:188} INFO - [2024-03-15T00:01:36.424+0000] {dag.py:3834} INFO - Setting next_dagrun for example_python_operator to None, run_after=None
[2024-03-15T00:01:36.439+0000] {processor.py:183} INFO - Processing /home/airflow/.local/lib/python3.8/site-packages/airflow/example_dags/example_python_operator.py took 0.051 seconds
[2024-03-15T00:02:06.508+0000] {processor.py:161} INFO - Started process (PID=289) to work on /home/airflow/.local/lib/python3.8/site-packages/airflow/example_dags/example_python_operator.py
[2024-03-15T00:02:06.509+0000] {processor.py:830} INFO - Processing file /home/airflow/.local/lib/python3.8/site-packages/airflow/example_dags/example_python_operator.py for tasks to queue
[2024-03-15T00:02:06.510+0000] {logging_mixin.py:188} INFO - [2024-03-15T00:02:06.510+0000] {dagbag.py:540} INFO - Filling up the DagBag from /home/airflow/.local/lib/python3.8/site-packages/airflow/example_dags/example_python_operator.py
[2024-03-15T00:02:06.517+0000] {processor.py:840} INFO - DAG(s) 'example_python_operator' retrieved from /home/airflow/.local/lib/python3.8/site-packages/airflow/example_dags/example_python_operator.py
[2024-03-15T00:02:06.534+0000] {logging_mixin.py:188} INFO - [2024-03-15T00:02:06.534+0000] {dag.py:3047} INFO - Sync 1 DAGs
[2024-03-15T00:02:06.543+0000] {logging_mixin.py:188} INFO - [2024-03-15T00:02:06.543+0000] {dag.py:3834} INFO - Setting next_dagrun for example_python_operator to None, run_after=None
[2024-03-15T00:02:06.556+0000] {processor.py:183} INFO - Processing /home/airflow/.local/lib/python3.8/site-packages/airflow/example_dags/example_python_operator.py took 0.051 seconds
[2024-03-15T00:02:36.625+0000] {processor.py:161} INFO - Started process (PID=344) to work on /home/airflow/.local/lib/python3.8/site-packages/airflow/example_dags/example_python_operator.py
[2024-03-15T00:02:36.626+0000] {processor.py:830} INFO - Processing file /home/airflow/.local/lib/python3.8/site-packages/airflow/example_dags/example_python_operator.py for tasks to queue
[2024-03-15T00:02:36.627+0000] {logging_mixin.py:188} INFO - [2024-03-15T00:02:36.627+0000] {dagbag.py:540} INFO - Filling up the DagBag from /home/airflow/.local/lib/python3.8/site-packages/airflow/example_dags/example_python_operator.py
[2024-03-15T00:02:36.634+0000] {processor.py:840} INFO - DAG(s) 'example_python_operator' retrieved from /home/airflow/.local/lib/python3.8/site-packages/airflow/example_dags/example_python_operator.py
[2024-03-15T00:02:36.650+0000] {logging_mixin.py:188} INFO - [2024-03-15T00:02:36.650+0000] {dag.py:3047} INFO - Sync 1 DAGs
[2024-03-15T00:02:36.659+0000] {logging_mixin.py:188} INFO - [2024-03-15T00:02:36.659+0000] {dag.py:3834} INFO - Setting next_dagrun for example_python_operator to None, run_after=None
[2024-03-15T00:02:36.672+0000] {processor.py:183} INFO - Processing /home/airflow/.local/lib/python3.8/site-packages/airflow/example_dags/example_python_operator.py took 0.050 seconds
[2024-03-15T00:03:06.733+0000] {processor.py:161} INFO - Started process (PID=398) to work on /home/airflow/.local/lib/python3.8/site-packages/airflow/example_dags/example_python_operator.py
[2024-03-15T00:03:06.734+0000] {processor.py:830} INFO - Processing file /home/airflow/.local/lib/python3.8/site-packages/airflow/example_dags/example_python_operator.py for tasks to queue
[2024-03-15T00:03:06.735+0000] {logging_mixin.py:188} INFO - [2024-03-15T00:03:06.735+0000] {dagbag.py:540} INFO - Filling up the DagBag from /home/airflow/.local/lib/python3.8/site-packages/airflow/example_dags/example_python_operator.py
[2024-03-15T00:03:06.742+0000] {processor.py:840} INFO - DAG(s) 'example_python_operator' retrieved from /home/airflow/.local/lib/python3.8/site-packages/airflow/example_dags/example_python_operator.py
[2024-03-15T00:03:06.758+0000] {logging_mixin.py:188} INFO - [2024-03-15T00:03:06.758+0000] {dag.py:3047} INFO - Sync 1 DAGs
[2024-03-15T00:03:06.766+0000] {logging_mixin.py:188} INFO - [2024-03-15T00:03:06.766+0000] {dag.py:3834} INFO - Setting next_dagrun for example_python_operator to None, run_after=None
[2024-03-15T00:03:06.779+0000] {processor.py:183} INFO - Processing /home/airflow/.local/lib/python3.8/site-packages/airflow/example_dags/example_python_operator.py took 0.048 seconds
