[2024-03-15T00:00:03.146+0000] {processor.py:161} INFO - Started process (PID=37) to work on /home/airflow/.local/lib/python3.8/site-packages/airflow/example_dags/example_sensors.py
[2024-03-15T00:00:03.147+0000] {processor.py:830} INFO - Processing file /home/airflow/.local/lib/python3.8/site-packages/airflow/example_dags/example_sensors.py for tasks to queue
[2024-03-15T00:00:03.148+0000] {logging_mixin.py:188} INFO - [2024-03-15T00:00:03.147+0000] {dagbag.py:540} INFO - Filling up the DagBag from /home/airflow/.local/lib/python3.8/site-packages/airflow/example_dags/example_sensors.py
[2024-03-15T00:00:03.156+0000] {processor.py:840} INFO - DAG(s) 'example_sensors' retrieved from /home/airflow/.local/lib/python3.8/site-packages/airflow/example_dags/example_sensors.py
[2024-03-15T00:00:03.163+0000] {logging_mixin.py:188} INFO - [2024-03-15T00:00:03.163+0000] {dag.py:3047} INFO - Sync 1 DAGs
[2024-03-15T00:00:03.173+0000] {logging_mixin.py:188} INFO - [2024-03-15T00:00:03.173+0000] {dag.py:3834} INFO - Setting next_dagrun for example_sensors to None, run_after=None
[2024-03-15T00:00:03.188+0000] {processor.py:183} INFO - Processing /home/airflow/.local/lib/python3.8/site-packages/airflow/example_dags/example_sensors.py took 0.044 seconds
[2024-03-15T00:00:33.504+0000] {processor.py:161} INFO - Started process (PID=92) to work on /home/airflow/.local/lib/python3.8/site-packages/airflow/example_dags/example_sensors.py
[2024-03-15T00:00:33.505+0000] {processor.py:830} INFO - Processing file /home/airflow/.local/lib/python3.8/site-packages/airflow/example_dags/example_sensors.py for tasks to queue
[2024-03-15T00:00:33.506+0000] {logging_mixin.py:188} INFO - [2024-03-15T00:00:33.506+0000] {dagbag.py:540} INFO - Filling up the DagBag from /home/airflow/.local/lib/python3.8/site-packages/airflow/example_dags/example_sensors.py
[2024-03-15T00:00:33.513+0000] {processor.py:840} INFO - DAG(s) 'example_sensors' retrieved from /home/airflow/.local/lib/python3.8/site-packages/airflow/example_dags/example_sensors.py
[2024-03-15T00:00:33.592+0000] {logging_mixin.py:188} INFO - [2024-03-15T00:00:33.592+0000] {dag.py:3047} INFO - Sync 1 DAGs
[2024-03-15T00:00:33.600+0000] {logging_mixin.py:188} INFO - [2024-03-15T00:00:33.600+0000] {dag.py:3834} INFO - Setting next_dagrun for example_sensors to None, run_after=None
[2024-03-15T00:00:33.614+0000] {processor.py:183} INFO - Processing /home/airflow/.local/lib/python3.8/site-packages/airflow/example_dags/example_sensors.py took 0.112 seconds
[2024-03-15T00:01:03.643+0000] {processor.py:161} INFO - Started process (PID=147) to work on /home/airflow/.local/lib/python3.8/site-packages/airflow/example_dags/example_sensors.py
[2024-03-15T00:01:03.643+0000] {processor.py:830} INFO - Processing file /home/airflow/.local/lib/python3.8/site-packages/airflow/example_dags/example_sensors.py for tasks to queue
[2024-03-15T00:01:03.644+0000] {logging_mixin.py:188} INFO - [2024-03-15T00:01:03.644+0000] {dagbag.py:540} INFO - Filling up the DagBag from /home/airflow/.local/lib/python3.8/site-packages/airflow/example_dags/example_sensors.py
[2024-03-15T00:01:03.650+0000] {processor.py:840} INFO - DAG(s) 'example_sensors' retrieved from /home/airflow/.local/lib/python3.8/site-packages/airflow/example_dags/example_sensors.py
[2024-03-15T00:01:03.670+0000] {logging_mixin.py:188} INFO - [2024-03-15T00:01:03.670+0000] {dag.py:3047} INFO - Sync 1 DAGs
[2024-03-15T00:01:03.682+0000] {logging_mixin.py:188} INFO - [2024-03-15T00:01:03.681+0000] {dag.py:3834} INFO - Setting next_dagrun for example_sensors to None, run_after=None
[2024-03-15T00:01:03.700+0000] {processor.py:183} INFO - Processing /home/airflow/.local/lib/python3.8/site-packages/airflow/example_dags/example_sensors.py took 0.060 seconds
[2024-03-15T00:01:33.953+0000] {processor.py:161} INFO - Started process (PID=201) to work on /home/airflow/.local/lib/python3.8/site-packages/airflow/example_dags/example_sensors.py
[2024-03-15T00:01:33.954+0000] {processor.py:830} INFO - Processing file /home/airflow/.local/lib/python3.8/site-packages/airflow/example_dags/example_sensors.py for tasks to queue
[2024-03-15T00:01:33.955+0000] {logging_mixin.py:188} INFO - [2024-03-15T00:01:33.955+0000] {dagbag.py:540} INFO - Filling up the DagBag from /home/airflow/.local/lib/python3.8/site-packages/airflow/example_dags/example_sensors.py
[2024-03-15T00:01:33.962+0000] {processor.py:840} INFO - DAG(s) 'example_sensors' retrieved from /home/airflow/.local/lib/python3.8/site-packages/airflow/example_dags/example_sensors.py
[2024-03-15T00:01:33.982+0000] {logging_mixin.py:188} INFO - [2024-03-15T00:01:33.982+0000] {dag.py:3047} INFO - Sync 1 DAGs
[2024-03-15T00:01:33.995+0000] {logging_mixin.py:188} INFO - [2024-03-15T00:01:33.994+0000] {dag.py:3834} INFO - Setting next_dagrun for example_sensors to None, run_after=None
[2024-03-15T00:01:34.013+0000] {processor.py:183} INFO - Processing /home/airflow/.local/lib/python3.8/site-packages/airflow/example_dags/example_sensors.py took 0.062 seconds
[2024-03-15T00:02:04.145+0000] {processor.py:161} INFO - Started process (PID=256) to work on /home/airflow/.local/lib/python3.8/site-packages/airflow/example_dags/example_sensors.py
[2024-03-15T00:02:04.146+0000] {processor.py:830} INFO - Processing file /home/airflow/.local/lib/python3.8/site-packages/airflow/example_dags/example_sensors.py for tasks to queue
[2024-03-15T00:02:04.147+0000] {logging_mixin.py:188} INFO - [2024-03-15T00:02:04.147+0000] {dagbag.py:540} INFO - Filling up the DagBag from /home/airflow/.local/lib/python3.8/site-packages/airflow/example_dags/example_sensors.py
[2024-03-15T00:02:04.153+0000] {processor.py:840} INFO - DAG(s) 'example_sensors' retrieved from /home/airflow/.local/lib/python3.8/site-packages/airflow/example_dags/example_sensors.py
[2024-03-15T00:02:04.172+0000] {logging_mixin.py:188} INFO - [2024-03-15T00:02:04.172+0000] {dag.py:3047} INFO - Sync 1 DAGs
[2024-03-15T00:02:04.181+0000] {logging_mixin.py:188} INFO - [2024-03-15T00:02:04.181+0000] {dag.py:3834} INFO - Setting next_dagrun for example_sensors to None, run_after=None
[2024-03-15T00:02:04.195+0000] {processor.py:183} INFO - Processing /home/airflow/.local/lib/python3.8/site-packages/airflow/example_dags/example_sensors.py took 0.052 seconds
[2024-03-15T00:02:34.259+0000] {processor.py:161} INFO - Started process (PID=311) to work on /home/airflow/.local/lib/python3.8/site-packages/airflow/example_dags/example_sensors.py
[2024-03-15T00:02:34.260+0000] {processor.py:830} INFO - Processing file /home/airflow/.local/lib/python3.8/site-packages/airflow/example_dags/example_sensors.py for tasks to queue
[2024-03-15T00:02:34.261+0000] {logging_mixin.py:188} INFO - [2024-03-15T00:02:34.261+0000] {dagbag.py:540} INFO - Filling up the DagBag from /home/airflow/.local/lib/python3.8/site-packages/airflow/example_dags/example_sensors.py
[2024-03-15T00:02:34.267+0000] {processor.py:840} INFO - DAG(s) 'example_sensors' retrieved from /home/airflow/.local/lib/python3.8/site-packages/airflow/example_dags/example_sensors.py
[2024-03-15T00:02:34.286+0000] {logging_mixin.py:188} INFO - [2024-03-15T00:02:34.286+0000] {dag.py:3047} INFO - Sync 1 DAGs
[2024-03-15T00:02:34.296+0000] {logging_mixin.py:188} INFO - [2024-03-15T00:02:34.295+0000] {dag.py:3834} INFO - Setting next_dagrun for example_sensors to None, run_after=None
[2024-03-15T00:02:34.309+0000] {processor.py:183} INFO - Processing /home/airflow/.local/lib/python3.8/site-packages/airflow/example_dags/example_sensors.py took 0.053 seconds
[2024-03-15T00:03:04.460+0000] {processor.py:161} INFO - Started process (PID=365) to work on /home/airflow/.local/lib/python3.8/site-packages/airflow/example_dags/example_sensors.py
[2024-03-15T00:03:04.461+0000] {processor.py:830} INFO - Processing file /home/airflow/.local/lib/python3.8/site-packages/airflow/example_dags/example_sensors.py for tasks to queue
[2024-03-15T00:03:04.462+0000] {logging_mixin.py:188} INFO - [2024-03-15T00:03:04.462+0000] {dagbag.py:540} INFO - Filling up the DagBag from /home/airflow/.local/lib/python3.8/site-packages/airflow/example_dags/example_sensors.py
[2024-03-15T00:03:04.469+0000] {processor.py:840} INFO - DAG(s) 'example_sensors' retrieved from /home/airflow/.local/lib/python3.8/site-packages/airflow/example_dags/example_sensors.py
[2024-03-15T00:03:04.487+0000] {logging_mixin.py:188} INFO - [2024-03-15T00:03:04.487+0000] {dag.py:3047} INFO - Sync 1 DAGs
[2024-03-15T00:03:04.496+0000] {logging_mixin.py:188} INFO - [2024-03-15T00:03:04.496+0000] {dag.py:3834} INFO - Setting next_dagrun for example_sensors to None, run_after=None
[2024-03-15T00:03:04.510+0000] {processor.py:183} INFO - Processing /home/airflow/.local/lib/python3.8/site-packages/airflow/example_dags/example_sensors.py took 0.052 seconds
