[2024-03-15T00:00:02.819+0000] {processor.py:161} INFO - Started process (PID=32) to work on /home/airflow/.local/lib/python3.8/site-packages/airflow/example_dags/example_latest_only.py
[2024-03-15T00:00:02.819+0000] {processor.py:830} INFO - Processing file /home/airflow/.local/lib/python3.8/site-packages/airflow/example_dags/example_latest_only.py for tasks to queue
[2024-03-15T00:00:02.821+0000] {logging_mixin.py:188} INFO - [2024-03-15T00:00:02.820+0000] {dagbag.py:540} INFO - Filling up the DagBag from /home/airflow/.local/lib/python3.8/site-packages/airflow/example_dags/example_latest_only.py
[2024-03-15T00:00:02.836+0000] {processor.py:840} INFO - DAG(s) 'latest_only' retrieved from /home/airflow/.local/lib/python3.8/site-packages/airflow/example_dags/example_latest_only.py
[2024-03-15T00:00:02.859+0000] {logging_mixin.py:188} INFO - [2024-03-15T00:00:02.858+0000] {dag.py:3047} INFO - Sync 1 DAGs
[2024-03-15T00:00:02.879+0000] {logging_mixin.py:188} INFO - [2024-03-15T00:00:02.879+0000] {dag.py:3834} INFO - Setting next_dagrun for latest_only to 2024-03-14 20:00:00+00:00, run_after=2024-03-15 00:00:00+00:00
[2024-03-15T00:00:02.892+0000] {processor.py:183} INFO - Processing /home/airflow/.local/lib/python3.8/site-packages/airflow/example_dags/example_latest_only.py took 0.078 seconds
[2024-03-15T00:00:33.054+0000] {processor.py:161} INFO - Started process (PID=87) to work on /home/airflow/.local/lib/python3.8/site-packages/airflow/example_dags/example_latest_only.py
[2024-03-15T00:00:33.055+0000] {processor.py:830} INFO - Processing file /home/airflow/.local/lib/python3.8/site-packages/airflow/example_dags/example_latest_only.py for tasks to queue
[2024-03-15T00:00:33.060+0000] {logging_mixin.py:188} INFO - [2024-03-15T00:00:33.059+0000] {dagbag.py:540} INFO - Filling up the DagBag from /home/airflow/.local/lib/python3.8/site-packages/airflow/example_dags/example_latest_only.py
[2024-03-15T00:00:33.066+0000] {processor.py:840} INFO - DAG(s) 'latest_only' retrieved from /home/airflow/.local/lib/python3.8/site-packages/airflow/example_dags/example_latest_only.py
[2024-03-15T00:00:33.212+0000] {logging_mixin.py:188} INFO - [2024-03-15T00:00:33.211+0000] {dag.py:3047} INFO - Sync 1 DAGs
[2024-03-15T00:00:33.229+0000] {logging_mixin.py:188} INFO - [2024-03-15T00:00:33.228+0000] {dag.py:3834} INFO - Setting next_dagrun for latest_only to 2024-03-14 20:00:00+00:00, run_after=2024-03-15 00:00:00+00:00
[2024-03-15T00:00:33.243+0000] {processor.py:183} INFO - Processing /home/airflow/.local/lib/python3.8/site-packages/airflow/example_dags/example_latest_only.py took 0.192 seconds
[2024-03-15T00:01:03.416+0000] {processor.py:161} INFO - Started process (PID=142) to work on /home/airflow/.local/lib/python3.8/site-packages/airflow/example_dags/example_latest_only.py
[2024-03-15T00:01:03.417+0000] {processor.py:830} INFO - Processing file /home/airflow/.local/lib/python3.8/site-packages/airflow/example_dags/example_latest_only.py for tasks to queue
[2024-03-15T00:01:03.418+0000] {logging_mixin.py:188} INFO - [2024-03-15T00:01:03.418+0000] {dagbag.py:540} INFO - Filling up the DagBag from /home/airflow/.local/lib/python3.8/site-packages/airflow/example_dags/example_latest_only.py
[2024-03-15T00:01:03.421+0000] {processor.py:840} INFO - DAG(s) 'latest_only' retrieved from /home/airflow/.local/lib/python3.8/site-packages/airflow/example_dags/example_latest_only.py
[2024-03-15T00:01:03.436+0000] {logging_mixin.py:188} INFO - [2024-03-15T00:01:03.436+0000] {dag.py:3047} INFO - Sync 1 DAGs
[2024-03-15T00:01:03.454+0000] {logging_mixin.py:188} INFO - [2024-03-15T00:01:03.454+0000] {dag.py:3834} INFO - Setting next_dagrun for latest_only to 2024-03-14 20:00:00+00:00, run_after=2024-03-15 00:00:00+00:00
[2024-03-15T00:01:03.469+0000] {processor.py:183} INFO - Processing /home/airflow/.local/lib/python3.8/site-packages/airflow/example_dags/example_latest_only.py took 0.055 seconds
[2024-03-15T00:01:33.735+0000] {processor.py:161} INFO - Started process (PID=196) to work on /home/airflow/.local/lib/python3.8/site-packages/airflow/example_dags/example_latest_only.py
[2024-03-15T00:01:33.736+0000] {processor.py:830} INFO - Processing file /home/airflow/.local/lib/python3.8/site-packages/airflow/example_dags/example_latest_only.py for tasks to queue
[2024-03-15T00:01:33.737+0000] {logging_mixin.py:188} INFO - [2024-03-15T00:01:33.737+0000] {dagbag.py:540} INFO - Filling up the DagBag from /home/airflow/.local/lib/python3.8/site-packages/airflow/example_dags/example_latest_only.py
[2024-03-15T00:01:33.741+0000] {processor.py:840} INFO - DAG(s) 'latest_only' retrieved from /home/airflow/.local/lib/python3.8/site-packages/airflow/example_dags/example_latest_only.py
[2024-03-15T00:01:33.756+0000] {logging_mixin.py:188} INFO - [2024-03-15T00:01:33.756+0000] {dag.py:3047} INFO - Sync 1 DAGs
[2024-03-15T00:01:33.772+0000] {logging_mixin.py:188} INFO - [2024-03-15T00:01:33.771+0000] {dag.py:3834} INFO - Setting next_dagrun for latest_only to 2024-03-14 20:00:00+00:00, run_after=2024-03-15 00:00:00+00:00
[2024-03-15T00:01:33.786+0000] {processor.py:183} INFO - Processing /home/airflow/.local/lib/python3.8/site-packages/airflow/example_dags/example_latest_only.py took 0.053 seconds
[2024-03-15T00:02:03.936+0000] {processor.py:161} INFO - Started process (PID=251) to work on /home/airflow/.local/lib/python3.8/site-packages/airflow/example_dags/example_latest_only.py
[2024-03-15T00:02:03.938+0000] {processor.py:830} INFO - Processing file /home/airflow/.local/lib/python3.8/site-packages/airflow/example_dags/example_latest_only.py for tasks to queue
[2024-03-15T00:02:03.940+0000] {logging_mixin.py:188} INFO - [2024-03-15T00:02:03.939+0000] {dagbag.py:540} INFO - Filling up the DagBag from /home/airflow/.local/lib/python3.8/site-packages/airflow/example_dags/example_latest_only.py
[2024-03-15T00:02:03.943+0000] {processor.py:840} INFO - DAG(s) 'latest_only' retrieved from /home/airflow/.local/lib/python3.8/site-packages/airflow/example_dags/example_latest_only.py
[2024-03-15T00:02:03.959+0000] {logging_mixin.py:188} INFO - [2024-03-15T00:02:03.959+0000] {dag.py:3047} INFO - Sync 1 DAGs
[2024-03-15T00:02:03.976+0000] {logging_mixin.py:188} INFO - [2024-03-15T00:02:03.975+0000] {dag.py:3834} INFO - Setting next_dagrun for latest_only to 2024-03-14 20:00:00+00:00, run_after=2024-03-15 00:00:00+00:00
[2024-03-15T00:02:03.989+0000] {processor.py:183} INFO - Processing /home/airflow/.local/lib/python3.8/site-packages/airflow/example_dags/example_latest_only.py took 0.055 seconds
[2024-03-15T00:02:34.050+0000] {processor.py:161} INFO - Started process (PID=306) to work on /home/airflow/.local/lib/python3.8/site-packages/airflow/example_dags/example_latest_only.py
[2024-03-15T00:02:34.053+0000] {processor.py:830} INFO - Processing file /home/airflow/.local/lib/python3.8/site-packages/airflow/example_dags/example_latest_only.py for tasks to queue
[2024-03-15T00:02:34.054+0000] {logging_mixin.py:188} INFO - [2024-03-15T00:02:34.054+0000] {dagbag.py:540} INFO - Filling up the DagBag from /home/airflow/.local/lib/python3.8/site-packages/airflow/example_dags/example_latest_only.py
[2024-03-15T00:02:34.060+0000] {processor.py:840} INFO - DAG(s) 'latest_only' retrieved from /home/airflow/.local/lib/python3.8/site-packages/airflow/example_dags/example_latest_only.py
[2024-03-15T00:02:34.075+0000] {logging_mixin.py:188} INFO - [2024-03-15T00:02:34.075+0000] {dag.py:3047} INFO - Sync 1 DAGs
[2024-03-15T00:02:34.093+0000] {logging_mixin.py:188} INFO - [2024-03-15T00:02:34.093+0000] {dag.py:3834} INFO - Setting next_dagrun for latest_only to 2024-03-14 20:00:00+00:00, run_after=2024-03-15 00:00:00+00:00
[2024-03-15T00:02:34.108+0000] {processor.py:183} INFO - Processing /home/airflow/.local/lib/python3.8/site-packages/airflow/example_dags/example_latest_only.py took 0.060 seconds
[2024-03-15T00:03:04.256+0000] {processor.py:161} INFO - Started process (PID=360) to work on /home/airflow/.local/lib/python3.8/site-packages/airflow/example_dags/example_latest_only.py
[2024-03-15T00:03:04.258+0000] {processor.py:830} INFO - Processing file /home/airflow/.local/lib/python3.8/site-packages/airflow/example_dags/example_latest_only.py for tasks to queue
[2024-03-15T00:03:04.260+0000] {logging_mixin.py:188} INFO - [2024-03-15T00:03:04.260+0000] {dagbag.py:540} INFO - Filling up the DagBag from /home/airflow/.local/lib/python3.8/site-packages/airflow/example_dags/example_latest_only.py
[2024-03-15T00:03:04.264+0000] {processor.py:840} INFO - DAG(s) 'latest_only' retrieved from /home/airflow/.local/lib/python3.8/site-packages/airflow/example_dags/example_latest_only.py
[2024-03-15T00:03:04.282+0000] {logging_mixin.py:188} INFO - [2024-03-15T00:03:04.281+0000] {dag.py:3047} INFO - Sync 1 DAGs
[2024-03-15T00:03:04.301+0000] {logging_mixin.py:188} INFO - [2024-03-15T00:03:04.300+0000] {dag.py:3834} INFO - Setting next_dagrun for latest_only to 2024-03-14 20:00:00+00:00, run_after=2024-03-15 00:00:00+00:00
[2024-03-15T00:03:04.316+0000] {processor.py:183} INFO - Processing /home/airflow/.local/lib/python3.8/site-packages/airflow/example_dags/example_latest_only.py took 0.062 seconds
