[2024-03-15T00:00:04.140+0000] {processor.py:161} INFO - Started process (PID=63) to work on /home/airflow/.local/lib/python3.8/site-packages/airflow/example_dags/example_python_decorator.py
[2024-03-15T00:00:04.141+0000] {processor.py:830} INFO - Processing file /home/airflow/.local/lib/python3.8/site-packages/airflow/example_dags/example_python_decorator.py for tasks to queue
[2024-03-15T00:00:04.142+0000] {logging_mixin.py:188} INFO - [2024-03-15T00:00:04.142+0000] {dagbag.py:540} INFO - Filling up the DagBag from /home/airflow/.local/lib/python3.8/site-packages/airflow/example_dags/example_python_decorator.py
[2024-03-15T00:00:04.152+0000] {processor.py:840} INFO - DAG(s) 'example_python_decorator' retrieved from /home/airflow/.local/lib/python3.8/site-packages/airflow/example_dags/example_python_decorator.py
[2024-03-15T00:00:04.164+0000] {logging_mixin.py:188} INFO - [2024-03-15T00:00:04.164+0000] {dag.py:3047} INFO - Sync 1 DAGs
[2024-03-15T00:00:04.175+0000] {logging_mixin.py:188} INFO - [2024-03-15T00:00:04.175+0000] {dag.py:3834} INFO - Setting next_dagrun for example_python_decorator to None, run_after=None
[2024-03-15T00:00:04.194+0000] {processor.py:183} INFO - Processing /home/airflow/.local/lib/python3.8/site-packages/airflow/example_dags/example_python_decorator.py took 0.057 seconds
[2024-03-15T00:00:35.237+0000] {processor.py:161} INFO - Started process (PID=118) to work on /home/airflow/.local/lib/python3.8/site-packages/airflow/example_dags/example_python_decorator.py
[2024-03-15T00:00:35.238+0000] {processor.py:830} INFO - Processing file /home/airflow/.local/lib/python3.8/site-packages/airflow/example_dags/example_python_decorator.py for tasks to queue
[2024-03-15T00:00:35.239+0000] {logging_mixin.py:188} INFO - [2024-03-15T00:00:35.239+0000] {dagbag.py:540} INFO - Filling up the DagBag from /home/airflow/.local/lib/python3.8/site-packages/airflow/example_dags/example_python_decorator.py
[2024-03-15T00:00:35.248+0000] {processor.py:840} INFO - DAG(s) 'example_python_decorator' retrieved from /home/airflow/.local/lib/python3.8/site-packages/airflow/example_dags/example_python_decorator.py
[2024-03-15T00:00:35.325+0000] {logging_mixin.py:188} INFO - [2024-03-15T00:00:35.324+0000] {dag.py:3047} INFO - Sync 1 DAGs
[2024-03-15T00:00:35.333+0000] {logging_mixin.py:188} INFO - [2024-03-15T00:00:35.332+0000] {dag.py:3834} INFO - Setting next_dagrun for example_python_decorator to None, run_after=None
[2024-03-15T00:00:35.347+0000] {processor.py:183} INFO - Processing /home/airflow/.local/lib/python3.8/site-packages/airflow/example_dags/example_python_decorator.py took 0.112 seconds
[2024-03-15T00:01:05.924+0000] {processor.py:161} INFO - Started process (PID=173) to work on /home/airflow/.local/lib/python3.8/site-packages/airflow/example_dags/example_python_decorator.py
[2024-03-15T00:01:05.925+0000] {processor.py:830} INFO - Processing file /home/airflow/.local/lib/python3.8/site-packages/airflow/example_dags/example_python_decorator.py for tasks to queue
[2024-03-15T00:01:05.926+0000] {logging_mixin.py:188} INFO - [2024-03-15T00:01:05.926+0000] {dagbag.py:540} INFO - Filling up the DagBag from /home/airflow/.local/lib/python3.8/site-packages/airflow/example_dags/example_python_decorator.py
[2024-03-15T00:01:05.939+0000] {processor.py:840} INFO - DAG(s) 'example_python_decorator' retrieved from /home/airflow/.local/lib/python3.8/site-packages/airflow/example_dags/example_python_decorator.py
[2024-03-15T00:01:05.956+0000] {logging_mixin.py:188} INFO - [2024-03-15T00:01:05.955+0000] {dag.py:3047} INFO - Sync 1 DAGs
[2024-03-15T00:01:05.968+0000] {logging_mixin.py:188} INFO - [2024-03-15T00:01:05.968+0000] {dag.py:3834} INFO - Setting next_dagrun for example_python_decorator to None, run_after=None
[2024-03-15T00:01:05.984+0000] {processor.py:183} INFO - Processing /home/airflow/.local/lib/python3.8/site-packages/airflow/example_dags/example_python_decorator.py took 0.062 seconds
[2024-03-15T00:01:36.089+0000] {processor.py:161} INFO - Started process (PID=227) to work on /home/airflow/.local/lib/python3.8/site-packages/airflow/example_dags/example_python_decorator.py
[2024-03-15T00:01:36.090+0000] {processor.py:830} INFO - Processing file /home/airflow/.local/lib/python3.8/site-packages/airflow/example_dags/example_python_decorator.py for tasks to queue
[2024-03-15T00:01:36.091+0000] {logging_mixin.py:188} INFO - [2024-03-15T00:01:36.091+0000] {dagbag.py:540} INFO - Filling up the DagBag from /home/airflow/.local/lib/python3.8/site-packages/airflow/example_dags/example_python_decorator.py
[2024-03-15T00:01:36.100+0000] {processor.py:840} INFO - DAG(s) 'example_python_decorator' retrieved from /home/airflow/.local/lib/python3.8/site-packages/airflow/example_dags/example_python_decorator.py
[2024-03-15T00:01:36.117+0000] {logging_mixin.py:188} INFO - [2024-03-15T00:01:36.117+0000] {dag.py:3047} INFO - Sync 1 DAGs
[2024-03-15T00:01:36.127+0000] {logging_mixin.py:188} INFO - [2024-03-15T00:01:36.127+0000] {dag.py:3834} INFO - Setting next_dagrun for example_python_decorator to None, run_after=None
[2024-03-15T00:01:36.142+0000] {processor.py:183} INFO - Processing /home/airflow/.local/lib/python3.8/site-packages/airflow/example_dags/example_python_decorator.py took 0.056 seconds
[2024-03-15T00:02:06.207+0000] {processor.py:161} INFO - Started process (PID=282) to work on /home/airflow/.local/lib/python3.8/site-packages/airflow/example_dags/example_python_decorator.py
[2024-03-15T00:02:06.208+0000] {processor.py:830} INFO - Processing file /home/airflow/.local/lib/python3.8/site-packages/airflow/example_dags/example_python_decorator.py for tasks to queue
[2024-03-15T00:02:06.210+0000] {logging_mixin.py:188} INFO - [2024-03-15T00:02:06.210+0000] {dagbag.py:540} INFO - Filling up the DagBag from /home/airflow/.local/lib/python3.8/site-packages/airflow/example_dags/example_python_decorator.py
[2024-03-15T00:02:06.219+0000] {processor.py:840} INFO - DAG(s) 'example_python_decorator' retrieved from /home/airflow/.local/lib/python3.8/site-packages/airflow/example_dags/example_python_decorator.py
[2024-03-15T00:02:06.235+0000] {logging_mixin.py:188} INFO - [2024-03-15T00:02:06.235+0000] {dag.py:3047} INFO - Sync 1 DAGs
[2024-03-15T00:02:06.246+0000] {logging_mixin.py:188} INFO - [2024-03-15T00:02:06.245+0000] {dag.py:3834} INFO - Setting next_dagrun for example_python_decorator to None, run_after=None
[2024-03-15T00:02:06.261+0000] {processor.py:183} INFO - Processing /home/airflow/.local/lib/python3.8/site-packages/airflow/example_dags/example_python_decorator.py took 0.056 seconds
[2024-03-15T00:02:36.333+0000] {processor.py:161} INFO - Started process (PID=337) to work on /home/airflow/.local/lib/python3.8/site-packages/airflow/example_dags/example_python_decorator.py
[2024-03-15T00:02:36.334+0000] {processor.py:830} INFO - Processing file /home/airflow/.local/lib/python3.8/site-packages/airflow/example_dags/example_python_decorator.py for tasks to queue
[2024-03-15T00:02:36.336+0000] {logging_mixin.py:188} INFO - [2024-03-15T00:02:36.335+0000] {dagbag.py:540} INFO - Filling up the DagBag from /home/airflow/.local/lib/python3.8/site-packages/airflow/example_dags/example_python_decorator.py
[2024-03-15T00:02:36.346+0000] {processor.py:840} INFO - DAG(s) 'example_python_decorator' retrieved from /home/airflow/.local/lib/python3.8/site-packages/airflow/example_dags/example_python_decorator.py
[2024-03-15T00:02:36.362+0000] {logging_mixin.py:188} INFO - [2024-03-15T00:02:36.362+0000] {dag.py:3047} INFO - Sync 1 DAGs
[2024-03-15T00:02:36.371+0000] {logging_mixin.py:188} INFO - [2024-03-15T00:02:36.371+0000] {dag.py:3834} INFO - Setting next_dagrun for example_python_decorator to None, run_after=None
[2024-03-15T00:02:36.387+0000] {processor.py:183} INFO - Processing /home/airflow/.local/lib/python3.8/site-packages/airflow/example_dags/example_python_decorator.py took 0.055 seconds
[2024-03-15T00:03:06.467+0000] {processor.py:161} INFO - Started process (PID=391) to work on /home/airflow/.local/lib/python3.8/site-packages/airflow/example_dags/example_python_decorator.py
[2024-03-15T00:03:06.468+0000] {processor.py:830} INFO - Processing file /home/airflow/.local/lib/python3.8/site-packages/airflow/example_dags/example_python_decorator.py for tasks to queue
[2024-03-15T00:03:06.469+0000] {logging_mixin.py:188} INFO - [2024-03-15T00:03:06.468+0000] {dagbag.py:540} INFO - Filling up the DagBag from /home/airflow/.local/lib/python3.8/site-packages/airflow/example_dags/example_python_decorator.py
[2024-03-15T00:03:06.478+0000] {processor.py:840} INFO - DAG(s) 'example_python_decorator' retrieved from /home/airflow/.local/lib/python3.8/site-packages/airflow/example_dags/example_python_decorator.py
[2024-03-15T00:03:06.495+0000] {logging_mixin.py:188} INFO - [2024-03-15T00:03:06.495+0000] {dag.py:3047} INFO - Sync 1 DAGs
[2024-03-15T00:03:06.504+0000] {logging_mixin.py:188} INFO - [2024-03-15T00:03:06.503+0000] {dag.py:3834} INFO - Setting next_dagrun for example_python_decorator to None, run_after=None
[2024-03-15T00:03:06.517+0000] {processor.py:183} INFO - Processing /home/airflow/.local/lib/python3.8/site-packages/airflow/example_dags/example_python_decorator.py took 0.052 seconds
