[2024-03-15T00:00:04.245+0000] {processor.py:161} INFO - Started process (PID=66) to work on /home/airflow/.local/lib/python3.8/site-packages/airflow/example_dags/example_xcomargs.py
[2024-03-15T00:00:04.246+0000] {processor.py:830} INFO - Processing file /home/airflow/.local/lib/python3.8/site-packages/airflow/example_dags/example_xcomargs.py for tasks to queue
[2024-03-15T00:00:04.247+0000] {logging_mixin.py:188} INFO - [2024-03-15T00:00:04.246+0000] {dagbag.py:540} INFO - Filling up the DagBag from /home/airflow/.local/lib/python3.8/site-packages/airflow/example_dags/example_xcomargs.py
[2024-03-15T00:00:04.253+0000] {processor.py:840} INFO - DAG(s) 'example_xcom_args', 'example_xcom_args_with_operators' retrieved from /home/airflow/.local/lib/python3.8/site-packages/airflow/example_dags/example_xcomargs.py
[2024-03-15T00:00:04.263+0000] {logging_mixin.py:188} INFO - [2024-03-15T00:00:04.263+0000] {dag.py:3047} INFO - Sync 2 DAGs
[2024-03-15T00:00:04.273+0000] {logging_mixin.py:188} INFO - [2024-03-15T00:00:04.273+0000] {dag.py:3834} INFO - Setting next_dagrun for example_xcom_args to None, run_after=None
[2024-03-15T00:00:04.276+0000] {logging_mixin.py:188} INFO - [2024-03-15T00:00:04.276+0000] {dag.py:3834} INFO - Setting next_dagrun for example_xcom_args_with_operators to None, run_after=None
[2024-03-15T00:00:04.287+0000] {processor.py:183} INFO - Processing /home/airflow/.local/lib/python3.8/site-packages/airflow/example_dags/example_xcomargs.py took 0.044 seconds
[2024-03-15T00:00:35.465+0000] {processor.py:161} INFO - Started process (PID=121) to work on /home/airflow/.local/lib/python3.8/site-packages/airflow/example_dags/example_xcomargs.py
[2024-03-15T00:00:35.465+0000] {processor.py:830} INFO - Processing file /home/airflow/.local/lib/python3.8/site-packages/airflow/example_dags/example_xcomargs.py for tasks to queue
[2024-03-15T00:00:35.467+0000] {logging_mixin.py:188} INFO - [2024-03-15T00:00:35.466+0000] {dagbag.py:540} INFO - Filling up the DagBag from /home/airflow/.local/lib/python3.8/site-packages/airflow/example_dags/example_xcomargs.py
[2024-03-15T00:00:35.472+0000] {processor.py:840} INFO - DAG(s) 'example_xcom_args_with_operators', 'example_xcom_args' retrieved from /home/airflow/.local/lib/python3.8/site-packages/airflow/example_dags/example_xcomargs.py
[2024-03-15T00:00:35.563+0000] {logging_mixin.py:188} INFO - [2024-03-15T00:00:35.563+0000] {dag.py:3047} INFO - Sync 2 DAGs
[2024-03-15T00:00:35.571+0000] {logging_mixin.py:188} INFO - [2024-03-15T00:00:35.571+0000] {dag.py:3834} INFO - Setting next_dagrun for example_xcom_args to None, run_after=None
[2024-03-15T00:00:35.574+0000] {logging_mixin.py:188} INFO - [2024-03-15T00:00:35.574+0000] {dag.py:3834} INFO - Setting next_dagrun for example_xcom_args_with_operators to None, run_after=None
[2024-03-15T00:00:35.587+0000] {processor.py:183} INFO - Processing /home/airflow/.local/lib/python3.8/site-packages/airflow/example_dags/example_xcomargs.py took 0.124 seconds
[2024-03-15T00:01:06.073+0000] {processor.py:161} INFO - Started process (PID=176) to work on /home/airflow/.local/lib/python3.8/site-packages/airflow/example_dags/example_xcomargs.py
[2024-03-15T00:01:06.074+0000] {processor.py:830} INFO - Processing file /home/airflow/.local/lib/python3.8/site-packages/airflow/example_dags/example_xcomargs.py for tasks to queue
[2024-03-15T00:01:06.075+0000] {logging_mixin.py:188} INFO - [2024-03-15T00:01:06.075+0000] {dagbag.py:540} INFO - Filling up the DagBag from /home/airflow/.local/lib/python3.8/site-packages/airflow/example_dags/example_xcomargs.py
[2024-03-15T00:01:06.080+0000] {processor.py:840} INFO - DAG(s) 'example_xcom_args_with_operators', 'example_xcom_args' retrieved from /home/airflow/.local/lib/python3.8/site-packages/airflow/example_dags/example_xcomargs.py
[2024-03-15T00:01:06.097+0000] {logging_mixin.py:188} INFO - [2024-03-15T00:01:06.097+0000] {dag.py:3047} INFO - Sync 2 DAGs
[2024-03-15T00:01:06.106+0000] {logging_mixin.py:188} INFO - [2024-03-15T00:01:06.106+0000] {dag.py:3834} INFO - Setting next_dagrun for example_xcom_args to None, run_after=None
[2024-03-15T00:01:06.109+0000] {logging_mixin.py:188} INFO - [2024-03-15T00:01:06.109+0000] {dag.py:3834} INFO - Setting next_dagrun for example_xcom_args_with_operators to None, run_after=None
[2024-03-15T00:01:06.121+0000] {processor.py:183} INFO - Processing /home/airflow/.local/lib/python3.8/site-packages/airflow/example_dags/example_xcomargs.py took 0.050 seconds
[2024-03-15T00:01:36.216+0000] {processor.py:161} INFO - Started process (PID=230) to work on /home/airflow/.local/lib/python3.8/site-packages/airflow/example_dags/example_xcomargs.py
[2024-03-15T00:01:36.216+0000] {processor.py:830} INFO - Processing file /home/airflow/.local/lib/python3.8/site-packages/airflow/example_dags/example_xcomargs.py for tasks to queue
[2024-03-15T00:01:36.218+0000] {logging_mixin.py:188} INFO - [2024-03-15T00:01:36.217+0000] {dagbag.py:540} INFO - Filling up the DagBag from /home/airflow/.local/lib/python3.8/site-packages/airflow/example_dags/example_xcomargs.py
[2024-03-15T00:01:36.223+0000] {processor.py:840} INFO - DAG(s) 'example_xcom_args', 'example_xcom_args_with_operators' retrieved from /home/airflow/.local/lib/python3.8/site-packages/airflow/example_dags/example_xcomargs.py
[2024-03-15T00:01:36.240+0000] {logging_mixin.py:188} INFO - [2024-03-15T00:01:36.240+0000] {dag.py:3047} INFO - Sync 2 DAGs
[2024-03-15T00:01:36.251+0000] {logging_mixin.py:188} INFO - [2024-03-15T00:01:36.251+0000] {dag.py:3834} INFO - Setting next_dagrun for example_xcom_args to None, run_after=None
[2024-03-15T00:01:36.254+0000] {logging_mixin.py:188} INFO - [2024-03-15T00:01:36.253+0000] {dag.py:3834} INFO - Setting next_dagrun for example_xcom_args_with_operators to None, run_after=None
[2024-03-15T00:01:36.267+0000] {processor.py:183} INFO - Processing /home/airflow/.local/lib/python3.8/site-packages/airflow/example_dags/example_xcomargs.py took 0.054 seconds
[2024-03-15T00:02:06.337+0000] {processor.py:161} INFO - Started process (PID=285) to work on /home/airflow/.local/lib/python3.8/site-packages/airflow/example_dags/example_xcomargs.py
[2024-03-15T00:02:06.337+0000] {processor.py:830} INFO - Processing file /home/airflow/.local/lib/python3.8/site-packages/airflow/example_dags/example_xcomargs.py for tasks to queue
[2024-03-15T00:02:06.338+0000] {logging_mixin.py:188} INFO - [2024-03-15T00:02:06.338+0000] {dagbag.py:540} INFO - Filling up the DagBag from /home/airflow/.local/lib/python3.8/site-packages/airflow/example_dags/example_xcomargs.py
[2024-03-15T00:02:06.344+0000] {processor.py:840} INFO - DAG(s) 'example_xcom_args', 'example_xcom_args_with_operators' retrieved from /home/airflow/.local/lib/python3.8/site-packages/airflow/example_dags/example_xcomargs.py
[2024-03-15T00:02:06.361+0000] {logging_mixin.py:188} INFO - [2024-03-15T00:02:06.361+0000] {dag.py:3047} INFO - Sync 2 DAGs
[2024-03-15T00:02:06.371+0000] {logging_mixin.py:188} INFO - [2024-03-15T00:02:06.371+0000] {dag.py:3834} INFO - Setting next_dagrun for example_xcom_args to None, run_after=None
[2024-03-15T00:02:06.374+0000] {logging_mixin.py:188} INFO - [2024-03-15T00:02:06.374+0000] {dag.py:3834} INFO - Setting next_dagrun for example_xcom_args_with_operators to None, run_after=None
[2024-03-15T00:02:06.387+0000] {processor.py:183} INFO - Processing /home/airflow/.local/lib/python3.8/site-packages/airflow/example_dags/example_xcomargs.py took 0.053 seconds
[2024-03-15T00:02:36.457+0000] {processor.py:161} INFO - Started process (PID=340) to work on /home/airflow/.local/lib/python3.8/site-packages/airflow/example_dags/example_xcomargs.py
[2024-03-15T00:02:36.459+0000] {processor.py:830} INFO - Processing file /home/airflow/.local/lib/python3.8/site-packages/airflow/example_dags/example_xcomargs.py for tasks to queue
[2024-03-15T00:02:36.460+0000] {logging_mixin.py:188} INFO - [2024-03-15T00:02:36.460+0000] {dagbag.py:540} INFO - Filling up the DagBag from /home/airflow/.local/lib/python3.8/site-packages/airflow/example_dags/example_xcomargs.py
[2024-03-15T00:02:36.465+0000] {processor.py:840} INFO - DAG(s) 'example_xcom_args_with_operators', 'example_xcom_args' retrieved from /home/airflow/.local/lib/python3.8/site-packages/airflow/example_dags/example_xcomargs.py
[2024-03-15T00:02:36.483+0000] {logging_mixin.py:188} INFO - [2024-03-15T00:02:36.483+0000] {dag.py:3047} INFO - Sync 2 DAGs
[2024-03-15T00:02:36.492+0000] {logging_mixin.py:188} INFO - [2024-03-15T00:02:36.492+0000] {dag.py:3834} INFO - Setting next_dagrun for example_xcom_args to None, run_after=None
[2024-03-15T00:02:36.495+0000] {logging_mixin.py:188} INFO - [2024-03-15T00:02:36.494+0000] {dag.py:3834} INFO - Setting next_dagrun for example_xcom_args_with_operators to None, run_after=None
[2024-03-15T00:02:36.507+0000] {processor.py:183} INFO - Processing /home/airflow/.local/lib/python3.8/site-packages/airflow/example_dags/example_xcomargs.py took 0.052 seconds
[2024-03-15T00:03:06.569+0000] {processor.py:161} INFO - Started process (PID=394) to work on /home/airflow/.local/lib/python3.8/site-packages/airflow/example_dags/example_xcomargs.py
[2024-03-15T00:03:06.570+0000] {processor.py:830} INFO - Processing file /home/airflow/.local/lib/python3.8/site-packages/airflow/example_dags/example_xcomargs.py for tasks to queue
[2024-03-15T00:03:06.571+0000] {logging_mixin.py:188} INFO - [2024-03-15T00:03:06.571+0000] {dagbag.py:540} INFO - Filling up the DagBag from /home/airflow/.local/lib/python3.8/site-packages/airflow/example_dags/example_xcomargs.py
[2024-03-15T00:03:06.576+0000] {processor.py:840} INFO - DAG(s) 'example_xcom_args_with_operators', 'example_xcom_args' retrieved from /home/airflow/.local/lib/python3.8/site-packages/airflow/example_dags/example_xcomargs.py
[2024-03-15T00:03:06.592+0000] {logging_mixin.py:188} INFO - [2024-03-15T00:03:06.592+0000] {dag.py:3047} INFO - Sync 2 DAGs
[2024-03-15T00:03:06.601+0000] {logging_mixin.py:188} INFO - [2024-03-15T00:03:06.601+0000] {dag.py:3834} INFO - Setting next_dagrun for example_xcom_args to None, run_after=None
[2024-03-15T00:03:06.604+0000] {logging_mixin.py:188} INFO - [2024-03-15T00:03:06.604+0000] {dag.py:3834} INFO - Setting next_dagrun for example_xcom_args_with_operators to None, run_after=None
[2024-03-15T00:03:06.617+0000] {processor.py:183} INFO - Processing /home/airflow/.local/lib/python3.8/site-packages/airflow/example_dags/example_xcomargs.py took 0.050 seconds
