[2024-03-15T00:00:03.248+0000] {processor.py:161} INFO - Started process (PID=40) to work on /home/airflow/.local/lib/python3.8/site-packages/airflow/example_dags/example_subdag_operator.py
[2024-03-15T00:00:03.249+0000] {processor.py:830} INFO - Processing file /home/airflow/.local/lib/python3.8/site-packages/airflow/example_dags/example_subdag_operator.py for tasks to queue
[2024-03-15T00:00:03.250+0000] {logging_mixin.py:188} INFO - [2024-03-15T00:00:03.250+0000] {dagbag.py:540} INFO - Filling up the DagBag from /home/airflow/.local/lib/python3.8/site-packages/airflow/example_dags/example_subdag_operator.py
[2024-03-15T00:00:03.272+0000] {processor.py:840} INFO - DAG(s) 'example_subdag_operator.section-1', 'example_subdag_operator.section-2', 'example_subdag_operator' retrieved from /home/airflow/.local/lib/python3.8/site-packages/airflow/example_dags/example_subdag_operator.py
[2024-03-15T00:00:03.276+0000] {logging_mixin.py:188} INFO - [2024-03-15T00:00:03.276+0000] {dag.py:3047} INFO - Sync 3 DAGs
[2024-03-15T00:00:03.299+0000] {logging_mixin.py:188} INFO - [2024-03-15T00:00:03.299+0000] {dag.py:3834} INFO - Setting next_dagrun for example_subdag_operator to 2022-01-01 00:00:00+00:00, run_after=2022-01-01 00:00:00+00:00
[2024-03-15T00:00:03.302+0000] {logging_mixin.py:188} INFO - [2024-03-15T00:00:03.302+0000] {dag.py:3834} INFO - Setting next_dagrun for example_subdag_operator.section-1 to None, run_after=None
[2024-03-15T00:00:03.303+0000] {logging_mixin.py:188} INFO - [2024-03-15T00:00:03.303+0000] {dag.py:3834} INFO - Setting next_dagrun for example_subdag_operator.section-2 to None, run_after=None
[2024-03-15T00:00:03.309+0000] {logging_mixin.py:188} INFO - [2024-03-15T00:00:03.309+0000] {dag.py:3047} INFO - Sync 2 DAGs
[2024-03-15T00:00:03.314+0000] {logging_mixin.py:188} INFO - [2024-03-15T00:00:03.313+0000] {dag.py:3834} INFO - Setting next_dagrun for example_subdag_operator.section-1 to None, run_after=None
[2024-03-15T00:00:03.314+0000] {logging_mixin.py:188} INFO - [2024-03-15T00:00:03.314+0000] {dag.py:3834} INFO - Setting next_dagrun for example_subdag_operator.section-2 to None, run_after=None
[2024-03-15T00:00:03.322+0000] {processor.py:183} INFO - Processing /home/airflow/.local/lib/python3.8/site-packages/airflow/example_dags/example_subdag_operator.py took 0.076 seconds
[2024-03-15T00:00:33.666+0000] {processor.py:161} INFO - Started process (PID=95) to work on /home/airflow/.local/lib/python3.8/site-packages/airflow/example_dags/example_subdag_operator.py
[2024-03-15T00:00:33.667+0000] {processor.py:830} INFO - Processing file /home/airflow/.local/lib/python3.8/site-packages/airflow/example_dags/example_subdag_operator.py for tasks to queue
[2024-03-15T00:00:33.668+0000] {logging_mixin.py:188} INFO - [2024-03-15T00:00:33.668+0000] {dagbag.py:540} INFO - Filling up the DagBag from /home/airflow/.local/lib/python3.8/site-packages/airflow/example_dags/example_subdag_operator.py
[2024-03-15T00:00:33.685+0000] {processor.py:840} INFO - DAG(s) 'example_subdag_operator.section-1', 'example_subdag_operator.section-2', 'example_subdag_operator' retrieved from /home/airflow/.local/lib/python3.8/site-packages/airflow/example_dags/example_subdag_operator.py
[2024-03-15T00:00:33.756+0000] {logging_mixin.py:188} INFO - [2024-03-15T00:00:33.756+0000] {dag.py:3047} INFO - Sync 3 DAGs
[2024-03-15T00:00:33.771+0000] {logging_mixin.py:188} INFO - [2024-03-15T00:00:33.771+0000] {dag.py:3834} INFO - Setting next_dagrun for example_subdag_operator to 2022-01-01 00:00:00+00:00, run_after=2022-01-01 00:00:00+00:00
[2024-03-15T00:00:33.773+0000] {logging_mixin.py:188} INFO - [2024-03-15T00:00:33.773+0000] {dag.py:3834} INFO - Setting next_dagrun for example_subdag_operator.section-1 to None, run_after=None
[2024-03-15T00:00:33.774+0000] {logging_mixin.py:188} INFO - [2024-03-15T00:00:33.774+0000] {dag.py:3834} INFO - Setting next_dagrun for example_subdag_operator.section-2 to None, run_after=None
[2024-03-15T00:00:33.781+0000] {logging_mixin.py:188} INFO - [2024-03-15T00:00:33.780+0000] {dag.py:3047} INFO - Sync 2 DAGs
[2024-03-15T00:00:33.784+0000] {logging_mixin.py:188} INFO - [2024-03-15T00:00:33.784+0000] {dag.py:3834} INFO - Setting next_dagrun for example_subdag_operator.section-1 to None, run_after=None
[2024-03-15T00:00:33.784+0000] {logging_mixin.py:188} INFO - [2024-03-15T00:00:33.784+0000] {dag.py:3834} INFO - Setting next_dagrun for example_subdag_operator.section-2 to None, run_after=None
[2024-03-15T00:00:33.793+0000] {processor.py:183} INFO - Processing /home/airflow/.local/lib/python3.8/site-packages/airflow/example_dags/example_subdag_operator.py took 0.129 seconds
[2024-03-15T00:01:03.820+0000] {processor.py:161} INFO - Started process (PID=150) to work on /home/airflow/.local/lib/python3.8/site-packages/airflow/example_dags/example_subdag_operator.py
[2024-03-15T00:01:03.821+0000] {processor.py:830} INFO - Processing file /home/airflow/.local/lib/python3.8/site-packages/airflow/example_dags/example_subdag_operator.py for tasks to queue
[2024-03-15T00:01:03.822+0000] {logging_mixin.py:188} INFO - [2024-03-15T00:01:03.822+0000] {dagbag.py:540} INFO - Filling up the DagBag from /home/airflow/.local/lib/python3.8/site-packages/airflow/example_dags/example_subdag_operator.py
[2024-03-15T00:01:03.839+0000] {processor.py:840} INFO - DAG(s) 'example_subdag_operator.section-1', 'example_subdag_operator.section-2', 'example_subdag_operator' retrieved from /home/airflow/.local/lib/python3.8/site-packages/airflow/example_dags/example_subdag_operator.py
[2024-03-15T00:01:03.851+0000] {logging_mixin.py:188} INFO - [2024-03-15T00:01:03.851+0000] {dag.py:3047} INFO - Sync 3 DAGs
[2024-03-15T00:01:03.869+0000] {logging_mixin.py:188} INFO - [2024-03-15T00:01:03.869+0000] {dag.py:3834} INFO - Setting next_dagrun for example_subdag_operator to 2022-01-01 00:00:00+00:00, run_after=2022-01-01 00:00:00+00:00
[2024-03-15T00:01:03.871+0000] {logging_mixin.py:188} INFO - [2024-03-15T00:01:03.871+0000] {dag.py:3834} INFO - Setting next_dagrun for example_subdag_operator.section-1 to None, run_after=None
[2024-03-15T00:01:03.873+0000] {logging_mixin.py:188} INFO - [2024-03-15T00:01:03.872+0000] {dag.py:3834} INFO - Setting next_dagrun for example_subdag_operator.section-2 to None, run_after=None
[2024-03-15T00:01:03.878+0000] {logging_mixin.py:188} INFO - [2024-03-15T00:01:03.878+0000] {dag.py:3047} INFO - Sync 2 DAGs
[2024-03-15T00:01:03.882+0000] {logging_mixin.py:188} INFO - [2024-03-15T00:01:03.882+0000] {dag.py:3834} INFO - Setting next_dagrun for example_subdag_operator.section-1 to None, run_after=None
[2024-03-15T00:01:03.882+0000] {logging_mixin.py:188} INFO - [2024-03-15T00:01:03.882+0000] {dag.py:3834} INFO - Setting next_dagrun for example_subdag_operator.section-2 to None, run_after=None
[2024-03-15T00:01:03.891+0000] {processor.py:183} INFO - Processing /home/airflow/.local/lib/python3.8/site-packages/airflow/example_dags/example_subdag_operator.py took 0.073 seconds
[2024-03-15T00:01:34.064+0000] {processor.py:161} INFO - Started process (PID=204) to work on /home/airflow/.local/lib/python3.8/site-packages/airflow/example_dags/example_subdag_operator.py
[2024-03-15T00:01:34.065+0000] {processor.py:830} INFO - Processing file /home/airflow/.local/lib/python3.8/site-packages/airflow/example_dags/example_subdag_operator.py for tasks to queue
[2024-03-15T00:01:34.067+0000] {logging_mixin.py:188} INFO - [2024-03-15T00:01:34.066+0000] {dagbag.py:540} INFO - Filling up the DagBag from /home/airflow/.local/lib/python3.8/site-packages/airflow/example_dags/example_subdag_operator.py
[2024-03-15T00:01:34.084+0000] {processor.py:840} INFO - DAG(s) 'example_subdag_operator.section-1', 'example_subdag_operator.section-2', 'example_subdag_operator' retrieved from /home/airflow/.local/lib/python3.8/site-packages/airflow/example_dags/example_subdag_operator.py
[2024-03-15T00:01:34.095+0000] {logging_mixin.py:188} INFO - [2024-03-15T00:01:34.095+0000] {dag.py:3047} INFO - Sync 3 DAGs
[2024-03-15T00:01:34.112+0000] {logging_mixin.py:188} INFO - [2024-03-15T00:01:34.112+0000] {dag.py:3834} INFO - Setting next_dagrun for example_subdag_operator to 2022-01-01 00:00:00+00:00, run_after=2022-01-01 00:00:00+00:00
[2024-03-15T00:01:34.115+0000] {logging_mixin.py:188} INFO - [2024-03-15T00:01:34.115+0000] {dag.py:3834} INFO - Setting next_dagrun for example_subdag_operator.section-1 to None, run_after=None
[2024-03-15T00:01:34.116+0000] {logging_mixin.py:188} INFO - [2024-03-15T00:01:34.116+0000] {dag.py:3834} INFO - Setting next_dagrun for example_subdag_operator.section-2 to None, run_after=None
[2024-03-15T00:01:34.121+0000] {logging_mixin.py:188} INFO - [2024-03-15T00:01:34.120+0000] {dag.py:3047} INFO - Sync 2 DAGs
[2024-03-15T00:01:34.125+0000] {logging_mixin.py:188} INFO - [2024-03-15T00:01:34.124+0000] {dag.py:3834} INFO - Setting next_dagrun for example_subdag_operator.section-1 to None, run_after=None
[2024-03-15T00:01:34.125+0000] {logging_mixin.py:188} INFO - [2024-03-15T00:01:34.125+0000] {dag.py:3834} INFO - Setting next_dagrun for example_subdag_operator.section-2 to None, run_after=None
[2024-03-15T00:01:34.133+0000] {processor.py:183} INFO - Processing /home/airflow/.local/lib/python3.8/site-packages/airflow/example_dags/example_subdag_operator.py took 0.071 seconds
[2024-03-15T00:02:04.242+0000] {processor.py:161} INFO - Started process (PID=259) to work on /home/airflow/.local/lib/python3.8/site-packages/airflow/example_dags/example_subdag_operator.py
[2024-03-15T00:02:04.243+0000] {processor.py:830} INFO - Processing file /home/airflow/.local/lib/python3.8/site-packages/airflow/example_dags/example_subdag_operator.py for tasks to queue
[2024-03-15T00:02:04.244+0000] {logging_mixin.py:188} INFO - [2024-03-15T00:02:04.244+0000] {dagbag.py:540} INFO - Filling up the DagBag from /home/airflow/.local/lib/python3.8/site-packages/airflow/example_dags/example_subdag_operator.py
[2024-03-15T00:02:04.262+0000] {processor.py:840} INFO - DAG(s) 'example_subdag_operator.section-1', 'example_subdag_operator.section-2', 'example_subdag_operator' retrieved from /home/airflow/.local/lib/python3.8/site-packages/airflow/example_dags/example_subdag_operator.py
[2024-03-15T00:02:04.273+0000] {logging_mixin.py:188} INFO - [2024-03-15T00:02:04.273+0000] {dag.py:3047} INFO - Sync 3 DAGs
[2024-03-15T00:02:04.288+0000] {logging_mixin.py:188} INFO - [2024-03-15T00:02:04.288+0000] {dag.py:3834} INFO - Setting next_dagrun for example_subdag_operator to 2022-01-01 00:00:00+00:00, run_after=2022-01-01 00:00:00+00:00
[2024-03-15T00:02:04.291+0000] {logging_mixin.py:188} INFO - [2024-03-15T00:02:04.291+0000] {dag.py:3834} INFO - Setting next_dagrun for example_subdag_operator.section-1 to None, run_after=None
[2024-03-15T00:02:04.293+0000] {logging_mixin.py:188} INFO - [2024-03-15T00:02:04.292+0000] {dag.py:3834} INFO - Setting next_dagrun for example_subdag_operator.section-2 to None, run_after=None
[2024-03-15T00:02:04.299+0000] {logging_mixin.py:188} INFO - [2024-03-15T00:02:04.298+0000] {dag.py:3047} INFO - Sync 2 DAGs
[2024-03-15T00:02:04.303+0000] {logging_mixin.py:188} INFO - [2024-03-15T00:02:04.303+0000] {dag.py:3834} INFO - Setting next_dagrun for example_subdag_operator.section-1 to None, run_after=None
[2024-03-15T00:02:04.303+0000] {logging_mixin.py:188} INFO - [2024-03-15T00:02:04.303+0000] {dag.py:3834} INFO - Setting next_dagrun for example_subdag_operator.section-2 to None, run_after=None
[2024-03-15T00:02:04.313+0000] {processor.py:183} INFO - Processing /home/airflow/.local/lib/python3.8/site-packages/airflow/example_dags/example_subdag_operator.py took 0.073 seconds
[2024-03-15T00:02:34.357+0000] {processor.py:161} INFO - Started process (PID=314) to work on /home/airflow/.local/lib/python3.8/site-packages/airflow/example_dags/example_subdag_operator.py
[2024-03-15T00:02:34.358+0000] {processor.py:830} INFO - Processing file /home/airflow/.local/lib/python3.8/site-packages/airflow/example_dags/example_subdag_operator.py for tasks to queue
[2024-03-15T00:02:34.359+0000] {logging_mixin.py:188} INFO - [2024-03-15T00:02:34.359+0000] {dagbag.py:540} INFO - Filling up the DagBag from /home/airflow/.local/lib/python3.8/site-packages/airflow/example_dags/example_subdag_operator.py
[2024-03-15T00:02:34.375+0000] {processor.py:840} INFO - DAG(s) 'example_subdag_operator.section-1', 'example_subdag_operator.section-2', 'example_subdag_operator' retrieved from /home/airflow/.local/lib/python3.8/site-packages/airflow/example_dags/example_subdag_operator.py
[2024-03-15T00:02:34.387+0000] {logging_mixin.py:188} INFO - [2024-03-15T00:02:34.387+0000] {dag.py:3047} INFO - Sync 3 DAGs
[2024-03-15T00:02:34.405+0000] {logging_mixin.py:188} INFO - [2024-03-15T00:02:34.405+0000] {dag.py:3834} INFO - Setting next_dagrun for example_subdag_operator to 2022-01-01 00:00:00+00:00, run_after=2022-01-01 00:00:00+00:00
[2024-03-15T00:02:34.408+0000] {logging_mixin.py:188} INFO - [2024-03-15T00:02:34.408+0000] {dag.py:3834} INFO - Setting next_dagrun for example_subdag_operator.section-1 to None, run_after=None
[2024-03-15T00:02:34.409+0000] {logging_mixin.py:188} INFO - [2024-03-15T00:02:34.409+0000] {dag.py:3834} INFO - Setting next_dagrun for example_subdag_operator.section-2 to None, run_after=None
[2024-03-15T00:02:34.414+0000] {logging_mixin.py:188} INFO - [2024-03-15T00:02:34.414+0000] {dag.py:3047} INFO - Sync 2 DAGs
[2024-03-15T00:02:34.418+0000] {logging_mixin.py:188} INFO - [2024-03-15T00:02:34.418+0000] {dag.py:3834} INFO - Setting next_dagrun for example_subdag_operator.section-1 to None, run_after=None
[2024-03-15T00:02:34.418+0000] {logging_mixin.py:188} INFO - [2024-03-15T00:02:34.418+0000] {dag.py:3834} INFO - Setting next_dagrun for example_subdag_operator.section-2 to None, run_after=None
[2024-03-15T00:02:34.427+0000] {processor.py:183} INFO - Processing /home/airflow/.local/lib/python3.8/site-packages/airflow/example_dags/example_subdag_operator.py took 0.072 seconds
[2024-03-15T00:03:04.606+0000] {processor.py:161} INFO - Started process (PID=368) to work on /home/airflow/.local/lib/python3.8/site-packages/airflow/example_dags/example_subdag_operator.py
[2024-03-15T00:03:04.607+0000] {processor.py:830} INFO - Processing file /home/airflow/.local/lib/python3.8/site-packages/airflow/example_dags/example_subdag_operator.py for tasks to queue
[2024-03-15T00:03:04.610+0000] {logging_mixin.py:188} INFO - [2024-03-15T00:03:04.609+0000] {dagbag.py:540} INFO - Filling up the DagBag from /home/airflow/.local/lib/python3.8/site-packages/airflow/example_dags/example_subdag_operator.py
[2024-03-15T00:03:04.629+0000] {processor.py:840} INFO - DAG(s) 'example_subdag_operator.section-1', 'example_subdag_operator.section-2', 'example_subdag_operator' retrieved from /home/airflow/.local/lib/python3.8/site-packages/airflow/example_dags/example_subdag_operator.py
[2024-03-15T00:03:04.643+0000] {logging_mixin.py:188} INFO - [2024-03-15T00:03:04.643+0000] {dag.py:3047} INFO - Sync 3 DAGs
[2024-03-15T00:03:04.660+0000] {logging_mixin.py:188} INFO - [2024-03-15T00:03:04.660+0000] {dag.py:3834} INFO - Setting next_dagrun for example_subdag_operator to 2022-01-01 00:00:00+00:00, run_after=2022-01-01 00:00:00+00:00
[2024-03-15T00:03:04.663+0000] {logging_mixin.py:188} INFO - [2024-03-15T00:03:04.663+0000] {dag.py:3834} INFO - Setting next_dagrun for example_subdag_operator.section-1 to None, run_after=None
[2024-03-15T00:03:04.664+0000] {logging_mixin.py:188} INFO - [2024-03-15T00:03:04.664+0000] {dag.py:3834} INFO - Setting next_dagrun for example_subdag_operator.section-2 to None, run_after=None
[2024-03-15T00:03:04.670+0000] {logging_mixin.py:188} INFO - [2024-03-15T00:03:04.670+0000] {dag.py:3047} INFO - Sync 2 DAGs
[2024-03-15T00:03:04.674+0000] {logging_mixin.py:188} INFO - [2024-03-15T00:03:04.674+0000] {dag.py:3834} INFO - Setting next_dagrun for example_subdag_operator.section-1 to None, run_after=None
[2024-03-15T00:03:04.675+0000] {logging_mixin.py:188} INFO - [2024-03-15T00:03:04.675+0000] {dag.py:3834} INFO - Setting next_dagrun for example_subdag_operator.section-2 to None, run_after=None
[2024-03-15T00:03:04.685+0000] {processor.py:183} INFO - Processing /home/airflow/.local/lib/python3.8/site-packages/airflow/example_dags/example_subdag_operator.py took 0.081 seconds
