[2024-03-15T00:00:03.162+0000] {processor.py:161} INFO - Started process (PID=38) to work on /home/airflow/.local/lib/python3.8/site-packages/airflow/example_dags/example_sla_dag.py
[2024-03-15T00:00:03.163+0000] {processor.py:830} INFO - Processing file /home/airflow/.local/lib/python3.8/site-packages/airflow/example_dags/example_sla_dag.py for tasks to queue
[2024-03-15T00:00:03.164+0000] {logging_mixin.py:188} INFO - [2024-03-15T00:00:03.164+0000] {dagbag.py:540} INFO - Filling up the DagBag from /home/airflow/.local/lib/python3.8/site-packages/airflow/example_dags/example_sla_dag.py
[2024-03-15T00:00:03.172+0000] {processor.py:840} INFO - DAG(s) 'example_sla_dag' retrieved from /home/airflow/.local/lib/python3.8/site-packages/airflow/example_dags/example_sla_dag.py
[2024-03-15T00:00:03.182+0000] {logging_mixin.py:188} INFO - [2024-03-15T00:00:03.182+0000] {dag.py:3047} INFO - Sync 1 DAGs
[2024-03-15T00:00:03.212+0000] {logging_mixin.py:188} INFO - [2024-03-15T00:00:03.211+0000] {dag.py:3834} INFO - Setting next_dagrun for example_sla_dag to 2024-03-14 23:58:00+00:00, run_after=2024-03-15 00:00:00+00:00
[2024-03-15T00:00:03.227+0000] {processor.py:183} INFO - Processing /home/airflow/.local/lib/python3.8/site-packages/airflow/example_dags/example_sla_dag.py took 0.066 seconds
[2024-03-15T00:00:33.535+0000] {processor.py:161} INFO - Started process (PID=93) to work on /home/airflow/.local/lib/python3.8/site-packages/airflow/example_dags/example_sla_dag.py
[2024-03-15T00:00:33.536+0000] {processor.py:830} INFO - Processing file /home/airflow/.local/lib/python3.8/site-packages/airflow/example_dags/example_sla_dag.py for tasks to queue
[2024-03-15T00:00:33.537+0000] {logging_mixin.py:188} INFO - [2024-03-15T00:00:33.536+0000] {dagbag.py:540} INFO - Filling up the DagBag from /home/airflow/.local/lib/python3.8/site-packages/airflow/example_dags/example_sla_dag.py
[2024-03-15T00:00:33.543+0000] {processor.py:840} INFO - DAG(s) 'example_sla_dag' retrieved from /home/airflow/.local/lib/python3.8/site-packages/airflow/example_dags/example_sla_dag.py
[2024-03-15T00:00:33.617+0000] {logging_mixin.py:188} INFO - [2024-03-15T00:00:33.617+0000] {dag.py:3047} INFO - Sync 1 DAGs
[2024-03-15T00:00:33.635+0000] {logging_mixin.py:188} INFO - [2024-03-15T00:00:33.635+0000] {dag.py:3834} INFO - Setting next_dagrun for example_sla_dag to 2024-03-14 23:58:00+00:00, run_after=2024-03-15 00:00:00+00:00
[2024-03-15T00:00:33.649+0000] {processor.py:183} INFO - Processing /home/airflow/.local/lib/python3.8/site-packages/airflow/example_dags/example_sla_dag.py took 0.116 seconds
[2024-03-15T00:01:03.720+0000] {processor.py:161} INFO - Started process (PID=148) to work on /home/airflow/.local/lib/python3.8/site-packages/airflow/example_dags/example_sla_dag.py
[2024-03-15T00:01:03.721+0000] {processor.py:830} INFO - Processing file /home/airflow/.local/lib/python3.8/site-packages/airflow/example_dags/example_sla_dag.py for tasks to queue
[2024-03-15T00:01:03.722+0000] {logging_mixin.py:188} INFO - [2024-03-15T00:01:03.722+0000] {dagbag.py:540} INFO - Filling up the DagBag from /home/airflow/.local/lib/python3.8/site-packages/airflow/example_dags/example_sla_dag.py
[2024-03-15T00:01:03.730+0000] {processor.py:840} INFO - DAG(s) 'example_sla_dag' retrieved from /home/airflow/.local/lib/python3.8/site-packages/airflow/example_dags/example_sla_dag.py
[2024-03-15T00:01:03.752+0000] {logging_mixin.py:188} INFO - [2024-03-15T00:01:03.751+0000] {dag.py:3047} INFO - Sync 1 DAGs
[2024-03-15T00:01:03.781+0000] {logging_mixin.py:188} INFO - [2024-03-15T00:01:03.780+0000] {dag.py:3834} INFO - Setting next_dagrun for example_sla_dag to 2024-03-14 23:58:00+00:00, run_after=2024-03-15 00:00:00+00:00
[2024-03-15T00:01:03.797+0000] {processor.py:183} INFO - Processing /home/airflow/.local/lib/python3.8/site-packages/airflow/example_dags/example_sla_dag.py took 0.080 seconds
[2024-03-15T00:01:33.983+0000] {processor.py:161} INFO - Started process (PID=202) to work on /home/airflow/.local/lib/python3.8/site-packages/airflow/example_dags/example_sla_dag.py
[2024-03-15T00:01:33.984+0000] {processor.py:830} INFO - Processing file /home/airflow/.local/lib/python3.8/site-packages/airflow/example_dags/example_sla_dag.py for tasks to queue
[2024-03-15T00:01:33.985+0000] {logging_mixin.py:188} INFO - [2024-03-15T00:01:33.984+0000] {dagbag.py:540} INFO - Filling up the DagBag from /home/airflow/.local/lib/python3.8/site-packages/airflow/example_dags/example_sla_dag.py
[2024-03-15T00:01:33.992+0000] {processor.py:840} INFO - DAG(s) 'example_sla_dag' retrieved from /home/airflow/.local/lib/python3.8/site-packages/airflow/example_dags/example_sla_dag.py
[2024-03-15T00:01:34.010+0000] {logging_mixin.py:188} INFO - [2024-03-15T00:01:34.010+0000] {dag.py:3047} INFO - Sync 1 DAGs
[2024-03-15T00:01:34.031+0000] {logging_mixin.py:188} INFO - [2024-03-15T00:01:34.030+0000] {dag.py:3834} INFO - Setting next_dagrun for example_sla_dag to 2024-03-14 23:58:00+00:00, run_after=2024-03-15 00:00:00+00:00
[2024-03-15T00:01:34.046+0000] {processor.py:183} INFO - Processing /home/airflow/.local/lib/python3.8/site-packages/airflow/example_dags/example_sla_dag.py took 0.066 seconds
[2024-03-15T00:02:04.171+0000] {processor.py:161} INFO - Started process (PID=257) to work on /home/airflow/.local/lib/python3.8/site-packages/airflow/example_dags/example_sla_dag.py
[2024-03-15T00:02:04.172+0000] {processor.py:830} INFO - Processing file /home/airflow/.local/lib/python3.8/site-packages/airflow/example_dags/example_sla_dag.py for tasks to queue
[2024-03-15T00:02:04.173+0000] {logging_mixin.py:188} INFO - [2024-03-15T00:02:04.173+0000] {dagbag.py:540} INFO - Filling up the DagBag from /home/airflow/.local/lib/python3.8/site-packages/airflow/example_dags/example_sla_dag.py
[2024-03-15T00:02:04.179+0000] {processor.py:840} INFO - DAG(s) 'example_sla_dag' retrieved from /home/airflow/.local/lib/python3.8/site-packages/airflow/example_dags/example_sla_dag.py
[2024-03-15T00:02:04.194+0000] {logging_mixin.py:188} INFO - [2024-03-15T00:02:04.194+0000] {dag.py:3047} INFO - Sync 1 DAGs
[2024-03-15T00:02:04.213+0000] {logging_mixin.py:188} INFO - [2024-03-15T00:02:04.213+0000] {dag.py:3834} INFO - Setting next_dagrun for example_sla_dag to 2024-03-15 00:00:00+00:00, run_after=2024-03-15 00:02:00+00:00
[2024-03-15T00:02:04.227+0000] {processor.py:183} INFO - Processing /home/airflow/.local/lib/python3.8/site-packages/airflow/example_dags/example_sla_dag.py took 0.058 seconds
[2024-03-15T00:02:34.286+0000] {processor.py:161} INFO - Started process (PID=312) to work on /home/airflow/.local/lib/python3.8/site-packages/airflow/example_dags/example_sla_dag.py
[2024-03-15T00:02:34.287+0000] {processor.py:830} INFO - Processing file /home/airflow/.local/lib/python3.8/site-packages/airflow/example_dags/example_sla_dag.py for tasks to queue
[2024-03-15T00:02:34.288+0000] {logging_mixin.py:188} INFO - [2024-03-15T00:02:34.288+0000] {dagbag.py:540} INFO - Filling up the DagBag from /home/airflow/.local/lib/python3.8/site-packages/airflow/example_dags/example_sla_dag.py
[2024-03-15T00:02:34.294+0000] {processor.py:840} INFO - DAG(s) 'example_sla_dag' retrieved from /home/airflow/.local/lib/python3.8/site-packages/airflow/example_dags/example_sla_dag.py
[2024-03-15T00:02:34.309+0000] {logging_mixin.py:188} INFO - [2024-03-15T00:02:34.308+0000] {dag.py:3047} INFO - Sync 1 DAGs
[2024-03-15T00:02:34.327+0000] {logging_mixin.py:188} INFO - [2024-03-15T00:02:34.327+0000] {dag.py:3834} INFO - Setting next_dagrun for example_sla_dag to 2024-03-15 00:00:00+00:00, run_after=2024-03-15 00:02:00+00:00
[2024-03-15T00:02:34.342+0000] {processor.py:183} INFO - Processing /home/airflow/.local/lib/python3.8/site-packages/airflow/example_dags/example_sla_dag.py took 0.058 seconds
[2024-03-15T00:03:04.528+0000] {processor.py:161} INFO - Started process (PID=366) to work on /home/airflow/.local/lib/python3.8/site-packages/airflow/example_dags/example_sla_dag.py
[2024-03-15T00:03:04.529+0000] {processor.py:830} INFO - Processing file /home/airflow/.local/lib/python3.8/site-packages/airflow/example_dags/example_sla_dag.py for tasks to queue
[2024-03-15T00:03:04.531+0000] {logging_mixin.py:188} INFO - [2024-03-15T00:03:04.530+0000] {dagbag.py:540} INFO - Filling up the DagBag from /home/airflow/.local/lib/python3.8/site-packages/airflow/example_dags/example_sla_dag.py
[2024-03-15T00:03:04.536+0000] {processor.py:840} INFO - DAG(s) 'example_sla_dag' retrieved from /home/airflow/.local/lib/python3.8/site-packages/airflow/example_dags/example_sla_dag.py
[2024-03-15T00:03:04.552+0000] {logging_mixin.py:188} INFO - [2024-03-15T00:03:04.551+0000] {dag.py:3047} INFO - Sync 1 DAGs
[2024-03-15T00:03:04.571+0000] {logging_mixin.py:188} INFO - [2024-03-15T00:03:04.571+0000] {dag.py:3834} INFO - Setting next_dagrun for example_sla_dag to 2024-03-15 00:00:00+00:00, run_after=2024-03-15 00:02:00+00:00
[2024-03-15T00:03:04.585+0000] {processor.py:183} INFO - Processing /home/airflow/.local/lib/python3.8/site-packages/airflow/example_dags/example_sla_dag.py took 0.059 seconds
