[2024-03-15T00:00:03.548+0000] {processor.py:161} INFO - Started process (PID=47) to work on /home/airflow/.local/lib/python3.8/site-packages/airflow/example_dags/example_complex.py
[2024-03-15T00:00:03.549+0000] {processor.py:830} INFO - Processing file /home/airflow/.local/lib/python3.8/site-packages/airflow/example_dags/example_complex.py for tasks to queue
[2024-03-15T00:00:03.550+0000] {logging_mixin.py:188} INFO - [2024-03-15T00:00:03.550+0000] {dagbag.py:540} INFO - Filling up the DagBag from /home/airflow/.local/lib/python3.8/site-packages/airflow/example_dags/example_complex.py
[2024-03-15T00:00:03.560+0000] {processor.py:840} INFO - DAG(s) 'example_complex' retrieved from /home/airflow/.local/lib/python3.8/site-packages/airflow/example_dags/example_complex.py
[2024-03-15T00:00:03.569+0000] {logging_mixin.py:188} INFO - [2024-03-15T00:00:03.568+0000] {dag.py:3047} INFO - Sync 1 DAGs
[2024-03-15T00:00:03.580+0000] {logging_mixin.py:188} INFO - [2024-03-15T00:00:03.579+0000] {dag.py:3834} INFO - Setting next_dagrun for example_complex to None, run_after=None
[2024-03-15T00:00:03.595+0000] {processor.py:183} INFO - Processing /home/airflow/.local/lib/python3.8/site-packages/airflow/example_dags/example_complex.py took 0.049 seconds
[2024-03-15T00:00:34.157+0000] {processor.py:161} INFO - Started process (PID=102) to work on /home/airflow/.local/lib/python3.8/site-packages/airflow/example_dags/example_complex.py
[2024-03-15T00:00:34.158+0000] {processor.py:830} INFO - Processing file /home/airflow/.local/lib/python3.8/site-packages/airflow/example_dags/example_complex.py for tasks to queue
[2024-03-15T00:00:34.159+0000] {logging_mixin.py:188} INFO - [2024-03-15T00:00:34.159+0000] {dagbag.py:540} INFO - Filling up the DagBag from /home/airflow/.local/lib/python3.8/site-packages/airflow/example_dags/example_complex.py
[2024-03-15T00:00:34.167+0000] {processor.py:840} INFO - DAG(s) 'example_complex' retrieved from /home/airflow/.local/lib/python3.8/site-packages/airflow/example_dags/example_complex.py
[2024-03-15T00:00:34.252+0000] {logging_mixin.py:188} INFO - [2024-03-15T00:00:34.252+0000] {dag.py:3047} INFO - Sync 1 DAGs
[2024-03-15T00:00:34.262+0000] {logging_mixin.py:188} INFO - [2024-03-15T00:00:34.261+0000] {dag.py:3834} INFO - Setting next_dagrun for example_complex to None, run_after=None
[2024-03-15T00:00:34.278+0000] {processor.py:183} INFO - Processing /home/airflow/.local/lib/python3.8/site-packages/airflow/example_dags/example_complex.py took 0.123 seconds
[2024-03-15T00:01:04.315+0000] {processor.py:161} INFO - Started process (PID=157) to work on /home/airflow/.local/lib/python3.8/site-packages/airflow/example_dags/example_complex.py
[2024-03-15T00:01:04.316+0000] {processor.py:830} INFO - Processing file /home/airflow/.local/lib/python3.8/site-packages/airflow/example_dags/example_complex.py for tasks to queue
[2024-03-15T00:01:04.317+0000] {logging_mixin.py:188} INFO - [2024-03-15T00:01:04.316+0000] {dagbag.py:540} INFO - Filling up the DagBag from /home/airflow/.local/lib/python3.8/site-packages/airflow/example_dags/example_complex.py
[2024-03-15T00:01:04.325+0000] {processor.py:840} INFO - DAG(s) 'example_complex' retrieved from /home/airflow/.local/lib/python3.8/site-packages/airflow/example_dags/example_complex.py
[2024-03-15T00:01:04.349+0000] {logging_mixin.py:188} INFO - [2024-03-15T00:01:04.349+0000] {dag.py:3047} INFO - Sync 1 DAGs
[2024-03-15T00:01:04.359+0000] {logging_mixin.py:188} INFO - [2024-03-15T00:01:04.358+0000] {dag.py:3834} INFO - Setting next_dagrun for example_complex to None, run_after=None
[2024-03-15T00:01:04.372+0000] {processor.py:183} INFO - Processing /home/airflow/.local/lib/python3.8/site-packages/airflow/example_dags/example_complex.py took 0.059 seconds
[2024-03-15T00:01:34.392+0000] {processor.py:161} INFO - Started process (PID=211) to work on /home/airflow/.local/lib/python3.8/site-packages/airflow/example_dags/example_complex.py
[2024-03-15T00:01:34.393+0000] {processor.py:830} INFO - Processing file /home/airflow/.local/lib/python3.8/site-packages/airflow/example_dags/example_complex.py for tasks to queue
[2024-03-15T00:01:34.395+0000] {logging_mixin.py:188} INFO - [2024-03-15T00:01:34.395+0000] {dagbag.py:540} INFO - Filling up the DagBag from /home/airflow/.local/lib/python3.8/site-packages/airflow/example_dags/example_complex.py
[2024-03-15T00:01:34.404+0000] {processor.py:840} INFO - DAG(s) 'example_complex' retrieved from /home/airflow/.local/lib/python3.8/site-packages/airflow/example_dags/example_complex.py
[2024-03-15T00:01:34.431+0000] {logging_mixin.py:188} INFO - [2024-03-15T00:01:34.431+0000] {dag.py:3047} INFO - Sync 1 DAGs
[2024-03-15T00:01:34.443+0000] {logging_mixin.py:188} INFO - [2024-03-15T00:01:34.442+0000] {dag.py:3834} INFO - Setting next_dagrun for example_complex to None, run_after=None
[2024-03-15T00:01:34.457+0000] {processor.py:183} INFO - Processing /home/airflow/.local/lib/python3.8/site-packages/airflow/example_dags/example_complex.py took 0.068 seconds
[2024-03-15T00:02:04.518+0000] {processor.py:161} INFO - Started process (PID=266) to work on /home/airflow/.local/lib/python3.8/site-packages/airflow/example_dags/example_complex.py
[2024-03-15T00:02:04.519+0000] {processor.py:830} INFO - Processing file /home/airflow/.local/lib/python3.8/site-packages/airflow/example_dags/example_complex.py for tasks to queue
[2024-03-15T00:02:04.520+0000] {logging_mixin.py:188} INFO - [2024-03-15T00:02:04.520+0000] {dagbag.py:540} INFO - Filling up the DagBag from /home/airflow/.local/lib/python3.8/site-packages/airflow/example_dags/example_complex.py
[2024-03-15T00:02:04.530+0000] {processor.py:840} INFO - DAG(s) 'example_complex' retrieved from /home/airflow/.local/lib/python3.8/site-packages/airflow/example_dags/example_complex.py
[2024-03-15T00:02:04.552+0000] {logging_mixin.py:188} INFO - [2024-03-15T00:02:04.552+0000] {dag.py:3047} INFO - Sync 1 DAGs
[2024-03-15T00:02:04.561+0000] {logging_mixin.py:188} INFO - [2024-03-15T00:02:04.561+0000] {dag.py:3834} INFO - Setting next_dagrun for example_complex to None, run_after=None
[2024-03-15T00:02:04.576+0000] {processor.py:183} INFO - Processing /home/airflow/.local/lib/python3.8/site-packages/airflow/example_dags/example_complex.py took 0.060 seconds
[2024-03-15T00:02:34.623+0000] {processor.py:161} INFO - Started process (PID=321) to work on /home/airflow/.local/lib/python3.8/site-packages/airflow/example_dags/example_complex.py
[2024-03-15T00:02:34.624+0000] {processor.py:830} INFO - Processing file /home/airflow/.local/lib/python3.8/site-packages/airflow/example_dags/example_complex.py for tasks to queue
[2024-03-15T00:02:34.625+0000] {logging_mixin.py:188} INFO - [2024-03-15T00:02:34.625+0000] {dagbag.py:540} INFO - Filling up the DagBag from /home/airflow/.local/lib/python3.8/site-packages/airflow/example_dags/example_complex.py
[2024-03-15T00:02:34.633+0000] {processor.py:840} INFO - DAG(s) 'example_complex' retrieved from /home/airflow/.local/lib/python3.8/site-packages/airflow/example_dags/example_complex.py
[2024-03-15T00:02:34.660+0000] {logging_mixin.py:188} INFO - [2024-03-15T00:02:34.660+0000] {dag.py:3047} INFO - Sync 1 DAGs
[2024-03-15T00:02:34.670+0000] {logging_mixin.py:188} INFO - [2024-03-15T00:02:34.670+0000] {dag.py:3834} INFO - Setting next_dagrun for example_complex to None, run_after=None
[2024-03-15T00:02:34.686+0000] {processor.py:183} INFO - Processing /home/airflow/.local/lib/python3.8/site-packages/airflow/example_dags/example_complex.py took 0.065 seconds
[2024-03-15T00:03:04.875+0000] {processor.py:161} INFO - Started process (PID=375) to work on /home/airflow/.local/lib/python3.8/site-packages/airflow/example_dags/example_complex.py
[2024-03-15T00:03:04.876+0000] {processor.py:830} INFO - Processing file /home/airflow/.local/lib/python3.8/site-packages/airflow/example_dags/example_complex.py for tasks to queue
[2024-03-15T00:03:04.877+0000] {logging_mixin.py:188} INFO - [2024-03-15T00:03:04.877+0000] {dagbag.py:540} INFO - Filling up the DagBag from /home/airflow/.local/lib/python3.8/site-packages/airflow/example_dags/example_complex.py
[2024-03-15T00:03:04.885+0000] {processor.py:840} INFO - DAG(s) 'example_complex' retrieved from /home/airflow/.local/lib/python3.8/site-packages/airflow/example_dags/example_complex.py
[2024-03-15T00:03:04.909+0000] {logging_mixin.py:188} INFO - [2024-03-15T00:03:04.909+0000] {dag.py:3047} INFO - Sync 1 DAGs
[2024-03-15T00:03:04.918+0000] {logging_mixin.py:188} INFO - [2024-03-15T00:03:04.918+0000] {dag.py:3834} INFO - Setting next_dagrun for example_complex to None, run_after=None
[2024-03-15T00:03:04.932+0000] {processor.py:183} INFO - Processing /home/airflow/.local/lib/python3.8/site-packages/airflow/example_dags/example_complex.py took 0.060 seconds
