[2024-03-15T00:00:04.091+0000] {processor.py:161} INFO - Started process (PID=62) to work on /home/airflow/.local/lib/python3.8/site-packages/airflow/example_dags/example_branch_python_dop_operator_3.py
[2024-03-15T00:00:04.092+0000] {processor.py:830} INFO - Processing file /home/airflow/.local/lib/python3.8/site-packages/airflow/example_dags/example_branch_python_dop_operator_3.py for tasks to queue
[2024-03-15T00:00:04.093+0000] {logging_mixin.py:188} INFO - [2024-03-15T00:00:04.093+0000] {dagbag.py:540} INFO - Filling up the DagBag from /home/airflow/.local/lib/python3.8/site-packages/airflow/example_dags/example_branch_python_dop_operator_3.py
[2024-03-15T00:00:04.101+0000] {processor.py:840} INFO - DAG(s) 'example_branch_dop_operator_v3' retrieved from /home/airflow/.local/lib/python3.8/site-packages/airflow/example_dags/example_branch_python_dop_operator_3.py
[2024-03-15T00:00:04.113+0000] {logging_mixin.py:188} INFO - [2024-03-15T00:00:04.112+0000] {dag.py:3047} INFO - Sync 1 DAGs
[2024-03-15T00:00:04.137+0000] {logging_mixin.py:188} INFO - [2024-03-15T00:00:04.137+0000] {dag.py:3834} INFO - Setting next_dagrun for example_branch_dop_operator_v3 to 2024-03-14 23:59:00+00:00, run_after=2024-03-15 00:00:00+00:00
[2024-03-15T00:00:04.153+0000] {processor.py:183} INFO - Processing /home/airflow/.local/lib/python3.8/site-packages/airflow/example_dags/example_branch_python_dop_operator_3.py took 0.064 seconds
[2024-03-15T00:00:35.203+0000] {processor.py:161} INFO - Started process (PID=117) to work on /home/airflow/.local/lib/python3.8/site-packages/airflow/example_dags/example_branch_python_dop_operator_3.py
[2024-03-15T00:00:35.204+0000] {processor.py:830} INFO - Processing file /home/airflow/.local/lib/python3.8/site-packages/airflow/example_dags/example_branch_python_dop_operator_3.py for tasks to queue
[2024-03-15T00:00:35.205+0000] {logging_mixin.py:188} INFO - [2024-03-15T00:00:35.205+0000] {dagbag.py:540} INFO - Filling up the DagBag from /home/airflow/.local/lib/python3.8/site-packages/airflow/example_dags/example_branch_python_dop_operator_3.py
[2024-03-15T00:00:35.212+0000] {processor.py:840} INFO - DAG(s) 'example_branch_dop_operator_v3' retrieved from /home/airflow/.local/lib/python3.8/site-packages/airflow/example_dags/example_branch_python_dop_operator_3.py
[2024-03-15T00:00:35.286+0000] {logging_mixin.py:188} INFO - [2024-03-15T00:00:35.286+0000] {dag.py:3047} INFO - Sync 1 DAGs
[2024-03-15T00:00:35.304+0000] {logging_mixin.py:188} INFO - [2024-03-15T00:00:35.304+0000] {dag.py:3834} INFO - Setting next_dagrun for example_branch_dop_operator_v3 to 2024-03-14 23:59:00+00:00, run_after=2024-03-15 00:00:00+00:00
[2024-03-15T00:00:35.317+0000] {processor.py:183} INFO - Processing /home/airflow/.local/lib/python3.8/site-packages/airflow/example_dags/example_branch_python_dop_operator_3.py took 0.116 seconds
[2024-03-15T00:01:05.839+0000] {processor.py:161} INFO - Started process (PID=172) to work on /home/airflow/.local/lib/python3.8/site-packages/airflow/example_dags/example_branch_python_dop_operator_3.py
[2024-03-15T00:01:05.840+0000] {processor.py:830} INFO - Processing file /home/airflow/.local/lib/python3.8/site-packages/airflow/example_dags/example_branch_python_dop_operator_3.py for tasks to queue
[2024-03-15T00:01:05.842+0000] {logging_mixin.py:188} INFO - [2024-03-15T00:01:05.842+0000] {dagbag.py:540} INFO - Filling up the DagBag from /home/airflow/.local/lib/python3.8/site-packages/airflow/example_dags/example_branch_python_dop_operator_3.py
[2024-03-15T00:01:05.849+0000] {processor.py:840} INFO - DAG(s) 'example_branch_dop_operator_v3' retrieved from /home/airflow/.local/lib/python3.8/site-packages/airflow/example_dags/example_branch_python_dop_operator_3.py
[2024-03-15T00:01:05.867+0000] {logging_mixin.py:188} INFO - [2024-03-15T00:01:05.867+0000] {dag.py:3047} INFO - Sync 1 DAGs
[2024-03-15T00:01:05.890+0000] {logging_mixin.py:188} INFO - [2024-03-15T00:01:05.889+0000] {dag.py:3834} INFO - Setting next_dagrun for example_branch_dop_operator_v3 to 2024-03-15 00:00:00+00:00, run_after=2024-03-15 00:01:00+00:00
[2024-03-15T00:01:05.905+0000] {processor.py:183} INFO - Processing /home/airflow/.local/lib/python3.8/site-packages/airflow/example_dags/example_branch_python_dop_operator_3.py took 0.068 seconds
[2024-03-15T00:01:36.017+0000] {processor.py:161} INFO - Started process (PID=226) to work on /home/airflow/.local/lib/python3.8/site-packages/airflow/example_dags/example_branch_python_dop_operator_3.py
[2024-03-15T00:01:36.018+0000] {processor.py:830} INFO - Processing file /home/airflow/.local/lib/python3.8/site-packages/airflow/example_dags/example_branch_python_dop_operator_3.py for tasks to queue
[2024-03-15T00:01:36.019+0000] {logging_mixin.py:188} INFO - [2024-03-15T00:01:36.019+0000] {dagbag.py:540} INFO - Filling up the DagBag from /home/airflow/.local/lib/python3.8/site-packages/airflow/example_dags/example_branch_python_dop_operator_3.py
[2024-03-15T00:01:36.025+0000] {processor.py:840} INFO - DAG(s) 'example_branch_dop_operator_v3' retrieved from /home/airflow/.local/lib/python3.8/site-packages/airflow/example_dags/example_branch_python_dop_operator_3.py
[2024-03-15T00:01:36.039+0000] {logging_mixin.py:188} INFO - [2024-03-15T00:01:36.039+0000] {dag.py:3047} INFO - Sync 1 DAGs
[2024-03-15T00:01:36.059+0000] {logging_mixin.py:188} INFO - [2024-03-15T00:01:36.059+0000] {dag.py:3834} INFO - Setting next_dagrun for example_branch_dop_operator_v3 to 2024-03-15 00:00:00+00:00, run_after=2024-03-15 00:01:00+00:00
[2024-03-15T00:01:36.073+0000] {processor.py:183} INFO - Processing /home/airflow/.local/lib/python3.8/site-packages/airflow/example_dags/example_branch_python_dop_operator_3.py took 0.058 seconds
[2024-03-15T00:02:06.134+0000] {processor.py:161} INFO - Started process (PID=281) to work on /home/airflow/.local/lib/python3.8/site-packages/airflow/example_dags/example_branch_python_dop_operator_3.py
[2024-03-15T00:02:06.135+0000] {processor.py:830} INFO - Processing file /home/airflow/.local/lib/python3.8/site-packages/airflow/example_dags/example_branch_python_dop_operator_3.py for tasks to queue
[2024-03-15T00:02:06.136+0000] {logging_mixin.py:188} INFO - [2024-03-15T00:02:06.136+0000] {dagbag.py:540} INFO - Filling up the DagBag from /home/airflow/.local/lib/python3.8/site-packages/airflow/example_dags/example_branch_python_dop_operator_3.py
[2024-03-15T00:02:06.142+0000] {processor.py:840} INFO - DAG(s) 'example_branch_dop_operator_v3' retrieved from /home/airflow/.local/lib/python3.8/site-packages/airflow/example_dags/example_branch_python_dop_operator_3.py
[2024-03-15T00:02:06.156+0000] {logging_mixin.py:188} INFO - [2024-03-15T00:02:06.156+0000] {dag.py:3047} INFO - Sync 1 DAGs
[2024-03-15T00:02:06.177+0000] {logging_mixin.py:188} INFO - [2024-03-15T00:02:06.177+0000] {dag.py:3834} INFO - Setting next_dagrun for example_branch_dop_operator_v3 to 2024-03-15 00:01:00+00:00, run_after=2024-03-15 00:02:00+00:00
[2024-03-15T00:02:06.191+0000] {processor.py:183} INFO - Processing /home/airflow/.local/lib/python3.8/site-packages/airflow/example_dags/example_branch_python_dop_operator_3.py took 0.059 seconds
[2024-03-15T00:02:36.255+0000] {processor.py:161} INFO - Started process (PID=336) to work on /home/airflow/.local/lib/python3.8/site-packages/airflow/example_dags/example_branch_python_dop_operator_3.py
[2024-03-15T00:02:36.256+0000] {processor.py:830} INFO - Processing file /home/airflow/.local/lib/python3.8/site-packages/airflow/example_dags/example_branch_python_dop_operator_3.py for tasks to queue
[2024-03-15T00:02:36.257+0000] {logging_mixin.py:188} INFO - [2024-03-15T00:02:36.257+0000] {dagbag.py:540} INFO - Filling up the DagBag from /home/airflow/.local/lib/python3.8/site-packages/airflow/example_dags/example_branch_python_dop_operator_3.py
[2024-03-15T00:02:36.264+0000] {processor.py:840} INFO - DAG(s) 'example_branch_dop_operator_v3' retrieved from /home/airflow/.local/lib/python3.8/site-packages/airflow/example_dags/example_branch_python_dop_operator_3.py
[2024-03-15T00:02:36.278+0000] {logging_mixin.py:188} INFO - [2024-03-15T00:02:36.278+0000] {dag.py:3047} INFO - Sync 1 DAGs
[2024-03-15T00:02:36.302+0000] {logging_mixin.py:188} INFO - [2024-03-15T00:02:36.302+0000] {dag.py:3834} INFO - Setting next_dagrun for example_branch_dop_operator_v3 to 2024-03-15 00:01:00+00:00, run_after=2024-03-15 00:02:00+00:00
[2024-03-15T00:02:36.316+0000] {processor.py:183} INFO - Processing /home/airflow/.local/lib/python3.8/site-packages/airflow/example_dags/example_branch_python_dop_operator_3.py took 0.062 seconds
[2024-03-15T00:03:06.423+0000] {processor.py:161} INFO - Started process (PID=390) to work on /home/airflow/.local/lib/python3.8/site-packages/airflow/example_dags/example_branch_python_dop_operator_3.py
[2024-03-15T00:03:06.424+0000] {processor.py:830} INFO - Processing file /home/airflow/.local/lib/python3.8/site-packages/airflow/example_dags/example_branch_python_dop_operator_3.py for tasks to queue
[2024-03-15T00:03:06.425+0000] {logging_mixin.py:188} INFO - [2024-03-15T00:03:06.425+0000] {dagbag.py:540} INFO - Filling up the DagBag from /home/airflow/.local/lib/python3.8/site-packages/airflow/example_dags/example_branch_python_dop_operator_3.py
[2024-03-15T00:03:06.432+0000] {processor.py:840} INFO - DAG(s) 'example_branch_dop_operator_v3' retrieved from /home/airflow/.local/lib/python3.8/site-packages/airflow/example_dags/example_branch_python_dop_operator_3.py
[2024-03-15T00:03:06.446+0000] {logging_mixin.py:188} INFO - [2024-03-15T00:03:06.446+0000] {dag.py:3047} INFO - Sync 1 DAGs
[2024-03-15T00:03:06.467+0000] {logging_mixin.py:188} INFO - [2024-03-15T00:03:06.467+0000] {dag.py:3834} INFO - Setting next_dagrun for example_branch_dop_operator_v3 to 2024-03-15 00:02:00+00:00, run_after=2024-03-15 00:03:00+00:00
[2024-03-15T00:03:06.482+0000] {processor.py:183} INFO - Processing /home/airflow/.local/lib/python3.8/site-packages/airflow/example_dags/example_branch_python_dop_operator_3.py took 0.061 seconds
