[2024-03-15T00:00:04.304+0000] {processor.py:161} INFO - Started process (PID=68) to work on /home/airflow/.local/lib/python3.8/site-packages/airflow/example_dags/example_branch_labels.py
[2024-03-15T00:00:04.304+0000] {processor.py:830} INFO - Processing file /home/airflow/.local/lib/python3.8/site-packages/airflow/example_dags/example_branch_labels.py for tasks to queue
[2024-03-15T00:00:04.306+0000] {logging_mixin.py:188} INFO - [2024-03-15T00:00:04.305+0000] {dagbag.py:540} INFO - Filling up the DagBag from /home/airflow/.local/lib/python3.8/site-packages/airflow/example_dags/example_branch_labels.py
[2024-03-15T00:00:04.312+0000] {processor.py:840} INFO - DAG(s) 'example_branch_labels' retrieved from /home/airflow/.local/lib/python3.8/site-packages/airflow/example_dags/example_branch_labels.py
[2024-03-15T00:00:04.325+0000] {logging_mixin.py:188} INFO - [2024-03-15T00:00:04.325+0000] {dag.py:3047} INFO - Sync 1 DAGs
[2024-03-15T00:00:04.344+0000] {logging_mixin.py:188} INFO - [2024-03-15T00:00:04.344+0000] {dag.py:3834} INFO - Setting next_dagrun for example_branch_labels to 2024-03-14 00:00:00+00:00, run_after=2024-03-15 00:00:00+00:00
[2024-03-15T00:00:04.359+0000] {processor.py:183} INFO - Processing /home/airflow/.local/lib/python3.8/site-packages/airflow/example_dags/example_branch_labels.py took 0.057 seconds
[2024-03-15T00:00:35.602+0000] {processor.py:161} INFO - Started process (PID=123) to work on /home/airflow/.local/lib/python3.8/site-packages/airflow/example_dags/example_branch_labels.py
[2024-03-15T00:00:35.603+0000] {processor.py:830} INFO - Processing file /home/airflow/.local/lib/python3.8/site-packages/airflow/example_dags/example_branch_labels.py for tasks to queue
[2024-03-15T00:00:35.604+0000] {logging_mixin.py:188} INFO - [2024-03-15T00:00:35.604+0000] {dagbag.py:540} INFO - Filling up the DagBag from /home/airflow/.local/lib/python3.8/site-packages/airflow/example_dags/example_branch_labels.py
[2024-03-15T00:00:35.610+0000] {processor.py:840} INFO - DAG(s) 'example_branch_labels' retrieved from /home/airflow/.local/lib/python3.8/site-packages/airflow/example_dags/example_branch_labels.py
[2024-03-15T00:00:35.685+0000] {logging_mixin.py:188} INFO - [2024-03-15T00:00:35.685+0000] {dag.py:3047} INFO - Sync 1 DAGs
[2024-03-15T00:00:35.700+0000] {logging_mixin.py:188} INFO - [2024-03-15T00:00:35.699+0000] {dag.py:3834} INFO - Setting next_dagrun for example_branch_labels to 2024-03-14 00:00:00+00:00, run_after=2024-03-15 00:00:00+00:00
[2024-03-15T00:00:35.713+0000] {processor.py:183} INFO - Processing /home/airflow/.local/lib/python3.8/site-packages/airflow/example_dags/example_branch_labels.py took 0.113 seconds
[2024-03-15T00:01:06.139+0000] {processor.py:161} INFO - Started process (PID=178) to work on /home/airflow/.local/lib/python3.8/site-packages/airflow/example_dags/example_branch_labels.py
[2024-03-15T00:01:06.139+0000] {processor.py:830} INFO - Processing file /home/airflow/.local/lib/python3.8/site-packages/airflow/example_dags/example_branch_labels.py for tasks to queue
[2024-03-15T00:01:06.141+0000] {logging_mixin.py:188} INFO - [2024-03-15T00:01:06.140+0000] {dagbag.py:540} INFO - Filling up the DagBag from /home/airflow/.local/lib/python3.8/site-packages/airflow/example_dags/example_branch_labels.py
[2024-03-15T00:01:06.146+0000] {processor.py:840} INFO - DAG(s) 'example_branch_labels' retrieved from /home/airflow/.local/lib/python3.8/site-packages/airflow/example_dags/example_branch_labels.py
[2024-03-15T00:01:06.161+0000] {logging_mixin.py:188} INFO - [2024-03-15T00:01:06.161+0000] {dag.py:3047} INFO - Sync 1 DAGs
[2024-03-15T00:01:06.178+0000] {logging_mixin.py:188} INFO - [2024-03-15T00:01:06.178+0000] {dag.py:3834} INFO - Setting next_dagrun for example_branch_labels to 2024-03-14 00:00:00+00:00, run_after=2024-03-15 00:00:00+00:00
[2024-03-15T00:01:06.192+0000] {processor.py:183} INFO - Processing /home/airflow/.local/lib/python3.8/site-packages/airflow/example_dags/example_branch_labels.py took 0.056 seconds
[2024-03-15T00:01:36.289+0000] {processor.py:161} INFO - Started process (PID=232) to work on /home/airflow/.local/lib/python3.8/site-packages/airflow/example_dags/example_branch_labels.py
[2024-03-15T00:01:36.289+0000] {processor.py:830} INFO - Processing file /home/airflow/.local/lib/python3.8/site-packages/airflow/example_dags/example_branch_labels.py for tasks to queue
[2024-03-15T00:01:36.291+0000] {logging_mixin.py:188} INFO - [2024-03-15T00:01:36.290+0000] {dagbag.py:540} INFO - Filling up the DagBag from /home/airflow/.local/lib/python3.8/site-packages/airflow/example_dags/example_branch_labels.py
[2024-03-15T00:01:36.296+0000] {processor.py:840} INFO - DAG(s) 'example_branch_labels' retrieved from /home/airflow/.local/lib/python3.8/site-packages/airflow/example_dags/example_branch_labels.py
[2024-03-15T00:01:36.311+0000] {logging_mixin.py:188} INFO - [2024-03-15T00:01:36.311+0000] {dag.py:3047} INFO - Sync 1 DAGs
[2024-03-15T00:01:36.329+0000] {logging_mixin.py:188} INFO - [2024-03-15T00:01:36.329+0000] {dag.py:3834} INFO - Setting next_dagrun for example_branch_labels to 2024-03-14 00:00:00+00:00, run_after=2024-03-15 00:00:00+00:00
[2024-03-15T00:01:36.344+0000] {processor.py:183} INFO - Processing /home/airflow/.local/lib/python3.8/site-packages/airflow/example_dags/example_branch_labels.py took 0.057 seconds
[2024-03-15T00:02:06.407+0000] {processor.py:161} INFO - Started process (PID=287) to work on /home/airflow/.local/lib/python3.8/site-packages/airflow/example_dags/example_branch_labels.py
[2024-03-15T00:02:06.408+0000] {processor.py:830} INFO - Processing file /home/airflow/.local/lib/python3.8/site-packages/airflow/example_dags/example_branch_labels.py for tasks to queue
[2024-03-15T00:02:06.409+0000] {logging_mixin.py:188} INFO - [2024-03-15T00:02:06.409+0000] {dagbag.py:540} INFO - Filling up the DagBag from /home/airflow/.local/lib/python3.8/site-packages/airflow/example_dags/example_branch_labels.py
[2024-03-15T00:02:06.415+0000] {processor.py:840} INFO - DAG(s) 'example_branch_labels' retrieved from /home/airflow/.local/lib/python3.8/site-packages/airflow/example_dags/example_branch_labels.py
[2024-03-15T00:02:06.428+0000] {logging_mixin.py:188} INFO - [2024-03-15T00:02:06.428+0000] {dag.py:3047} INFO - Sync 1 DAGs
[2024-03-15T00:02:06.446+0000] {logging_mixin.py:188} INFO - [2024-03-15T00:02:06.446+0000] {dag.py:3834} INFO - Setting next_dagrun for example_branch_labels to 2024-03-14 00:00:00+00:00, run_after=2024-03-15 00:00:00+00:00
[2024-03-15T00:02:06.460+0000] {processor.py:183} INFO - Processing /home/airflow/.local/lib/python3.8/site-packages/airflow/example_dags/example_branch_labels.py took 0.055 seconds
[2024-03-15T00:02:36.525+0000] {processor.py:161} INFO - Started process (PID=342) to work on /home/airflow/.local/lib/python3.8/site-packages/airflow/example_dags/example_branch_labels.py
[2024-03-15T00:02:36.526+0000] {processor.py:830} INFO - Processing file /home/airflow/.local/lib/python3.8/site-packages/airflow/example_dags/example_branch_labels.py for tasks to queue
[2024-03-15T00:02:36.527+0000] {logging_mixin.py:188} INFO - [2024-03-15T00:02:36.527+0000] {dagbag.py:540} INFO - Filling up the DagBag from /home/airflow/.local/lib/python3.8/site-packages/airflow/example_dags/example_branch_labels.py
[2024-03-15T00:02:36.533+0000] {processor.py:840} INFO - DAG(s) 'example_branch_labels' retrieved from /home/airflow/.local/lib/python3.8/site-packages/airflow/example_dags/example_branch_labels.py
[2024-03-15T00:02:36.547+0000] {logging_mixin.py:188} INFO - [2024-03-15T00:02:36.547+0000] {dag.py:3047} INFO - Sync 1 DAGs
[2024-03-15T00:02:36.563+0000] {logging_mixin.py:188} INFO - [2024-03-15T00:02:36.563+0000] {dag.py:3834} INFO - Setting next_dagrun for example_branch_labels to 2024-03-14 00:00:00+00:00, run_after=2024-03-15 00:00:00+00:00
[2024-03-15T00:02:36.577+0000] {processor.py:183} INFO - Processing /home/airflow/.local/lib/python3.8/site-packages/airflow/example_dags/example_branch_labels.py took 0.055 seconds
[2024-03-15T00:03:06.638+0000] {processor.py:161} INFO - Started process (PID=396) to work on /home/airflow/.local/lib/python3.8/site-packages/airflow/example_dags/example_branch_labels.py
[2024-03-15T00:03:06.639+0000] {processor.py:830} INFO - Processing file /home/airflow/.local/lib/python3.8/site-packages/airflow/example_dags/example_branch_labels.py for tasks to queue
[2024-03-15T00:03:06.640+0000] {logging_mixin.py:188} INFO - [2024-03-15T00:03:06.639+0000] {dagbag.py:540} INFO - Filling up the DagBag from /home/airflow/.local/lib/python3.8/site-packages/airflow/example_dags/example_branch_labels.py
[2024-03-15T00:03:06.645+0000] {processor.py:840} INFO - DAG(s) 'example_branch_labels' retrieved from /home/airflow/.local/lib/python3.8/site-packages/airflow/example_dags/example_branch_labels.py
[2024-03-15T00:03:06.658+0000] {logging_mixin.py:188} INFO - [2024-03-15T00:03:06.658+0000] {dag.py:3047} INFO - Sync 1 DAGs
[2024-03-15T00:03:06.676+0000] {logging_mixin.py:188} INFO - [2024-03-15T00:03:06.676+0000] {dag.py:3834} INFO - Setting next_dagrun for example_branch_labels to 2024-03-14 00:00:00+00:00, run_after=2024-03-15 00:00:00+00:00
[2024-03-15T00:03:06.688+0000] {processor.py:183} INFO - Processing /home/airflow/.local/lib/python3.8/site-packages/airflow/example_dags/example_branch_labels.py took 0.053 seconds
