[2024-03-15T00:00:04.020+0000] {processor.py:161} INFO - Started process (PID=60) to work on /home/airflow/.local/lib/python3.8/site-packages/airflow/example_dags/example_task_group.py
[2024-03-15T00:00:04.021+0000] {processor.py:830} INFO - Processing file /home/airflow/.local/lib/python3.8/site-packages/airflow/example_dags/example_task_group.py for tasks to queue
[2024-03-15T00:00:04.022+0000] {logging_mixin.py:188} INFO - [2024-03-15T00:00:04.021+0000] {dagbag.py:540} INFO - Filling up the DagBag from /home/airflow/.local/lib/python3.8/site-packages/airflow/example_dags/example_task_group.py
[2024-03-15T00:00:04.027+0000] {processor.py:840} INFO - DAG(s) 'example_task_group' retrieved from /home/airflow/.local/lib/python3.8/site-packages/airflow/example_dags/example_task_group.py
[2024-03-15T00:00:04.036+0000] {logging_mixin.py:188} INFO - [2024-03-15T00:00:04.036+0000] {dag.py:3047} INFO - Sync 1 DAGs
[2024-03-15T00:00:04.054+0000] {logging_mixin.py:188} INFO - [2024-03-15T00:00:04.053+0000] {dag.py:3834} INFO - Setting next_dagrun for example_task_group to 2024-03-14 00:00:00+00:00, run_after=2024-03-15 00:00:00+00:00
[2024-03-15T00:00:04.068+0000] {processor.py:183} INFO - Processing /home/airflow/.local/lib/python3.8/site-packages/airflow/example_dags/example_task_group.py took 0.050 seconds
[2024-03-15T00:00:35.072+0000] {processor.py:161} INFO - Started process (PID=115) to work on /home/airflow/.local/lib/python3.8/site-packages/airflow/example_dags/example_task_group.py
[2024-03-15T00:00:35.073+0000] {processor.py:830} INFO - Processing file /home/airflow/.local/lib/python3.8/site-packages/airflow/example_dags/example_task_group.py for tasks to queue
[2024-03-15T00:00:35.074+0000] {logging_mixin.py:188} INFO - [2024-03-15T00:00:35.074+0000] {dagbag.py:540} INFO - Filling up the DagBag from /home/airflow/.local/lib/python3.8/site-packages/airflow/example_dags/example_task_group.py
[2024-03-15T00:00:35.080+0000] {processor.py:840} INFO - DAG(s) 'example_task_group' retrieved from /home/airflow/.local/lib/python3.8/site-packages/airflow/example_dags/example_task_group.py
[2024-03-15T00:00:35.158+0000] {logging_mixin.py:188} INFO - [2024-03-15T00:00:35.158+0000] {dag.py:3047} INFO - Sync 1 DAGs
[2024-03-15T00:00:35.172+0000] {logging_mixin.py:188} INFO - [2024-03-15T00:00:35.172+0000] {dag.py:3834} INFO - Setting next_dagrun for example_task_group to 2024-03-14 00:00:00+00:00, run_after=2024-03-15 00:00:00+00:00
[2024-03-15T00:00:35.186+0000] {processor.py:183} INFO - Processing /home/airflow/.local/lib/python3.8/site-packages/airflow/example_dags/example_task_group.py took 0.116 seconds
[2024-03-15T00:01:05.756+0000] {processor.py:161} INFO - Started process (PID=170) to work on /home/airflow/.local/lib/python3.8/site-packages/airflow/example_dags/example_task_group.py
[2024-03-15T00:01:05.757+0000] {processor.py:830} INFO - Processing file /home/airflow/.local/lib/python3.8/site-packages/airflow/example_dags/example_task_group.py for tasks to queue
[2024-03-15T00:01:05.759+0000] {logging_mixin.py:188} INFO - [2024-03-15T00:01:05.759+0000] {dagbag.py:540} INFO - Filling up the DagBag from /home/airflow/.local/lib/python3.8/site-packages/airflow/example_dags/example_task_group.py
[2024-03-15T00:01:05.766+0000] {processor.py:840} INFO - DAG(s) 'example_task_group' retrieved from /home/airflow/.local/lib/python3.8/site-packages/airflow/example_dags/example_task_group.py
[2024-03-15T00:01:05.783+0000] {logging_mixin.py:188} INFO - [2024-03-15T00:01:05.783+0000] {dag.py:3047} INFO - Sync 1 DAGs
[2024-03-15T00:01:05.800+0000] {logging_mixin.py:188} INFO - [2024-03-15T00:01:05.800+0000] {dag.py:3834} INFO - Setting next_dagrun for example_task_group to 2024-03-14 00:00:00+00:00, run_after=2024-03-15 00:00:00+00:00
[2024-03-15T00:01:05.815+0000] {processor.py:183} INFO - Processing /home/airflow/.local/lib/python3.8/site-packages/airflow/example_dags/example_task_group.py took 0.062 seconds
[2024-03-15T00:01:35.863+0000] {processor.py:161} INFO - Started process (PID=224) to work on /home/airflow/.local/lib/python3.8/site-packages/airflow/example_dags/example_task_group.py
[2024-03-15T00:01:35.864+0000] {processor.py:830} INFO - Processing file /home/airflow/.local/lib/python3.8/site-packages/airflow/example_dags/example_task_group.py for tasks to queue
[2024-03-15T00:01:35.865+0000] {logging_mixin.py:188} INFO - [2024-03-15T00:01:35.865+0000] {dagbag.py:540} INFO - Filling up the DagBag from /home/airflow/.local/lib/python3.8/site-packages/airflow/example_dags/example_task_group.py
[2024-03-15T00:01:35.870+0000] {processor.py:840} INFO - DAG(s) 'example_task_group' retrieved from /home/airflow/.local/lib/python3.8/site-packages/airflow/example_dags/example_task_group.py
[2024-03-15T00:01:35.887+0000] {logging_mixin.py:188} INFO - [2024-03-15T00:01:35.886+0000] {dag.py:3047} INFO - Sync 1 DAGs
[2024-03-15T00:01:35.904+0000] {logging_mixin.py:188} INFO - [2024-03-15T00:01:35.904+0000] {dag.py:3834} INFO - Setting next_dagrun for example_task_group to 2024-03-14 00:00:00+00:00, run_after=2024-03-15 00:00:00+00:00
[2024-03-15T00:01:35.919+0000] {processor.py:183} INFO - Processing /home/airflow/.local/lib/python3.8/site-packages/airflow/example_dags/example_task_group.py took 0.058 seconds
[2024-03-15T00:02:05.980+0000] {processor.py:161} INFO - Started process (PID=279) to work on /home/airflow/.local/lib/python3.8/site-packages/airflow/example_dags/example_task_group.py
[2024-03-15T00:02:05.980+0000] {processor.py:830} INFO - Processing file /home/airflow/.local/lib/python3.8/site-packages/airflow/example_dags/example_task_group.py for tasks to queue
[2024-03-15T00:02:05.981+0000] {logging_mixin.py:188} INFO - [2024-03-15T00:02:05.981+0000] {dagbag.py:540} INFO - Filling up the DagBag from /home/airflow/.local/lib/python3.8/site-packages/airflow/example_dags/example_task_group.py
[2024-03-15T00:02:05.986+0000] {processor.py:840} INFO - DAG(s) 'example_task_group' retrieved from /home/airflow/.local/lib/python3.8/site-packages/airflow/example_dags/example_task_group.py
[2024-03-15T00:02:06.003+0000] {logging_mixin.py:188} INFO - [2024-03-15T00:02:06.002+0000] {dag.py:3047} INFO - Sync 1 DAGs
[2024-03-15T00:02:06.018+0000] {logging_mixin.py:188} INFO - [2024-03-15T00:02:06.018+0000] {dag.py:3834} INFO - Setting next_dagrun for example_task_group to 2024-03-14 00:00:00+00:00, run_after=2024-03-15 00:00:00+00:00
[2024-03-15T00:02:06.031+0000] {processor.py:183} INFO - Processing /home/airflow/.local/lib/python3.8/site-packages/airflow/example_dags/example_task_group.py took 0.054 seconds
[2024-03-15T00:02:36.110+0000] {processor.py:161} INFO - Started process (PID=334) to work on /home/airflow/.local/lib/python3.8/site-packages/airflow/example_dags/example_task_group.py
[2024-03-15T00:02:36.110+0000] {processor.py:830} INFO - Processing file /home/airflow/.local/lib/python3.8/site-packages/airflow/example_dags/example_task_group.py for tasks to queue
[2024-03-15T00:02:36.111+0000] {logging_mixin.py:188} INFO - [2024-03-15T00:02:36.111+0000] {dagbag.py:540} INFO - Filling up the DagBag from /home/airflow/.local/lib/python3.8/site-packages/airflow/example_dags/example_task_group.py
[2024-03-15T00:02:36.116+0000] {processor.py:840} INFO - DAG(s) 'example_task_group' retrieved from /home/airflow/.local/lib/python3.8/site-packages/airflow/example_dags/example_task_group.py
[2024-03-15T00:02:36.131+0000] {logging_mixin.py:188} INFO - [2024-03-15T00:02:36.131+0000] {dag.py:3047} INFO - Sync 1 DAGs
[2024-03-15T00:02:36.148+0000] {logging_mixin.py:188} INFO - [2024-03-15T00:02:36.147+0000] {dag.py:3834} INFO - Setting next_dagrun for example_task_group to 2024-03-14 00:00:00+00:00, run_after=2024-03-15 00:00:00+00:00
[2024-03-15T00:02:36.161+0000] {processor.py:183} INFO - Processing /home/airflow/.local/lib/python3.8/site-packages/airflow/example_dags/example_task_group.py took 0.053 seconds
[2024-03-15T00:03:06.352+0000] {processor.py:161} INFO - Started process (PID=388) to work on /home/airflow/.local/lib/python3.8/site-packages/airflow/example_dags/example_task_group.py
[2024-03-15T00:03:06.353+0000] {processor.py:830} INFO - Processing file /home/airflow/.local/lib/python3.8/site-packages/airflow/example_dags/example_task_group.py for tasks to queue
[2024-03-15T00:03:06.354+0000] {logging_mixin.py:188} INFO - [2024-03-15T00:03:06.354+0000] {dagbag.py:540} INFO - Filling up the DagBag from /home/airflow/.local/lib/python3.8/site-packages/airflow/example_dags/example_task_group.py
[2024-03-15T00:03:06.360+0000] {processor.py:840} INFO - DAG(s) 'example_task_group' retrieved from /home/airflow/.local/lib/python3.8/site-packages/airflow/example_dags/example_task_group.py
[2024-03-15T00:03:06.376+0000] {logging_mixin.py:188} INFO - [2024-03-15T00:03:06.376+0000] {dag.py:3047} INFO - Sync 1 DAGs
[2024-03-15T00:03:06.393+0000] {logging_mixin.py:188} INFO - [2024-03-15T00:03:06.393+0000] {dag.py:3834} INFO - Setting next_dagrun for example_task_group to 2024-03-14 00:00:00+00:00, run_after=2024-03-15 00:00:00+00:00
[2024-03-15T00:03:06.406+0000] {processor.py:183} INFO - Processing /home/airflow/.local/lib/python3.8/site-packages/airflow/example_dags/example_task_group.py took 0.056 seconds
