[2024-03-15T00:00:03.830+0000] {processor.py:161} INFO - Started process (PID=55) to work on /home/airflow/.local/lib/python3.8/site-packages/airflow/example_dags/example_setup_teardown.py
[2024-03-15T00:00:03.831+0000] {processor.py:830} INFO - Processing file /home/airflow/.local/lib/python3.8/site-packages/airflow/example_dags/example_setup_teardown.py for tasks to queue
[2024-03-15T00:00:03.832+0000] {logging_mixin.py:188} INFO - [2024-03-15T00:00:03.832+0000] {dagbag.py:540} INFO - Filling up the DagBag from /home/airflow/.local/lib/python3.8/site-packages/airflow/example_dags/example_setup_teardown.py
[2024-03-15T00:00:03.837+0000] {processor.py:840} INFO - DAG(s) 'example_setup_teardown' retrieved from /home/airflow/.local/lib/python3.8/site-packages/airflow/example_dags/example_setup_teardown.py
[2024-03-15T00:00:03.846+0000] {logging_mixin.py:188} INFO - [2024-03-15T00:00:03.846+0000] {dag.py:3047} INFO - Sync 1 DAGs
[2024-03-15T00:00:03.864+0000] {logging_mixin.py:188} INFO - [2024-03-15T00:00:03.864+0000] {dag.py:3834} INFO - Setting next_dagrun for example_setup_teardown to 2024-03-14 00:00:00+00:00, run_after=2024-03-15 00:00:00+00:00
[2024-03-15T00:00:03.879+0000] {processor.py:183} INFO - Processing /home/airflow/.local/lib/python3.8/site-packages/airflow/example_dags/example_setup_teardown.py took 0.051 seconds
[2024-03-15T00:00:34.696+0000] {processor.py:161} INFO - Started process (PID=110) to work on /home/airflow/.local/lib/python3.8/site-packages/airflow/example_dags/example_setup_teardown.py
[2024-03-15T00:00:34.696+0000] {processor.py:830} INFO - Processing file /home/airflow/.local/lib/python3.8/site-packages/airflow/example_dags/example_setup_teardown.py for tasks to queue
[2024-03-15T00:00:34.698+0000] {logging_mixin.py:188} INFO - [2024-03-15T00:00:34.697+0000] {dagbag.py:540} INFO - Filling up the DagBag from /home/airflow/.local/lib/python3.8/site-packages/airflow/example_dags/example_setup_teardown.py
[2024-03-15T00:00:34.702+0000] {processor.py:840} INFO - DAG(s) 'example_setup_teardown' retrieved from /home/airflow/.local/lib/python3.8/site-packages/airflow/example_dags/example_setup_teardown.py
[2024-03-15T00:00:34.775+0000] {logging_mixin.py:188} INFO - [2024-03-15T00:00:34.775+0000] {dag.py:3047} INFO - Sync 1 DAGs
[2024-03-15T00:00:34.789+0000] {logging_mixin.py:188} INFO - [2024-03-15T00:00:34.789+0000] {dag.py:3834} INFO - Setting next_dagrun for example_setup_teardown to 2024-03-14 00:00:00+00:00, run_after=2024-03-15 00:00:00+00:00
[2024-03-15T00:00:34.803+0000] {processor.py:183} INFO - Processing /home/airflow/.local/lib/python3.8/site-packages/airflow/example_dags/example_setup_teardown.py took 0.109 seconds
[2024-03-15T00:01:05.610+0000] {processor.py:161} INFO - Started process (PID=165) to work on /home/airflow/.local/lib/python3.8/site-packages/airflow/example_dags/example_setup_teardown.py
[2024-03-15T00:01:05.611+0000] {processor.py:830} INFO - Processing file /home/airflow/.local/lib/python3.8/site-packages/airflow/example_dags/example_setup_teardown.py for tasks to queue
[2024-03-15T00:01:05.612+0000] {logging_mixin.py:188} INFO - [2024-03-15T00:01:05.611+0000] {dagbag.py:540} INFO - Filling up the DagBag from /home/airflow/.local/lib/python3.8/site-packages/airflow/example_dags/example_setup_teardown.py
[2024-03-15T00:01:05.616+0000] {processor.py:840} INFO - DAG(s) 'example_setup_teardown' retrieved from /home/airflow/.local/lib/python3.8/site-packages/airflow/example_dags/example_setup_teardown.py
[2024-03-15T00:01:05.630+0000] {logging_mixin.py:188} INFO - [2024-03-15T00:01:05.630+0000] {dag.py:3047} INFO - Sync 1 DAGs
[2024-03-15T00:01:05.647+0000] {logging_mixin.py:188} INFO - [2024-03-15T00:01:05.647+0000] {dag.py:3834} INFO - Setting next_dagrun for example_setup_teardown to 2024-03-14 00:00:00+00:00, run_after=2024-03-15 00:00:00+00:00
[2024-03-15T00:01:05.661+0000] {processor.py:183} INFO - Processing /home/airflow/.local/lib/python3.8/site-packages/airflow/example_dags/example_setup_teardown.py took 0.053 seconds
[2024-03-15T00:01:35.685+0000] {processor.py:161} INFO - Started process (PID=219) to work on /home/airflow/.local/lib/python3.8/site-packages/airflow/example_dags/example_setup_teardown.py
[2024-03-15T00:01:35.685+0000] {processor.py:830} INFO - Processing file /home/airflow/.local/lib/python3.8/site-packages/airflow/example_dags/example_setup_teardown.py for tasks to queue
[2024-03-15T00:01:35.687+0000] {logging_mixin.py:188} INFO - [2024-03-15T00:01:35.686+0000] {dagbag.py:540} INFO - Filling up the DagBag from /home/airflow/.local/lib/python3.8/site-packages/airflow/example_dags/example_setup_teardown.py
[2024-03-15T00:01:35.691+0000] {processor.py:840} INFO - DAG(s) 'example_setup_teardown' retrieved from /home/airflow/.local/lib/python3.8/site-packages/airflow/example_dags/example_setup_teardown.py
[2024-03-15T00:01:35.706+0000] {logging_mixin.py:188} INFO - [2024-03-15T00:01:35.706+0000] {dag.py:3047} INFO - Sync 1 DAGs
[2024-03-15T00:01:35.724+0000] {logging_mixin.py:188} INFO - [2024-03-15T00:01:35.723+0000] {dag.py:3834} INFO - Setting next_dagrun for example_setup_teardown to 2024-03-14 00:00:00+00:00, run_after=2024-03-15 00:00:00+00:00
[2024-03-15T00:01:35.738+0000] {processor.py:183} INFO - Processing /home/airflow/.local/lib/python3.8/site-packages/airflow/example_dags/example_setup_teardown.py took 0.055 seconds
[2024-03-15T00:02:05.779+0000] {processor.py:161} INFO - Started process (PID=274) to work on /home/airflow/.local/lib/python3.8/site-packages/airflow/example_dags/example_setup_teardown.py
[2024-03-15T00:02:05.780+0000] {processor.py:830} INFO - Processing file /home/airflow/.local/lib/python3.8/site-packages/airflow/example_dags/example_setup_teardown.py for tasks to queue
[2024-03-15T00:02:05.781+0000] {logging_mixin.py:188} INFO - [2024-03-15T00:02:05.781+0000] {dagbag.py:540} INFO - Filling up the DagBag from /home/airflow/.local/lib/python3.8/site-packages/airflow/example_dags/example_setup_teardown.py
[2024-03-15T00:02:05.785+0000] {processor.py:840} INFO - DAG(s) 'example_setup_teardown' retrieved from /home/airflow/.local/lib/python3.8/site-packages/airflow/example_dags/example_setup_teardown.py
[2024-03-15T00:02:05.801+0000] {logging_mixin.py:188} INFO - [2024-03-15T00:02:05.801+0000] {dag.py:3047} INFO - Sync 1 DAGs
[2024-03-15T00:02:05.817+0000] {logging_mixin.py:188} INFO - [2024-03-15T00:02:05.817+0000] {dag.py:3834} INFO - Setting next_dagrun for example_setup_teardown to 2024-03-14 00:00:00+00:00, run_after=2024-03-15 00:00:00+00:00
[2024-03-15T00:02:05.831+0000] {processor.py:183} INFO - Processing /home/airflow/.local/lib/python3.8/site-packages/airflow/example_dags/example_setup_teardown.py took 0.053 seconds
[2024-03-15T00:02:35.847+0000] {processor.py:161} INFO - Started process (PID=328) to work on /home/airflow/.local/lib/python3.8/site-packages/airflow/example_dags/example_setup_teardown.py
[2024-03-15T00:02:35.848+0000] {processor.py:830} INFO - Processing file /home/airflow/.local/lib/python3.8/site-packages/airflow/example_dags/example_setup_teardown.py for tasks to queue
[2024-03-15T00:02:35.849+0000] {logging_mixin.py:188} INFO - [2024-03-15T00:02:35.849+0000] {dagbag.py:540} INFO - Filling up the DagBag from /home/airflow/.local/lib/python3.8/site-packages/airflow/example_dags/example_setup_teardown.py
[2024-03-15T00:02:35.853+0000] {processor.py:840} INFO - DAG(s) 'example_setup_teardown' retrieved from /home/airflow/.local/lib/python3.8/site-packages/airflow/example_dags/example_setup_teardown.py
[2024-03-15T00:02:35.870+0000] {logging_mixin.py:188} INFO - [2024-03-15T00:02:35.870+0000] {dag.py:3047} INFO - Sync 1 DAGs
[2024-03-15T00:02:35.887+0000] {logging_mixin.py:188} INFO - [2024-03-15T00:02:35.887+0000] {dag.py:3834} INFO - Setting next_dagrun for example_setup_teardown to 2024-03-14 00:00:00+00:00, run_after=2024-03-15 00:00:00+00:00
[2024-03-15T00:02:35.901+0000] {processor.py:183} INFO - Processing /home/airflow/.local/lib/python3.8/site-packages/airflow/example_dags/example_setup_teardown.py took 0.056 seconds
[2024-03-15T00:03:06.170+0000] {processor.py:161} INFO - Started process (PID=383) to work on /home/airflow/.local/lib/python3.8/site-packages/airflow/example_dags/example_setup_teardown.py
[2024-03-15T00:03:06.170+0000] {processor.py:830} INFO - Processing file /home/airflow/.local/lib/python3.8/site-packages/airflow/example_dags/example_setup_teardown.py for tasks to queue
[2024-03-15T00:03:06.171+0000] {logging_mixin.py:188} INFO - [2024-03-15T00:03:06.171+0000] {dagbag.py:540} INFO - Filling up the DagBag from /home/airflow/.local/lib/python3.8/site-packages/airflow/example_dags/example_setup_teardown.py
[2024-03-15T00:03:06.175+0000] {processor.py:840} INFO - DAG(s) 'example_setup_teardown' retrieved from /home/airflow/.local/lib/python3.8/site-packages/airflow/example_dags/example_setup_teardown.py
[2024-03-15T00:03:06.189+0000] {logging_mixin.py:188} INFO - [2024-03-15T00:03:06.189+0000] {dag.py:3047} INFO - Sync 1 DAGs
[2024-03-15T00:03:06.206+0000] {logging_mixin.py:188} INFO - [2024-03-15T00:03:06.206+0000] {dag.py:3834} INFO - Setting next_dagrun for example_setup_teardown to 2024-03-14 00:00:00+00:00, run_after=2024-03-15 00:00:00+00:00
[2024-03-15T00:03:06.219+0000] {processor.py:183} INFO - Processing /home/airflow/.local/lib/python3.8/site-packages/airflow/example_dags/example_setup_teardown.py took 0.052 seconds
