[2024-03-15T00:00:03.472+0000] {processor.py:161} INFO - Started process (PID=45) to work on /home/airflow/.local/lib/python3.8/site-packages/airflow/example_dags/example_nested_branch_dag.py
[2024-03-15T00:00:03.472+0000] {processor.py:830} INFO - Processing file /home/airflow/.local/lib/python3.8/site-packages/airflow/example_dags/example_nested_branch_dag.py for tasks to queue
[2024-03-15T00:00:03.474+0000] {logging_mixin.py:188} INFO - [2024-03-15T00:00:03.474+0000] {dagbag.py:540} INFO - Filling up the DagBag from /home/airflow/.local/lib/python3.8/site-packages/airflow/example_dags/example_nested_branch_dag.py
[2024-03-15T00:00:03.481+0000] {processor.py:840} INFO - DAG(s) 'example_nested_branch_dag' retrieved from /home/airflow/.local/lib/python3.8/site-packages/airflow/example_dags/example_nested_branch_dag.py
[2024-03-15T00:00:03.489+0000] {logging_mixin.py:188} INFO - [2024-03-15T00:00:03.489+0000] {dag.py:3047} INFO - Sync 1 DAGs
[2024-03-15T00:00:03.509+0000] {logging_mixin.py:188} INFO - [2024-03-15T00:00:03.509+0000] {dag.py:3834} INFO - Setting next_dagrun for example_nested_branch_dag to 2024-03-14 00:00:00+00:00, run_after=2024-03-15 00:00:00+00:00
[2024-03-15T00:00:03.528+0000] {processor.py:183} INFO - Processing /home/airflow/.local/lib/python3.8/site-packages/airflow/example_dags/example_nested_branch_dag.py took 0.058 seconds
[2024-03-15T00:00:34.025+0000] {processor.py:161} INFO - Started process (PID=100) to work on /home/airflow/.local/lib/python3.8/site-packages/airflow/example_dags/example_nested_branch_dag.py
[2024-03-15T00:00:34.026+0000] {processor.py:830} INFO - Processing file /home/airflow/.local/lib/python3.8/site-packages/airflow/example_dags/example_nested_branch_dag.py for tasks to queue
[2024-03-15T00:00:34.027+0000] {logging_mixin.py:188} INFO - [2024-03-15T00:00:34.027+0000] {dagbag.py:540} INFO - Filling up the DagBag from /home/airflow/.local/lib/python3.8/site-packages/airflow/example_dags/example_nested_branch_dag.py
[2024-03-15T00:00:34.033+0000] {processor.py:840} INFO - DAG(s) 'example_nested_branch_dag' retrieved from /home/airflow/.local/lib/python3.8/site-packages/airflow/example_dags/example_nested_branch_dag.py
[2024-03-15T00:00:34.110+0000] {logging_mixin.py:188} INFO - [2024-03-15T00:00:34.110+0000] {dag.py:3047} INFO - Sync 1 DAGs
[2024-03-15T00:00:34.125+0000] {logging_mixin.py:188} INFO - [2024-03-15T00:00:34.125+0000] {dag.py:3834} INFO - Setting next_dagrun for example_nested_branch_dag to 2024-03-14 00:00:00+00:00, run_after=2024-03-15 00:00:00+00:00
[2024-03-15T00:00:34.140+0000] {processor.py:183} INFO - Processing /home/airflow/.local/lib/python3.8/site-packages/airflow/example_dags/example_nested_branch_dag.py took 0.117 seconds
[2024-03-15T00:01:04.186+0000] {processor.py:161} INFO - Started process (PID=155) to work on /home/airflow/.local/lib/python3.8/site-packages/airflow/example_dags/example_nested_branch_dag.py
[2024-03-15T00:01:04.186+0000] {processor.py:830} INFO - Processing file /home/airflow/.local/lib/python3.8/site-packages/airflow/example_dags/example_nested_branch_dag.py for tasks to queue
[2024-03-15T00:01:04.187+0000] {logging_mixin.py:188} INFO - [2024-03-15T00:01:04.187+0000] {dagbag.py:540} INFO - Filling up the DagBag from /home/airflow/.local/lib/python3.8/site-packages/airflow/example_dags/example_nested_branch_dag.py
[2024-03-15T00:01:04.195+0000] {processor.py:840} INFO - DAG(s) 'example_nested_branch_dag' retrieved from /home/airflow/.local/lib/python3.8/site-packages/airflow/example_dags/example_nested_branch_dag.py
[2024-03-15T00:01:04.211+0000] {logging_mixin.py:188} INFO - [2024-03-15T00:01:04.211+0000] {dag.py:3047} INFO - Sync 1 DAGs
[2024-03-15T00:01:04.228+0000] {logging_mixin.py:188} INFO - [2024-03-15T00:01:04.228+0000] {dag.py:3834} INFO - Setting next_dagrun for example_nested_branch_dag to 2024-03-14 00:00:00+00:00, run_after=2024-03-15 00:00:00+00:00
[2024-03-15T00:01:04.242+0000] {processor.py:183} INFO - Processing /home/airflow/.local/lib/python3.8/site-packages/airflow/example_dags/example_nested_branch_dag.py took 0.059 seconds
[2024-03-15T00:01:34.265+0000] {processor.py:161} INFO - Started process (PID=209) to work on /home/airflow/.local/lib/python3.8/site-packages/airflow/example_dags/example_nested_branch_dag.py
[2024-03-15T00:01:34.266+0000] {processor.py:830} INFO - Processing file /home/airflow/.local/lib/python3.8/site-packages/airflow/example_dags/example_nested_branch_dag.py for tasks to queue
[2024-03-15T00:01:34.267+0000] {logging_mixin.py:188} INFO - [2024-03-15T00:01:34.267+0000] {dagbag.py:540} INFO - Filling up the DagBag from /home/airflow/.local/lib/python3.8/site-packages/airflow/example_dags/example_nested_branch_dag.py
[2024-03-15T00:01:34.274+0000] {processor.py:840} INFO - DAG(s) 'example_nested_branch_dag' retrieved from /home/airflow/.local/lib/python3.8/site-packages/airflow/example_dags/example_nested_branch_dag.py
[2024-03-15T00:01:34.290+0000] {logging_mixin.py:188} INFO - [2024-03-15T00:01:34.290+0000] {dag.py:3047} INFO - Sync 1 DAGs
[2024-03-15T00:01:34.306+0000] {logging_mixin.py:188} INFO - [2024-03-15T00:01:34.306+0000] {dag.py:3834} INFO - Setting next_dagrun for example_nested_branch_dag to 2024-03-14 00:00:00+00:00, run_after=2024-03-15 00:00:00+00:00
[2024-03-15T00:01:34.319+0000] {processor.py:183} INFO - Processing /home/airflow/.local/lib/python3.8/site-packages/airflow/example_dags/example_nested_branch_dag.py took 0.056 seconds
[2024-03-15T00:02:04.439+0000] {processor.py:161} INFO - Started process (PID=264) to work on /home/airflow/.local/lib/python3.8/site-packages/airflow/example_dags/example_nested_branch_dag.py
[2024-03-15T00:02:04.440+0000] {processor.py:830} INFO - Processing file /home/airflow/.local/lib/python3.8/site-packages/airflow/example_dags/example_nested_branch_dag.py for tasks to queue
[2024-03-15T00:02:04.442+0000] {logging_mixin.py:188} INFO - [2024-03-15T00:02:04.442+0000] {dagbag.py:540} INFO - Filling up the DagBag from /home/airflow/.local/lib/python3.8/site-packages/airflow/example_dags/example_nested_branch_dag.py
[2024-03-15T00:02:04.450+0000] {processor.py:840} INFO - DAG(s) 'example_nested_branch_dag' retrieved from /home/airflow/.local/lib/python3.8/site-packages/airflow/example_dags/example_nested_branch_dag.py
[2024-03-15T00:02:04.467+0000] {logging_mixin.py:188} INFO - [2024-03-15T00:02:04.467+0000] {dag.py:3047} INFO - Sync 1 DAGs
[2024-03-15T00:02:04.484+0000] {logging_mixin.py:188} INFO - [2024-03-15T00:02:04.484+0000] {dag.py:3834} INFO - Setting next_dagrun for example_nested_branch_dag to 2024-03-14 00:00:00+00:00, run_after=2024-03-15 00:00:00+00:00
[2024-03-15T00:02:04.499+0000] {processor.py:183} INFO - Processing /home/airflow/.local/lib/python3.8/site-packages/airflow/example_dags/example_nested_branch_dag.py took 0.061 seconds
[2024-03-15T00:02:34.550+0000] {processor.py:161} INFO - Started process (PID=319) to work on /home/airflow/.local/lib/python3.8/site-packages/airflow/example_dags/example_nested_branch_dag.py
[2024-03-15T00:02:34.551+0000] {processor.py:830} INFO - Processing file /home/airflow/.local/lib/python3.8/site-packages/airflow/example_dags/example_nested_branch_dag.py for tasks to queue
[2024-03-15T00:02:34.552+0000] {logging_mixin.py:188} INFO - [2024-03-15T00:02:34.552+0000] {dagbag.py:540} INFO - Filling up the DagBag from /home/airflow/.local/lib/python3.8/site-packages/airflow/example_dags/example_nested_branch_dag.py
[2024-03-15T00:02:34.559+0000] {processor.py:840} INFO - DAG(s) 'example_nested_branch_dag' retrieved from /home/airflow/.local/lib/python3.8/site-packages/airflow/example_dags/example_nested_branch_dag.py
[2024-03-15T00:02:34.574+0000] {logging_mixin.py:188} INFO - [2024-03-15T00:02:34.574+0000] {dag.py:3047} INFO - Sync 1 DAGs
[2024-03-15T00:02:34.592+0000] {logging_mixin.py:188} INFO - [2024-03-15T00:02:34.592+0000] {dag.py:3834} INFO - Setting next_dagrun for example_nested_branch_dag to 2024-03-14 00:00:00+00:00, run_after=2024-03-15 00:00:00+00:00
[2024-03-15T00:02:34.607+0000] {processor.py:183} INFO - Processing /home/airflow/.local/lib/python3.8/site-packages/airflow/example_dags/example_nested_branch_dag.py took 0.059 seconds
[2024-03-15T00:03:04.802+0000] {processor.py:161} INFO - Started process (PID=373) to work on /home/airflow/.local/lib/python3.8/site-packages/airflow/example_dags/example_nested_branch_dag.py
[2024-03-15T00:03:04.803+0000] {processor.py:830} INFO - Processing file /home/airflow/.local/lib/python3.8/site-packages/airflow/example_dags/example_nested_branch_dag.py for tasks to queue
[2024-03-15T00:03:04.804+0000] {logging_mixin.py:188} INFO - [2024-03-15T00:03:04.804+0000] {dagbag.py:540} INFO - Filling up the DagBag from /home/airflow/.local/lib/python3.8/site-packages/airflow/example_dags/example_nested_branch_dag.py
[2024-03-15T00:03:04.812+0000] {processor.py:840} INFO - DAG(s) 'example_nested_branch_dag' retrieved from /home/airflow/.local/lib/python3.8/site-packages/airflow/example_dags/example_nested_branch_dag.py
[2024-03-15T00:03:04.829+0000] {logging_mixin.py:188} INFO - [2024-03-15T00:03:04.829+0000] {dag.py:3047} INFO - Sync 1 DAGs
[2024-03-15T00:03:04.846+0000] {logging_mixin.py:188} INFO - [2024-03-15T00:03:04.846+0000] {dag.py:3834} INFO - Setting next_dagrun for example_nested_branch_dag to 2024-03-14 00:00:00+00:00, run_after=2024-03-15 00:00:00+00:00
[2024-03-15T00:03:04.859+0000] {processor.py:183} INFO - Processing /home/airflow/.local/lib/python3.8/site-packages/airflow/example_dags/example_nested_branch_dag.py took 0.059 seconds
