[2024-03-15T00:00:04.058+0000] {processor.py:161} INFO - Started process (PID=61) to work on /home/airflow/.local/lib/python3.8/site-packages/airflow/example_dags/example_branch_operator.py
[2024-03-15T00:00:04.059+0000] {processor.py:830} INFO - Processing file /home/airflow/.local/lib/python3.8/site-packages/airflow/example_dags/example_branch_operator.py for tasks to queue
[2024-03-15T00:00:04.060+0000] {logging_mixin.py:188} INFO - [2024-03-15T00:00:04.060+0000] {dagbag.py:540} INFO - Filling up the DagBag from /home/airflow/.local/lib/python3.8/site-packages/airflow/example_dags/example_branch_operator.py
[2024-03-15T00:00:04.079+0000] {processor.py:840} INFO - DAG(s) 'example_branch_operator' retrieved from /home/airflow/.local/lib/python3.8/site-packages/airflow/example_dags/example_branch_operator.py
[2024-03-15T00:00:04.088+0000] {logging_mixin.py:188} INFO - [2024-03-15T00:00:04.088+0000] {dag.py:3047} INFO - Sync 1 DAGs
[2024-03-15T00:00:04.108+0000] {logging_mixin.py:188} INFO - [2024-03-15T00:00:04.108+0000] {dag.py:3834} INFO - Setting next_dagrun for example_branch_operator to 2024-03-14 00:00:00+00:00, run_after=2024-03-15 00:00:00+00:00
[2024-03-15T00:00:04.124+0000] {processor.py:183} INFO - Processing /home/airflow/.local/lib/python3.8/site-packages/airflow/example_dags/example_branch_operator.py took 0.069 seconds
[2024-03-15T00:00:35.091+0000] {processor.py:161} INFO - Started process (PID=116) to work on /home/airflow/.local/lib/python3.8/site-packages/airflow/example_dags/example_branch_operator.py
[2024-03-15T00:00:35.092+0000] {processor.py:830} INFO - Processing file /home/airflow/.local/lib/python3.8/site-packages/airflow/example_dags/example_branch_operator.py for tasks to queue
[2024-03-15T00:00:35.093+0000] {logging_mixin.py:188} INFO - [2024-03-15T00:00:35.093+0000] {dagbag.py:540} INFO - Filling up the DagBag from /home/airflow/.local/lib/python3.8/site-packages/airflow/example_dags/example_branch_operator.py
[2024-03-15T00:00:35.105+0000] {processor.py:840} INFO - DAG(s) 'example_branch_operator' retrieved from /home/airflow/.local/lib/python3.8/site-packages/airflow/example_dags/example_branch_operator.py
[2024-03-15T00:00:35.188+0000] {logging_mixin.py:188} INFO - [2024-03-15T00:00:35.187+0000] {dag.py:3047} INFO - Sync 1 DAGs
[2024-03-15T00:00:35.204+0000] {logging_mixin.py:188} INFO - [2024-03-15T00:00:35.203+0000] {dag.py:3834} INFO - Setting next_dagrun for example_branch_operator to 2024-03-14 00:00:00+00:00, run_after=2024-03-15 00:00:00+00:00
[2024-03-15T00:00:35.220+0000] {processor.py:183} INFO - Processing /home/airflow/.local/lib/python3.8/site-packages/airflow/example_dags/example_branch_operator.py took 0.131 seconds
[2024-03-15T00:01:05.834+0000] {processor.py:161} INFO - Started process (PID=171) to work on /home/airflow/.local/lib/python3.8/site-packages/airflow/example_dags/example_branch_operator.py
[2024-03-15T00:01:05.835+0000] {processor.py:830} INFO - Processing file /home/airflow/.local/lib/python3.8/site-packages/airflow/example_dags/example_branch_operator.py for tasks to queue
[2024-03-15T00:01:05.836+0000] {logging_mixin.py:188} INFO - [2024-03-15T00:01:05.836+0000] {dagbag.py:540} INFO - Filling up the DagBag from /home/airflow/.local/lib/python3.8/site-packages/airflow/example_dags/example_branch_operator.py
[2024-03-15T00:01:05.853+0000] {processor.py:840} INFO - DAG(s) 'example_branch_operator' retrieved from /home/airflow/.local/lib/python3.8/site-packages/airflow/example_dags/example_branch_operator.py
[2024-03-15T00:01:05.877+0000] {logging_mixin.py:188} INFO - [2024-03-15T00:01:05.876+0000] {dag.py:3047} INFO - Sync 1 DAGs
[2024-03-15T00:01:05.896+0000] {logging_mixin.py:188} INFO - [2024-03-15T00:01:05.896+0000] {dag.py:3834} INFO - Setting next_dagrun for example_branch_operator to 2024-03-14 00:00:00+00:00, run_after=2024-03-15 00:00:00+00:00
[2024-03-15T00:01:05.911+0000] {processor.py:183} INFO - Processing /home/airflow/.local/lib/python3.8/site-packages/airflow/example_dags/example_branch_operator.py took 0.080 seconds
[2024-03-15T00:01:35.937+0000] {processor.py:161} INFO - Started process (PID=225) to work on /home/airflow/.local/lib/python3.8/site-packages/airflow/example_dags/example_branch_operator.py
[2024-03-15T00:01:35.937+0000] {processor.py:830} INFO - Processing file /home/airflow/.local/lib/python3.8/site-packages/airflow/example_dags/example_branch_operator.py for tasks to queue
[2024-03-15T00:01:35.938+0000] {logging_mixin.py:188} INFO - [2024-03-15T00:01:35.938+0000] {dagbag.py:540} INFO - Filling up the DagBag from /home/airflow/.local/lib/python3.8/site-packages/airflow/example_dags/example_branch_operator.py
[2024-03-15T00:01:35.950+0000] {processor.py:840} INFO - DAG(s) 'example_branch_operator' retrieved from /home/airflow/.local/lib/python3.8/site-packages/airflow/example_dags/example_branch_operator.py
[2024-03-15T00:01:35.971+0000] {logging_mixin.py:188} INFO - [2024-03-15T00:01:35.971+0000] {dag.py:3047} INFO - Sync 1 DAGs
[2024-03-15T00:01:35.989+0000] {logging_mixin.py:188} INFO - [2024-03-15T00:01:35.988+0000] {dag.py:3834} INFO - Setting next_dagrun for example_branch_operator to 2024-03-14 00:00:00+00:00, run_after=2024-03-15 00:00:00+00:00
[2024-03-15T00:01:36.003+0000] {processor.py:183} INFO - Processing /home/airflow/.local/lib/python3.8/site-packages/airflow/example_dags/example_branch_operator.py took 0.068 seconds
[2024-03-15T00:02:06.049+0000] {processor.py:161} INFO - Started process (PID=280) to work on /home/airflow/.local/lib/python3.8/site-packages/airflow/example_dags/example_branch_operator.py
[2024-03-15T00:02:06.049+0000] {processor.py:830} INFO - Processing file /home/airflow/.local/lib/python3.8/site-packages/airflow/example_dags/example_branch_operator.py for tasks to queue
[2024-03-15T00:02:06.051+0000] {logging_mixin.py:188} INFO - [2024-03-15T00:02:06.050+0000] {dagbag.py:540} INFO - Filling up the DagBag from /home/airflow/.local/lib/python3.8/site-packages/airflow/example_dags/example_branch_operator.py
[2024-03-15T00:02:06.064+0000] {processor.py:840} INFO - DAG(s) 'example_branch_operator' retrieved from /home/airflow/.local/lib/python3.8/site-packages/airflow/example_dags/example_branch_operator.py
[2024-03-15T00:02:06.085+0000] {logging_mixin.py:188} INFO - [2024-03-15T00:02:06.085+0000] {dag.py:3047} INFO - Sync 1 DAGs
[2024-03-15T00:02:06.102+0000] {logging_mixin.py:188} INFO - [2024-03-15T00:02:06.102+0000] {dag.py:3834} INFO - Setting next_dagrun for example_branch_operator to 2024-03-14 00:00:00+00:00, run_after=2024-03-15 00:00:00+00:00
[2024-03-15T00:02:06.116+0000] {processor.py:183} INFO - Processing /home/airflow/.local/lib/python3.8/site-packages/airflow/example_dags/example_branch_operator.py took 0.069 seconds
[2024-03-15T00:02:36.176+0000] {processor.py:161} INFO - Started process (PID=335) to work on /home/airflow/.local/lib/python3.8/site-packages/airflow/example_dags/example_branch_operator.py
[2024-03-15T00:02:36.177+0000] {processor.py:830} INFO - Processing file /home/airflow/.local/lib/python3.8/site-packages/airflow/example_dags/example_branch_operator.py for tasks to queue
[2024-03-15T00:02:36.178+0000] {logging_mixin.py:188} INFO - [2024-03-15T00:02:36.178+0000] {dagbag.py:540} INFO - Filling up the DagBag from /home/airflow/.local/lib/python3.8/site-packages/airflow/example_dags/example_branch_operator.py
[2024-03-15T00:02:36.189+0000] {processor.py:840} INFO - DAG(s) 'example_branch_operator' retrieved from /home/airflow/.local/lib/python3.8/site-packages/airflow/example_dags/example_branch_operator.py
[2024-03-15T00:02:36.211+0000] {logging_mixin.py:188} INFO - [2024-03-15T00:02:36.211+0000] {dag.py:3047} INFO - Sync 1 DAGs
[2024-03-15T00:02:36.228+0000] {logging_mixin.py:188} INFO - [2024-03-15T00:02:36.228+0000] {dag.py:3834} INFO - Setting next_dagrun for example_branch_operator to 2024-03-14 00:00:00+00:00, run_after=2024-03-15 00:00:00+00:00
[2024-03-15T00:02:36.241+0000] {processor.py:183} INFO - Processing /home/airflow/.local/lib/python3.8/site-packages/airflow/example_dags/example_branch_operator.py took 0.067 seconds
[2024-03-15T00:03:06.377+0000] {processor.py:161} INFO - Started process (PID=389) to work on /home/airflow/.local/lib/python3.8/site-packages/airflow/example_dags/example_branch_operator.py
[2024-03-15T00:03:06.378+0000] {processor.py:830} INFO - Processing file /home/airflow/.local/lib/python3.8/site-packages/airflow/example_dags/example_branch_operator.py for tasks to queue
[2024-03-15T00:03:06.379+0000] {logging_mixin.py:188} INFO - [2024-03-15T00:03:06.379+0000] {dagbag.py:540} INFO - Filling up the DagBag from /home/airflow/.local/lib/python3.8/site-packages/airflow/example_dags/example_branch_operator.py
[2024-03-15T00:03:06.394+0000] {processor.py:840} INFO - DAG(s) 'example_branch_operator' retrieved from /home/airflow/.local/lib/python3.8/site-packages/airflow/example_dags/example_branch_operator.py
[2024-03-15T00:03:06.417+0000] {logging_mixin.py:188} INFO - [2024-03-15T00:03:06.416+0000] {dag.py:3047} INFO - Sync 1 DAGs
[2024-03-15T00:03:06.435+0000] {logging_mixin.py:188} INFO - [2024-03-15T00:03:06.435+0000] {dag.py:3834} INFO - Setting next_dagrun for example_branch_operator to 2024-03-14 00:00:00+00:00, run_after=2024-03-15 00:00:00+00:00
[2024-03-15T00:03:06.449+0000] {processor.py:183} INFO - Processing /home/airflow/.local/lib/python3.8/site-packages/airflow/example_dags/example_branch_operator.py took 0.074 seconds
