[2024-03-15T00:00:04.737+0000] {processor.py:161} INFO - Started process (PID=75) to work on /home/airflow/.local/lib/python3.8/site-packages/airflow/example_dags/example_dag_decorator.py
[2024-03-15T00:00:04.737+0000] {processor.py:830} INFO - Processing file /home/airflow/.local/lib/python3.8/site-packages/airflow/example_dags/example_dag_decorator.py for tasks to queue
[2024-03-15T00:00:04.739+0000] {logging_mixin.py:188} INFO - [2024-03-15T00:00:04.738+0000] {dagbag.py:540} INFO - Filling up the DagBag from /home/airflow/.local/lib/python3.8/site-packages/airflow/example_dags/example_dag_decorator.py
[2024-03-15T00:00:04.902+0000] {processor.py:840} INFO - DAG(s) 'example_dag_decorator' retrieved from /home/airflow/.local/lib/python3.8/site-packages/airflow/example_dags/example_dag_decorator.py
[2024-03-15T00:00:04.914+0000] {logging_mixin.py:188} INFO - [2024-03-15T00:00:04.914+0000] {dag.py:3047} INFO - Sync 1 DAGs
[2024-03-15T00:00:04.928+0000] {logging_mixin.py:188} INFO - [2024-03-15T00:00:04.928+0000] {dag.py:3834} INFO - Setting next_dagrun for example_dag_decorator to None, run_after=None
[2024-03-15T00:00:04.944+0000] {processor.py:183} INFO - Processing /home/airflow/.local/lib/python3.8/site-packages/airflow/example_dags/example_dag_decorator.py took 0.210 seconds
[2024-03-15T00:00:36.106+0000] {processor.py:161} INFO - Started process (PID=130) to work on /home/airflow/.local/lib/python3.8/site-packages/airflow/example_dags/example_dag_decorator.py
[2024-03-15T00:00:36.107+0000] {processor.py:830} INFO - Processing file /home/airflow/.local/lib/python3.8/site-packages/airflow/example_dags/example_dag_decorator.py for tasks to queue
[2024-03-15T00:00:36.109+0000] {logging_mixin.py:188} INFO - [2024-03-15T00:00:36.108+0000] {dagbag.py:540} INFO - Filling up the DagBag from /home/airflow/.local/lib/python3.8/site-packages/airflow/example_dags/example_dag_decorator.py
[2024-03-15T00:00:36.179+0000] {processor.py:840} INFO - DAG(s) 'example_dag_decorator' retrieved from /home/airflow/.local/lib/python3.8/site-packages/airflow/example_dags/example_dag_decorator.py
[2024-03-15T00:00:36.259+0000] {logging_mixin.py:188} INFO - [2024-03-15T00:00:36.259+0000] {dag.py:3047} INFO - Sync 1 DAGs
[2024-03-15T00:00:36.267+0000] {logging_mixin.py:188} INFO - [2024-03-15T00:00:36.267+0000] {dag.py:3834} INFO - Setting next_dagrun for example_dag_decorator to None, run_after=None
[2024-03-15T00:00:36.283+0000] {processor.py:183} INFO - Processing /home/airflow/.local/lib/python3.8/site-packages/airflow/example_dags/example_dag_decorator.py took 0.179 seconds
[2024-03-15T00:01:06.431+0000] {processor.py:161} INFO - Started process (PID=185) to work on /home/airflow/.local/lib/python3.8/site-packages/airflow/example_dags/example_dag_decorator.py
[2024-03-15T00:01:06.431+0000] {processor.py:830} INFO - Processing file /home/airflow/.local/lib/python3.8/site-packages/airflow/example_dags/example_dag_decorator.py for tasks to queue
[2024-03-15T00:01:06.432+0000] {logging_mixin.py:188} INFO - [2024-03-15T00:01:06.432+0000] {dagbag.py:540} INFO - Filling up the DagBag from /home/airflow/.local/lib/python3.8/site-packages/airflow/example_dags/example_dag_decorator.py
[2024-03-15T00:01:06.498+0000] {processor.py:840} INFO - DAG(s) 'example_dag_decorator' retrieved from /home/airflow/.local/lib/python3.8/site-packages/airflow/example_dags/example_dag_decorator.py
[2024-03-15T00:01:06.582+0000] {logging_mixin.py:188} INFO - [2024-03-15T00:01:06.582+0000] {dag.py:3047} INFO - Sync 1 DAGs
[2024-03-15T00:01:06.590+0000] {logging_mixin.py:188} INFO - [2024-03-15T00:01:06.590+0000] {dag.py:3834} INFO - Setting next_dagrun for example_dag_decorator to None, run_after=None
[2024-03-15T00:01:06.605+0000] {processor.py:183} INFO - Processing /home/airflow/.local/lib/python3.8/site-packages/airflow/example_dags/example_dag_decorator.py took 0.176 seconds
[2024-03-15T00:01:36.627+0000] {processor.py:161} INFO - Started process (PID=241) to work on /home/airflow/.local/lib/python3.8/site-packages/airflow/example_dags/example_dag_decorator.py
[2024-03-15T00:01:36.628+0000] {processor.py:830} INFO - Processing file /home/airflow/.local/lib/python3.8/site-packages/airflow/example_dags/example_dag_decorator.py for tasks to queue
[2024-03-15T00:01:36.629+0000] {logging_mixin.py:188} INFO - [2024-03-15T00:01:36.629+0000] {dagbag.py:540} INFO - Filling up the DagBag from /home/airflow/.local/lib/python3.8/site-packages/airflow/example_dags/example_dag_decorator.py
[2024-03-15T00:01:36.698+0000] {processor.py:840} INFO - DAG(s) 'example_dag_decorator' retrieved from /home/airflow/.local/lib/python3.8/site-packages/airflow/example_dags/example_dag_decorator.py
[2024-03-15T00:01:36.779+0000] {logging_mixin.py:188} INFO - [2024-03-15T00:01:36.779+0000] {dag.py:3047} INFO - Sync 1 DAGs
[2024-03-15T00:01:36.787+0000] {logging_mixin.py:188} INFO - [2024-03-15T00:01:36.786+0000] {dag.py:3834} INFO - Setting next_dagrun for example_dag_decorator to None, run_after=None
[2024-03-15T00:01:36.802+0000] {processor.py:183} INFO - Processing /home/airflow/.local/lib/python3.8/site-packages/airflow/example_dags/example_dag_decorator.py took 0.177 seconds
[2024-03-15T00:02:07.759+0000] {processor.py:161} INFO - Started process (PID=297) to work on /home/airflow/.local/lib/python3.8/site-packages/airflow/example_dags/example_dag_decorator.py
[2024-03-15T00:02:07.759+0000] {processor.py:830} INFO - Processing file /home/airflow/.local/lib/python3.8/site-packages/airflow/example_dags/example_dag_decorator.py for tasks to queue
[2024-03-15T00:02:07.761+0000] {logging_mixin.py:188} INFO - [2024-03-15T00:02:07.760+0000] {dagbag.py:540} INFO - Filling up the DagBag from /home/airflow/.local/lib/python3.8/site-packages/airflow/example_dags/example_dag_decorator.py
[2024-03-15T00:02:07.831+0000] {processor.py:840} INFO - DAG(s) 'example_dag_decorator' retrieved from /home/airflow/.local/lib/python3.8/site-packages/airflow/example_dags/example_dag_decorator.py
[2024-03-15T00:02:07.913+0000] {logging_mixin.py:188} INFO - [2024-03-15T00:02:07.913+0000] {dag.py:3047} INFO - Sync 1 DAGs
[2024-03-15T00:02:07.922+0000] {logging_mixin.py:188} INFO - [2024-03-15T00:02:07.922+0000] {dag.py:3834} INFO - Setting next_dagrun for example_dag_decorator to None, run_after=None
[2024-03-15T00:02:07.936+0000] {processor.py:183} INFO - Processing /home/airflow/.local/lib/python3.8/site-packages/airflow/example_dags/example_dag_decorator.py took 0.180 seconds
[2024-03-15T00:02:38.895+0000] {processor.py:161} INFO - Started process (PID=352) to work on /home/airflow/.local/lib/python3.8/site-packages/airflow/example_dags/example_dag_decorator.py
[2024-03-15T00:02:38.896+0000] {processor.py:830} INFO - Processing file /home/airflow/.local/lib/python3.8/site-packages/airflow/example_dags/example_dag_decorator.py for tasks to queue
[2024-03-15T00:02:38.898+0000] {logging_mixin.py:188} INFO - [2024-03-15T00:02:38.897+0000] {dagbag.py:540} INFO - Filling up the DagBag from /home/airflow/.local/lib/python3.8/site-packages/airflow/example_dags/example_dag_decorator.py
[2024-03-15T00:02:38.997+0000] {processor.py:840} INFO - DAG(s) 'example_dag_decorator' retrieved from /home/airflow/.local/lib/python3.8/site-packages/airflow/example_dags/example_dag_decorator.py
[2024-03-15T00:02:39.109+0000] {logging_mixin.py:188} INFO - [2024-03-15T00:02:39.109+0000] {dag.py:3047} INFO - Sync 1 DAGs
[2024-03-15T00:02:39.120+0000] {logging_mixin.py:188} INFO - [2024-03-15T00:02:39.120+0000] {dag.py:3834} INFO - Setting next_dagrun for example_dag_decorator to None, run_after=None
[2024-03-15T00:02:39.138+0000] {processor.py:183} INFO - Processing /home/airflow/.local/lib/python3.8/site-packages/airflow/example_dags/example_dag_decorator.py took 0.246 seconds
[2024-03-15T00:03:09.975+0000] {processor.py:161} INFO - Started process (PID=406) to work on /home/airflow/.local/lib/python3.8/site-packages/airflow/example_dags/example_dag_decorator.py
[2024-03-15T00:03:09.976+0000] {processor.py:830} INFO - Processing file /home/airflow/.local/lib/python3.8/site-packages/airflow/example_dags/example_dag_decorator.py for tasks to queue
[2024-03-15T00:03:09.977+0000] {logging_mixin.py:188} INFO - [2024-03-15T00:03:09.977+0000] {dagbag.py:540} INFO - Filling up the DagBag from /home/airflow/.local/lib/python3.8/site-packages/airflow/example_dags/example_dag_decorator.py
[2024-03-15T00:03:10.049+0000] {processor.py:840} INFO - DAG(s) 'example_dag_decorator' retrieved from /home/airflow/.local/lib/python3.8/site-packages/airflow/example_dags/example_dag_decorator.py
[2024-03-15T00:03:10.130+0000] {logging_mixin.py:188} INFO - [2024-03-15T00:03:10.130+0000] {dag.py:3047} INFO - Sync 1 DAGs
[2024-03-15T00:03:10.139+0000] {logging_mixin.py:188} INFO - [2024-03-15T00:03:10.138+0000] {dag.py:3834} INFO - Setting next_dagrun for example_dag_decorator to None, run_after=None
[2024-03-15T00:03:10.154+0000] {processor.py:183} INFO - Processing /home/airflow/.local/lib/python3.8/site-packages/airflow/example_dags/example_dag_decorator.py took 0.182 seconds
