[2024-03-15T00:00:03.975+0000] {processor.py:161} INFO - Started process (PID=59) to work on /home/airflow/.local/lib/python3.8/site-packages/airflow/example_dags/example_task_group_decorator.py
[2024-03-15T00:00:03.975+0000] {processor.py:830} INFO - Processing file /home/airflow/.local/lib/python3.8/site-packages/airflow/example_dags/example_task_group_decorator.py for tasks to queue
[2024-03-15T00:00:03.976+0000] {logging_mixin.py:188} INFO - [2024-03-15T00:00:03.976+0000] {dagbag.py:540} INFO - Filling up the DagBag from /home/airflow/.local/lib/python3.8/site-packages/airflow/example_dags/example_task_group_decorator.py
[2024-03-15T00:00:03.990+0000] {processor.py:840} INFO - DAG(s) 'example_task_group_decorator' retrieved from /home/airflow/.local/lib/python3.8/site-packages/airflow/example_dags/example_task_group_decorator.py
[2024-03-15T00:00:04.000+0000] {logging_mixin.py:188} INFO - [2024-03-15T00:00:04.000+0000] {dag.py:3047} INFO - Sync 1 DAGs
[2024-03-15T00:00:04.017+0000] {logging_mixin.py:188} INFO - [2024-03-15T00:00:04.017+0000] {dag.py:3834} INFO - Setting next_dagrun for example_task_group_decorator to 2024-03-14 00:00:00+00:00, run_after=2024-03-15 00:00:00+00:00
[2024-03-15T00:00:04.032+0000] {processor.py:183} INFO - Processing /home/airflow/.local/lib/python3.8/site-packages/airflow/example_dags/example_task_group_decorator.py took 0.061 seconds
[2024-03-15T00:00:34.948+0000] {processor.py:161} INFO - Started process (PID=114) to work on /home/airflow/.local/lib/python3.8/site-packages/airflow/example_dags/example_task_group_decorator.py
[2024-03-15T00:00:34.949+0000] {processor.py:830} INFO - Processing file /home/airflow/.local/lib/python3.8/site-packages/airflow/example_dags/example_task_group_decorator.py for tasks to queue
[2024-03-15T00:00:34.950+0000] {logging_mixin.py:188} INFO - [2024-03-15T00:00:34.950+0000] {dagbag.py:540} INFO - Filling up the DagBag from /home/airflow/.local/lib/python3.8/site-packages/airflow/example_dags/example_task_group_decorator.py
[2024-03-15T00:00:34.960+0000] {processor.py:840} INFO - DAG(s) 'example_task_group_decorator' retrieved from /home/airflow/.local/lib/python3.8/site-packages/airflow/example_dags/example_task_group_decorator.py
[2024-03-15T00:00:35.045+0000] {logging_mixin.py:188} INFO - [2024-03-15T00:00:35.045+0000] {dag.py:3047} INFO - Sync 1 DAGs
[2024-03-15T00:00:35.061+0000] {logging_mixin.py:188} INFO - [2024-03-15T00:00:35.061+0000] {dag.py:3834} INFO - Setting next_dagrun for example_task_group_decorator to 2024-03-14 00:00:00+00:00, run_after=2024-03-15 00:00:00+00:00
[2024-03-15T00:00:35.076+0000] {processor.py:183} INFO - Processing /home/airflow/.local/lib/python3.8/site-packages/airflow/example_dags/example_task_group_decorator.py took 0.130 seconds
[2024-03-15T00:01:05.745+0000] {processor.py:161} INFO - Started process (PID=169) to work on /home/airflow/.local/lib/python3.8/site-packages/airflow/example_dags/example_task_group_decorator.py
[2024-03-15T00:01:05.745+0000] {processor.py:830} INFO - Processing file /home/airflow/.local/lib/python3.8/site-packages/airflow/example_dags/example_task_group_decorator.py for tasks to queue
[2024-03-15T00:01:05.747+0000] {logging_mixin.py:188} INFO - [2024-03-15T00:01:05.746+0000] {dagbag.py:540} INFO - Filling up the DagBag from /home/airflow/.local/lib/python3.8/site-packages/airflow/example_dags/example_task_group_decorator.py
[2024-03-15T00:01:05.762+0000] {processor.py:840} INFO - DAG(s) 'example_task_group_decorator' retrieved from /home/airflow/.local/lib/python3.8/site-packages/airflow/example_dags/example_task_group_decorator.py
[2024-03-15T00:01:05.783+0000] {logging_mixin.py:188} INFO - [2024-03-15T00:01:05.782+0000] {dag.py:3047} INFO - Sync 1 DAGs
[2024-03-15T00:01:05.800+0000] {logging_mixin.py:188} INFO - [2024-03-15T00:01:05.800+0000] {dag.py:3834} INFO - Setting next_dagrun for example_task_group_decorator to 2024-03-14 00:00:00+00:00, run_after=2024-03-15 00:00:00+00:00
[2024-03-15T00:01:05.815+0000] {processor.py:183} INFO - Processing /home/airflow/.local/lib/python3.8/site-packages/airflow/example_dags/example_task_group_decorator.py took 0.073 seconds
[2024-03-15T00:01:35.859+0000] {processor.py:161} INFO - Started process (PID=223) to work on /home/airflow/.local/lib/python3.8/site-packages/airflow/example_dags/example_task_group_decorator.py
[2024-03-15T00:01:35.860+0000] {processor.py:830} INFO - Processing file /home/airflow/.local/lib/python3.8/site-packages/airflow/example_dags/example_task_group_decorator.py for tasks to queue
[2024-03-15T00:01:35.861+0000] {logging_mixin.py:188} INFO - [2024-03-15T00:01:35.861+0000] {dagbag.py:540} INFO - Filling up the DagBag from /home/airflow/.local/lib/python3.8/site-packages/airflow/example_dags/example_task_group_decorator.py
[2024-03-15T00:01:35.871+0000] {processor.py:840} INFO - DAG(s) 'example_task_group_decorator' retrieved from /home/airflow/.local/lib/python3.8/site-packages/airflow/example_dags/example_task_group_decorator.py
[2024-03-15T00:01:35.890+0000] {logging_mixin.py:188} INFO - [2024-03-15T00:01:35.890+0000] {dag.py:3047} INFO - Sync 1 DAGs
[2024-03-15T00:01:35.907+0000] {logging_mixin.py:188} INFO - [2024-03-15T00:01:35.906+0000] {dag.py:3834} INFO - Setting next_dagrun for example_task_group_decorator to 2024-03-14 00:00:00+00:00, run_after=2024-03-15 00:00:00+00:00
[2024-03-15T00:01:35.921+0000] {processor.py:183} INFO - Processing /home/airflow/.local/lib/python3.8/site-packages/airflow/example_dags/example_task_group_decorator.py took 0.064 seconds
[2024-03-15T00:02:05.976+0000] {processor.py:161} INFO - Started process (PID=278) to work on /home/airflow/.local/lib/python3.8/site-packages/airflow/example_dags/example_task_group_decorator.py
[2024-03-15T00:02:05.977+0000] {processor.py:830} INFO - Processing file /home/airflow/.local/lib/python3.8/site-packages/airflow/example_dags/example_task_group_decorator.py for tasks to queue
[2024-03-15T00:02:05.978+0000] {logging_mixin.py:188} INFO - [2024-03-15T00:02:05.978+0000] {dagbag.py:540} INFO - Filling up the DagBag from /home/airflow/.local/lib/python3.8/site-packages/airflow/example_dags/example_task_group_decorator.py
[2024-03-15T00:02:05.989+0000] {processor.py:840} INFO - DAG(s) 'example_task_group_decorator' retrieved from /home/airflow/.local/lib/python3.8/site-packages/airflow/example_dags/example_task_group_decorator.py
[2024-03-15T00:02:06.007+0000] {logging_mixin.py:188} INFO - [2024-03-15T00:02:06.007+0000] {dag.py:3047} INFO - Sync 1 DAGs
[2024-03-15T00:02:06.023+0000] {logging_mixin.py:188} INFO - [2024-03-15T00:02:06.023+0000] {dag.py:3834} INFO - Setting next_dagrun for example_task_group_decorator to 2024-03-14 00:00:00+00:00, run_after=2024-03-15 00:00:00+00:00
[2024-03-15T00:02:06.036+0000] {processor.py:183} INFO - Processing /home/airflow/.local/lib/python3.8/site-packages/airflow/example_dags/example_task_group_decorator.py took 0.063 seconds
[2024-03-15T00:02:36.107+0000] {processor.py:161} INFO - Started process (PID=333) to work on /home/airflow/.local/lib/python3.8/site-packages/airflow/example_dags/example_task_group_decorator.py
[2024-03-15T00:02:36.108+0000] {processor.py:830} INFO - Processing file /home/airflow/.local/lib/python3.8/site-packages/airflow/example_dags/example_task_group_decorator.py for tasks to queue
[2024-03-15T00:02:36.109+0000] {logging_mixin.py:188} INFO - [2024-03-15T00:02:36.109+0000] {dagbag.py:540} INFO - Filling up the DagBag from /home/airflow/.local/lib/python3.8/site-packages/airflow/example_dags/example_task_group_decorator.py
[2024-03-15T00:02:36.119+0000] {processor.py:840} INFO - DAG(s) 'example_task_group_decorator' retrieved from /home/airflow/.local/lib/python3.8/site-packages/airflow/example_dags/example_task_group_decorator.py
[2024-03-15T00:02:36.137+0000] {logging_mixin.py:188} INFO - [2024-03-15T00:02:36.136+0000] {dag.py:3047} INFO - Sync 1 DAGs
[2024-03-15T00:02:36.152+0000] {logging_mixin.py:188} INFO - [2024-03-15T00:02:36.152+0000] {dag.py:3834} INFO - Setting next_dagrun for example_task_group_decorator to 2024-03-14 00:00:00+00:00, run_after=2024-03-15 00:00:00+00:00
[2024-03-15T00:02:36.165+0000] {processor.py:183} INFO - Processing /home/airflow/.local/lib/python3.8/site-packages/airflow/example_dags/example_task_group_decorator.py took 0.061 seconds
[2024-03-15T00:03:06.303+0000] {processor.py:161} INFO - Started process (PID=387) to work on /home/airflow/.local/lib/python3.8/site-packages/airflow/example_dags/example_task_group_decorator.py
[2024-03-15T00:03:06.303+0000] {processor.py:830} INFO - Processing file /home/airflow/.local/lib/python3.8/site-packages/airflow/example_dags/example_task_group_decorator.py for tasks to queue
[2024-03-15T00:03:06.305+0000] {logging_mixin.py:188} INFO - [2024-03-15T00:03:06.304+0000] {dagbag.py:540} INFO - Filling up the DagBag from /home/airflow/.local/lib/python3.8/site-packages/airflow/example_dags/example_task_group_decorator.py
[2024-03-15T00:03:06.315+0000] {processor.py:840} INFO - DAG(s) 'example_task_group_decorator' retrieved from /home/airflow/.local/lib/python3.8/site-packages/airflow/example_dags/example_task_group_decorator.py
[2024-03-15T00:03:06.332+0000] {logging_mixin.py:188} INFO - [2024-03-15T00:03:06.332+0000] {dag.py:3047} INFO - Sync 1 DAGs
[2024-03-15T00:03:06.348+0000] {logging_mixin.py:188} INFO - [2024-03-15T00:03:06.348+0000] {dag.py:3834} INFO - Setting next_dagrun for example_task_group_decorator to 2024-03-14 00:00:00+00:00, run_after=2024-03-15 00:00:00+00:00
[2024-03-15T00:03:06.361+0000] {processor.py:183} INFO - Processing /home/airflow/.local/lib/python3.8/site-packages/airflow/example_dags/example_task_group_decorator.py took 0.061 seconds
