[2024-03-15T00:00:02.824+0000] {processor.py:161} INFO - Started process (PID=33) to work on /home/airflow/.local/lib/python3.8/site-packages/airflow/example_dags/example_skip_dag.py
[2024-03-15T00:00:02.825+0000] {processor.py:830} INFO - Processing file /home/airflow/.local/lib/python3.8/site-packages/airflow/example_dags/example_skip_dag.py for tasks to queue
[2024-03-15T00:00:02.827+0000] {logging_mixin.py:188} INFO - [2024-03-15T00:00:02.827+0000] {dagbag.py:540} INFO - Filling up the DagBag from /home/airflow/.local/lib/python3.8/site-packages/airflow/example_dags/example_skip_dag.py
[2024-03-15T00:00:02.838+0000] {processor.py:840} INFO - DAG(s) 'example_skip_dag' retrieved from /home/airflow/.local/lib/python3.8/site-packages/airflow/example_dags/example_skip_dag.py
[2024-03-15T00:00:02.859+0000] {logging_mixin.py:188} INFO - [2024-03-15T00:00:02.858+0000] {dag.py:3047} INFO - Sync 1 DAGs
[2024-03-15T00:00:02.879+0000] {logging_mixin.py:188} INFO - [2024-03-15T00:00:02.879+0000] {dag.py:3834} INFO - Setting next_dagrun for example_skip_dag to 2024-03-14 00:00:00+00:00, run_after=2024-03-15 00:00:00+00:00
[2024-03-15T00:00:02.892+0000] {processor.py:183} INFO - Processing /home/airflow/.local/lib/python3.8/site-packages/airflow/example_dags/example_skip_dag.py took 0.071 seconds
[2024-03-15T00:00:33.064+0000] {processor.py:161} INFO - Started process (PID=88) to work on /home/airflow/.local/lib/python3.8/site-packages/airflow/example_dags/example_skip_dag.py
[2024-03-15T00:00:33.065+0000] {processor.py:830} INFO - Processing file /home/airflow/.local/lib/python3.8/site-packages/airflow/example_dags/example_skip_dag.py for tasks to queue
[2024-03-15T00:00:33.067+0000] {logging_mixin.py:188} INFO - [2024-03-15T00:00:33.066+0000] {dagbag.py:540} INFO - Filling up the DagBag from /home/airflow/.local/lib/python3.8/site-packages/airflow/example_dags/example_skip_dag.py
[2024-03-15T00:00:33.071+0000] {processor.py:840} INFO - DAG(s) 'example_skip_dag' retrieved from /home/airflow/.local/lib/python3.8/site-packages/airflow/example_dags/example_skip_dag.py
[2024-03-15T00:00:33.212+0000] {logging_mixin.py:188} INFO - [2024-03-15T00:00:33.211+0000] {dag.py:3047} INFO - Sync 1 DAGs
[2024-03-15T00:00:33.229+0000] {logging_mixin.py:188} INFO - [2024-03-15T00:00:33.228+0000] {dag.py:3834} INFO - Setting next_dagrun for example_skip_dag to 2024-03-14 00:00:00+00:00, run_after=2024-03-15 00:00:00+00:00
[2024-03-15T00:00:33.243+0000] {processor.py:183} INFO - Processing /home/airflow/.local/lib/python3.8/site-packages/airflow/example_dags/example_skip_dag.py took 0.183 seconds
[2024-03-15T00:01:03.421+0000] {processor.py:161} INFO - Started process (PID=143) to work on /home/airflow/.local/lib/python3.8/site-packages/airflow/example_dags/example_skip_dag.py
[2024-03-15T00:01:03.421+0000] {processor.py:830} INFO - Processing file /home/airflow/.local/lib/python3.8/site-packages/airflow/example_dags/example_skip_dag.py for tasks to queue
[2024-03-15T00:01:03.422+0000] {logging_mixin.py:188} INFO - [2024-03-15T00:01:03.422+0000] {dagbag.py:540} INFO - Filling up the DagBag from /home/airflow/.local/lib/python3.8/site-packages/airflow/example_dags/example_skip_dag.py
[2024-03-15T00:01:03.427+0000] {processor.py:840} INFO - DAG(s) 'example_skip_dag' retrieved from /home/airflow/.local/lib/python3.8/site-packages/airflow/example_dags/example_skip_dag.py
[2024-03-15T00:01:03.443+0000] {logging_mixin.py:188} INFO - [2024-03-15T00:01:03.442+0000] {dag.py:3047} INFO - Sync 1 DAGs
[2024-03-15T00:01:03.459+0000] {logging_mixin.py:188} INFO - [2024-03-15T00:01:03.459+0000] {dag.py:3834} INFO - Setting next_dagrun for example_skip_dag to 2024-03-14 00:00:00+00:00, run_after=2024-03-15 00:00:00+00:00
[2024-03-15T00:01:03.471+0000] {processor.py:183} INFO - Processing /home/airflow/.local/lib/python3.8/site-packages/airflow/example_dags/example_skip_dag.py took 0.053 seconds
[2024-03-15T00:01:33.740+0000] {processor.py:161} INFO - Started process (PID=197) to work on /home/airflow/.local/lib/python3.8/site-packages/airflow/example_dags/example_skip_dag.py
[2024-03-15T00:01:33.740+0000] {processor.py:830} INFO - Processing file /home/airflow/.local/lib/python3.8/site-packages/airflow/example_dags/example_skip_dag.py for tasks to queue
[2024-03-15T00:01:33.741+0000] {logging_mixin.py:188} INFO - [2024-03-15T00:01:33.741+0000] {dagbag.py:540} INFO - Filling up the DagBag from /home/airflow/.local/lib/python3.8/site-packages/airflow/example_dags/example_skip_dag.py
[2024-03-15T00:01:33.746+0000] {processor.py:840} INFO - DAG(s) 'example_skip_dag' retrieved from /home/airflow/.local/lib/python3.8/site-packages/airflow/example_dags/example_skip_dag.py
[2024-03-15T00:01:33.760+0000] {logging_mixin.py:188} INFO - [2024-03-15T00:01:33.760+0000] {dag.py:3047} INFO - Sync 1 DAGs
[2024-03-15T00:01:33.778+0000] {logging_mixin.py:188} INFO - [2024-03-15T00:01:33.778+0000] {dag.py:3834} INFO - Setting next_dagrun for example_skip_dag to 2024-03-14 00:00:00+00:00, run_after=2024-03-15 00:00:00+00:00
[2024-03-15T00:01:33.791+0000] {processor.py:183} INFO - Processing /home/airflow/.local/lib/python3.8/site-packages/airflow/example_dags/example_skip_dag.py took 0.054 seconds
[2024-03-15T00:02:03.941+0000] {processor.py:161} INFO - Started process (PID=252) to work on /home/airflow/.local/lib/python3.8/site-packages/airflow/example_dags/example_skip_dag.py
[2024-03-15T00:02:03.942+0000] {processor.py:830} INFO - Processing file /home/airflow/.local/lib/python3.8/site-packages/airflow/example_dags/example_skip_dag.py for tasks to queue
[2024-03-15T00:02:03.943+0000] {logging_mixin.py:188} INFO - [2024-03-15T00:02:03.943+0000] {dagbag.py:540} INFO - Filling up the DagBag from /home/airflow/.local/lib/python3.8/site-packages/airflow/example_dags/example_skip_dag.py
[2024-03-15T00:02:03.948+0000] {processor.py:840} INFO - DAG(s) 'example_skip_dag' retrieved from /home/airflow/.local/lib/python3.8/site-packages/airflow/example_dags/example_skip_dag.py
[2024-03-15T00:02:03.964+0000] {logging_mixin.py:188} INFO - [2024-03-15T00:02:03.964+0000] {dag.py:3047} INFO - Sync 1 DAGs
[2024-03-15T00:02:03.981+0000] {logging_mixin.py:188} INFO - [2024-03-15T00:02:03.980+0000] {dag.py:3834} INFO - Setting next_dagrun for example_skip_dag to 2024-03-14 00:00:00+00:00, run_after=2024-03-15 00:00:00+00:00
[2024-03-15T00:02:03.994+0000] {processor.py:183} INFO - Processing /home/airflow/.local/lib/python3.8/site-packages/airflow/example_dags/example_skip_dag.py took 0.055 seconds
[2024-03-15T00:02:34.055+0000] {processor.py:161} INFO - Started process (PID=307) to work on /home/airflow/.local/lib/python3.8/site-packages/airflow/example_dags/example_skip_dag.py
[2024-03-15T00:02:34.055+0000] {processor.py:830} INFO - Processing file /home/airflow/.local/lib/python3.8/site-packages/airflow/example_dags/example_skip_dag.py for tasks to queue
[2024-03-15T00:02:34.056+0000] {logging_mixin.py:188} INFO - [2024-03-15T00:02:34.056+0000] {dagbag.py:540} INFO - Filling up the DagBag from /home/airflow/.local/lib/python3.8/site-packages/airflow/example_dags/example_skip_dag.py
[2024-03-15T00:02:34.063+0000] {processor.py:840} INFO - DAG(s) 'example_skip_dag' retrieved from /home/airflow/.local/lib/python3.8/site-packages/airflow/example_dags/example_skip_dag.py
[2024-03-15T00:02:34.078+0000] {logging_mixin.py:188} INFO - [2024-03-15T00:02:34.078+0000] {dag.py:3047} INFO - Sync 1 DAGs
[2024-03-15T00:02:34.094+0000] {logging_mixin.py:188} INFO - [2024-03-15T00:02:34.094+0000] {dag.py:3834} INFO - Setting next_dagrun for example_skip_dag to 2024-03-14 00:00:00+00:00, run_after=2024-03-15 00:00:00+00:00
[2024-03-15T00:02:34.108+0000] {processor.py:183} INFO - Processing /home/airflow/.local/lib/python3.8/site-packages/airflow/example_dags/example_skip_dag.py took 0.056 seconds
[2024-03-15T00:03:04.264+0000] {processor.py:161} INFO - Started process (PID=361) to work on /home/airflow/.local/lib/python3.8/site-packages/airflow/example_dags/example_skip_dag.py
[2024-03-15T00:03:04.265+0000] {processor.py:830} INFO - Processing file /home/airflow/.local/lib/python3.8/site-packages/airflow/example_dags/example_skip_dag.py for tasks to queue
[2024-03-15T00:03:04.266+0000] {logging_mixin.py:188} INFO - [2024-03-15T00:03:04.266+0000] {dagbag.py:540} INFO - Filling up the DagBag from /home/airflow/.local/lib/python3.8/site-packages/airflow/example_dags/example_skip_dag.py
[2024-03-15T00:03:04.271+0000] {processor.py:840} INFO - DAG(s) 'example_skip_dag' retrieved from /home/airflow/.local/lib/python3.8/site-packages/airflow/example_dags/example_skip_dag.py
[2024-03-15T00:03:04.288+0000] {logging_mixin.py:188} INFO - [2024-03-15T00:03:04.288+0000] {dag.py:3047} INFO - Sync 1 DAGs
[2024-03-15T00:03:04.305+0000] {logging_mixin.py:188} INFO - [2024-03-15T00:03:04.305+0000] {dag.py:3834} INFO - Setting next_dagrun for example_skip_dag to 2024-03-14 00:00:00+00:00, run_after=2024-03-15 00:00:00+00:00
[2024-03-15T00:03:04.321+0000] {processor.py:183} INFO - Processing /home/airflow/.local/lib/python3.8/site-packages/airflow/example_dags/example_skip_dag.py took 0.060 seconds
