[2024-03-15T00:00:03.058+0000] {processor.py:161} INFO - Started process (PID=36) to work on /home/airflow/.local/lib/python3.8/site-packages/airflow/example_dags/tutorial.py
[2024-03-15T00:00:03.059+0000] {processor.py:830} INFO - Processing file /home/airflow/.local/lib/python3.8/site-packages/airflow/example_dags/tutorial.py for tasks to queue
[2024-03-15T00:00:03.060+0000] {logging_mixin.py:188} INFO - [2024-03-15T00:00:03.060+0000] {dagbag.py:540} INFO - Filling up the DagBag from /home/airflow/.local/lib/python3.8/site-packages/airflow/example_dags/tutorial.py
[2024-03-15T00:00:03.066+0000] {processor.py:840} INFO - DAG(s) 'tutorial' retrieved from /home/airflow/.local/lib/python3.8/site-packages/airflow/example_dags/tutorial.py
[2024-03-15T00:00:03.076+0000] {logging_mixin.py:188} INFO - [2024-03-15T00:00:03.076+0000] {dag.py:3047} INFO - Sync 1 DAGs
[2024-03-15T00:00:03.100+0000] {logging_mixin.py:188} INFO - [2024-03-15T00:00:03.100+0000] {dag.py:3834} INFO - Setting next_dagrun for tutorial to 2024-03-14 00:00:00+00:00, run_after=2024-03-15 00:00:00+00:00
[2024-03-15T00:00:03.147+0000] {processor.py:183} INFO - Processing /home/airflow/.local/lib/python3.8/site-packages/airflow/example_dags/tutorial.py took 0.092 seconds
[2024-03-15T00:00:33.378+0000] {processor.py:161} INFO - Started process (PID=91) to work on /home/airflow/.local/lib/python3.8/site-packages/airflow/example_dags/tutorial.py
[2024-03-15T00:00:33.379+0000] {processor.py:830} INFO - Processing file /home/airflow/.local/lib/python3.8/site-packages/airflow/example_dags/tutorial.py for tasks to queue
[2024-03-15T00:00:33.380+0000] {logging_mixin.py:188} INFO - [2024-03-15T00:00:33.380+0000] {dagbag.py:540} INFO - Filling up the DagBag from /home/airflow/.local/lib/python3.8/site-packages/airflow/example_dags/tutorial.py
[2024-03-15T00:00:33.384+0000] {processor.py:840} INFO - DAG(s) 'tutorial' retrieved from /home/airflow/.local/lib/python3.8/site-packages/airflow/example_dags/tutorial.py
[2024-03-15T00:00:33.459+0000] {logging_mixin.py:188} INFO - [2024-03-15T00:00:33.459+0000] {dag.py:3047} INFO - Sync 1 DAGs
[2024-03-15T00:00:33.475+0000] {logging_mixin.py:188} INFO - [2024-03-15T00:00:33.475+0000] {dag.py:3834} INFO - Setting next_dagrun for tutorial to 2024-03-14 00:00:00+00:00, run_after=2024-03-15 00:00:00+00:00
[2024-03-15T00:00:33.489+0000] {processor.py:183} INFO - Processing /home/airflow/.local/lib/python3.8/site-packages/airflow/example_dags/tutorial.py took 0.114 seconds
[2024-03-15T00:01:03.551+0000] {processor.py:161} INFO - Started process (PID=146) to work on /home/airflow/.local/lib/python3.8/site-packages/airflow/example_dags/tutorial.py
[2024-03-15T00:01:03.551+0000] {processor.py:830} INFO - Processing file /home/airflow/.local/lib/python3.8/site-packages/airflow/example_dags/tutorial.py for tasks to queue
[2024-03-15T00:01:03.553+0000] {logging_mixin.py:188} INFO - [2024-03-15T00:01:03.552+0000] {dagbag.py:540} INFO - Filling up the DagBag from /home/airflow/.local/lib/python3.8/site-packages/airflow/example_dags/tutorial.py
[2024-03-15T00:01:03.556+0000] {processor.py:840} INFO - DAG(s) 'tutorial' retrieved from /home/airflow/.local/lib/python3.8/site-packages/airflow/example_dags/tutorial.py
[2024-03-15T00:01:03.570+0000] {logging_mixin.py:188} INFO - [2024-03-15T00:01:03.569+0000] {dag.py:3047} INFO - Sync 1 DAGs
[2024-03-15T00:01:03.586+0000] {logging_mixin.py:188} INFO - [2024-03-15T00:01:03.586+0000] {dag.py:3834} INFO - Setting next_dagrun for tutorial to 2024-03-14 00:00:00+00:00, run_after=2024-03-15 00:00:00+00:00
[2024-03-15T00:01:03.599+0000] {processor.py:183} INFO - Processing /home/airflow/.local/lib/python3.8/site-packages/airflow/example_dags/tutorial.py took 0.051 seconds
[2024-03-15T00:01:33.871+0000] {processor.py:161} INFO - Started process (PID=200) to work on /home/airflow/.local/lib/python3.8/site-packages/airflow/example_dags/tutorial.py
[2024-03-15T00:01:33.872+0000] {processor.py:830} INFO - Processing file /home/airflow/.local/lib/python3.8/site-packages/airflow/example_dags/tutorial.py for tasks to queue
[2024-03-15T00:01:33.874+0000] {logging_mixin.py:188} INFO - [2024-03-15T00:01:33.874+0000] {dagbag.py:540} INFO - Filling up the DagBag from /home/airflow/.local/lib/python3.8/site-packages/airflow/example_dags/tutorial.py
[2024-03-15T00:01:33.879+0000] {processor.py:840} INFO - DAG(s) 'tutorial' retrieved from /home/airflow/.local/lib/python3.8/site-packages/airflow/example_dags/tutorial.py
[2024-03-15T00:01:33.900+0000] {logging_mixin.py:188} INFO - [2024-03-15T00:01:33.899+0000] {dag.py:3047} INFO - Sync 1 DAGs
[2024-03-15T00:01:33.920+0000] {logging_mixin.py:188} INFO - [2024-03-15T00:01:33.919+0000] {dag.py:3834} INFO - Setting next_dagrun for tutorial to 2024-03-14 00:00:00+00:00, run_after=2024-03-15 00:00:00+00:00
[2024-03-15T00:01:33.936+0000] {processor.py:183} INFO - Processing /home/airflow/.local/lib/python3.8/site-packages/airflow/example_dags/tutorial.py took 0.067 seconds
[2024-03-15T00:02:04.071+0000] {processor.py:161} INFO - Started process (PID=255) to work on /home/airflow/.local/lib/python3.8/site-packages/airflow/example_dags/tutorial.py
[2024-03-15T00:02:04.071+0000] {processor.py:830} INFO - Processing file /home/airflow/.local/lib/python3.8/site-packages/airflow/example_dags/tutorial.py for tasks to queue
[2024-03-15T00:02:04.073+0000] {logging_mixin.py:188} INFO - [2024-03-15T00:02:04.072+0000] {dagbag.py:540} INFO - Filling up the DagBag from /home/airflow/.local/lib/python3.8/site-packages/airflow/example_dags/tutorial.py
[2024-03-15T00:02:04.077+0000] {processor.py:840} INFO - DAG(s) 'tutorial' retrieved from /home/airflow/.local/lib/python3.8/site-packages/airflow/example_dags/tutorial.py
[2024-03-15T00:02:04.091+0000] {logging_mixin.py:188} INFO - [2024-03-15T00:02:04.091+0000] {dag.py:3047} INFO - Sync 1 DAGs
[2024-03-15T00:02:04.108+0000] {logging_mixin.py:188} INFO - [2024-03-15T00:02:04.108+0000] {dag.py:3834} INFO - Setting next_dagrun for tutorial to 2024-03-14 00:00:00+00:00, run_after=2024-03-15 00:00:00+00:00
[2024-03-15T00:02:04.128+0000] {processor.py:183} INFO - Processing /home/airflow/.local/lib/python3.8/site-packages/airflow/example_dags/tutorial.py took 0.060 seconds
[2024-03-15T00:02:34.188+0000] {processor.py:161} INFO - Started process (PID=310) to work on /home/airflow/.local/lib/python3.8/site-packages/airflow/example_dags/tutorial.py
[2024-03-15T00:02:34.188+0000] {processor.py:830} INFO - Processing file /home/airflow/.local/lib/python3.8/site-packages/airflow/example_dags/tutorial.py for tasks to queue
[2024-03-15T00:02:34.189+0000] {logging_mixin.py:188} INFO - [2024-03-15T00:02:34.189+0000] {dagbag.py:540} INFO - Filling up the DagBag from /home/airflow/.local/lib/python3.8/site-packages/airflow/example_dags/tutorial.py
[2024-03-15T00:02:34.194+0000] {processor.py:840} INFO - DAG(s) 'tutorial' retrieved from /home/airflow/.local/lib/python3.8/site-packages/airflow/example_dags/tutorial.py
[2024-03-15T00:02:34.210+0000] {logging_mixin.py:188} INFO - [2024-03-15T00:02:34.210+0000] {dag.py:3047} INFO - Sync 1 DAGs
[2024-03-15T00:02:34.227+0000] {logging_mixin.py:188} INFO - [2024-03-15T00:02:34.227+0000] {dag.py:3834} INFO - Setting next_dagrun for tutorial to 2024-03-14 00:00:00+00:00, run_after=2024-03-15 00:00:00+00:00
[2024-03-15T00:02:34.242+0000] {processor.py:183} INFO - Processing /home/airflow/.local/lib/python3.8/site-packages/airflow/example_dags/tutorial.py took 0.056 seconds
[2024-03-15T00:03:04.390+0000] {processor.py:161} INFO - Started process (PID=363) to work on /home/airflow/.local/lib/python3.8/site-packages/airflow/example_dags/tutorial.py
[2024-03-15T00:03:04.391+0000] {processor.py:830} INFO - Processing file /home/airflow/.local/lib/python3.8/site-packages/airflow/example_dags/tutorial.py for tasks to queue
[2024-03-15T00:03:04.392+0000] {logging_mixin.py:188} INFO - [2024-03-15T00:03:04.392+0000] {dagbag.py:540} INFO - Filling up the DagBag from /home/airflow/.local/lib/python3.8/site-packages/airflow/example_dags/tutorial.py
[2024-03-15T00:03:04.396+0000] {processor.py:840} INFO - DAG(s) 'tutorial' retrieved from /home/airflow/.local/lib/python3.8/site-packages/airflow/example_dags/tutorial.py
[2024-03-15T00:03:04.411+0000] {logging_mixin.py:188} INFO - [2024-03-15T00:03:04.410+0000] {dag.py:3047} INFO - Sync 1 DAGs
[2024-03-15T00:03:04.427+0000] {logging_mixin.py:188} INFO - [2024-03-15T00:03:04.427+0000] {dag.py:3834} INFO - Setting next_dagrun for tutorial to 2024-03-14 00:00:00+00:00, run_after=2024-03-15 00:00:00+00:00
[2024-03-15T00:03:04.441+0000] {processor.py:183} INFO - Processing /home/airflow/.local/lib/python3.8/site-packages/airflow/example_dags/tutorial.py took 0.053 seconds
