[2024-03-15T00:00:03.411+0000] {processor.py:161} INFO - Started process (PID=43) to work on /home/airflow/.local/lib/python3.8/site-packages/airflow/example_dags/tutorial_dag.py
[2024-03-15T00:00:03.412+0000] {processor.py:830} INFO - Processing file /home/airflow/.local/lib/python3.8/site-packages/airflow/example_dags/tutorial_dag.py for tasks to queue
[2024-03-15T00:00:03.413+0000] {logging_mixin.py:188} INFO - [2024-03-15T00:00:03.413+0000] {dagbag.py:540} INFO - Filling up the DagBag from /home/airflow/.local/lib/python3.8/site-packages/airflow/example_dags/tutorial_dag.py
[2024-03-15T00:00:03.418+0000] {processor.py:840} INFO - DAG(s) 'tutorial_dag' retrieved from /home/airflow/.local/lib/python3.8/site-packages/airflow/example_dags/tutorial_dag.py
[2024-03-15T00:00:03.427+0000] {logging_mixin.py:188} INFO - [2024-03-15T00:00:03.427+0000] {dag.py:3047} INFO - Sync 1 DAGs
[2024-03-15T00:00:03.438+0000] {logging_mixin.py:188} INFO - [2024-03-15T00:00:03.438+0000] {dag.py:3834} INFO - Setting next_dagrun for tutorial_dag to None, run_after=None
[2024-03-15T00:00:03.453+0000] {processor.py:183} INFO - Processing /home/airflow/.local/lib/python3.8/site-packages/airflow/example_dags/tutorial_dag.py took 0.044 seconds
[2024-03-15T00:00:33.904+0000] {processor.py:161} INFO - Started process (PID=98) to work on /home/airflow/.local/lib/python3.8/site-packages/airflow/example_dags/tutorial_dag.py
[2024-03-15T00:00:33.905+0000] {processor.py:830} INFO - Processing file /home/airflow/.local/lib/python3.8/site-packages/airflow/example_dags/tutorial_dag.py for tasks to queue
[2024-03-15T00:00:33.906+0000] {logging_mixin.py:188} INFO - [2024-03-15T00:00:33.906+0000] {dagbag.py:540} INFO - Filling up the DagBag from /home/airflow/.local/lib/python3.8/site-packages/airflow/example_dags/tutorial_dag.py
[2024-03-15T00:00:33.909+0000] {processor.py:840} INFO - DAG(s) 'tutorial_dag' retrieved from /home/airflow/.local/lib/python3.8/site-packages/airflow/example_dags/tutorial_dag.py
[2024-03-15T00:00:33.986+0000] {logging_mixin.py:188} INFO - [2024-03-15T00:00:33.985+0000] {dag.py:3047} INFO - Sync 1 DAGs
[2024-03-15T00:00:33.994+0000] {logging_mixin.py:188} INFO - [2024-03-15T00:00:33.994+0000] {dag.py:3834} INFO - Setting next_dagrun for tutorial_dag to None, run_after=None
[2024-03-15T00:00:34.008+0000] {processor.py:183} INFO - Processing /home/airflow/.local/lib/python3.8/site-packages/airflow/example_dags/tutorial_dag.py took 0.107 seconds
[2024-03-15T00:01:04.047+0000] {processor.py:161} INFO - Started process (PID=153) to work on /home/airflow/.local/lib/python3.8/site-packages/airflow/example_dags/tutorial_dag.py
[2024-03-15T00:01:04.047+0000] {processor.py:830} INFO - Processing file /home/airflow/.local/lib/python3.8/site-packages/airflow/example_dags/tutorial_dag.py for tasks to queue
[2024-03-15T00:01:04.048+0000] {logging_mixin.py:188} INFO - [2024-03-15T00:01:04.048+0000] {dagbag.py:540} INFO - Filling up the DagBag from /home/airflow/.local/lib/python3.8/site-packages/airflow/example_dags/tutorial_dag.py
[2024-03-15T00:01:04.052+0000] {processor.py:840} INFO - DAG(s) 'tutorial_dag' retrieved from /home/airflow/.local/lib/python3.8/site-packages/airflow/example_dags/tutorial_dag.py
[2024-03-15T00:01:04.068+0000] {logging_mixin.py:188} INFO - [2024-03-15T00:01:04.067+0000] {dag.py:3047} INFO - Sync 1 DAGs
[2024-03-15T00:01:04.077+0000] {logging_mixin.py:188} INFO - [2024-03-15T00:01:04.077+0000] {dag.py:3834} INFO - Setting next_dagrun for tutorial_dag to None, run_after=None
[2024-03-15T00:01:04.090+0000] {processor.py:183} INFO - Processing /home/airflow/.local/lib/python3.8/site-packages/airflow/example_dags/tutorial_dag.py took 0.046 seconds
[2024-03-15T00:01:34.203+0000] {processor.py:161} INFO - Started process (PID=207) to work on /home/airflow/.local/lib/python3.8/site-packages/airflow/example_dags/tutorial_dag.py
[2024-03-15T00:01:34.204+0000] {processor.py:830} INFO - Processing file /home/airflow/.local/lib/python3.8/site-packages/airflow/example_dags/tutorial_dag.py for tasks to queue
[2024-03-15T00:01:34.205+0000] {logging_mixin.py:188} INFO - [2024-03-15T00:01:34.205+0000] {dagbag.py:540} INFO - Filling up the DagBag from /home/airflow/.local/lib/python3.8/site-packages/airflow/example_dags/tutorial_dag.py
[2024-03-15T00:01:34.209+0000] {processor.py:840} INFO - DAG(s) 'tutorial_dag' retrieved from /home/airflow/.local/lib/python3.8/site-packages/airflow/example_dags/tutorial_dag.py
[2024-03-15T00:01:34.224+0000] {logging_mixin.py:188} INFO - [2024-03-15T00:01:34.224+0000] {dag.py:3047} INFO - Sync 1 DAGs
[2024-03-15T00:01:34.234+0000] {logging_mixin.py:188} INFO - [2024-03-15T00:01:34.234+0000] {dag.py:3834} INFO - Setting next_dagrun for tutorial_dag to None, run_after=None
[2024-03-15T00:01:34.249+0000] {processor.py:183} INFO - Processing /home/airflow/.local/lib/python3.8/site-packages/airflow/example_dags/tutorial_dag.py took 0.048 seconds
[2024-03-15T00:02:04.379+0000] {processor.py:161} INFO - Started process (PID=262) to work on /home/airflow/.local/lib/python3.8/site-packages/airflow/example_dags/tutorial_dag.py
[2024-03-15T00:02:04.380+0000] {processor.py:830} INFO - Processing file /home/airflow/.local/lib/python3.8/site-packages/airflow/example_dags/tutorial_dag.py for tasks to queue
[2024-03-15T00:02:04.381+0000] {logging_mixin.py:188} INFO - [2024-03-15T00:02:04.380+0000] {dagbag.py:540} INFO - Filling up the DagBag from /home/airflow/.local/lib/python3.8/site-packages/airflow/example_dags/tutorial_dag.py
[2024-03-15T00:02:04.384+0000] {processor.py:840} INFO - DAG(s) 'tutorial_dag' retrieved from /home/airflow/.local/lib/python3.8/site-packages/airflow/example_dags/tutorial_dag.py
[2024-03-15T00:02:04.399+0000] {logging_mixin.py:188} INFO - [2024-03-15T00:02:04.399+0000] {dag.py:3047} INFO - Sync 1 DAGs
[2024-03-15T00:02:04.409+0000] {logging_mixin.py:188} INFO - [2024-03-15T00:02:04.408+0000] {dag.py:3834} INFO - Setting next_dagrun for tutorial_dag to None, run_after=None
[2024-03-15T00:02:04.423+0000] {processor.py:183} INFO - Processing /home/airflow/.local/lib/python3.8/site-packages/airflow/example_dags/tutorial_dag.py took 0.047 seconds
[2024-03-15T00:02:34.490+0000] {processor.py:161} INFO - Started process (PID=317) to work on /home/airflow/.local/lib/python3.8/site-packages/airflow/example_dags/tutorial_dag.py
[2024-03-15T00:02:34.490+0000] {processor.py:830} INFO - Processing file /home/airflow/.local/lib/python3.8/site-packages/airflow/example_dags/tutorial_dag.py for tasks to queue
[2024-03-15T00:02:34.492+0000] {logging_mixin.py:188} INFO - [2024-03-15T00:02:34.491+0000] {dagbag.py:540} INFO - Filling up the DagBag from /home/airflow/.local/lib/python3.8/site-packages/airflow/example_dags/tutorial_dag.py
[2024-03-15T00:02:34.495+0000] {processor.py:840} INFO - DAG(s) 'tutorial_dag' retrieved from /home/airflow/.local/lib/python3.8/site-packages/airflow/example_dags/tutorial_dag.py
[2024-03-15T00:02:34.509+0000] {logging_mixin.py:188} INFO - [2024-03-15T00:02:34.508+0000] {dag.py:3047} INFO - Sync 1 DAGs
[2024-03-15T00:02:34.518+0000] {logging_mixin.py:188} INFO - [2024-03-15T00:02:34.518+0000] {dag.py:3834} INFO - Setting next_dagrun for tutorial_dag to None, run_after=None
[2024-03-15T00:02:34.533+0000] {processor.py:183} INFO - Processing /home/airflow/.local/lib/python3.8/site-packages/airflow/example_dags/tutorial_dag.py took 0.045 seconds
[2024-03-15T00:03:04.745+0000] {processor.py:161} INFO - Started process (PID=371) to work on /home/airflow/.local/lib/python3.8/site-packages/airflow/example_dags/tutorial_dag.py
[2024-03-15T00:03:04.745+0000] {processor.py:830} INFO - Processing file /home/airflow/.local/lib/python3.8/site-packages/airflow/example_dags/tutorial_dag.py for tasks to queue
[2024-03-15T00:03:04.747+0000] {logging_mixin.py:188} INFO - [2024-03-15T00:03:04.746+0000] {dagbag.py:540} INFO - Filling up the DagBag from /home/airflow/.local/lib/python3.8/site-packages/airflow/example_dags/tutorial_dag.py
[2024-03-15T00:03:04.750+0000] {processor.py:840} INFO - DAG(s) 'tutorial_dag' retrieved from /home/airflow/.local/lib/python3.8/site-packages/airflow/example_dags/tutorial_dag.py
[2024-03-15T00:03:04.765+0000] {logging_mixin.py:188} INFO - [2024-03-15T00:03:04.764+0000] {dag.py:3047} INFO - Sync 1 DAGs
[2024-03-15T00:03:04.773+0000] {logging_mixin.py:188} INFO - [2024-03-15T00:03:04.773+0000] {dag.py:3834} INFO - Setting next_dagrun for tutorial_dag to None, run_after=None
[2024-03-15T00:03:04.787+0000] {processor.py:183} INFO - Processing /home/airflow/.local/lib/python3.8/site-packages/airflow/example_dags/tutorial_dag.py took 0.044 seconds
