[2024-03-16T23:50:04.583+0000] {processor.py:161} INFO - Started process (PID=35) to work on /home/airflow/.local/lib/python3.8/site-packages/airflow/example_dags/example_params_ui_tutorial.py
[2024-03-16T23:50:04.583+0000] {processor.py:830} INFO - Processing file /home/airflow/.local/lib/python3.8/site-packages/airflow/example_dags/example_params_ui_tutorial.py for tasks to queue
[2024-03-16T23:50:04.584+0000] {logging_mixin.py:188} INFO - [2024-03-16T23:50:04.584+0000] {dagbag.py:540} INFO - Filling up the DagBag from /home/airflow/.local/lib/python3.8/site-packages/airflow/example_dags/example_params_ui_tutorial.py
[2024-03-16T23:50:04.604+0000] {processor.py:840} INFO - DAG(s) 'example_params_ui_tutorial' retrieved from /home/airflow/.local/lib/python3.8/site-packages/airflow/example_dags/example_params_ui_tutorial.py
[2024-03-16T23:50:04.613+0000] {logging_mixin.py:188} INFO - [2024-03-16T23:50:04.612+0000] {dag.py:3047} INFO - Sync 1 DAGs
[2024-03-16T23:50:04.630+0000] {logging_mixin.py:188} INFO - [2024-03-16T23:50:04.629+0000] {dag.py:3834} INFO - Setting next_dagrun for example_params_ui_tutorial to None, run_after=None
[2024-03-16T23:50:04.649+0000] {processor.py:183} INFO - Processing /home/airflow/.local/lib/python3.8/site-packages/airflow/example_dags/example_params_ui_tutorial.py took 0.068 seconds
[2024-03-16T23:51:47.271+0000] {processor.py:161} INFO - Started process (PID=35) to work on /home/airflow/.local/lib/python3.8/site-packages/airflow/example_dags/example_params_ui_tutorial.py
[2024-03-16T23:51:47.271+0000] {processor.py:830} INFO - Processing file /home/airflow/.local/lib/python3.8/site-packages/airflow/example_dags/example_params_ui_tutorial.py for tasks to queue
[2024-03-16T23:51:47.273+0000] {logging_mixin.py:188} INFO - [2024-03-16T23:51:47.272+0000] {dagbag.py:540} INFO - Filling up the DagBag from /home/airflow/.local/lib/python3.8/site-packages/airflow/example_dags/example_params_ui_tutorial.py
[2024-03-16T23:51:47.285+0000] {processor.py:840} INFO - DAG(s) 'example_params_ui_tutorial' retrieved from /home/airflow/.local/lib/python3.8/site-packages/airflow/example_dags/example_params_ui_tutorial.py
[2024-03-16T23:51:47.293+0000] {logging_mixin.py:188} INFO - [2024-03-16T23:51:47.293+0000] {dag.py:3047} INFO - Sync 1 DAGs
[2024-03-16T23:51:47.303+0000] {logging_mixin.py:188} INFO - [2024-03-16T23:51:47.303+0000] {dag.py:3834} INFO - Setting next_dagrun for example_params_ui_tutorial to None, run_after=None
[2024-03-16T23:51:47.319+0000] {processor.py:183} INFO - Processing /home/airflow/.local/lib/python3.8/site-packages/airflow/example_dags/example_params_ui_tutorial.py took 0.050 seconds
[2024-03-16T23:53:16.121+0000] {processor.py:161} INFO - Started process (PID=35) to work on /home/airflow/.local/lib/python3.8/site-packages/airflow/example_dags/example_params_ui_tutorial.py
[2024-03-16T23:53:16.122+0000] {processor.py:830} INFO - Processing file /home/airflow/.local/lib/python3.8/site-packages/airflow/example_dags/example_params_ui_tutorial.py for tasks to queue
[2024-03-16T23:53:16.123+0000] {logging_mixin.py:188} INFO - [2024-03-16T23:53:16.123+0000] {dagbag.py:540} INFO - Filling up the DagBag from /home/airflow/.local/lib/python3.8/site-packages/airflow/example_dags/example_params_ui_tutorial.py
[2024-03-16T23:53:16.139+0000] {processor.py:840} INFO - DAG(s) 'example_params_ui_tutorial' retrieved from /home/airflow/.local/lib/python3.8/site-packages/airflow/example_dags/example_params_ui_tutorial.py
[2024-03-16T23:53:16.146+0000] {logging_mixin.py:188} INFO - [2024-03-16T23:53:16.146+0000] {dag.py:3047} INFO - Sync 1 DAGs
[2024-03-16T23:53:16.155+0000] {logging_mixin.py:188} INFO - [2024-03-16T23:53:16.155+0000] {dag.py:3834} INFO - Setting next_dagrun for example_params_ui_tutorial to None, run_after=None
[2024-03-16T23:53:16.170+0000] {processor.py:183} INFO - Processing /home/airflow/.local/lib/python3.8/site-packages/airflow/example_dags/example_params_ui_tutorial.py took 0.051 seconds
[2024-03-16T23:53:46.875+0000] {processor.py:161} INFO - Started process (PID=90) to work on /home/airflow/.local/lib/python3.8/site-packages/airflow/example_dags/example_params_ui_tutorial.py
[2024-03-16T23:53:46.876+0000] {processor.py:830} INFO - Processing file /home/airflow/.local/lib/python3.8/site-packages/airflow/example_dags/example_params_ui_tutorial.py for tasks to queue
[2024-03-16T23:53:46.877+0000] {logging_mixin.py:188} INFO - [2024-03-16T23:53:46.877+0000] {dagbag.py:540} INFO - Filling up the DagBag from /home/airflow/.local/lib/python3.8/site-packages/airflow/example_dags/example_params_ui_tutorial.py
[2024-03-16T23:53:46.886+0000] {processor.py:840} INFO - DAG(s) 'example_params_ui_tutorial' retrieved from /home/airflow/.local/lib/python3.8/site-packages/airflow/example_dags/example_params_ui_tutorial.py
[2024-03-16T23:53:46.989+0000] {logging_mixin.py:188} INFO - [2024-03-16T23:53:46.989+0000] {dag.py:3047} INFO - Sync 1 DAGs
[2024-03-16T23:53:46.997+0000] {logging_mixin.py:188} INFO - [2024-03-16T23:53:46.997+0000] {dag.py:3834} INFO - Setting next_dagrun for example_params_ui_tutorial to None, run_after=None
[2024-03-16T23:53:47.011+0000] {processor.py:183} INFO - Processing /home/airflow/.local/lib/python3.8/site-packages/airflow/example_dags/example_params_ui_tutorial.py took 0.138 seconds
[2024-03-16T23:54:17.903+0000] {processor.py:161} INFO - Started process (PID=145) to work on /home/airflow/.local/lib/python3.8/site-packages/airflow/example_dags/example_params_ui_tutorial.py
[2024-03-16T23:54:17.903+0000] {processor.py:830} INFO - Processing file /home/airflow/.local/lib/python3.8/site-packages/airflow/example_dags/example_params_ui_tutorial.py for tasks to queue
[2024-03-16T23:54:17.905+0000] {logging_mixin.py:188} INFO - [2024-03-16T23:54:17.904+0000] {dagbag.py:540} INFO - Filling up the DagBag from /home/airflow/.local/lib/python3.8/site-packages/airflow/example_dags/example_params_ui_tutorial.py
[2024-03-16T23:54:17.912+0000] {processor.py:840} INFO - DAG(s) 'example_params_ui_tutorial' retrieved from /home/airflow/.local/lib/python3.8/site-packages/airflow/example_dags/example_params_ui_tutorial.py
[2024-03-16T23:54:17.957+0000] {logging_mixin.py:188} INFO - [2024-03-16T23:54:17.957+0000] {dag.py:3047} INFO - Sync 1 DAGs
[2024-03-16T23:54:17.966+0000] {logging_mixin.py:188} INFO - [2024-03-16T23:54:17.965+0000] {dag.py:3834} INFO - Setting next_dagrun for example_params_ui_tutorial to None, run_after=None
[2024-03-16T23:54:17.978+0000] {processor.py:183} INFO - Processing /home/airflow/.local/lib/python3.8/site-packages/airflow/example_dags/example_params_ui_tutorial.py took 0.077 seconds
[2024-03-16T23:54:48.789+0000] {processor.py:161} INFO - Started process (PID=200) to work on /home/airflow/.local/lib/python3.8/site-packages/airflow/example_dags/example_params_ui_tutorial.py
[2024-03-16T23:54:48.790+0000] {processor.py:830} INFO - Processing file /home/airflow/.local/lib/python3.8/site-packages/airflow/example_dags/example_params_ui_tutorial.py for tasks to queue
[2024-03-16T23:54:48.791+0000] {logging_mixin.py:188} INFO - [2024-03-16T23:54:48.791+0000] {dagbag.py:540} INFO - Filling up the DagBag from /home/airflow/.local/lib/python3.8/site-packages/airflow/example_dags/example_params_ui_tutorial.py
[2024-03-16T23:54:48.798+0000] {processor.py:840} INFO - DAG(s) 'example_params_ui_tutorial' retrieved from /home/airflow/.local/lib/python3.8/site-packages/airflow/example_dags/example_params_ui_tutorial.py
[2024-03-16T23:54:48.844+0000] {logging_mixin.py:188} INFO - [2024-03-16T23:54:48.843+0000] {dag.py:3047} INFO - Sync 1 DAGs
[2024-03-16T23:54:48.852+0000] {logging_mixin.py:188} INFO - [2024-03-16T23:54:48.852+0000] {dag.py:3834} INFO - Setting next_dagrun for example_params_ui_tutorial to None, run_after=None
[2024-03-16T23:54:48.864+0000] {processor.py:183} INFO - Processing /home/airflow/.local/lib/python3.8/site-packages/airflow/example_dags/example_params_ui_tutorial.py took 0.078 seconds
[2024-03-16T23:55:19.480+0000] {processor.py:161} INFO - Started process (PID=255) to work on /home/airflow/.local/lib/python3.8/site-packages/airflow/example_dags/example_params_ui_tutorial.py
[2024-03-16T23:55:19.482+0000] {processor.py:830} INFO - Processing file /home/airflow/.local/lib/python3.8/site-packages/airflow/example_dags/example_params_ui_tutorial.py for tasks to queue
[2024-03-16T23:55:19.483+0000] {logging_mixin.py:188} INFO - [2024-03-16T23:55:19.483+0000] {dagbag.py:540} INFO - Filling up the DagBag from /home/airflow/.local/lib/python3.8/site-packages/airflow/example_dags/example_params_ui_tutorial.py
[2024-03-16T23:55:19.491+0000] {processor.py:840} INFO - DAG(s) 'example_params_ui_tutorial' retrieved from /home/airflow/.local/lib/python3.8/site-packages/airflow/example_dags/example_params_ui_tutorial.py
[2024-03-16T23:55:19.536+0000] {logging_mixin.py:188} INFO - [2024-03-16T23:55:19.535+0000] {dag.py:3047} INFO - Sync 1 DAGs
[2024-03-16T23:55:19.544+0000] {logging_mixin.py:188} INFO - [2024-03-16T23:55:19.544+0000] {dag.py:3834} INFO - Setting next_dagrun for example_params_ui_tutorial to None, run_after=None
[2024-03-16T23:55:19.556+0000] {processor.py:183} INFO - Processing /home/airflow/.local/lib/python3.8/site-packages/airflow/example_dags/example_params_ui_tutorial.py took 0.078 seconds
[2024-03-16T23:55:50.157+0000] {processor.py:161} INFO - Started process (PID=310) to work on /home/airflow/.local/lib/python3.8/site-packages/airflow/example_dags/example_params_ui_tutorial.py
[2024-03-16T23:55:50.159+0000] {processor.py:830} INFO - Processing file /home/airflow/.local/lib/python3.8/site-packages/airflow/example_dags/example_params_ui_tutorial.py for tasks to queue
[2024-03-16T23:55:50.160+0000] {logging_mixin.py:188} INFO - [2024-03-16T23:55:50.160+0000] {dagbag.py:540} INFO - Filling up the DagBag from /home/airflow/.local/lib/python3.8/site-packages/airflow/example_dags/example_params_ui_tutorial.py
[2024-03-16T23:55:50.167+0000] {processor.py:840} INFO - DAG(s) 'example_params_ui_tutorial' retrieved from /home/airflow/.local/lib/python3.8/site-packages/airflow/example_dags/example_params_ui_tutorial.py
[2024-03-16T23:55:50.211+0000] {logging_mixin.py:188} INFO - [2024-03-16T23:55:50.211+0000] {dag.py:3047} INFO - Sync 1 DAGs
[2024-03-16T23:55:50.219+0000] {logging_mixin.py:188} INFO - [2024-03-16T23:55:50.219+0000] {dag.py:3834} INFO - Setting next_dagrun for example_params_ui_tutorial to None, run_after=None
[2024-03-16T23:55:50.232+0000] {processor.py:183} INFO - Processing /home/airflow/.local/lib/python3.8/site-packages/airflow/example_dags/example_params_ui_tutorial.py took 0.077 seconds
[2024-03-16T23:59:43.293+0000] {processor.py:161} INFO - Started process (PID=36) to work on /home/airflow/.local/lib/python3.8/site-packages/airflow/example_dags/example_params_ui_tutorial.py
[2024-03-16T23:59:43.294+0000] {processor.py:830} INFO - Processing file /home/airflow/.local/lib/python3.8/site-packages/airflow/example_dags/example_params_ui_tutorial.py for tasks to queue
[2024-03-16T23:59:43.295+0000] {logging_mixin.py:188} INFO - [2024-03-16T23:59:43.295+0000] {dagbag.py:540} INFO - Filling up the DagBag from /home/airflow/.local/lib/python3.8/site-packages/airflow/example_dags/example_params_ui_tutorial.py
[2024-03-16T23:59:43.319+0000] {processor.py:840} INFO - DAG(s) 'example_params_ui_tutorial' retrieved from /home/airflow/.local/lib/python3.8/site-packages/airflow/example_dags/example_params_ui_tutorial.py
[2024-03-16T23:59:43.329+0000] {logging_mixin.py:188} INFO - [2024-03-16T23:59:43.329+0000] {dag.py:3047} INFO - Sync 1 DAGs
[2024-03-16T23:59:43.341+0000] {logging_mixin.py:188} INFO - [2024-03-16T23:59:43.340+0000] {dag.py:3834} INFO - Setting next_dagrun for example_params_ui_tutorial to None, run_after=None
[2024-03-16T23:59:43.359+0000] {processor.py:183} INFO - Processing /home/airflow/.local/lib/python3.8/site-packages/airflow/example_dags/example_params_ui_tutorial.py took 0.069 seconds
