[2024-03-16T23:50:04.374+0000] {processor.py:161} INFO - Started process (PID=32) to work on /home/airflow/.local/lib/python3.8/site-packages/airflow/example_dags/example_latest_only.py
[2024-03-16T23:50:04.375+0000] {processor.py:830} INFO - Processing file /home/airflow/.local/lib/python3.8/site-packages/airflow/example_dags/example_latest_only.py for tasks to queue
[2024-03-16T23:50:04.376+0000] {logging_mixin.py:188} INFO - [2024-03-16T23:50:04.375+0000] {dagbag.py:540} INFO - Filling up the DagBag from /home/airflow/.local/lib/python3.8/site-packages/airflow/example_dags/example_latest_only.py
[2024-03-16T23:50:04.390+0000] {processor.py:840} INFO - DAG(s) 'latest_only' retrieved from /home/airflow/.local/lib/python3.8/site-packages/airflow/example_dags/example_latest_only.py
[2024-03-16T23:50:04.415+0000] {logging_mixin.py:188} INFO - [2024-03-16T23:50:04.415+0000] {dag.py:3047} INFO - Sync 1 DAGs
[2024-03-16T23:50:04.433+0000] {logging_mixin.py:188} INFO - [2024-03-16T23:50:04.432+0000] {dag.py:3834} INFO - Setting next_dagrun for latest_only to 2024-03-16 16:00:00+00:00, run_after=2024-03-16 20:00:00+00:00
[2024-03-16T23:50:04.446+0000] {processor.py:183} INFO - Processing /home/airflow/.local/lib/python3.8/site-packages/airflow/example_dags/example_latest_only.py took 0.075 seconds
[2024-03-16T23:51:47.065+0000] {processor.py:161} INFO - Started process (PID=32) to work on /home/airflow/.local/lib/python3.8/site-packages/airflow/example_dags/example_latest_only.py
[2024-03-16T23:51:47.066+0000] {processor.py:830} INFO - Processing file /home/airflow/.local/lib/python3.8/site-packages/airflow/example_dags/example_latest_only.py for tasks to queue
[2024-03-16T23:51:47.067+0000] {logging_mixin.py:188} INFO - [2024-03-16T23:51:47.067+0000] {dagbag.py:540} INFO - Filling up the DagBag from /home/airflow/.local/lib/python3.8/site-packages/airflow/example_dags/example_latest_only.py
[2024-03-16T23:51:47.080+0000] {processor.py:840} INFO - DAG(s) 'latest_only' retrieved from /home/airflow/.local/lib/python3.8/site-packages/airflow/example_dags/example_latest_only.py
[2024-03-16T23:51:47.096+0000] {logging_mixin.py:188} INFO - [2024-03-16T23:51:47.096+0000] {dag.py:3047} INFO - Sync 1 DAGs
[2024-03-16T23:51:47.113+0000] {logging_mixin.py:188} INFO - [2024-03-16T23:51:47.113+0000] {dag.py:3834} INFO - Setting next_dagrun for latest_only to 2024-03-16 16:00:00+00:00, run_after=2024-03-16 20:00:00+00:00
[2024-03-16T23:51:47.126+0000] {processor.py:183} INFO - Processing /home/airflow/.local/lib/python3.8/site-packages/airflow/example_dags/example_latest_only.py took 0.062 seconds
[2024-03-16T23:53:15.905+0000] {processor.py:161} INFO - Started process (PID=32) to work on /home/airflow/.local/lib/python3.8/site-packages/airflow/example_dags/example_latest_only.py
[2024-03-16T23:53:15.906+0000] {processor.py:830} INFO - Processing file /home/airflow/.local/lib/python3.8/site-packages/airflow/example_dags/example_latest_only.py for tasks to queue
[2024-03-16T23:53:15.907+0000] {logging_mixin.py:188} INFO - [2024-03-16T23:53:15.906+0000] {dagbag.py:540} INFO - Filling up the DagBag from /home/airflow/.local/lib/python3.8/site-packages/airflow/example_dags/example_latest_only.py
[2024-03-16T23:53:15.917+0000] {processor.py:840} INFO - DAG(s) 'latest_only' retrieved from /home/airflow/.local/lib/python3.8/site-packages/airflow/example_dags/example_latest_only.py
[2024-03-16T23:53:15.936+0000] {logging_mixin.py:188} INFO - [2024-03-16T23:53:15.935+0000] {dag.py:3047} INFO - Sync 1 DAGs
[2024-03-16T23:53:15.953+0000] {logging_mixin.py:188} INFO - [2024-03-16T23:53:15.953+0000] {dag.py:3834} INFO - Setting next_dagrun for latest_only to 2024-03-16 16:00:00+00:00, run_after=2024-03-16 20:00:00+00:00
[2024-03-16T23:53:15.966+0000] {processor.py:183} INFO - Processing /home/airflow/.local/lib/python3.8/site-packages/airflow/example_dags/example_latest_only.py took 0.064 seconds
[2024-03-16T23:53:46.600+0000] {processor.py:161} INFO - Started process (PID=87) to work on /home/airflow/.local/lib/python3.8/site-packages/airflow/example_dags/example_latest_only.py
[2024-03-16T23:53:46.601+0000] {processor.py:830} INFO - Processing file /home/airflow/.local/lib/python3.8/site-packages/airflow/example_dags/example_latest_only.py for tasks to queue
[2024-03-16T23:53:46.602+0000] {logging_mixin.py:188} INFO - [2024-03-16T23:53:46.602+0000] {dagbag.py:540} INFO - Filling up the DagBag from /home/airflow/.local/lib/python3.8/site-packages/airflow/example_dags/example_latest_only.py
[2024-03-16T23:53:46.605+0000] {processor.py:840} INFO - DAG(s) 'latest_only' retrieved from /home/airflow/.local/lib/python3.8/site-packages/airflow/example_dags/example_latest_only.py
[2024-03-16T23:53:46.731+0000] {logging_mixin.py:188} INFO - [2024-03-16T23:53:46.731+0000] {dag.py:3047} INFO - Sync 1 DAGs
[2024-03-16T23:53:46.746+0000] {logging_mixin.py:188} INFO - [2024-03-16T23:53:46.745+0000] {dag.py:3834} INFO - Setting next_dagrun for latest_only to 2024-03-16 16:00:00+00:00, run_after=2024-03-16 20:00:00+00:00
[2024-03-16T23:53:46.759+0000] {processor.py:183} INFO - Processing /home/airflow/.local/lib/python3.8/site-packages/airflow/example_dags/example_latest_only.py took 0.161 seconds
[2024-03-16T23:54:16.774+0000] {processor.py:161} INFO - Started process (PID=142) to work on /home/airflow/.local/lib/python3.8/site-packages/airflow/example_dags/example_latest_only.py
[2024-03-16T23:54:16.774+0000] {processor.py:830} INFO - Processing file /home/airflow/.local/lib/python3.8/site-packages/airflow/example_dags/example_latest_only.py for tasks to queue
[2024-03-16T23:54:16.775+0000] {logging_mixin.py:188} INFO - [2024-03-16T23:54:16.775+0000] {dagbag.py:540} INFO - Filling up the DagBag from /home/airflow/.local/lib/python3.8/site-packages/airflow/example_dags/example_latest_only.py
[2024-03-16T23:54:16.778+0000] {processor.py:840} INFO - DAG(s) 'latest_only' retrieved from /home/airflow/.local/lib/python3.8/site-packages/airflow/example_dags/example_latest_only.py
[2024-03-16T23:54:16.791+0000] {logging_mixin.py:188} INFO - [2024-03-16T23:54:16.791+0000] {dag.py:3047} INFO - Sync 1 DAGs
[2024-03-16T23:54:16.807+0000] {logging_mixin.py:188} INFO - [2024-03-16T23:54:16.807+0000] {dag.py:3834} INFO - Setting next_dagrun for latest_only to 2024-03-16 16:00:00+00:00, run_after=2024-03-16 20:00:00+00:00
[2024-03-16T23:54:16.820+0000] {processor.py:183} INFO - Processing /home/airflow/.local/lib/python3.8/site-packages/airflow/example_dags/example_latest_only.py took 0.048 seconds
[2024-03-16T23:54:47.720+0000] {processor.py:161} INFO - Started process (PID=197) to work on /home/airflow/.local/lib/python3.8/site-packages/airflow/example_dags/example_latest_only.py
[2024-03-16T23:54:47.723+0000] {processor.py:830} INFO - Processing file /home/airflow/.local/lib/python3.8/site-packages/airflow/example_dags/example_latest_only.py for tasks to queue
[2024-03-16T23:54:47.724+0000] {logging_mixin.py:188} INFO - [2024-03-16T23:54:47.724+0000] {dagbag.py:540} INFO - Filling up the DagBag from /home/airflow/.local/lib/python3.8/site-packages/airflow/example_dags/example_latest_only.py
[2024-03-16T23:54:47.727+0000] {processor.py:840} INFO - DAG(s) 'latest_only' retrieved from /home/airflow/.local/lib/python3.8/site-packages/airflow/example_dags/example_latest_only.py
[2024-03-16T23:54:47.740+0000] {logging_mixin.py:188} INFO - [2024-03-16T23:54:47.740+0000] {dag.py:3047} INFO - Sync 1 DAGs
[2024-03-16T23:54:47.755+0000] {logging_mixin.py:188} INFO - [2024-03-16T23:54:47.755+0000] {dag.py:3834} INFO - Setting next_dagrun for latest_only to 2024-03-16 16:00:00+00:00, run_after=2024-03-16 20:00:00+00:00
[2024-03-16T23:54:47.768+0000] {processor.py:183} INFO - Processing /home/airflow/.local/lib/python3.8/site-packages/airflow/example_dags/example_latest_only.py took 0.049 seconds
[2024-03-16T23:55:18.412+0000] {processor.py:161} INFO - Started process (PID=252) to work on /home/airflow/.local/lib/python3.8/site-packages/airflow/example_dags/example_latest_only.py
[2024-03-16T23:55:18.413+0000] {processor.py:830} INFO - Processing file /home/airflow/.local/lib/python3.8/site-packages/airflow/example_dags/example_latest_only.py for tasks to queue
[2024-03-16T23:55:18.414+0000] {logging_mixin.py:188} INFO - [2024-03-16T23:55:18.414+0000] {dagbag.py:540} INFO - Filling up the DagBag from /home/airflow/.local/lib/python3.8/site-packages/airflow/example_dags/example_latest_only.py
[2024-03-16T23:55:18.417+0000] {processor.py:840} INFO - DAG(s) 'latest_only' retrieved from /home/airflow/.local/lib/python3.8/site-packages/airflow/example_dags/example_latest_only.py
[2024-03-16T23:55:18.430+0000] {logging_mixin.py:188} INFO - [2024-03-16T23:55:18.430+0000] {dag.py:3047} INFO - Sync 1 DAGs
[2024-03-16T23:55:18.446+0000] {logging_mixin.py:188} INFO - [2024-03-16T23:55:18.446+0000] {dag.py:3834} INFO - Setting next_dagrun for latest_only to 2024-03-16 16:00:00+00:00, run_after=2024-03-16 20:00:00+00:00
[2024-03-16T23:55:18.460+0000] {processor.py:183} INFO - Processing /home/airflow/.local/lib/python3.8/site-packages/airflow/example_dags/example_latest_only.py took 0.050 seconds
[2024-03-16T23:55:49.086+0000] {processor.py:161} INFO - Started process (PID=307) to work on /home/airflow/.local/lib/python3.8/site-packages/airflow/example_dags/example_latest_only.py
[2024-03-16T23:55:49.087+0000] {processor.py:830} INFO - Processing file /home/airflow/.local/lib/python3.8/site-packages/airflow/example_dags/example_latest_only.py for tasks to queue
[2024-03-16T23:55:49.088+0000] {logging_mixin.py:188} INFO - [2024-03-16T23:55:49.088+0000] {dagbag.py:540} INFO - Filling up the DagBag from /home/airflow/.local/lib/python3.8/site-packages/airflow/example_dags/example_latest_only.py
[2024-03-16T23:55:49.091+0000] {processor.py:840} INFO - DAG(s) 'latest_only' retrieved from /home/airflow/.local/lib/python3.8/site-packages/airflow/example_dags/example_latest_only.py
[2024-03-16T23:55:49.105+0000] {logging_mixin.py:188} INFO - [2024-03-16T23:55:49.105+0000] {dag.py:3047} INFO - Sync 1 DAGs
[2024-03-16T23:55:49.121+0000] {logging_mixin.py:188} INFO - [2024-03-16T23:55:49.121+0000] {dag.py:3834} INFO - Setting next_dagrun for latest_only to 2024-03-16 16:00:00+00:00, run_after=2024-03-16 20:00:00+00:00
[2024-03-16T23:55:49.135+0000] {processor.py:183} INFO - Processing /home/airflow/.local/lib/python3.8/site-packages/airflow/example_dags/example_latest_only.py took 0.051 seconds
[2024-03-16T23:59:43.019+0000] {processor.py:161} INFO - Started process (PID=33) to work on /home/airflow/.local/lib/python3.8/site-packages/airflow/example_dags/example_latest_only.py
[2024-03-16T23:59:43.020+0000] {processor.py:830} INFO - Processing file /home/airflow/.local/lib/python3.8/site-packages/airflow/example_dags/example_latest_only.py for tasks to queue
[2024-03-16T23:59:43.022+0000] {logging_mixin.py:188} INFO - [2024-03-16T23:59:43.021+0000] {dagbag.py:540} INFO - Filling up the DagBag from /home/airflow/.local/lib/python3.8/site-packages/airflow/example_dags/example_latest_only.py
[2024-03-16T23:59:43.037+0000] {processor.py:840} INFO - DAG(s) 'latest_only' retrieved from /home/airflow/.local/lib/python3.8/site-packages/airflow/example_dags/example_latest_only.py
[2024-03-16T23:59:43.060+0000] {logging_mixin.py:188} INFO - [2024-03-16T23:59:43.060+0000] {dag.py:3047} INFO - Sync 1 DAGs
[2024-03-16T23:59:43.082+0000] {logging_mixin.py:188} INFO - [2024-03-16T23:59:43.082+0000] {dag.py:3834} INFO - Setting next_dagrun for latest_only to 2024-03-16 16:00:00+00:00, run_after=2024-03-16 20:00:00+00:00
[2024-03-16T23:59:43.099+0000] {processor.py:183} INFO - Processing /home/airflow/.local/lib/python3.8/site-packages/airflow/example_dags/example_latest_only.py took 0.084 seconds
