[2024-03-16T23:50:04.801+0000] {processor.py:161} INFO - Started process (PID=40) to work on /home/airflow/.local/lib/python3.8/site-packages/airflow/example_dags/example_subdag_operator.py
[2024-03-16T23:50:04.802+0000] {processor.py:830} INFO - Processing file /home/airflow/.local/lib/python3.8/site-packages/airflow/example_dags/example_subdag_operator.py for tasks to queue
[2024-03-16T23:50:04.803+0000] {logging_mixin.py:188} INFO - [2024-03-16T23:50:04.802+0000] {dagbag.py:540} INFO - Filling up the DagBag from /home/airflow/.local/lib/python3.8/site-packages/airflow/example_dags/example_subdag_operator.py
[2024-03-16T23:50:04.820+0000] {processor.py:840} INFO - DAG(s) 'example_subdag_operator.section-1', 'example_subdag_operator.section-2', 'example_subdag_operator' retrieved from /home/airflow/.local/lib/python3.8/site-packages/airflow/example_dags/example_subdag_operator.py
[2024-03-16T23:50:04.823+0000] {logging_mixin.py:188} INFO - [2024-03-16T23:50:04.823+0000] {dag.py:3047} INFO - Sync 3 DAGs
[2024-03-16T23:50:04.839+0000] {logging_mixin.py:188} INFO - [2024-03-16T23:50:04.839+0000] {dag.py:3834} INFO - Setting next_dagrun for example_subdag_operator to 2022-01-01 00:00:00+00:00, run_after=2022-01-01 00:00:00+00:00
[2024-03-16T23:50:04.842+0000] {logging_mixin.py:188} INFO - [2024-03-16T23:50:04.841+0000] {dag.py:3834} INFO - Setting next_dagrun for example_subdag_operator.section-1 to None, run_after=None
[2024-03-16T23:50:04.843+0000] {logging_mixin.py:188} INFO - [2024-03-16T23:50:04.843+0000] {dag.py:3834} INFO - Setting next_dagrun for example_subdag_operator.section-2 to None, run_after=None
[2024-03-16T23:50:04.847+0000] {logging_mixin.py:188} INFO - [2024-03-16T23:50:04.847+0000] {dag.py:3047} INFO - Sync 2 DAGs
[2024-03-16T23:50:04.851+0000] {logging_mixin.py:188} INFO - [2024-03-16T23:50:04.851+0000] {dag.py:3834} INFO - Setting next_dagrun for example_subdag_operator.section-1 to None, run_after=None
[2024-03-16T23:50:04.851+0000] {logging_mixin.py:188} INFO - [2024-03-16T23:50:04.851+0000] {dag.py:3834} INFO - Setting next_dagrun for example_subdag_operator.section-2 to None, run_after=None
[2024-03-16T23:50:04.859+0000] {processor.py:183} INFO - Processing /home/airflow/.local/lib/python3.8/site-packages/airflow/example_dags/example_subdag_operator.py took 0.060 seconds
[2024-03-16T23:51:47.481+0000] {processor.py:161} INFO - Started process (PID=40) to work on /home/airflow/.local/lib/python3.8/site-packages/airflow/example_dags/example_subdag_operator.py
[2024-03-16T23:51:47.481+0000] {processor.py:830} INFO - Processing file /home/airflow/.local/lib/python3.8/site-packages/airflow/example_dags/example_subdag_operator.py for tasks to queue
[2024-03-16T23:51:47.482+0000] {logging_mixin.py:188} INFO - [2024-03-16T23:51:47.482+0000] {dagbag.py:540} INFO - Filling up the DagBag from /home/airflow/.local/lib/python3.8/site-packages/airflow/example_dags/example_subdag_operator.py
[2024-03-16T23:51:47.499+0000] {processor.py:840} INFO - DAG(s) 'example_subdag_operator.section-1', 'example_subdag_operator.section-2', 'example_subdag_operator' retrieved from /home/airflow/.local/lib/python3.8/site-packages/airflow/example_dags/example_subdag_operator.py
[2024-03-16T23:51:47.501+0000] {logging_mixin.py:188} INFO - [2024-03-16T23:51:47.501+0000] {dag.py:3047} INFO - Sync 3 DAGs
[2024-03-16T23:51:47.519+0000] {logging_mixin.py:188} INFO - [2024-03-16T23:51:47.519+0000] {dag.py:3834} INFO - Setting next_dagrun for example_subdag_operator to 2022-01-01 00:00:00+00:00, run_after=2022-01-01 00:00:00+00:00
[2024-03-16T23:51:47.522+0000] {logging_mixin.py:188} INFO - [2024-03-16T23:51:47.521+0000] {dag.py:3834} INFO - Setting next_dagrun for example_subdag_operator.section-1 to None, run_after=None
[2024-03-16T23:51:47.523+0000] {logging_mixin.py:188} INFO - [2024-03-16T23:51:47.523+0000] {dag.py:3834} INFO - Setting next_dagrun for example_subdag_operator.section-2 to None, run_after=None
[2024-03-16T23:51:47.527+0000] {logging_mixin.py:188} INFO - [2024-03-16T23:51:47.527+0000] {dag.py:3047} INFO - Sync 2 DAGs
[2024-03-16T23:51:47.531+0000] {logging_mixin.py:188} INFO - [2024-03-16T23:51:47.531+0000] {dag.py:3834} INFO - Setting next_dagrun for example_subdag_operator.section-1 to None, run_after=None
[2024-03-16T23:51:47.531+0000] {logging_mixin.py:188} INFO - [2024-03-16T23:51:47.531+0000] {dag.py:3834} INFO - Setting next_dagrun for example_subdag_operator.section-2 to None, run_after=None
[2024-03-16T23:51:47.540+0000] {processor.py:183} INFO - Processing /home/airflow/.local/lib/python3.8/site-packages/airflow/example_dags/example_subdag_operator.py took 0.062 seconds
[2024-03-16T23:53:16.311+0000] {processor.py:161} INFO - Started process (PID=40) to work on /home/airflow/.local/lib/python3.8/site-packages/airflow/example_dags/example_subdag_operator.py
[2024-03-16T23:53:16.312+0000] {processor.py:830} INFO - Processing file /home/airflow/.local/lib/python3.8/site-packages/airflow/example_dags/example_subdag_operator.py for tasks to queue
[2024-03-16T23:53:16.313+0000] {logging_mixin.py:188} INFO - [2024-03-16T23:53:16.313+0000] {dagbag.py:540} INFO - Filling up the DagBag from /home/airflow/.local/lib/python3.8/site-packages/airflow/example_dags/example_subdag_operator.py
[2024-03-16T23:53:16.330+0000] {processor.py:840} INFO - DAG(s) 'example_subdag_operator.section-1', 'example_subdag_operator.section-2', 'example_subdag_operator' retrieved from /home/airflow/.local/lib/python3.8/site-packages/airflow/example_dags/example_subdag_operator.py
[2024-03-16T23:53:16.333+0000] {logging_mixin.py:188} INFO - [2024-03-16T23:53:16.332+0000] {dag.py:3047} INFO - Sync 3 DAGs
[2024-03-16T23:53:16.348+0000] {logging_mixin.py:188} INFO - [2024-03-16T23:53:16.348+0000] {dag.py:3834} INFO - Setting next_dagrun for example_subdag_operator to 2022-01-01 00:00:00+00:00, run_after=2022-01-01 00:00:00+00:00
[2024-03-16T23:53:16.351+0000] {logging_mixin.py:188} INFO - [2024-03-16T23:53:16.350+0000] {dag.py:3834} INFO - Setting next_dagrun for example_subdag_operator.section-1 to None, run_after=None
[2024-03-16T23:53:16.352+0000] {logging_mixin.py:188} INFO - [2024-03-16T23:53:16.351+0000] {dag.py:3834} INFO - Setting next_dagrun for example_subdag_operator.section-2 to None, run_after=None
[2024-03-16T23:53:16.356+0000] {logging_mixin.py:188} INFO - [2024-03-16T23:53:16.356+0000] {dag.py:3047} INFO - Sync 2 DAGs
[2024-03-16T23:53:16.360+0000] {logging_mixin.py:188} INFO - [2024-03-16T23:53:16.360+0000] {dag.py:3834} INFO - Setting next_dagrun for example_subdag_operator.section-1 to None, run_after=None
[2024-03-16T23:53:16.360+0000] {logging_mixin.py:188} INFO - [2024-03-16T23:53:16.360+0000] {dag.py:3834} INFO - Setting next_dagrun for example_subdag_operator.section-2 to None, run_after=None
[2024-03-16T23:53:16.368+0000] {processor.py:183} INFO - Processing /home/airflow/.local/lib/python3.8/site-packages/airflow/example_dags/example_subdag_operator.py took 0.059 seconds
[2024-03-16T23:53:47.145+0000] {processor.py:161} INFO - Started process (PID=95) to work on /home/airflow/.local/lib/python3.8/site-packages/airflow/example_dags/example_subdag_operator.py
[2024-03-16T23:53:47.146+0000] {processor.py:830} INFO - Processing file /home/airflow/.local/lib/python3.8/site-packages/airflow/example_dags/example_subdag_operator.py for tasks to queue
[2024-03-16T23:53:47.147+0000] {logging_mixin.py:188} INFO - [2024-03-16T23:53:47.147+0000] {dagbag.py:540} INFO - Filling up the DagBag from /home/airflow/.local/lib/python3.8/site-packages/airflow/example_dags/example_subdag_operator.py
[2024-03-16T23:53:47.164+0000] {processor.py:840} INFO - DAG(s) 'example_subdag_operator.section-1', 'example_subdag_operator.section-2', 'example_subdag_operator' retrieved from /home/airflow/.local/lib/python3.8/site-packages/airflow/example_dags/example_subdag_operator.py
[2024-03-16T23:53:47.234+0000] {logging_mixin.py:188} INFO - [2024-03-16T23:53:47.234+0000] {dag.py:3047} INFO - Sync 3 DAGs
[2024-03-16T23:53:47.248+0000] {logging_mixin.py:188} INFO - [2024-03-16T23:53:47.248+0000] {dag.py:3834} INFO - Setting next_dagrun for example_subdag_operator to 2022-01-01 00:00:00+00:00, run_after=2022-01-01 00:00:00+00:00
[2024-03-16T23:53:47.251+0000] {logging_mixin.py:188} INFO - [2024-03-16T23:53:47.250+0000] {dag.py:3834} INFO - Setting next_dagrun for example_subdag_operator.section-1 to None, run_after=None
[2024-03-16T23:53:47.252+0000] {logging_mixin.py:188} INFO - [2024-03-16T23:53:47.251+0000] {dag.py:3834} INFO - Setting next_dagrun for example_subdag_operator.section-2 to None, run_after=None
[2024-03-16T23:53:47.258+0000] {logging_mixin.py:188} INFO - [2024-03-16T23:53:47.258+0000] {dag.py:3047} INFO - Sync 2 DAGs
[2024-03-16T23:53:47.262+0000] {logging_mixin.py:188} INFO - [2024-03-16T23:53:47.261+0000] {dag.py:3834} INFO - Setting next_dagrun for example_subdag_operator.section-1 to None, run_after=None
[2024-03-16T23:53:47.262+0000] {logging_mixin.py:188} INFO - [2024-03-16T23:53:47.262+0000] {dag.py:3834} INFO - Setting next_dagrun for example_subdag_operator.section-2 to None, run_after=None
[2024-03-16T23:53:47.270+0000] {processor.py:183} INFO - Processing /home/airflow/.local/lib/python3.8/site-packages/airflow/example_dags/example_subdag_operator.py took 0.127 seconds
[2024-03-16T23:54:18.056+0000] {processor.py:161} INFO - Started process (PID=150) to work on /home/airflow/.local/lib/python3.8/site-packages/airflow/example_dags/example_subdag_operator.py
[2024-03-16T23:54:18.057+0000] {processor.py:830} INFO - Processing file /home/airflow/.local/lib/python3.8/site-packages/airflow/example_dags/example_subdag_operator.py for tasks to queue
[2024-03-16T23:54:18.058+0000] {logging_mixin.py:188} INFO - [2024-03-16T23:54:18.058+0000] {dagbag.py:540} INFO - Filling up the DagBag from /home/airflow/.local/lib/python3.8/site-packages/airflow/example_dags/example_subdag_operator.py
[2024-03-16T23:54:18.073+0000] {processor.py:840} INFO - DAG(s) 'example_subdag_operator.section-1', 'example_subdag_operator.section-2', 'example_subdag_operator' retrieved from /home/airflow/.local/lib/python3.8/site-packages/airflow/example_dags/example_subdag_operator.py
[2024-03-16T23:54:18.083+0000] {logging_mixin.py:188} INFO - [2024-03-16T23:54:18.083+0000] {dag.py:3047} INFO - Sync 3 DAGs
[2024-03-16T23:54:18.098+0000] {logging_mixin.py:188} INFO - [2024-03-16T23:54:18.098+0000] {dag.py:3834} INFO - Setting next_dagrun for example_subdag_operator to 2022-01-01 00:00:00+00:00, run_after=2022-01-01 00:00:00+00:00
[2024-03-16T23:54:18.100+0000] {logging_mixin.py:188} INFO - [2024-03-16T23:54:18.100+0000] {dag.py:3834} INFO - Setting next_dagrun for example_subdag_operator.section-1 to None, run_after=None
[2024-03-16T23:54:18.101+0000] {logging_mixin.py:188} INFO - [2024-03-16T23:54:18.101+0000] {dag.py:3834} INFO - Setting next_dagrun for example_subdag_operator.section-2 to None, run_after=None
[2024-03-16T23:54:18.106+0000] {logging_mixin.py:188} INFO - [2024-03-16T23:54:18.106+0000] {dag.py:3047} INFO - Sync 2 DAGs
[2024-03-16T23:54:18.110+0000] {logging_mixin.py:188} INFO - [2024-03-16T23:54:18.110+0000] {dag.py:3834} INFO - Setting next_dagrun for example_subdag_operator.section-1 to None, run_after=None
[2024-03-16T23:54:18.110+0000] {logging_mixin.py:188} INFO - [2024-03-16T23:54:18.110+0000] {dag.py:3834} INFO - Setting next_dagrun for example_subdag_operator.section-2 to None, run_after=None
[2024-03-16T23:54:18.118+0000] {processor.py:183} INFO - Processing /home/airflow/.local/lib/python3.8/site-packages/airflow/example_dags/example_subdag_operator.py took 0.064 seconds
[2024-03-16T23:54:48.941+0000] {processor.py:161} INFO - Started process (PID=205) to work on /home/airflow/.local/lib/python3.8/site-packages/airflow/example_dags/example_subdag_operator.py
[2024-03-16T23:54:48.942+0000] {processor.py:830} INFO - Processing file /home/airflow/.local/lib/python3.8/site-packages/airflow/example_dags/example_subdag_operator.py for tasks to queue
[2024-03-16T23:54:48.943+0000] {logging_mixin.py:188} INFO - [2024-03-16T23:54:48.943+0000] {dagbag.py:540} INFO - Filling up the DagBag from /home/airflow/.local/lib/python3.8/site-packages/airflow/example_dags/example_subdag_operator.py
[2024-03-16T23:54:48.961+0000] {processor.py:840} INFO - DAG(s) 'example_subdag_operator.section-1', 'example_subdag_operator.section-2', 'example_subdag_operator' retrieved from /home/airflow/.local/lib/python3.8/site-packages/airflow/example_dags/example_subdag_operator.py
[2024-03-16T23:54:48.973+0000] {logging_mixin.py:188} INFO - [2024-03-16T23:54:48.973+0000] {dag.py:3047} INFO - Sync 3 DAGs
[2024-03-16T23:54:48.989+0000] {logging_mixin.py:188} INFO - [2024-03-16T23:54:48.989+0000] {dag.py:3834} INFO - Setting next_dagrun for example_subdag_operator to 2022-01-01 00:00:00+00:00, run_after=2022-01-01 00:00:00+00:00
[2024-03-16T23:54:48.993+0000] {logging_mixin.py:188} INFO - [2024-03-16T23:54:48.992+0000] {dag.py:3834} INFO - Setting next_dagrun for example_subdag_operator.section-1 to None, run_after=None
[2024-03-16T23:54:48.994+0000] {logging_mixin.py:188} INFO - [2024-03-16T23:54:48.994+0000] {dag.py:3834} INFO - Setting next_dagrun for example_subdag_operator.section-2 to None, run_after=None
[2024-03-16T23:54:48.999+0000] {logging_mixin.py:188} INFO - [2024-03-16T23:54:48.999+0000] {dag.py:3047} INFO - Sync 2 DAGs
[2024-03-16T23:54:49.003+0000] {logging_mixin.py:188} INFO - [2024-03-16T23:54:49.003+0000] {dag.py:3834} INFO - Setting next_dagrun for example_subdag_operator.section-1 to None, run_after=None
[2024-03-16T23:54:49.003+0000] {logging_mixin.py:188} INFO - [2024-03-16T23:54:49.003+0000] {dag.py:3834} INFO - Setting next_dagrun for example_subdag_operator.section-2 to None, run_after=None
[2024-03-16T23:54:49.012+0000] {processor.py:183} INFO - Processing /home/airflow/.local/lib/python3.8/site-packages/airflow/example_dags/example_subdag_operator.py took 0.073 seconds
[2024-03-16T23:55:19.633+0000] {processor.py:161} INFO - Started process (PID=260) to work on /home/airflow/.local/lib/python3.8/site-packages/airflow/example_dags/example_subdag_operator.py
[2024-03-16T23:55:19.633+0000] {processor.py:830} INFO - Processing file /home/airflow/.local/lib/python3.8/site-packages/airflow/example_dags/example_subdag_operator.py for tasks to queue
[2024-03-16T23:55:19.634+0000] {logging_mixin.py:188} INFO - [2024-03-16T23:55:19.634+0000] {dagbag.py:540} INFO - Filling up the DagBag from /home/airflow/.local/lib/python3.8/site-packages/airflow/example_dags/example_subdag_operator.py
[2024-03-16T23:55:19.649+0000] {processor.py:840} INFO - DAG(s) 'example_subdag_operator.section-1', 'example_subdag_operator.section-2', 'example_subdag_operator' retrieved from /home/airflow/.local/lib/python3.8/site-packages/airflow/example_dags/example_subdag_operator.py
[2024-03-16T23:55:19.660+0000] {logging_mixin.py:188} INFO - [2024-03-16T23:55:19.660+0000] {dag.py:3047} INFO - Sync 3 DAGs
[2024-03-16T23:55:19.676+0000] {logging_mixin.py:188} INFO - [2024-03-16T23:55:19.675+0000] {dag.py:3834} INFO - Setting next_dagrun for example_subdag_operator to 2022-01-01 00:00:00+00:00, run_after=2022-01-01 00:00:00+00:00
[2024-03-16T23:55:19.678+0000] {logging_mixin.py:188} INFO - [2024-03-16T23:55:19.678+0000] {dag.py:3834} INFO - Setting next_dagrun for example_subdag_operator.section-1 to None, run_after=None
[2024-03-16T23:55:19.679+0000] {logging_mixin.py:188} INFO - [2024-03-16T23:55:19.679+0000] {dag.py:3834} INFO - Setting next_dagrun for example_subdag_operator.section-2 to None, run_after=None
[2024-03-16T23:55:19.684+0000] {logging_mixin.py:188} INFO - [2024-03-16T23:55:19.684+0000] {dag.py:3047} INFO - Sync 2 DAGs
[2024-03-16T23:55:19.688+0000] {logging_mixin.py:188} INFO - [2024-03-16T23:55:19.688+0000] {dag.py:3834} INFO - Setting next_dagrun for example_subdag_operator.section-1 to None, run_after=None
[2024-03-16T23:55:19.688+0000] {logging_mixin.py:188} INFO - [2024-03-16T23:55:19.688+0000] {dag.py:3834} INFO - Setting next_dagrun for example_subdag_operator.section-2 to None, run_after=None
[2024-03-16T23:55:19.696+0000] {processor.py:183} INFO - Processing /home/airflow/.local/lib/python3.8/site-packages/airflow/example_dags/example_subdag_operator.py took 0.065 seconds
[2024-03-16T23:55:50.308+0000] {processor.py:161} INFO - Started process (PID=315) to work on /home/airflow/.local/lib/python3.8/site-packages/airflow/example_dags/example_subdag_operator.py
[2024-03-16T23:55:50.309+0000] {processor.py:830} INFO - Processing file /home/airflow/.local/lib/python3.8/site-packages/airflow/example_dags/example_subdag_operator.py for tasks to queue
[2024-03-16T23:55:50.310+0000] {logging_mixin.py:188} INFO - [2024-03-16T23:55:50.310+0000] {dagbag.py:540} INFO - Filling up the DagBag from /home/airflow/.local/lib/python3.8/site-packages/airflow/example_dags/example_subdag_operator.py
[2024-03-16T23:55:50.327+0000] {processor.py:840} INFO - DAG(s) 'example_subdag_operator.section-1', 'example_subdag_operator.section-2', 'example_subdag_operator' retrieved from /home/airflow/.local/lib/python3.8/site-packages/airflow/example_dags/example_subdag_operator.py
[2024-03-16T23:55:50.337+0000] {logging_mixin.py:188} INFO - [2024-03-16T23:55:50.337+0000] {dag.py:3047} INFO - Sync 3 DAGs
[2024-03-16T23:55:50.351+0000] {logging_mixin.py:188} INFO - [2024-03-16T23:55:50.351+0000] {dag.py:3834} INFO - Setting next_dagrun for example_subdag_operator to 2022-01-01 00:00:00+00:00, run_after=2022-01-01 00:00:00+00:00
[2024-03-16T23:55:50.353+0000] {logging_mixin.py:188} INFO - [2024-03-16T23:55:50.353+0000] {dag.py:3834} INFO - Setting next_dagrun for example_subdag_operator.section-1 to None, run_after=None
[2024-03-16T23:55:50.354+0000] {logging_mixin.py:188} INFO - [2024-03-16T23:55:50.354+0000] {dag.py:3834} INFO - Setting next_dagrun for example_subdag_operator.section-2 to None, run_after=None
[2024-03-16T23:55:50.359+0000] {logging_mixin.py:188} INFO - [2024-03-16T23:55:50.359+0000] {dag.py:3047} INFO - Sync 2 DAGs
[2024-03-16T23:55:50.363+0000] {logging_mixin.py:188} INFO - [2024-03-16T23:55:50.363+0000] {dag.py:3834} INFO - Setting next_dagrun for example_subdag_operator.section-1 to None, run_after=None
[2024-03-16T23:55:50.363+0000] {logging_mixin.py:188} INFO - [2024-03-16T23:55:50.363+0000] {dag.py:3834} INFO - Setting next_dagrun for example_subdag_operator.section-2 to None, run_after=None
[2024-03-16T23:55:50.372+0000] {processor.py:183} INFO - Processing /home/airflow/.local/lib/python3.8/site-packages/airflow/example_dags/example_subdag_operator.py took 0.065 seconds
[2024-03-16T23:59:43.561+0000] {processor.py:161} INFO - Started process (PID=41) to work on /home/airflow/.local/lib/python3.8/site-packages/airflow/example_dags/example_subdag_operator.py
[2024-03-16T23:59:43.562+0000] {processor.py:830} INFO - Processing file /home/airflow/.local/lib/python3.8/site-packages/airflow/example_dags/example_subdag_operator.py for tasks to queue
[2024-03-16T23:59:43.563+0000] {logging_mixin.py:188} INFO - [2024-03-16T23:59:43.563+0000] {dagbag.py:540} INFO - Filling up the DagBag from /home/airflow/.local/lib/python3.8/site-packages/airflow/example_dags/example_subdag_operator.py
[2024-03-16T23:59:43.588+0000] {processor.py:840} INFO - DAG(s) 'example_subdag_operator.section-1', 'example_subdag_operator.section-2', 'example_subdag_operator' retrieved from /home/airflow/.local/lib/python3.8/site-packages/airflow/example_dags/example_subdag_operator.py
[2024-03-16T23:59:43.591+0000] {logging_mixin.py:188} INFO - [2024-03-16T23:59:43.591+0000] {dag.py:3047} INFO - Sync 3 DAGs
[2024-03-16T23:59:43.612+0000] {logging_mixin.py:188} INFO - [2024-03-16T23:59:43.612+0000] {dag.py:3834} INFO - Setting next_dagrun for example_subdag_operator to 2022-01-01 00:00:00+00:00, run_after=2022-01-01 00:00:00+00:00
[2024-03-16T23:59:43.615+0000] {logging_mixin.py:188} INFO - [2024-03-16T23:59:43.615+0000] {dag.py:3834} INFO - Setting next_dagrun for example_subdag_operator.section-1 to None, run_after=None
[2024-03-16T23:59:43.616+0000] {logging_mixin.py:188} INFO - [2024-03-16T23:59:43.616+0000] {dag.py:3834} INFO - Setting next_dagrun for example_subdag_operator.section-2 to None, run_after=None
[2024-03-16T23:59:43.624+0000] {logging_mixin.py:188} INFO - [2024-03-16T23:59:43.624+0000] {dag.py:3047} INFO - Sync 2 DAGs
[2024-03-16T23:59:43.630+0000] {logging_mixin.py:188} INFO - [2024-03-16T23:59:43.630+0000] {dag.py:3834} INFO - Setting next_dagrun for example_subdag_operator.section-1 to None, run_after=None
[2024-03-16T23:59:43.631+0000] {logging_mixin.py:188} INFO - [2024-03-16T23:59:43.630+0000] {dag.py:3834} INFO - Setting next_dagrun for example_subdag_operator.section-2 to None, run_after=None
[2024-03-16T23:59:43.645+0000] {processor.py:183} INFO - Processing /home/airflow/.local/lib/python3.8/site-packages/airflow/example_dags/example_subdag_operator.py took 0.087 seconds
