[2024-03-16T23:50:05.943+0000] {processor.py:161} INFO - Started process (PID=70) to work on /home/airflow/.local/lib/python3.8/site-packages/airflow/example_dags/example_python_operator.py
[2024-03-16T23:50:05.943+0000] {processor.py:830} INFO - Processing file /home/airflow/.local/lib/python3.8/site-packages/airflow/example_dags/example_python_operator.py for tasks to queue
[2024-03-16T23:50:05.944+0000] {logging_mixin.py:188} INFO - [2024-03-16T23:50:05.944+0000] {dagbag.py:540} INFO - Filling up the DagBag from /home/airflow/.local/lib/python3.8/site-packages/airflow/example_dags/example_python_operator.py
[2024-03-16T23:50:05.951+0000] {processor.py:840} INFO - DAG(s) 'example_python_operator' retrieved from /home/airflow/.local/lib/python3.8/site-packages/airflow/example_dags/example_python_operator.py
[2024-03-16T23:50:05.963+0000] {logging_mixin.py:188} INFO - [2024-03-16T23:50:05.963+0000] {dag.py:3047} INFO - Sync 1 DAGs
[2024-03-16T23:50:05.981+0000] {logging_mixin.py:188} INFO - [2024-03-16T23:50:05.981+0000] {dag.py:3834} INFO - Setting next_dagrun for example_python_operator to None, run_after=None
[2024-03-16T23:50:05.998+0000] {processor.py:183} INFO - Processing /home/airflow/.local/lib/python3.8/site-packages/airflow/example_dags/example_python_operator.py took 0.058 seconds
[2024-03-16T23:51:48.574+0000] {processor.py:161} INFO - Started process (PID=70) to work on /home/airflow/.local/lib/python3.8/site-packages/airflow/example_dags/example_python_operator.py
[2024-03-16T23:51:48.574+0000] {processor.py:830} INFO - Processing file /home/airflow/.local/lib/python3.8/site-packages/airflow/example_dags/example_python_operator.py for tasks to queue
[2024-03-16T23:51:48.575+0000] {logging_mixin.py:188} INFO - [2024-03-16T23:51:48.575+0000] {dagbag.py:540} INFO - Filling up the DagBag from /home/airflow/.local/lib/python3.8/site-packages/airflow/example_dags/example_python_operator.py
[2024-03-16T23:51:48.583+0000] {processor.py:840} INFO - DAG(s) 'example_python_operator' retrieved from /home/airflow/.local/lib/python3.8/site-packages/airflow/example_dags/example_python_operator.py
[2024-03-16T23:51:48.591+0000] {logging_mixin.py:188} INFO - [2024-03-16T23:51:48.590+0000] {dag.py:3047} INFO - Sync 1 DAGs
[2024-03-16T23:51:48.603+0000] {logging_mixin.py:188} INFO - [2024-03-16T23:51:48.602+0000] {dag.py:3834} INFO - Setting next_dagrun for example_python_operator to None, run_after=None
[2024-03-16T23:51:48.620+0000] {processor.py:183} INFO - Processing /home/airflow/.local/lib/python3.8/site-packages/airflow/example_dags/example_python_operator.py took 0.049 seconds
[2024-03-16T23:53:17.452+0000] {processor.py:161} INFO - Started process (PID=70) to work on /home/airflow/.local/lib/python3.8/site-packages/airflow/example_dags/example_python_operator.py
[2024-03-16T23:53:17.454+0000] {processor.py:830} INFO - Processing file /home/airflow/.local/lib/python3.8/site-packages/airflow/example_dags/example_python_operator.py for tasks to queue
[2024-03-16T23:53:17.456+0000] {logging_mixin.py:188} INFO - [2024-03-16T23:53:17.456+0000] {dagbag.py:540} INFO - Filling up the DagBag from /home/airflow/.local/lib/python3.8/site-packages/airflow/example_dags/example_python_operator.py
[2024-03-16T23:53:17.467+0000] {processor.py:840} INFO - DAG(s) 'example_python_operator' retrieved from /home/airflow/.local/lib/python3.8/site-packages/airflow/example_dags/example_python_operator.py
[2024-03-16T23:53:17.478+0000] {logging_mixin.py:188} INFO - [2024-03-16T23:53:17.478+0000] {dag.py:3047} INFO - Sync 1 DAGs
[2024-03-16T23:53:17.499+0000] {logging_mixin.py:188} INFO - [2024-03-16T23:53:17.498+0000] {dag.py:3834} INFO - Setting next_dagrun for example_python_operator to None, run_after=None
[2024-03-16T23:53:17.518+0000] {processor.py:183} INFO - Processing /home/airflow/.local/lib/python3.8/site-packages/airflow/example_dags/example_python_operator.py took 0.070 seconds
[2024-03-16T23:53:49.065+0000] {processor.py:161} INFO - Started process (PID=125) to work on /home/airflow/.local/lib/python3.8/site-packages/airflow/example_dags/example_python_operator.py
[2024-03-16T23:53:49.065+0000] {processor.py:830} INFO - Processing file /home/airflow/.local/lib/python3.8/site-packages/airflow/example_dags/example_python_operator.py for tasks to queue
[2024-03-16T23:53:49.066+0000] {logging_mixin.py:188} INFO - [2024-03-16T23:53:49.066+0000] {dagbag.py:540} INFO - Filling up the DagBag from /home/airflow/.local/lib/python3.8/site-packages/airflow/example_dags/example_python_operator.py
[2024-03-16T23:53:49.073+0000] {processor.py:840} INFO - DAG(s) 'example_python_operator' retrieved from /home/airflow/.local/lib/python3.8/site-packages/airflow/example_dags/example_python_operator.py
[2024-03-16T23:53:49.144+0000] {logging_mixin.py:188} INFO - [2024-03-16T23:53:49.144+0000] {dag.py:3047} INFO - Sync 1 DAGs
[2024-03-16T23:53:49.152+0000] {logging_mixin.py:188} INFO - [2024-03-16T23:53:49.152+0000] {dag.py:3834} INFO - Setting next_dagrun for example_python_operator to None, run_after=None
[2024-03-16T23:53:49.166+0000] {processor.py:183} INFO - Processing /home/airflow/.local/lib/python3.8/site-packages/airflow/example_dags/example_python_operator.py took 0.103 seconds
[2024-03-16T23:54:19.225+0000] {processor.py:161} INFO - Started process (PID=180) to work on /home/airflow/.local/lib/python3.8/site-packages/airflow/example_dags/example_python_operator.py
[2024-03-16T23:54:19.226+0000] {processor.py:830} INFO - Processing file /home/airflow/.local/lib/python3.8/site-packages/airflow/example_dags/example_python_operator.py for tasks to queue
[2024-03-16T23:54:19.227+0000] {logging_mixin.py:188} INFO - [2024-03-16T23:54:19.227+0000] {dagbag.py:540} INFO - Filling up the DagBag from /home/airflow/.local/lib/python3.8/site-packages/airflow/example_dags/example_python_operator.py
[2024-03-16T23:54:19.233+0000] {processor.py:840} INFO - DAG(s) 'example_python_operator' retrieved from /home/airflow/.local/lib/python3.8/site-packages/airflow/example_dags/example_python_operator.py
[2024-03-16T23:54:19.248+0000] {logging_mixin.py:188} INFO - [2024-03-16T23:54:19.248+0000] {dag.py:3047} INFO - Sync 1 DAGs
[2024-03-16T23:54:19.256+0000] {logging_mixin.py:188} INFO - [2024-03-16T23:54:19.255+0000] {dag.py:3834} INFO - Setting next_dagrun for example_python_operator to None, run_after=None
[2024-03-16T23:54:19.267+0000] {processor.py:183} INFO - Processing /home/airflow/.local/lib/python3.8/site-packages/airflow/example_dags/example_python_operator.py took 0.044 seconds
[2024-03-16T23:54:49.927+0000] {processor.py:161} INFO - Started process (PID=235) to work on /home/airflow/.local/lib/python3.8/site-packages/airflow/example_dags/example_python_operator.py
[2024-03-16T23:54:49.928+0000] {processor.py:830} INFO - Processing file /home/airflow/.local/lib/python3.8/site-packages/airflow/example_dags/example_python_operator.py for tasks to queue
[2024-03-16T23:54:49.929+0000] {logging_mixin.py:188} INFO - [2024-03-16T23:54:49.929+0000] {dagbag.py:540} INFO - Filling up the DagBag from /home/airflow/.local/lib/python3.8/site-packages/airflow/example_dags/example_python_operator.py
[2024-03-16T23:54:49.935+0000] {processor.py:840} INFO - DAG(s) 'example_python_operator' retrieved from /home/airflow/.local/lib/python3.8/site-packages/airflow/example_dags/example_python_operator.py
[2024-03-16T23:54:49.949+0000] {logging_mixin.py:188} INFO - [2024-03-16T23:54:49.949+0000] {dag.py:3047} INFO - Sync 1 DAGs
[2024-03-16T23:54:49.957+0000] {logging_mixin.py:188} INFO - [2024-03-16T23:54:49.957+0000] {dag.py:3834} INFO - Setting next_dagrun for example_python_operator to None, run_after=None
[2024-03-16T23:54:49.969+0000] {processor.py:183} INFO - Processing /home/airflow/.local/lib/python3.8/site-packages/airflow/example_dags/example_python_operator.py took 0.044 seconds
[2024-03-16T23:55:20.601+0000] {processor.py:161} INFO - Started process (PID=290) to work on /home/airflow/.local/lib/python3.8/site-packages/airflow/example_dags/example_python_operator.py
[2024-03-16T23:55:20.602+0000] {processor.py:830} INFO - Processing file /home/airflow/.local/lib/python3.8/site-packages/airflow/example_dags/example_python_operator.py for tasks to queue
[2024-03-16T23:55:20.603+0000] {logging_mixin.py:188} INFO - [2024-03-16T23:55:20.603+0000] {dagbag.py:540} INFO - Filling up the DagBag from /home/airflow/.local/lib/python3.8/site-packages/airflow/example_dags/example_python_operator.py
[2024-03-16T23:55:20.610+0000] {processor.py:840} INFO - DAG(s) 'example_python_operator' retrieved from /home/airflow/.local/lib/python3.8/site-packages/airflow/example_dags/example_python_operator.py
[2024-03-16T23:55:20.625+0000] {logging_mixin.py:188} INFO - [2024-03-16T23:55:20.625+0000] {dag.py:3047} INFO - Sync 1 DAGs
[2024-03-16T23:55:20.634+0000] {logging_mixin.py:188} INFO - [2024-03-16T23:55:20.634+0000] {dag.py:3834} INFO - Setting next_dagrun for example_python_operator to None, run_after=None
[2024-03-16T23:55:20.646+0000] {processor.py:183} INFO - Processing /home/airflow/.local/lib/python3.8/site-packages/airflow/example_dags/example_python_operator.py took 0.047 seconds
[2024-03-16T23:55:51.297+0000] {processor.py:161} INFO - Started process (PID=345) to work on /home/airflow/.local/lib/python3.8/site-packages/airflow/example_dags/example_python_operator.py
[2024-03-16T23:55:51.298+0000] {processor.py:830} INFO - Processing file /home/airflow/.local/lib/python3.8/site-packages/airflow/example_dags/example_python_operator.py for tasks to queue
[2024-03-16T23:55:51.299+0000] {logging_mixin.py:188} INFO - [2024-03-16T23:55:51.299+0000] {dagbag.py:540} INFO - Filling up the DagBag from /home/airflow/.local/lib/python3.8/site-packages/airflow/example_dags/example_python_operator.py
[2024-03-16T23:55:51.305+0000] {processor.py:840} INFO - DAG(s) 'example_python_operator' retrieved from /home/airflow/.local/lib/python3.8/site-packages/airflow/example_dags/example_python_operator.py
[2024-03-16T23:55:51.319+0000] {logging_mixin.py:188} INFO - [2024-03-16T23:55:51.319+0000] {dag.py:3047} INFO - Sync 1 DAGs
[2024-03-16T23:55:51.328+0000] {logging_mixin.py:188} INFO - [2024-03-16T23:55:51.328+0000] {dag.py:3834} INFO - Setting next_dagrun for example_python_operator to None, run_after=None
[2024-03-16T23:55:51.340+0000] {processor.py:183} INFO - Processing /home/airflow/.local/lib/python3.8/site-packages/airflow/example_dags/example_python_operator.py took 0.045 seconds
[2024-03-16T23:59:45.099+0000] {processor.py:161} INFO - Started process (PID=71) to work on /home/airflow/.local/lib/python3.8/site-packages/airflow/example_dags/example_python_operator.py
[2024-03-16T23:59:45.100+0000] {processor.py:830} INFO - Processing file /home/airflow/.local/lib/python3.8/site-packages/airflow/example_dags/example_python_operator.py for tasks to queue
[2024-03-16T23:59:45.101+0000] {logging_mixin.py:188} INFO - [2024-03-16T23:59:45.101+0000] {dagbag.py:540} INFO - Filling up the DagBag from /home/airflow/.local/lib/python3.8/site-packages/airflow/example_dags/example_python_operator.py
[2024-03-16T23:59:45.110+0000] {processor.py:840} INFO - DAG(s) 'example_python_operator' retrieved from /home/airflow/.local/lib/python3.8/site-packages/airflow/example_dags/example_python_operator.py
[2024-03-16T23:59:45.118+0000] {logging_mixin.py:188} INFO - [2024-03-16T23:59:45.118+0000] {dag.py:3047} INFO - Sync 1 DAGs
[2024-03-16T23:59:45.127+0000] {logging_mixin.py:188} INFO - [2024-03-16T23:59:45.127+0000] {dag.py:3834} INFO - Setting next_dagrun for example_python_operator to None, run_after=None
[2024-03-16T23:59:45.141+0000] {processor.py:183} INFO - Processing /home/airflow/.local/lib/python3.8/site-packages/airflow/example_dags/example_python_operator.py took 0.044 seconds
