[2024-03-16T23:50:06.105+0000] {processor.py:161} INFO - Started process (PID=74) to work on /home/airflow/.local/lib/python3.8/site-packages/airflow/example_dags/example_local_kubernetes_executor.py
[2024-03-16T23:50:06.106+0000] {processor.py:830} INFO - Processing file /home/airflow/.local/lib/python3.8/site-packages/airflow/example_dags/example_local_kubernetes_executor.py for tasks to queue
[2024-03-16T23:50:06.107+0000] {logging_mixin.py:188} INFO - [2024-03-16T23:50:06.107+0000] {dagbag.py:540} INFO - Filling up the DagBag from /home/airflow/.local/lib/python3.8/site-packages/airflow/example_dags/example_local_kubernetes_executor.py
[2024-03-16T23:50:06.112+0000] {processor.py:840} INFO - DAG(s) 'example_local_kubernetes_executor' retrieved from /home/airflow/.local/lib/python3.8/site-packages/airflow/example_dags/example_local_kubernetes_executor.py
[2024-03-16T23:50:06.120+0000] {logging_mixin.py:188} INFO - [2024-03-16T23:50:06.120+0000] {dag.py:3047} INFO - Sync 1 DAGs
[2024-03-16T23:50:06.133+0000] {logging_mixin.py:188} INFO - [2024-03-16T23:50:06.133+0000] {dag.py:3834} INFO - Setting next_dagrun for example_local_kubernetes_executor to None, run_after=None
[2024-03-16T23:50:06.151+0000] {processor.py:183} INFO - Processing /home/airflow/.local/lib/python3.8/site-packages/airflow/example_dags/example_local_kubernetes_executor.py took 0.048 seconds
[2024-03-16T23:51:48.769+0000] {processor.py:161} INFO - Started process (PID=74) to work on /home/airflow/.local/lib/python3.8/site-packages/airflow/example_dags/example_local_kubernetes_executor.py
[2024-03-16T23:51:48.770+0000] {processor.py:830} INFO - Processing file /home/airflow/.local/lib/python3.8/site-packages/airflow/example_dags/example_local_kubernetes_executor.py for tasks to queue
[2024-03-16T23:51:48.772+0000] {logging_mixin.py:188} INFO - [2024-03-16T23:51:48.771+0000] {dagbag.py:540} INFO - Filling up the DagBag from /home/airflow/.local/lib/python3.8/site-packages/airflow/example_dags/example_local_kubernetes_executor.py
[2024-03-16T23:51:48.779+0000] {processor.py:840} INFO - DAG(s) 'example_local_kubernetes_executor' retrieved from /home/airflow/.local/lib/python3.8/site-packages/airflow/example_dags/example_local_kubernetes_executor.py
[2024-03-16T23:51:48.790+0000] {logging_mixin.py:188} INFO - [2024-03-16T23:51:48.790+0000] {dag.py:3047} INFO - Sync 1 DAGs
[2024-03-16T23:51:48.804+0000] {logging_mixin.py:188} INFO - [2024-03-16T23:51:48.803+0000] {dag.py:3834} INFO - Setting next_dagrun for example_local_kubernetes_executor to None, run_after=None
[2024-03-16T23:51:48.823+0000] {processor.py:183} INFO - Processing /home/airflow/.local/lib/python3.8/site-packages/airflow/example_dags/example_local_kubernetes_executor.py took 0.057 seconds
[2024-03-16T23:53:17.601+0000] {processor.py:161} INFO - Started process (PID=74) to work on /home/airflow/.local/lib/python3.8/site-packages/airflow/example_dags/example_local_kubernetes_executor.py
[2024-03-16T23:53:17.602+0000] {processor.py:830} INFO - Processing file /home/airflow/.local/lib/python3.8/site-packages/airflow/example_dags/example_local_kubernetes_executor.py for tasks to queue
[2024-03-16T23:53:17.604+0000] {logging_mixin.py:188} INFO - [2024-03-16T23:53:17.603+0000] {dagbag.py:540} INFO - Filling up the DagBag from /home/airflow/.local/lib/python3.8/site-packages/airflow/example_dags/example_local_kubernetes_executor.py
[2024-03-16T23:53:17.619+0000] {processor.py:840} INFO - DAG(s) 'example_local_kubernetes_executor' retrieved from /home/airflow/.local/lib/python3.8/site-packages/airflow/example_dags/example_local_kubernetes_executor.py
[2024-03-16T23:53:17.627+0000] {logging_mixin.py:188} INFO - [2024-03-16T23:53:17.627+0000] {dag.py:3047} INFO - Sync 1 DAGs
[2024-03-16T23:53:17.636+0000] {logging_mixin.py:188} INFO - [2024-03-16T23:53:17.636+0000] {dag.py:3834} INFO - Setting next_dagrun for example_local_kubernetes_executor to None, run_after=None
[2024-03-16T23:53:17.649+0000] {processor.py:183} INFO - Processing /home/airflow/.local/lib/python3.8/site-packages/airflow/example_dags/example_local_kubernetes_executor.py took 0.051 seconds
[2024-03-16T23:53:49.303+0000] {processor.py:161} INFO - Started process (PID=129) to work on /home/airflow/.local/lib/python3.8/site-packages/airflow/example_dags/example_local_kubernetes_executor.py
[2024-03-16T23:53:49.304+0000] {processor.py:830} INFO - Processing file /home/airflow/.local/lib/python3.8/site-packages/airflow/example_dags/example_local_kubernetes_executor.py for tasks to queue
[2024-03-16T23:53:49.305+0000] {logging_mixin.py:188} INFO - [2024-03-16T23:53:49.305+0000] {dagbag.py:540} INFO - Filling up the DagBag from /home/airflow/.local/lib/python3.8/site-packages/airflow/example_dags/example_local_kubernetes_executor.py
[2024-03-16T23:53:49.309+0000] {processor.py:840} INFO - DAG(s) 'example_local_kubernetes_executor' retrieved from /home/airflow/.local/lib/python3.8/site-packages/airflow/example_dags/example_local_kubernetes_executor.py
[2024-03-16T23:53:49.391+0000] {logging_mixin.py:188} INFO - [2024-03-16T23:53:49.391+0000] {dag.py:3047} INFO - Sync 1 DAGs
[2024-03-16T23:53:49.398+0000] {logging_mixin.py:188} INFO - [2024-03-16T23:53:49.398+0000] {dag.py:3834} INFO - Setting next_dagrun for example_local_kubernetes_executor to None, run_after=None
[2024-03-16T23:53:49.413+0000] {processor.py:183} INFO - Processing /home/airflow/.local/lib/python3.8/site-packages/airflow/example_dags/example_local_kubernetes_executor.py took 0.112 seconds
[2024-03-16T23:54:20.348+0000] {processor.py:161} INFO - Started process (PID=184) to work on /home/airflow/.local/lib/python3.8/site-packages/airflow/example_dags/example_local_kubernetes_executor.py
[2024-03-16T23:54:20.349+0000] {processor.py:830} INFO - Processing file /home/airflow/.local/lib/python3.8/site-packages/airflow/example_dags/example_local_kubernetes_executor.py for tasks to queue
[2024-03-16T23:54:20.350+0000] {logging_mixin.py:188} INFO - [2024-03-16T23:54:20.350+0000] {dagbag.py:540} INFO - Filling up the DagBag from /home/airflow/.local/lib/python3.8/site-packages/airflow/example_dags/example_local_kubernetes_executor.py
[2024-03-16T23:54:20.356+0000] {processor.py:840} INFO - DAG(s) 'example_local_kubernetes_executor' retrieved from /home/airflow/.local/lib/python3.8/site-packages/airflow/example_dags/example_local_kubernetes_executor.py
[2024-03-16T23:54:20.382+0000] {logging_mixin.py:188} INFO - [2024-03-16T23:54:20.382+0000] {dag.py:3047} INFO - Sync 1 DAGs
[2024-03-16T23:54:20.393+0000] {logging_mixin.py:188} INFO - [2024-03-16T23:54:20.393+0000] {dag.py:3834} INFO - Setting next_dagrun for example_local_kubernetes_executor to None, run_after=None
[2024-03-16T23:54:20.408+0000] {processor.py:183} INFO - Processing /home/airflow/.local/lib/python3.8/site-packages/airflow/example_dags/example_local_kubernetes_executor.py took 0.062 seconds
[2024-03-16T23:54:51.048+0000] {processor.py:161} INFO - Started process (PID=239) to work on /home/airflow/.local/lib/python3.8/site-packages/airflow/example_dags/example_local_kubernetes_executor.py
[2024-03-16T23:54:51.049+0000] {processor.py:830} INFO - Processing file /home/airflow/.local/lib/python3.8/site-packages/airflow/example_dags/example_local_kubernetes_executor.py for tasks to queue
[2024-03-16T23:54:51.050+0000] {logging_mixin.py:188} INFO - [2024-03-16T23:54:51.050+0000] {dagbag.py:540} INFO - Filling up the DagBag from /home/airflow/.local/lib/python3.8/site-packages/airflow/example_dags/example_local_kubernetes_executor.py
[2024-03-16T23:54:51.054+0000] {processor.py:840} INFO - DAG(s) 'example_local_kubernetes_executor' retrieved from /home/airflow/.local/lib/python3.8/site-packages/airflow/example_dags/example_local_kubernetes_executor.py
[2024-03-16T23:54:51.080+0000] {logging_mixin.py:188} INFO - [2024-03-16T23:54:51.079+0000] {dag.py:3047} INFO - Sync 1 DAGs
[2024-03-16T23:54:51.091+0000] {logging_mixin.py:188} INFO - [2024-03-16T23:54:51.091+0000] {dag.py:3834} INFO - Setting next_dagrun for example_local_kubernetes_executor to None, run_after=None
[2024-03-16T23:54:51.105+0000] {processor.py:183} INFO - Processing /home/airflow/.local/lib/python3.8/site-packages/airflow/example_dags/example_local_kubernetes_executor.py took 0.059 seconds
[2024-03-16T23:55:21.723+0000] {processor.py:161} INFO - Started process (PID=294) to work on /home/airflow/.local/lib/python3.8/site-packages/airflow/example_dags/example_local_kubernetes_executor.py
[2024-03-16T23:55:21.724+0000] {processor.py:830} INFO - Processing file /home/airflow/.local/lib/python3.8/site-packages/airflow/example_dags/example_local_kubernetes_executor.py for tasks to queue
[2024-03-16T23:55:21.725+0000] {logging_mixin.py:188} INFO - [2024-03-16T23:55:21.725+0000] {dagbag.py:540} INFO - Filling up the DagBag from /home/airflow/.local/lib/python3.8/site-packages/airflow/example_dags/example_local_kubernetes_executor.py
[2024-03-16T23:55:21.730+0000] {processor.py:840} INFO - DAG(s) 'example_local_kubernetes_executor' retrieved from /home/airflow/.local/lib/python3.8/site-packages/airflow/example_dags/example_local_kubernetes_executor.py
[2024-03-16T23:55:21.754+0000] {logging_mixin.py:188} INFO - [2024-03-16T23:55:21.754+0000] {dag.py:3047} INFO - Sync 1 DAGs
[2024-03-16T23:55:21.762+0000] {logging_mixin.py:188} INFO - [2024-03-16T23:55:21.762+0000] {dag.py:3834} INFO - Setting next_dagrun for example_local_kubernetes_executor to None, run_after=None
[2024-03-16T23:55:21.775+0000] {processor.py:183} INFO - Processing /home/airflow/.local/lib/python3.8/site-packages/airflow/example_dags/example_local_kubernetes_executor.py took 0.055 seconds
[2024-03-16T23:55:52.421+0000] {processor.py:161} INFO - Started process (PID=349) to work on /home/airflow/.local/lib/python3.8/site-packages/airflow/example_dags/example_local_kubernetes_executor.py
[2024-03-16T23:55:52.422+0000] {processor.py:830} INFO - Processing file /home/airflow/.local/lib/python3.8/site-packages/airflow/example_dags/example_local_kubernetes_executor.py for tasks to queue
[2024-03-16T23:55:52.423+0000] {logging_mixin.py:188} INFO - [2024-03-16T23:55:52.423+0000] {dagbag.py:540} INFO - Filling up the DagBag from /home/airflow/.local/lib/python3.8/site-packages/airflow/example_dags/example_local_kubernetes_executor.py
[2024-03-16T23:55:52.427+0000] {processor.py:840} INFO - DAG(s) 'example_local_kubernetes_executor' retrieved from /home/airflow/.local/lib/python3.8/site-packages/airflow/example_dags/example_local_kubernetes_executor.py
[2024-03-16T23:55:52.451+0000] {logging_mixin.py:188} INFO - [2024-03-16T23:55:52.451+0000] {dag.py:3047} INFO - Sync 1 DAGs
[2024-03-16T23:55:52.460+0000] {logging_mixin.py:188} INFO - [2024-03-16T23:55:52.460+0000] {dag.py:3834} INFO - Setting next_dagrun for example_local_kubernetes_executor to None, run_after=None
[2024-03-16T23:55:52.473+0000] {processor.py:183} INFO - Processing /home/airflow/.local/lib/python3.8/site-packages/airflow/example_dags/example_local_kubernetes_executor.py took 0.054 seconds
[2024-03-16T23:59:45.226+0000] {processor.py:161} INFO - Started process (PID=75) to work on /home/airflow/.local/lib/python3.8/site-packages/airflow/example_dags/example_local_kubernetes_executor.py
[2024-03-16T23:59:45.227+0000] {processor.py:830} INFO - Processing file /home/airflow/.local/lib/python3.8/site-packages/airflow/example_dags/example_local_kubernetes_executor.py for tasks to queue
[2024-03-16T23:59:45.228+0000] {logging_mixin.py:188} INFO - [2024-03-16T23:59:45.227+0000] {dagbag.py:540} INFO - Filling up the DagBag from /home/airflow/.local/lib/python3.8/site-packages/airflow/example_dags/example_local_kubernetes_executor.py
[2024-03-16T23:59:45.233+0000] {processor.py:840} INFO - DAG(s) 'example_local_kubernetes_executor' retrieved from /home/airflow/.local/lib/python3.8/site-packages/airflow/example_dags/example_local_kubernetes_executor.py
[2024-03-16T23:59:45.242+0000] {logging_mixin.py:188} INFO - [2024-03-16T23:59:45.242+0000] {dag.py:3047} INFO - Sync 1 DAGs
[2024-03-16T23:59:45.255+0000] {logging_mixin.py:188} INFO - [2024-03-16T23:59:45.254+0000] {dag.py:3834} INFO - Setting next_dagrun for example_local_kubernetes_executor to None, run_after=None
[2024-03-16T23:59:45.268+0000] {processor.py:183} INFO - Processing /home/airflow/.local/lib/python3.8/site-packages/airflow/example_dags/example_local_kubernetes_executor.py took 0.044 seconds
