[2024-03-16T23:50:04.985+0000] {processor.py:161} INFO - Started process (PID=45) to work on /home/airflow/.local/lib/python3.8/site-packages/airflow/example_dags/example_nested_branch_dag.py
[2024-03-16T23:50:04.985+0000] {processor.py:830} INFO - Processing file /home/airflow/.local/lib/python3.8/site-packages/airflow/example_dags/example_nested_branch_dag.py for tasks to queue
[2024-03-16T23:50:04.987+0000] {logging_mixin.py:188} INFO - [2024-03-16T23:50:04.987+0000] {dagbag.py:540} INFO - Filling up the DagBag from /home/airflow/.local/lib/python3.8/site-packages/airflow/example_dags/example_nested_branch_dag.py
[2024-03-16T23:50:04.997+0000] {processor.py:840} INFO - DAG(s) 'example_nested_branch_dag' retrieved from /home/airflow/.local/lib/python3.8/site-packages/airflow/example_dags/example_nested_branch_dag.py
[2024-03-16T23:50:05.004+0000] {logging_mixin.py:188} INFO - [2024-03-16T23:50:05.004+0000] {dag.py:3047} INFO - Sync 1 DAGs
[2024-03-16T23:50:05.024+0000] {logging_mixin.py:188} INFO - [2024-03-16T23:50:05.024+0000] {dag.py:3834} INFO - Setting next_dagrun for example_nested_branch_dag to 2024-03-15 00:00:00+00:00, run_after=2024-03-16 00:00:00+00:00
[2024-03-16T23:50:05.038+0000] {processor.py:183} INFO - Processing /home/airflow/.local/lib/python3.8/site-packages/airflow/example_dags/example_nested_branch_dag.py took 0.055 seconds
[2024-03-16T23:51:47.666+0000] {processor.py:161} INFO - Started process (PID=45) to work on /home/airflow/.local/lib/python3.8/site-packages/airflow/example_dags/example_nested_branch_dag.py
[2024-03-16T23:51:47.666+0000] {processor.py:830} INFO - Processing file /home/airflow/.local/lib/python3.8/site-packages/airflow/example_dags/example_nested_branch_dag.py for tasks to queue
[2024-03-16T23:51:47.668+0000] {logging_mixin.py:188} INFO - [2024-03-16T23:51:47.667+0000] {dagbag.py:540} INFO - Filling up the DagBag from /home/airflow/.local/lib/python3.8/site-packages/airflow/example_dags/example_nested_branch_dag.py
[2024-03-16T23:51:47.676+0000] {processor.py:840} INFO - DAG(s) 'example_nested_branch_dag' retrieved from /home/airflow/.local/lib/python3.8/site-packages/airflow/example_dags/example_nested_branch_dag.py
[2024-03-16T23:51:47.684+0000] {logging_mixin.py:188} INFO - [2024-03-16T23:51:47.684+0000] {dag.py:3047} INFO - Sync 1 DAGs
[2024-03-16T23:51:47.702+0000] {logging_mixin.py:188} INFO - [2024-03-16T23:51:47.702+0000] {dag.py:3834} INFO - Setting next_dagrun for example_nested_branch_dag to 2024-03-15 00:00:00+00:00, run_after=2024-03-16 00:00:00+00:00
[2024-03-16T23:51:47.715+0000] {processor.py:183} INFO - Processing /home/airflow/.local/lib/python3.8/site-packages/airflow/example_dags/example_nested_branch_dag.py took 0.052 seconds
[2024-03-16T23:53:16.514+0000] {processor.py:161} INFO - Started process (PID=45) to work on /home/airflow/.local/lib/python3.8/site-packages/airflow/example_dags/example_nested_branch_dag.py
[2024-03-16T23:53:16.515+0000] {processor.py:830} INFO - Processing file /home/airflow/.local/lib/python3.8/site-packages/airflow/example_dags/example_nested_branch_dag.py for tasks to queue
[2024-03-16T23:53:16.516+0000] {logging_mixin.py:188} INFO - [2024-03-16T23:53:16.516+0000] {dagbag.py:540} INFO - Filling up the DagBag from /home/airflow/.local/lib/python3.8/site-packages/airflow/example_dags/example_nested_branch_dag.py
[2024-03-16T23:53:16.524+0000] {processor.py:840} INFO - DAG(s) 'example_nested_branch_dag' retrieved from /home/airflow/.local/lib/python3.8/site-packages/airflow/example_dags/example_nested_branch_dag.py
[2024-03-16T23:53:16.531+0000] {logging_mixin.py:188} INFO - [2024-03-16T23:53:16.531+0000] {dag.py:3047} INFO - Sync 1 DAGs
[2024-03-16T23:53:16.551+0000] {logging_mixin.py:188} INFO - [2024-03-16T23:53:16.551+0000] {dag.py:3834} INFO - Setting next_dagrun for example_nested_branch_dag to 2024-03-15 00:00:00+00:00, run_after=2024-03-16 00:00:00+00:00
[2024-03-16T23:53:16.565+0000] {processor.py:183} INFO - Processing /home/airflow/.local/lib/python3.8/site-packages/airflow/example_dags/example_nested_branch_dag.py took 0.054 seconds
[2024-03-16T23:53:47.492+0000] {processor.py:161} INFO - Started process (PID=100) to work on /home/airflow/.local/lib/python3.8/site-packages/airflow/example_dags/example_nested_branch_dag.py
[2024-03-16T23:53:47.493+0000] {processor.py:830} INFO - Processing file /home/airflow/.local/lib/python3.8/site-packages/airflow/example_dags/example_nested_branch_dag.py for tasks to queue
[2024-03-16T23:53:47.494+0000] {logging_mixin.py:188} INFO - [2024-03-16T23:53:47.494+0000] {dagbag.py:540} INFO - Filling up the DagBag from /home/airflow/.local/lib/python3.8/site-packages/airflow/example_dags/example_nested_branch_dag.py
[2024-03-16T23:53:47.500+0000] {processor.py:840} INFO - DAG(s) 'example_nested_branch_dag' retrieved from /home/airflow/.local/lib/python3.8/site-packages/airflow/example_dags/example_nested_branch_dag.py
[2024-03-16T23:53:47.572+0000] {logging_mixin.py:188} INFO - [2024-03-16T23:53:47.572+0000] {dag.py:3047} INFO - Sync 1 DAGs
[2024-03-16T23:53:47.586+0000] {logging_mixin.py:188} INFO - [2024-03-16T23:53:47.586+0000] {dag.py:3834} INFO - Setting next_dagrun for example_nested_branch_dag to 2024-03-15 00:00:00+00:00, run_after=2024-03-16 00:00:00+00:00
[2024-03-16T23:53:47.599+0000] {processor.py:183} INFO - Processing /home/airflow/.local/lib/python3.8/site-packages/airflow/example_dags/example_nested_branch_dag.py took 0.109 seconds
[2024-03-16T23:54:18.225+0000] {processor.py:161} INFO - Started process (PID=155) to work on /home/airflow/.local/lib/python3.8/site-packages/airflow/example_dags/example_nested_branch_dag.py
[2024-03-16T23:54:18.225+0000] {processor.py:830} INFO - Processing file /home/airflow/.local/lib/python3.8/site-packages/airflow/example_dags/example_nested_branch_dag.py for tasks to queue
[2024-03-16T23:54:18.226+0000] {logging_mixin.py:188} INFO - [2024-03-16T23:54:18.226+0000] {dagbag.py:540} INFO - Filling up the DagBag from /home/airflow/.local/lib/python3.8/site-packages/airflow/example_dags/example_nested_branch_dag.py
[2024-03-16T23:54:18.233+0000] {processor.py:840} INFO - DAG(s) 'example_nested_branch_dag' retrieved from /home/airflow/.local/lib/python3.8/site-packages/airflow/example_dags/example_nested_branch_dag.py
[2024-03-16T23:54:18.246+0000] {logging_mixin.py:188} INFO - [2024-03-16T23:54:18.246+0000] {dag.py:3047} INFO - Sync 1 DAGs
[2024-03-16T23:54:18.264+0000] {logging_mixin.py:188} INFO - [2024-03-16T23:54:18.263+0000] {dag.py:3834} INFO - Setting next_dagrun for example_nested_branch_dag to 2024-03-15 00:00:00+00:00, run_after=2024-03-16 00:00:00+00:00
[2024-03-16T23:54:18.279+0000] {processor.py:183} INFO - Processing /home/airflow/.local/lib/python3.8/site-packages/airflow/example_dags/example_nested_branch_dag.py took 0.056 seconds
[2024-03-16T23:54:49.106+0000] {processor.py:161} INFO - Started process (PID=210) to work on /home/airflow/.local/lib/python3.8/site-packages/airflow/example_dags/example_nested_branch_dag.py
[2024-03-16T23:54:49.107+0000] {processor.py:830} INFO - Processing file /home/airflow/.local/lib/python3.8/site-packages/airflow/example_dags/example_nested_branch_dag.py for tasks to queue
[2024-03-16T23:54:49.108+0000] {logging_mixin.py:188} INFO - [2024-03-16T23:54:49.108+0000] {dagbag.py:540} INFO - Filling up the DagBag from /home/airflow/.local/lib/python3.8/site-packages/airflow/example_dags/example_nested_branch_dag.py
[2024-03-16T23:54:49.115+0000] {processor.py:840} INFO - DAG(s) 'example_nested_branch_dag' retrieved from /home/airflow/.local/lib/python3.8/site-packages/airflow/example_dags/example_nested_branch_dag.py
[2024-03-16T23:54:49.130+0000] {logging_mixin.py:188} INFO - [2024-03-16T23:54:49.130+0000] {dag.py:3047} INFO - Sync 1 DAGs
[2024-03-16T23:54:49.147+0000] {logging_mixin.py:188} INFO - [2024-03-16T23:54:49.147+0000] {dag.py:3834} INFO - Setting next_dagrun for example_nested_branch_dag to 2024-03-15 00:00:00+00:00, run_after=2024-03-16 00:00:00+00:00
[2024-03-16T23:54:49.159+0000] {processor.py:183} INFO - Processing /home/airflow/.local/lib/python3.8/site-packages/airflow/example_dags/example_nested_branch_dag.py took 0.054 seconds
[2024-03-16T23:55:19.791+0000] {processor.py:161} INFO - Started process (PID=265) to work on /home/airflow/.local/lib/python3.8/site-packages/airflow/example_dags/example_nested_branch_dag.py
[2024-03-16T23:55:19.792+0000] {processor.py:830} INFO - Processing file /home/airflow/.local/lib/python3.8/site-packages/airflow/example_dags/example_nested_branch_dag.py for tasks to queue
[2024-03-16T23:55:19.793+0000] {logging_mixin.py:188} INFO - [2024-03-16T23:55:19.793+0000] {dagbag.py:540} INFO - Filling up the DagBag from /home/airflow/.local/lib/python3.8/site-packages/airflow/example_dags/example_nested_branch_dag.py
[2024-03-16T23:55:19.800+0000] {processor.py:840} INFO - DAG(s) 'example_nested_branch_dag' retrieved from /home/airflow/.local/lib/python3.8/site-packages/airflow/example_dags/example_nested_branch_dag.py
[2024-03-16T23:55:19.814+0000] {logging_mixin.py:188} INFO - [2024-03-16T23:55:19.814+0000] {dag.py:3047} INFO - Sync 1 DAGs
[2024-03-16T23:55:19.830+0000] {logging_mixin.py:188} INFO - [2024-03-16T23:55:19.829+0000] {dag.py:3834} INFO - Setting next_dagrun for example_nested_branch_dag to 2024-03-15 00:00:00+00:00, run_after=2024-03-16 00:00:00+00:00
[2024-03-16T23:55:19.844+0000] {processor.py:183} INFO - Processing /home/airflow/.local/lib/python3.8/site-packages/airflow/example_dags/example_nested_branch_dag.py took 0.055 seconds
[2024-03-16T23:55:50.470+0000] {processor.py:161} INFO - Started process (PID=320) to work on /home/airflow/.local/lib/python3.8/site-packages/airflow/example_dags/example_nested_branch_dag.py
[2024-03-16T23:55:50.471+0000] {processor.py:830} INFO - Processing file /home/airflow/.local/lib/python3.8/site-packages/airflow/example_dags/example_nested_branch_dag.py for tasks to queue
[2024-03-16T23:55:50.472+0000] {logging_mixin.py:188} INFO - [2024-03-16T23:55:50.471+0000] {dagbag.py:540} INFO - Filling up the DagBag from /home/airflow/.local/lib/python3.8/site-packages/airflow/example_dags/example_nested_branch_dag.py
[2024-03-16T23:55:50.478+0000] {processor.py:840} INFO - DAG(s) 'example_nested_branch_dag' retrieved from /home/airflow/.local/lib/python3.8/site-packages/airflow/example_dags/example_nested_branch_dag.py
[2024-03-16T23:55:50.491+0000] {logging_mixin.py:188} INFO - [2024-03-16T23:55:50.491+0000] {dag.py:3047} INFO - Sync 1 DAGs
[2024-03-16T23:55:50.506+0000] {logging_mixin.py:188} INFO - [2024-03-16T23:55:50.506+0000] {dag.py:3834} INFO - Setting next_dagrun for example_nested_branch_dag to 2024-03-15 00:00:00+00:00, run_after=2024-03-16 00:00:00+00:00
[2024-03-16T23:55:50.518+0000] {processor.py:183} INFO - Processing /home/airflow/.local/lib/python3.8/site-packages/airflow/example_dags/example_nested_branch_dag.py took 0.050 seconds
[2024-03-16T23:59:43.806+0000] {processor.py:161} INFO - Started process (PID=46) to work on /home/airflow/.local/lib/python3.8/site-packages/airflow/example_dags/example_nested_branch_dag.py
[2024-03-16T23:59:43.807+0000] {processor.py:830} INFO - Processing file /home/airflow/.local/lib/python3.8/site-packages/airflow/example_dags/example_nested_branch_dag.py for tasks to queue
[2024-03-16T23:59:43.809+0000] {logging_mixin.py:188} INFO - [2024-03-16T23:59:43.809+0000] {dagbag.py:540} INFO - Filling up the DagBag from /home/airflow/.local/lib/python3.8/site-packages/airflow/example_dags/example_nested_branch_dag.py
[2024-03-16T23:59:43.820+0000] {processor.py:840} INFO - DAG(s) 'example_nested_branch_dag' retrieved from /home/airflow/.local/lib/python3.8/site-packages/airflow/example_dags/example_nested_branch_dag.py
[2024-03-16T23:59:43.830+0000] {logging_mixin.py:188} INFO - [2024-03-16T23:59:43.830+0000] {dag.py:3047} INFO - Sync 1 DAGs
[2024-03-16T23:59:43.854+0000] {logging_mixin.py:188} INFO - [2024-03-16T23:59:43.854+0000] {dag.py:3834} INFO - Setting next_dagrun for example_nested_branch_dag to 2024-03-15 00:00:00+00:00, run_after=2024-03-16 00:00:00+00:00
[2024-03-16T23:59:43.869+0000] {processor.py:183} INFO - Processing /home/airflow/.local/lib/python3.8/site-packages/airflow/example_dags/example_nested_branch_dag.py took 0.065 seconds
