[2024-03-16T23:50:04.673+0000] {processor.py:161} INFO - Started process (PID=37) to work on /home/airflow/.local/lib/python3.8/site-packages/airflow/example_dags/example_sensors.py
[2024-03-16T23:50:04.673+0000] {processor.py:830} INFO - Processing file /home/airflow/.local/lib/python3.8/site-packages/airflow/example_dags/example_sensors.py for tasks to queue
[2024-03-16T23:50:04.674+0000] {logging_mixin.py:188} INFO - [2024-03-16T23:50:04.674+0000] {dagbag.py:540} INFO - Filling up the DagBag from /home/airflow/.local/lib/python3.8/site-packages/airflow/example_dags/example_sensors.py
[2024-03-16T23:50:04.682+0000] {processor.py:840} INFO - DAG(s) 'example_sensors' retrieved from /home/airflow/.local/lib/python3.8/site-packages/airflow/example_dags/example_sensors.py
[2024-03-16T23:50:04.691+0000] {logging_mixin.py:188} INFO - [2024-03-16T23:50:04.691+0000] {dag.py:3047} INFO - Sync 1 DAGs
[2024-03-16T23:50:04.701+0000] {logging_mixin.py:188} INFO - [2024-03-16T23:50:04.700+0000] {dag.py:3834} INFO - Setting next_dagrun for example_sensors to None, run_after=None
[2024-03-16T23:50:04.715+0000] {processor.py:183} INFO - Processing /home/airflow/.local/lib/python3.8/site-packages/airflow/example_dags/example_sensors.py took 0.044 seconds
[2024-03-16T23:51:47.339+0000] {processor.py:161} INFO - Started process (PID=37) to work on /home/airflow/.local/lib/python3.8/site-packages/airflow/example_dags/example_sensors.py
[2024-03-16T23:51:47.340+0000] {processor.py:830} INFO - Processing file /home/airflow/.local/lib/python3.8/site-packages/airflow/example_dags/example_sensors.py for tasks to queue
[2024-03-16T23:51:47.341+0000] {logging_mixin.py:188} INFO - [2024-03-16T23:51:47.341+0000] {dagbag.py:540} INFO - Filling up the DagBag from /home/airflow/.local/lib/python3.8/site-packages/airflow/example_dags/example_sensors.py
[2024-03-16T23:51:47.350+0000] {processor.py:840} INFO - DAG(s) 'example_sensors' retrieved from /home/airflow/.local/lib/python3.8/site-packages/airflow/example_dags/example_sensors.py
[2024-03-16T23:51:47.359+0000] {logging_mixin.py:188} INFO - [2024-03-16T23:51:47.358+0000] {dag.py:3047} INFO - Sync 1 DAGs
[2024-03-16T23:51:47.369+0000] {logging_mixin.py:188} INFO - [2024-03-16T23:51:47.369+0000] {dag.py:3834} INFO - Setting next_dagrun for example_sensors to None, run_after=None
[2024-03-16T23:51:47.385+0000] {processor.py:183} INFO - Processing /home/airflow/.local/lib/python3.8/site-packages/airflow/example_dags/example_sensors.py took 0.048 seconds
[2024-03-16T23:53:16.189+0000] {processor.py:161} INFO - Started process (PID=37) to work on /home/airflow/.local/lib/python3.8/site-packages/airflow/example_dags/example_sensors.py
[2024-03-16T23:53:16.190+0000] {processor.py:830} INFO - Processing file /home/airflow/.local/lib/python3.8/site-packages/airflow/example_dags/example_sensors.py for tasks to queue
[2024-03-16T23:53:16.191+0000] {logging_mixin.py:188} INFO - [2024-03-16T23:53:16.191+0000] {dagbag.py:540} INFO - Filling up the DagBag from /home/airflow/.local/lib/python3.8/site-packages/airflow/example_dags/example_sensors.py
[2024-03-16T23:53:16.199+0000] {processor.py:840} INFO - DAG(s) 'example_sensors' retrieved from /home/airflow/.local/lib/python3.8/site-packages/airflow/example_dags/example_sensors.py
[2024-03-16T23:53:16.207+0000] {logging_mixin.py:188} INFO - [2024-03-16T23:53:16.207+0000] {dag.py:3047} INFO - Sync 1 DAGs
[2024-03-16T23:53:16.217+0000] {logging_mixin.py:188} INFO - [2024-03-16T23:53:16.217+0000] {dag.py:3834} INFO - Setting next_dagrun for example_sensors to None, run_after=None
[2024-03-16T23:53:16.230+0000] {processor.py:183} INFO - Processing /home/airflow/.local/lib/python3.8/site-packages/airflow/example_dags/example_sensors.py took 0.043 seconds
[2024-03-16T23:53:47.001+0000] {processor.py:161} INFO - Started process (PID=92) to work on /home/airflow/.local/lib/python3.8/site-packages/airflow/example_dags/example_sensors.py
[2024-03-16T23:53:47.001+0000] {processor.py:830} INFO - Processing file /home/airflow/.local/lib/python3.8/site-packages/airflow/example_dags/example_sensors.py for tasks to queue
[2024-03-16T23:53:47.002+0000] {logging_mixin.py:188} INFO - [2024-03-16T23:53:47.002+0000] {dagbag.py:540} INFO - Filling up the DagBag from /home/airflow/.local/lib/python3.8/site-packages/airflow/example_dags/example_sensors.py
[2024-03-16T23:53:47.008+0000] {processor.py:840} INFO - DAG(s) 'example_sensors' retrieved from /home/airflow/.local/lib/python3.8/site-packages/airflow/example_dags/example_sensors.py
[2024-03-16T23:53:47.084+0000] {logging_mixin.py:188} INFO - [2024-03-16T23:53:47.084+0000] {dag.py:3047} INFO - Sync 1 DAGs
[2024-03-16T23:53:47.092+0000] {logging_mixin.py:188} INFO - [2024-03-16T23:53:47.091+0000] {dag.py:3834} INFO - Setting next_dagrun for example_sensors to None, run_after=None
[2024-03-16T23:53:47.106+0000] {processor.py:183} INFO - Processing /home/airflow/.local/lib/python3.8/site-packages/airflow/example_dags/example_sensors.py took 0.107 seconds
[2024-03-16T23:54:17.964+0000] {processor.py:161} INFO - Started process (PID=147) to work on /home/airflow/.local/lib/python3.8/site-packages/airflow/example_dags/example_sensors.py
[2024-03-16T23:54:17.965+0000] {processor.py:830} INFO - Processing file /home/airflow/.local/lib/python3.8/site-packages/airflow/example_dags/example_sensors.py for tasks to queue
[2024-03-16T23:54:17.966+0000] {logging_mixin.py:188} INFO - [2024-03-16T23:54:17.966+0000] {dagbag.py:540} INFO - Filling up the DagBag from /home/airflow/.local/lib/python3.8/site-packages/airflow/example_dags/example_sensors.py
[2024-03-16T23:54:17.971+0000] {processor.py:840} INFO - DAG(s) 'example_sensors' retrieved from /home/airflow/.local/lib/python3.8/site-packages/airflow/example_dags/example_sensors.py
[2024-03-16T23:54:17.989+0000] {logging_mixin.py:188} INFO - [2024-03-16T23:54:17.989+0000] {dag.py:3047} INFO - Sync 1 DAGs
[2024-03-16T23:54:18.000+0000] {logging_mixin.py:188} INFO - [2024-03-16T23:54:18.000+0000] {dag.py:3834} INFO - Setting next_dagrun for example_sensors to None, run_after=None
[2024-03-16T23:54:18.014+0000] {processor.py:183} INFO - Processing /home/airflow/.local/lib/python3.8/site-packages/airflow/example_dags/example_sensors.py took 0.051 seconds
[2024-03-16T23:54:48.848+0000] {processor.py:161} INFO - Started process (PID=202) to work on /home/airflow/.local/lib/python3.8/site-packages/airflow/example_dags/example_sensors.py
[2024-03-16T23:54:48.848+0000] {processor.py:830} INFO - Processing file /home/airflow/.local/lib/python3.8/site-packages/airflow/example_dags/example_sensors.py for tasks to queue
[2024-03-16T23:54:48.850+0000] {logging_mixin.py:188} INFO - [2024-03-16T23:54:48.849+0000] {dagbag.py:540} INFO - Filling up the DagBag from /home/airflow/.local/lib/python3.8/site-packages/airflow/example_dags/example_sensors.py
[2024-03-16T23:54:48.855+0000] {processor.py:840} INFO - DAG(s) 'example_sensors' retrieved from /home/airflow/.local/lib/python3.8/site-packages/airflow/example_dags/example_sensors.py
[2024-03-16T23:54:48.874+0000] {logging_mixin.py:188} INFO - [2024-03-16T23:54:48.873+0000] {dag.py:3047} INFO - Sync 1 DAGs
[2024-03-16T23:54:48.883+0000] {logging_mixin.py:188} INFO - [2024-03-16T23:54:48.883+0000] {dag.py:3834} INFO - Setting next_dagrun for example_sensors to None, run_after=None
[2024-03-16T23:54:48.896+0000] {processor.py:183} INFO - Processing /home/airflow/.local/lib/python3.8/site-packages/airflow/example_dags/example_sensors.py took 0.050 seconds
[2024-03-16T23:55:19.538+0000] {processor.py:161} INFO - Started process (PID=257) to work on /home/airflow/.local/lib/python3.8/site-packages/airflow/example_dags/example_sensors.py
[2024-03-16T23:55:19.539+0000] {processor.py:830} INFO - Processing file /home/airflow/.local/lib/python3.8/site-packages/airflow/example_dags/example_sensors.py for tasks to queue
[2024-03-16T23:55:19.540+0000] {logging_mixin.py:188} INFO - [2024-03-16T23:55:19.539+0000] {dagbag.py:540} INFO - Filling up the DagBag from /home/airflow/.local/lib/python3.8/site-packages/airflow/example_dags/example_sensors.py
[2024-03-16T23:55:19.546+0000] {processor.py:840} INFO - DAG(s) 'example_sensors' retrieved from /home/airflow/.local/lib/python3.8/site-packages/airflow/example_dags/example_sensors.py
[2024-03-16T23:55:19.563+0000] {logging_mixin.py:188} INFO - [2024-03-16T23:55:19.562+0000] {dag.py:3047} INFO - Sync 1 DAGs
[2024-03-16T23:55:19.571+0000] {logging_mixin.py:188} INFO - [2024-03-16T23:55:19.571+0000] {dag.py:3834} INFO - Setting next_dagrun for example_sensors to None, run_after=None
[2024-03-16T23:55:19.583+0000] {processor.py:183} INFO - Processing /home/airflow/.local/lib/python3.8/site-packages/airflow/example_dags/example_sensors.py took 0.047 seconds
[2024-03-16T23:55:50.217+0000] {processor.py:161} INFO - Started process (PID=312) to work on /home/airflow/.local/lib/python3.8/site-packages/airflow/example_dags/example_sensors.py
[2024-03-16T23:55:50.218+0000] {processor.py:830} INFO - Processing file /home/airflow/.local/lib/python3.8/site-packages/airflow/example_dags/example_sensors.py for tasks to queue
[2024-03-16T23:55:50.219+0000] {logging_mixin.py:188} INFO - [2024-03-16T23:55:50.219+0000] {dagbag.py:540} INFO - Filling up the DagBag from /home/airflow/.local/lib/python3.8/site-packages/airflow/example_dags/example_sensors.py
[2024-03-16T23:55:50.224+0000] {processor.py:840} INFO - DAG(s) 'example_sensors' retrieved from /home/airflow/.local/lib/python3.8/site-packages/airflow/example_dags/example_sensors.py
[2024-03-16T23:55:50.241+0000] {logging_mixin.py:188} INFO - [2024-03-16T23:55:50.241+0000] {dag.py:3047} INFO - Sync 1 DAGs
[2024-03-16T23:55:50.250+0000] {logging_mixin.py:188} INFO - [2024-03-16T23:55:50.250+0000] {dag.py:3834} INFO - Setting next_dagrun for example_sensors to None, run_after=None
[2024-03-16T23:55:50.264+0000] {processor.py:183} INFO - Processing /home/airflow/.local/lib/python3.8/site-packages/airflow/example_dags/example_sensors.py took 0.049 seconds
[2024-03-16T23:59:43.387+0000] {processor.py:161} INFO - Started process (PID=38) to work on /home/airflow/.local/lib/python3.8/site-packages/airflow/example_dags/example_sensors.py
[2024-03-16T23:59:43.388+0000] {processor.py:830} INFO - Processing file /home/airflow/.local/lib/python3.8/site-packages/airflow/example_dags/example_sensors.py for tasks to queue
[2024-03-16T23:59:43.389+0000] {logging_mixin.py:188} INFO - [2024-03-16T23:59:43.389+0000] {dagbag.py:540} INFO - Filling up the DagBag from /home/airflow/.local/lib/python3.8/site-packages/airflow/example_dags/example_sensors.py
[2024-03-16T23:59:43.399+0000] {processor.py:840} INFO - DAG(s) 'example_sensors' retrieved from /home/airflow/.local/lib/python3.8/site-packages/airflow/example_dags/example_sensors.py
[2024-03-16T23:59:43.410+0000] {logging_mixin.py:188} INFO - [2024-03-16T23:59:43.409+0000] {dag.py:3047} INFO - Sync 1 DAGs
[2024-03-16T23:59:43.423+0000] {logging_mixin.py:188} INFO - [2024-03-16T23:59:43.423+0000] {dag.py:3834} INFO - Setting next_dagrun for example_sensors to None, run_after=None
[2024-03-16T23:59:43.440+0000] {processor.py:183} INFO - Processing /home/airflow/.local/lib/python3.8/site-packages/airflow/example_dags/example_sensors.py took 0.055 seconds
