[2024-03-16T23:50:05.648+0000] {processor.py:161} INFO - Started process (PID=64) to work on /home/airflow/.local/lib/python3.8/site-packages/airflow/example_dags/example_short_circuit_operator.py
[2024-03-16T23:50:05.648+0000] {processor.py:830} INFO - Processing file /home/airflow/.local/lib/python3.8/site-packages/airflow/example_dags/example_short_circuit_operator.py for tasks to queue
[2024-03-16T23:50:05.650+0000] {logging_mixin.py:188} INFO - [2024-03-16T23:50:05.649+0000] {dagbag.py:540} INFO - Filling up the DagBag from /home/airflow/.local/lib/python3.8/site-packages/airflow/example_dags/example_short_circuit_operator.py
[2024-03-16T23:50:05.656+0000] {processor.py:840} INFO - DAG(s) 'example_short_circuit_operator' retrieved from /home/airflow/.local/lib/python3.8/site-packages/airflow/example_dags/example_short_circuit_operator.py
[2024-03-16T23:50:05.664+0000] {logging_mixin.py:188} INFO - [2024-03-16T23:50:05.663+0000] {dag.py:3047} INFO - Sync 1 DAGs
[2024-03-16T23:50:05.680+0000] {logging_mixin.py:188} INFO - [2024-03-16T23:50:05.679+0000] {dag.py:3834} INFO - Setting next_dagrun for example_short_circuit_operator to 2024-03-15 00:00:00+00:00, run_after=2024-03-16 00:00:00+00:00
[2024-03-16T23:50:05.693+0000] {processor.py:183} INFO - Processing /home/airflow/.local/lib/python3.8/site-packages/airflow/example_dags/example_short_circuit_operator.py took 0.047 seconds
[2024-03-16T23:51:48.404+0000] {processor.py:161} INFO - Started process (PID=64) to work on /home/airflow/.local/lib/python3.8/site-packages/airflow/example_dags/example_short_circuit_operator.py
[2024-03-16T23:51:48.405+0000] {processor.py:830} INFO - Processing file /home/airflow/.local/lib/python3.8/site-packages/airflow/example_dags/example_short_circuit_operator.py for tasks to queue
[2024-03-16T23:51:48.406+0000] {logging_mixin.py:188} INFO - [2024-03-16T23:51:48.406+0000] {dagbag.py:540} INFO - Filling up the DagBag from /home/airflow/.local/lib/python3.8/site-packages/airflow/example_dags/example_short_circuit_operator.py
[2024-03-16T23:51:48.412+0000] {processor.py:840} INFO - DAG(s) 'example_short_circuit_operator' retrieved from /home/airflow/.local/lib/python3.8/site-packages/airflow/example_dags/example_short_circuit_operator.py
[2024-03-16T23:51:48.420+0000] {logging_mixin.py:188} INFO - [2024-03-16T23:51:48.420+0000] {dag.py:3047} INFO - Sync 1 DAGs
[2024-03-16T23:51:48.436+0000] {logging_mixin.py:188} INFO - [2024-03-16T23:51:48.435+0000] {dag.py:3834} INFO - Setting next_dagrun for example_short_circuit_operator to 2024-03-15 00:00:00+00:00, run_after=2024-03-16 00:00:00+00:00
[2024-03-16T23:51:48.448+0000] {processor.py:183} INFO - Processing /home/airflow/.local/lib/python3.8/site-packages/airflow/example_dags/example_short_circuit_operator.py took 0.046 seconds
[2024-03-16T23:53:17.199+0000] {processor.py:161} INFO - Started process (PID=64) to work on /home/airflow/.local/lib/python3.8/site-packages/airflow/example_dags/example_short_circuit_operator.py
[2024-03-16T23:53:17.200+0000] {processor.py:830} INFO - Processing file /home/airflow/.local/lib/python3.8/site-packages/airflow/example_dags/example_short_circuit_operator.py for tasks to queue
[2024-03-16T23:53:17.201+0000] {logging_mixin.py:188} INFO - [2024-03-16T23:53:17.201+0000] {dagbag.py:540} INFO - Filling up the DagBag from /home/airflow/.local/lib/python3.8/site-packages/airflow/example_dags/example_short_circuit_operator.py
[2024-03-16T23:53:17.207+0000] {processor.py:840} INFO - DAG(s) 'example_short_circuit_operator' retrieved from /home/airflow/.local/lib/python3.8/site-packages/airflow/example_dags/example_short_circuit_operator.py
[2024-03-16T23:53:17.218+0000] {logging_mixin.py:188} INFO - [2024-03-16T23:53:17.218+0000] {dag.py:3047} INFO - Sync 1 DAGs
[2024-03-16T23:53:17.237+0000] {logging_mixin.py:188} INFO - [2024-03-16T23:53:17.237+0000] {dag.py:3834} INFO - Setting next_dagrun for example_short_circuit_operator to 2024-03-15 00:00:00+00:00, run_after=2024-03-16 00:00:00+00:00
[2024-03-16T23:53:17.251+0000] {processor.py:183} INFO - Processing /home/airflow/.local/lib/python3.8/site-packages/airflow/example_dags/example_short_circuit_operator.py took 0.055 seconds
[2024-03-16T23:53:48.710+0000] {processor.py:161} INFO - Started process (PID=119) to work on /home/airflow/.local/lib/python3.8/site-packages/airflow/example_dags/example_short_circuit_operator.py
[2024-03-16T23:53:48.710+0000] {processor.py:830} INFO - Processing file /home/airflow/.local/lib/python3.8/site-packages/airflow/example_dags/example_short_circuit_operator.py for tasks to queue
[2024-03-16T23:53:48.711+0000] {logging_mixin.py:188} INFO - [2024-03-16T23:53:48.711+0000] {dagbag.py:540} INFO - Filling up the DagBag from /home/airflow/.local/lib/python3.8/site-packages/airflow/example_dags/example_short_circuit_operator.py
[2024-03-16T23:53:48.716+0000] {processor.py:840} INFO - DAG(s) 'example_short_circuit_operator' retrieved from /home/airflow/.local/lib/python3.8/site-packages/airflow/example_dags/example_short_circuit_operator.py
[2024-03-16T23:53:48.789+0000] {logging_mixin.py:188} INFO - [2024-03-16T23:53:48.789+0000] {dag.py:3047} INFO - Sync 1 DAGs
[2024-03-16T23:53:48.803+0000] {logging_mixin.py:188} INFO - [2024-03-16T23:53:48.803+0000] {dag.py:3834} INFO - Setting next_dagrun for example_short_circuit_operator to 2024-03-15 00:00:00+00:00, run_after=2024-03-16 00:00:00+00:00
[2024-03-16T23:53:48.816+0000] {processor.py:183} INFO - Processing /home/airflow/.local/lib/python3.8/site-packages/airflow/example_dags/example_short_circuit_operator.py took 0.108 seconds
[2024-03-16T23:54:18.941+0000] {processor.py:161} INFO - Started process (PID=175) to work on /home/airflow/.local/lib/python3.8/site-packages/airflow/example_dags/example_short_circuit_operator.py
[2024-03-16T23:54:18.941+0000] {processor.py:830} INFO - Processing file /home/airflow/.local/lib/python3.8/site-packages/airflow/example_dags/example_short_circuit_operator.py for tasks to queue
[2024-03-16T23:54:18.943+0000] {logging_mixin.py:188} INFO - [2024-03-16T23:54:18.942+0000] {dagbag.py:540} INFO - Filling up the DagBag from /home/airflow/.local/lib/python3.8/site-packages/airflow/example_dags/example_short_circuit_operator.py
[2024-03-16T23:54:18.948+0000] {processor.py:840} INFO - DAG(s) 'example_short_circuit_operator' retrieved from /home/airflow/.local/lib/python3.8/site-packages/airflow/example_dags/example_short_circuit_operator.py
[2024-03-16T23:54:18.964+0000] {logging_mixin.py:188} INFO - [2024-03-16T23:54:18.963+0000] {dag.py:3047} INFO - Sync 1 DAGs
[2024-03-16T23:54:18.978+0000] {logging_mixin.py:188} INFO - [2024-03-16T23:54:18.978+0000] {dag.py:3834} INFO - Setting next_dagrun for example_short_circuit_operator to 2024-03-15 00:00:00+00:00, run_after=2024-03-16 00:00:00+00:00
[2024-03-16T23:54:18.991+0000] {processor.py:183} INFO - Processing /home/airflow/.local/lib/python3.8/site-packages/airflow/example_dags/example_short_circuit_operator.py took 0.053 seconds
[2024-03-16T23:54:49.751+0000] {processor.py:161} INFO - Started process (PID=229) to work on /home/airflow/.local/lib/python3.8/site-packages/airflow/example_dags/example_short_circuit_operator.py
[2024-03-16T23:54:49.752+0000] {processor.py:830} INFO - Processing file /home/airflow/.local/lib/python3.8/site-packages/airflow/example_dags/example_short_circuit_operator.py for tasks to queue
[2024-03-16T23:54:49.753+0000] {logging_mixin.py:188} INFO - [2024-03-16T23:54:49.753+0000] {dagbag.py:540} INFO - Filling up the DagBag from /home/airflow/.local/lib/python3.8/site-packages/airflow/example_dags/example_short_circuit_operator.py
[2024-03-16T23:54:49.759+0000] {processor.py:840} INFO - DAG(s) 'example_short_circuit_operator' retrieved from /home/airflow/.local/lib/python3.8/site-packages/airflow/example_dags/example_short_circuit_operator.py
[2024-03-16T23:54:49.774+0000] {logging_mixin.py:188} INFO - [2024-03-16T23:54:49.774+0000] {dag.py:3047} INFO - Sync 1 DAGs
[2024-03-16T23:54:49.789+0000] {logging_mixin.py:188} INFO - [2024-03-16T23:54:49.789+0000] {dag.py:3834} INFO - Setting next_dagrun for example_short_circuit_operator to 2024-03-15 00:00:00+00:00, run_after=2024-03-16 00:00:00+00:00
[2024-03-16T23:54:49.802+0000] {processor.py:183} INFO - Processing /home/airflow/.local/lib/python3.8/site-packages/airflow/example_dags/example_short_circuit_operator.py took 0.053 seconds
[2024-03-16T23:55:20.422+0000] {processor.py:161} INFO - Started process (PID=284) to work on /home/airflow/.local/lib/python3.8/site-packages/airflow/example_dags/example_short_circuit_operator.py
[2024-03-16T23:55:20.423+0000] {processor.py:830} INFO - Processing file /home/airflow/.local/lib/python3.8/site-packages/airflow/example_dags/example_short_circuit_operator.py for tasks to queue
[2024-03-16T23:55:20.424+0000] {logging_mixin.py:188} INFO - [2024-03-16T23:55:20.424+0000] {dagbag.py:540} INFO - Filling up the DagBag from /home/airflow/.local/lib/python3.8/site-packages/airflow/example_dags/example_short_circuit_operator.py
[2024-03-16T23:55:20.428+0000] {processor.py:840} INFO - DAG(s) 'example_short_circuit_operator' retrieved from /home/airflow/.local/lib/python3.8/site-packages/airflow/example_dags/example_short_circuit_operator.py
[2024-03-16T23:55:20.444+0000] {logging_mixin.py:188} INFO - [2024-03-16T23:55:20.444+0000] {dag.py:3047} INFO - Sync 1 DAGs
[2024-03-16T23:55:20.460+0000] {logging_mixin.py:188} INFO - [2024-03-16T23:55:20.460+0000] {dag.py:3834} INFO - Setting next_dagrun for example_short_circuit_operator to 2024-03-15 00:00:00+00:00, run_after=2024-03-16 00:00:00+00:00
[2024-03-16T23:55:20.472+0000] {processor.py:183} INFO - Processing /home/airflow/.local/lib/python3.8/site-packages/airflow/example_dags/example_short_circuit_operator.py took 0.052 seconds
[2024-03-16T23:55:51.118+0000] {processor.py:161} INFO - Started process (PID=339) to work on /home/airflow/.local/lib/python3.8/site-packages/airflow/example_dags/example_short_circuit_operator.py
[2024-03-16T23:55:51.119+0000] {processor.py:830} INFO - Processing file /home/airflow/.local/lib/python3.8/site-packages/airflow/example_dags/example_short_circuit_operator.py for tasks to queue
[2024-03-16T23:55:51.120+0000] {logging_mixin.py:188} INFO - [2024-03-16T23:55:51.120+0000] {dagbag.py:540} INFO - Filling up the DagBag from /home/airflow/.local/lib/python3.8/site-packages/airflow/example_dags/example_short_circuit_operator.py
[2024-03-16T23:55:51.126+0000] {processor.py:840} INFO - DAG(s) 'example_short_circuit_operator' retrieved from /home/airflow/.local/lib/python3.8/site-packages/airflow/example_dags/example_short_circuit_operator.py
[2024-03-16T23:55:51.141+0000] {logging_mixin.py:188} INFO - [2024-03-16T23:55:51.141+0000] {dag.py:3047} INFO - Sync 1 DAGs
[2024-03-16T23:55:51.156+0000] {logging_mixin.py:188} INFO - [2024-03-16T23:55:51.155+0000] {dag.py:3834} INFO - Setting next_dagrun for example_short_circuit_operator to 2024-03-15 00:00:00+00:00, run_after=2024-03-16 00:00:00+00:00
[2024-03-16T23:55:51.169+0000] {processor.py:183} INFO - Processing /home/airflow/.local/lib/python3.8/site-packages/airflow/example_dags/example_short_circuit_operator.py took 0.053 seconds
[2024-03-16T23:59:44.760+0000] {processor.py:161} INFO - Started process (PID=65) to work on /home/airflow/.local/lib/python3.8/site-packages/airflow/example_dags/example_short_circuit_operator.py
[2024-03-16T23:59:44.761+0000] {processor.py:830} INFO - Processing file /home/airflow/.local/lib/python3.8/site-packages/airflow/example_dags/example_short_circuit_operator.py for tasks to queue
[2024-03-16T23:59:44.763+0000] {logging_mixin.py:188} INFO - [2024-03-16T23:59:44.762+0000] {dagbag.py:540} INFO - Filling up the DagBag from /home/airflow/.local/lib/python3.8/site-packages/airflow/example_dags/example_short_circuit_operator.py
[2024-03-16T23:59:44.770+0000] {processor.py:840} INFO - DAG(s) 'example_short_circuit_operator' retrieved from /home/airflow/.local/lib/python3.8/site-packages/airflow/example_dags/example_short_circuit_operator.py
[2024-03-16T23:59:44.780+0000] {logging_mixin.py:188} INFO - [2024-03-16T23:59:44.779+0000] {dag.py:3047} INFO - Sync 1 DAGs
[2024-03-16T23:59:44.804+0000] {logging_mixin.py:188} INFO - [2024-03-16T23:59:44.803+0000] {dag.py:3834} INFO - Setting next_dagrun for example_short_circuit_operator to 2024-03-15 00:00:00+00:00, run_after=2024-03-16 00:00:00+00:00
[2024-03-16T23:59:44.822+0000] {processor.py:183} INFO - Processing /home/airflow/.local/lib/python3.8/site-packages/airflow/example_dags/example_short_circuit_operator.py took 0.064 seconds
