[2024-03-16T23:50:05.519+0000] {processor.py:161} INFO - Started process (PID=61) to work on /home/airflow/.local/lib/python3.8/site-packages/airflow/example_dags/example_branch_operator.py
[2024-03-16T23:50:05.520+0000] {processor.py:830} INFO - Processing file /home/airflow/.local/lib/python3.8/site-packages/airflow/example_dags/example_branch_operator.py for tasks to queue
[2024-03-16T23:50:05.521+0000] {logging_mixin.py:188} INFO - [2024-03-16T23:50:05.520+0000] {dagbag.py:540} INFO - Filling up the DagBag from /home/airflow/.local/lib/python3.8/site-packages/airflow/example_dags/example_branch_operator.py
[2024-03-16T23:50:05.533+0000] {processor.py:840} INFO - DAG(s) 'example_branch_operator' retrieved from /home/airflow/.local/lib/python3.8/site-packages/airflow/example_dags/example_branch_operator.py
[2024-03-16T23:50:05.541+0000] {logging_mixin.py:188} INFO - [2024-03-16T23:50:05.540+0000] {dag.py:3047} INFO - Sync 1 DAGs
[2024-03-16T23:50:05.560+0000] {logging_mixin.py:188} INFO - [2024-03-16T23:50:05.560+0000] {dag.py:3834} INFO - Setting next_dagrun for example_branch_operator to 2024-03-15 00:00:00+00:00, run_after=2024-03-16 00:00:00+00:00
[2024-03-16T23:50:05.574+0000] {processor.py:183} INFO - Processing /home/airflow/.local/lib/python3.8/site-packages/airflow/example_dags/example_branch_operator.py took 0.056 seconds
[2024-03-16T23:51:48.264+0000] {processor.py:161} INFO - Started process (PID=61) to work on /home/airflow/.local/lib/python3.8/site-packages/airflow/example_dags/example_branch_operator.py
[2024-03-16T23:51:48.266+0000] {processor.py:830} INFO - Processing file /home/airflow/.local/lib/python3.8/site-packages/airflow/example_dags/example_branch_operator.py for tasks to queue
[2024-03-16T23:51:48.267+0000] {logging_mixin.py:188} INFO - [2024-03-16T23:51:48.267+0000] {dagbag.py:540} INFO - Filling up the DagBag from /home/airflow/.local/lib/python3.8/site-packages/airflow/example_dags/example_branch_operator.py
[2024-03-16T23:51:48.286+0000] {processor.py:840} INFO - DAG(s) 'example_branch_operator' retrieved from /home/airflow/.local/lib/python3.8/site-packages/airflow/example_dags/example_branch_operator.py
[2024-03-16T23:51:48.296+0000] {logging_mixin.py:188} INFO - [2024-03-16T23:51:48.295+0000] {dag.py:3047} INFO - Sync 1 DAGs
[2024-03-16T23:51:48.322+0000] {logging_mixin.py:188} INFO - [2024-03-16T23:51:48.322+0000] {dag.py:3834} INFO - Setting next_dagrun for example_branch_operator to 2024-03-15 00:00:00+00:00, run_after=2024-03-16 00:00:00+00:00
[2024-03-16T23:51:48.337+0000] {processor.py:183} INFO - Processing /home/airflow/.local/lib/python3.8/site-packages/airflow/example_dags/example_branch_operator.py took 0.075 seconds
[2024-03-16T23:53:17.058+0000] {processor.py:161} INFO - Started process (PID=61) to work on /home/airflow/.local/lib/python3.8/site-packages/airflow/example_dags/example_branch_operator.py
[2024-03-16T23:53:17.059+0000] {processor.py:830} INFO - Processing file /home/airflow/.local/lib/python3.8/site-packages/airflow/example_dags/example_branch_operator.py for tasks to queue
[2024-03-16T23:53:17.060+0000] {logging_mixin.py:188} INFO - [2024-03-16T23:53:17.060+0000] {dagbag.py:540} INFO - Filling up the DagBag from /home/airflow/.local/lib/python3.8/site-packages/airflow/example_dags/example_branch_operator.py
[2024-03-16T23:53:17.073+0000] {processor.py:840} INFO - DAG(s) 'example_branch_operator' retrieved from /home/airflow/.local/lib/python3.8/site-packages/airflow/example_dags/example_branch_operator.py
[2024-03-16T23:53:17.081+0000] {logging_mixin.py:188} INFO - [2024-03-16T23:53:17.081+0000] {dag.py:3047} INFO - Sync 1 DAGs
[2024-03-16T23:53:17.096+0000] {logging_mixin.py:188} INFO - [2024-03-16T23:53:17.096+0000] {dag.py:3834} INFO - Setting next_dagrun for example_branch_operator to 2024-03-15 00:00:00+00:00, run_after=2024-03-16 00:00:00+00:00
[2024-03-16T23:53:17.109+0000] {processor.py:183} INFO - Processing /home/airflow/.local/lib/python3.8/site-packages/airflow/example_dags/example_branch_operator.py took 0.052 seconds
[2024-03-16T23:53:48.468+0000] {processor.py:161} INFO - Started process (PID=116) to work on /home/airflow/.local/lib/python3.8/site-packages/airflow/example_dags/example_branch_operator.py
[2024-03-16T23:53:48.469+0000] {processor.py:830} INFO - Processing file /home/airflow/.local/lib/python3.8/site-packages/airflow/example_dags/example_branch_operator.py for tasks to queue
[2024-03-16T23:53:48.470+0000] {logging_mixin.py:188} INFO - [2024-03-16T23:53:48.470+0000] {dagbag.py:540} INFO - Filling up the DagBag from /home/airflow/.local/lib/python3.8/site-packages/airflow/example_dags/example_branch_operator.py
[2024-03-16T23:53:48.481+0000] {processor.py:840} INFO - DAG(s) 'example_branch_operator' retrieved from /home/airflow/.local/lib/python3.8/site-packages/airflow/example_dags/example_branch_operator.py
[2024-03-16T23:53:48.555+0000] {logging_mixin.py:188} INFO - [2024-03-16T23:53:48.555+0000] {dag.py:3047} INFO - Sync 1 DAGs
[2024-03-16T23:53:48.569+0000] {logging_mixin.py:188} INFO - [2024-03-16T23:53:48.569+0000] {dag.py:3834} INFO - Setting next_dagrun for example_branch_operator to 2024-03-15 00:00:00+00:00, run_after=2024-03-16 00:00:00+00:00
[2024-03-16T23:53:48.582+0000] {processor.py:183} INFO - Processing /home/airflow/.local/lib/python3.8/site-packages/airflow/example_dags/example_branch_operator.py took 0.116 seconds
[2024-03-16T23:54:18.751+0000] {processor.py:161} INFO - Started process (PID=171) to work on /home/airflow/.local/lib/python3.8/site-packages/airflow/example_dags/example_branch_operator.py
[2024-03-16T23:54:18.751+0000] {processor.py:830} INFO - Processing file /home/airflow/.local/lib/python3.8/site-packages/airflow/example_dags/example_branch_operator.py for tasks to queue
[2024-03-16T23:54:18.752+0000] {logging_mixin.py:188} INFO - [2024-03-16T23:54:18.752+0000] {dagbag.py:540} INFO - Filling up the DagBag from /home/airflow/.local/lib/python3.8/site-packages/airflow/example_dags/example_branch_operator.py
[2024-03-16T23:54:18.763+0000] {processor.py:840} INFO - DAG(s) 'example_branch_operator' retrieved from /home/airflow/.local/lib/python3.8/site-packages/airflow/example_dags/example_branch_operator.py
[2024-03-16T23:54:18.783+0000] {logging_mixin.py:188} INFO - [2024-03-16T23:54:18.783+0000] {dag.py:3047} INFO - Sync 1 DAGs
[2024-03-16T23:54:18.800+0000] {logging_mixin.py:188} INFO - [2024-03-16T23:54:18.799+0000] {dag.py:3834} INFO - Setting next_dagrun for example_branch_operator to 2024-03-15 00:00:00+00:00, run_after=2024-03-16 00:00:00+00:00
[2024-03-16T23:54:18.812+0000] {processor.py:183} INFO - Processing /home/airflow/.local/lib/python3.8/site-packages/airflow/example_dags/example_branch_operator.py took 0.063 seconds
[2024-03-16T23:54:49.609+0000] {processor.py:161} INFO - Started process (PID=226) to work on /home/airflow/.local/lib/python3.8/site-packages/airflow/example_dags/example_branch_operator.py
[2024-03-16T23:54:49.609+0000] {processor.py:830} INFO - Processing file /home/airflow/.local/lib/python3.8/site-packages/airflow/example_dags/example_branch_operator.py for tasks to queue
[2024-03-16T23:54:49.610+0000] {logging_mixin.py:188} INFO - [2024-03-16T23:54:49.610+0000] {dagbag.py:540} INFO - Filling up the DagBag from /home/airflow/.local/lib/python3.8/site-packages/airflow/example_dags/example_branch_operator.py
[2024-03-16T23:54:49.622+0000] {processor.py:840} INFO - DAG(s) 'example_branch_operator' retrieved from /home/airflow/.local/lib/python3.8/site-packages/airflow/example_dags/example_branch_operator.py
[2024-03-16T23:54:49.641+0000] {logging_mixin.py:188} INFO - [2024-03-16T23:54:49.641+0000] {dag.py:3047} INFO - Sync 1 DAGs
[2024-03-16T23:54:49.658+0000] {logging_mixin.py:188} INFO - [2024-03-16T23:54:49.658+0000] {dag.py:3834} INFO - Setting next_dagrun for example_branch_operator to 2024-03-15 00:00:00+00:00, run_after=2024-03-16 00:00:00+00:00
[2024-03-16T23:54:49.671+0000] {processor.py:183} INFO - Processing /home/airflow/.local/lib/python3.8/site-packages/airflow/example_dags/example_branch_operator.py took 0.064 seconds
[2024-03-16T23:55:20.297+0000] {processor.py:161} INFO - Started process (PID=281) to work on /home/airflow/.local/lib/python3.8/site-packages/airflow/example_dags/example_branch_operator.py
[2024-03-16T23:55:20.298+0000] {processor.py:830} INFO - Processing file /home/airflow/.local/lib/python3.8/site-packages/airflow/example_dags/example_branch_operator.py for tasks to queue
[2024-03-16T23:55:20.299+0000] {logging_mixin.py:188} INFO - [2024-03-16T23:55:20.299+0000] {dagbag.py:540} INFO - Filling up the DagBag from /home/airflow/.local/lib/python3.8/site-packages/airflow/example_dags/example_branch_operator.py
[2024-03-16T23:55:20.310+0000] {processor.py:840} INFO - DAG(s) 'example_branch_operator' retrieved from /home/airflow/.local/lib/python3.8/site-packages/airflow/example_dags/example_branch_operator.py
[2024-03-16T23:55:20.328+0000] {logging_mixin.py:188} INFO - [2024-03-16T23:55:20.328+0000] {dag.py:3047} INFO - Sync 1 DAGs
[2024-03-16T23:55:20.344+0000] {logging_mixin.py:188} INFO - [2024-03-16T23:55:20.344+0000] {dag.py:3834} INFO - Setting next_dagrun for example_branch_operator to 2024-03-15 00:00:00+00:00, run_after=2024-03-16 00:00:00+00:00
[2024-03-16T23:55:20.356+0000] {processor.py:183} INFO - Processing /home/airflow/.local/lib/python3.8/site-packages/airflow/example_dags/example_branch_operator.py took 0.060 seconds
[2024-03-16T23:55:50.981+0000] {processor.py:161} INFO - Started process (PID=336) to work on /home/airflow/.local/lib/python3.8/site-packages/airflow/example_dags/example_branch_operator.py
[2024-03-16T23:55:50.982+0000] {processor.py:830} INFO - Processing file /home/airflow/.local/lib/python3.8/site-packages/airflow/example_dags/example_branch_operator.py for tasks to queue
[2024-03-16T23:55:50.983+0000] {logging_mixin.py:188} INFO - [2024-03-16T23:55:50.983+0000] {dagbag.py:540} INFO - Filling up the DagBag from /home/airflow/.local/lib/python3.8/site-packages/airflow/example_dags/example_branch_operator.py
[2024-03-16T23:55:50.995+0000] {processor.py:840} INFO - DAG(s) 'example_branch_operator' retrieved from /home/airflow/.local/lib/python3.8/site-packages/airflow/example_dags/example_branch_operator.py
[2024-03-16T23:55:51.014+0000] {logging_mixin.py:188} INFO - [2024-03-16T23:55:51.013+0000] {dag.py:3047} INFO - Sync 1 DAGs
[2024-03-16T23:55:51.030+0000] {logging_mixin.py:188} INFO - [2024-03-16T23:55:51.030+0000] {dag.py:3834} INFO - Setting next_dagrun for example_branch_operator to 2024-03-15 00:00:00+00:00, run_after=2024-03-16 00:00:00+00:00
[2024-03-16T23:55:51.043+0000] {processor.py:183} INFO - Processing /home/airflow/.local/lib/python3.8/site-packages/airflow/example_dags/example_branch_operator.py took 0.065 seconds
[2024-03-16T23:59:44.594+0000] {processor.py:161} INFO - Started process (PID=62) to work on /home/airflow/.local/lib/python3.8/site-packages/airflow/example_dags/example_branch_operator.py
[2024-03-16T23:59:44.595+0000] {processor.py:830} INFO - Processing file /home/airflow/.local/lib/python3.8/site-packages/airflow/example_dags/example_branch_operator.py for tasks to queue
[2024-03-16T23:59:44.596+0000] {logging_mixin.py:188} INFO - [2024-03-16T23:59:44.596+0000] {dagbag.py:540} INFO - Filling up the DagBag from /home/airflow/.local/lib/python3.8/site-packages/airflow/example_dags/example_branch_operator.py
[2024-03-16T23:59:44.612+0000] {processor.py:840} INFO - DAG(s) 'example_branch_operator' retrieved from /home/airflow/.local/lib/python3.8/site-packages/airflow/example_dags/example_branch_operator.py
[2024-03-16T23:59:44.622+0000] {logging_mixin.py:188} INFO - [2024-03-16T23:59:44.622+0000] {dag.py:3047} INFO - Sync 1 DAGs
[2024-03-16T23:59:44.647+0000] {logging_mixin.py:188} INFO - [2024-03-16T23:59:44.646+0000] {dag.py:3834} INFO - Setting next_dagrun for example_branch_operator to 2024-03-15 00:00:00+00:00, run_after=2024-03-16 00:00:00+00:00
[2024-03-16T23:59:44.663+0000] {processor.py:183} INFO - Processing /home/airflow/.local/lib/python3.8/site-packages/airflow/example_dags/example_branch_operator.py took 0.072 seconds
