[2024-03-16T23:50:05.052+0000] {processor.py:161} INFO - Started process (PID=47) to work on /home/airflow/.local/lib/python3.8/site-packages/airflow/example_dags/example_complex.py
[2024-03-16T23:50:05.052+0000] {processor.py:830} INFO - Processing file /home/airflow/.local/lib/python3.8/site-packages/airflow/example_dags/example_complex.py for tasks to queue
[2024-03-16T23:50:05.053+0000] {logging_mixin.py:188} INFO - [2024-03-16T23:50:05.053+0000] {dagbag.py:540} INFO - Filling up the DagBag from /home/airflow/.local/lib/python3.8/site-packages/airflow/example_dags/example_complex.py
[2024-03-16T23:50:05.071+0000] {processor.py:840} INFO - DAG(s) 'example_complex' retrieved from /home/airflow/.local/lib/python3.8/site-packages/airflow/example_dags/example_complex.py
[2024-03-16T23:50:05.082+0000] {logging_mixin.py:188} INFO - [2024-03-16T23:50:05.082+0000] {dag.py:3047} INFO - Sync 1 DAGs
[2024-03-16T23:50:05.094+0000] {logging_mixin.py:188} INFO - [2024-03-16T23:50:05.094+0000] {dag.py:3834} INFO - Setting next_dagrun for example_complex to None, run_after=None
[2024-03-16T23:50:05.107+0000] {processor.py:183} INFO - Processing /home/airflow/.local/lib/python3.8/site-packages/airflow/example_dags/example_complex.py took 0.056 seconds
[2024-03-16T23:51:47.729+0000] {processor.py:161} INFO - Started process (PID=47) to work on /home/airflow/.local/lib/python3.8/site-packages/airflow/example_dags/example_complex.py
[2024-03-16T23:51:47.729+0000] {processor.py:830} INFO - Processing file /home/airflow/.local/lib/python3.8/site-packages/airflow/example_dags/example_complex.py for tasks to queue
[2024-03-16T23:51:47.731+0000] {logging_mixin.py:188} INFO - [2024-03-16T23:51:47.730+0000] {dagbag.py:540} INFO - Filling up the DagBag from /home/airflow/.local/lib/python3.8/site-packages/airflow/example_dags/example_complex.py
[2024-03-16T23:51:47.742+0000] {processor.py:840} INFO - DAG(s) 'example_complex' retrieved from /home/airflow/.local/lib/python3.8/site-packages/airflow/example_dags/example_complex.py
[2024-03-16T23:51:47.750+0000] {logging_mixin.py:188} INFO - [2024-03-16T23:51:47.750+0000] {dag.py:3047} INFO - Sync 1 DAGs
[2024-03-16T23:51:47.761+0000] {logging_mixin.py:188} INFO - [2024-03-16T23:51:47.760+0000] {dag.py:3834} INFO - Setting next_dagrun for example_complex to None, run_after=None
[2024-03-16T23:51:47.776+0000] {processor.py:183} INFO - Processing /home/airflow/.local/lib/python3.8/site-packages/airflow/example_dags/example_complex.py took 0.049 seconds
[2024-03-16T23:53:16.582+0000] {processor.py:161} INFO - Started process (PID=47) to work on /home/airflow/.local/lib/python3.8/site-packages/airflow/example_dags/example_complex.py
[2024-03-16T23:53:16.582+0000] {processor.py:830} INFO - Processing file /home/airflow/.local/lib/python3.8/site-packages/airflow/example_dags/example_complex.py for tasks to queue
[2024-03-16T23:53:16.583+0000] {logging_mixin.py:188} INFO - [2024-03-16T23:53:16.583+0000] {dagbag.py:540} INFO - Filling up the DagBag from /home/airflow/.local/lib/python3.8/site-packages/airflow/example_dags/example_complex.py
[2024-03-16T23:53:16.600+0000] {processor.py:840} INFO - DAG(s) 'example_complex' retrieved from /home/airflow/.local/lib/python3.8/site-packages/airflow/example_dags/example_complex.py
[2024-03-16T23:53:16.608+0000] {logging_mixin.py:188} INFO - [2024-03-16T23:53:16.608+0000] {dag.py:3047} INFO - Sync 1 DAGs
[2024-03-16T23:53:16.618+0000] {logging_mixin.py:188} INFO - [2024-03-16T23:53:16.618+0000] {dag.py:3834} INFO - Setting next_dagrun for example_complex to None, run_after=None
[2024-03-16T23:53:16.631+0000] {processor.py:183} INFO - Processing /home/airflow/.local/lib/python3.8/site-packages/airflow/example_dags/example_complex.py took 0.052 seconds
[2024-03-16T23:53:47.614+0000] {processor.py:161} INFO - Started process (PID=102) to work on /home/airflow/.local/lib/python3.8/site-packages/airflow/example_dags/example_complex.py
[2024-03-16T23:53:47.614+0000] {processor.py:830} INFO - Processing file /home/airflow/.local/lib/python3.8/site-packages/airflow/example_dags/example_complex.py for tasks to queue
[2024-03-16T23:53:47.615+0000] {logging_mixin.py:188} INFO - [2024-03-16T23:53:47.615+0000] {dagbag.py:540} INFO - Filling up the DagBag from /home/airflow/.local/lib/python3.8/site-packages/airflow/example_dags/example_complex.py
[2024-03-16T23:53:47.624+0000] {processor.py:840} INFO - DAG(s) 'example_complex' retrieved from /home/airflow/.local/lib/python3.8/site-packages/airflow/example_dags/example_complex.py
[2024-03-16T23:53:47.704+0000] {logging_mixin.py:188} INFO - [2024-03-16T23:53:47.704+0000] {dag.py:3047} INFO - Sync 1 DAGs
[2024-03-16T23:53:47.712+0000] {logging_mixin.py:188} INFO - [2024-03-16T23:53:47.712+0000] {dag.py:3834} INFO - Setting next_dagrun for example_complex to None, run_after=None
[2024-03-16T23:53:47.725+0000] {processor.py:183} INFO - Processing /home/airflow/.local/lib/python3.8/site-packages/airflow/example_dags/example_complex.py took 0.114 seconds
[2024-03-16T23:54:18.296+0000] {processor.py:161} INFO - Started process (PID=157) to work on /home/airflow/.local/lib/python3.8/site-packages/airflow/example_dags/example_complex.py
[2024-03-16T23:54:18.296+0000] {processor.py:830} INFO - Processing file /home/airflow/.local/lib/python3.8/site-packages/airflow/example_dags/example_complex.py for tasks to queue
[2024-03-16T23:54:18.297+0000] {logging_mixin.py:188} INFO - [2024-03-16T23:54:18.297+0000] {dagbag.py:540} INFO - Filling up the DagBag from /home/airflow/.local/lib/python3.8/site-packages/airflow/example_dags/example_complex.py
[2024-03-16T23:54:18.305+0000] {processor.py:840} INFO - DAG(s) 'example_complex' retrieved from /home/airflow/.local/lib/python3.8/site-packages/airflow/example_dags/example_complex.py
[2024-03-16T23:54:18.328+0000] {logging_mixin.py:188} INFO - [2024-03-16T23:54:18.328+0000] {dag.py:3047} INFO - Sync 1 DAGs
[2024-03-16T23:54:18.337+0000] {logging_mixin.py:188} INFO - [2024-03-16T23:54:18.337+0000] {dag.py:3834} INFO - Setting next_dagrun for example_complex to None, run_after=None
[2024-03-16T23:54:18.351+0000] {processor.py:183} INFO - Processing /home/airflow/.local/lib/python3.8/site-packages/airflow/example_dags/example_complex.py took 0.057 seconds
[2024-03-16T23:54:49.172+0000] {processor.py:161} INFO - Started process (PID=212) to work on /home/airflow/.local/lib/python3.8/site-packages/airflow/example_dags/example_complex.py
[2024-03-16T23:54:49.173+0000] {processor.py:830} INFO - Processing file /home/airflow/.local/lib/python3.8/site-packages/airflow/example_dags/example_complex.py for tasks to queue
[2024-03-16T23:54:49.174+0000] {logging_mixin.py:188} INFO - [2024-03-16T23:54:49.173+0000] {dagbag.py:540} INFO - Filling up the DagBag from /home/airflow/.local/lib/python3.8/site-packages/airflow/example_dags/example_complex.py
[2024-03-16T23:54:49.181+0000] {processor.py:840} INFO - DAG(s) 'example_complex' retrieved from /home/airflow/.local/lib/python3.8/site-packages/airflow/example_dags/example_complex.py
[2024-03-16T23:54:49.203+0000] {logging_mixin.py:188} INFO - [2024-03-16T23:54:49.202+0000] {dag.py:3047} INFO - Sync 1 DAGs
[2024-03-16T23:54:49.212+0000] {logging_mixin.py:188} INFO - [2024-03-16T23:54:49.212+0000] {dag.py:3834} INFO - Setting next_dagrun for example_complex to None, run_after=None
[2024-03-16T23:54:49.224+0000] {processor.py:183} INFO - Processing /home/airflow/.local/lib/python3.8/site-packages/airflow/example_dags/example_complex.py took 0.054 seconds
[2024-03-16T23:55:19.856+0000] {processor.py:161} INFO - Started process (PID=267) to work on /home/airflow/.local/lib/python3.8/site-packages/airflow/example_dags/example_complex.py
[2024-03-16T23:55:19.857+0000] {processor.py:830} INFO - Processing file /home/airflow/.local/lib/python3.8/site-packages/airflow/example_dags/example_complex.py for tasks to queue
[2024-03-16T23:55:19.858+0000] {logging_mixin.py:188} INFO - [2024-03-16T23:55:19.858+0000] {dagbag.py:540} INFO - Filling up the DagBag from /home/airflow/.local/lib/python3.8/site-packages/airflow/example_dags/example_complex.py
[2024-03-16T23:55:19.866+0000] {processor.py:840} INFO - DAG(s) 'example_complex' retrieved from /home/airflow/.local/lib/python3.8/site-packages/airflow/example_dags/example_complex.py
[2024-03-16T23:55:19.887+0000] {logging_mixin.py:188} INFO - [2024-03-16T23:55:19.887+0000] {dag.py:3047} INFO - Sync 1 DAGs
[2024-03-16T23:55:19.896+0000] {logging_mixin.py:188} INFO - [2024-03-16T23:55:19.895+0000] {dag.py:3834} INFO - Setting next_dagrun for example_complex to None, run_after=None
[2024-03-16T23:55:19.909+0000] {processor.py:183} INFO - Processing /home/airflow/.local/lib/python3.8/site-packages/airflow/example_dags/example_complex.py took 0.055 seconds
[2024-03-16T23:55:50.532+0000] {processor.py:161} INFO - Started process (PID=322) to work on /home/airflow/.local/lib/python3.8/site-packages/airflow/example_dags/example_complex.py
[2024-03-16T23:55:50.533+0000] {processor.py:830} INFO - Processing file /home/airflow/.local/lib/python3.8/site-packages/airflow/example_dags/example_complex.py for tasks to queue
[2024-03-16T23:55:50.534+0000] {logging_mixin.py:188} INFO - [2024-03-16T23:55:50.533+0000] {dagbag.py:540} INFO - Filling up the DagBag from /home/airflow/.local/lib/python3.8/site-packages/airflow/example_dags/example_complex.py
[2024-03-16T23:55:50.541+0000] {processor.py:840} INFO - DAG(s) 'example_complex' retrieved from /home/airflow/.local/lib/python3.8/site-packages/airflow/example_dags/example_complex.py
[2024-03-16T23:55:50.562+0000] {logging_mixin.py:188} INFO - [2024-03-16T23:55:50.562+0000] {dag.py:3047} INFO - Sync 1 DAGs
[2024-03-16T23:55:50.571+0000] {logging_mixin.py:188} INFO - [2024-03-16T23:55:50.571+0000] {dag.py:3834} INFO - Setting next_dagrun for example_complex to None, run_after=None
[2024-03-16T23:55:50.584+0000] {processor.py:183} INFO - Processing /home/airflow/.local/lib/python3.8/site-packages/airflow/example_dags/example_complex.py took 0.054 seconds
[2024-03-16T23:59:43.950+0000] {processor.py:161} INFO - Started process (PID=48) to work on /home/airflow/.local/lib/python3.8/site-packages/airflow/example_dags/example_complex.py
[2024-03-16T23:59:43.951+0000] {processor.py:830} INFO - Processing file /home/airflow/.local/lib/python3.8/site-packages/airflow/example_dags/example_complex.py for tasks to queue
[2024-03-16T23:59:43.953+0000] {logging_mixin.py:188} INFO - [2024-03-16T23:59:43.952+0000] {dagbag.py:540} INFO - Filling up the DagBag from /home/airflow/.local/lib/python3.8/site-packages/airflow/example_dags/example_complex.py
[2024-03-16T23:59:43.966+0000] {processor.py:840} INFO - DAG(s) 'example_complex' retrieved from /home/airflow/.local/lib/python3.8/site-packages/airflow/example_dags/example_complex.py
[2024-03-16T23:59:43.977+0000] {logging_mixin.py:188} INFO - [2024-03-16T23:59:43.976+0000] {dag.py:3047} INFO - Sync 1 DAGs
[2024-03-16T23:59:43.988+0000] {logging_mixin.py:188} INFO - [2024-03-16T23:59:43.988+0000] {dag.py:3834} INFO - Setting next_dagrun for example_complex to None, run_after=None
[2024-03-16T23:59:44.005+0000] {processor.py:183} INFO - Processing /home/airflow/.local/lib/python3.8/site-packages/airflow/example_dags/example_complex.py took 0.058 seconds
