[2024-03-16T23:50:06.173+0000] {processor.py:161} INFO - Started process (PID=75) to work on /home/airflow/.local/lib/python3.8/site-packages/airflow/example_dags/example_dag_decorator.py
[2024-03-16T23:50:06.174+0000] {processor.py:830} INFO - Processing file /home/airflow/.local/lib/python3.8/site-packages/airflow/example_dags/example_dag_decorator.py for tasks to queue
[2024-03-16T23:50:06.176+0000] {logging_mixin.py:188} INFO - [2024-03-16T23:50:06.175+0000] {dagbag.py:540} INFO - Filling up the DagBag from /home/airflow/.local/lib/python3.8/site-packages/airflow/example_dags/example_dag_decorator.py
[2024-03-16T23:50:06.347+0000] {processor.py:840} INFO - DAG(s) 'example_dag_decorator' retrieved from /home/airflow/.local/lib/python3.8/site-packages/airflow/example_dags/example_dag_decorator.py
[2024-03-16T23:50:06.355+0000] {logging_mixin.py:188} INFO - [2024-03-16T23:50:06.355+0000] {dag.py:3047} INFO - Sync 1 DAGs
[2024-03-16T23:50:06.367+0000] {logging_mixin.py:188} INFO - [2024-03-16T23:50:06.367+0000] {dag.py:3834} INFO - Setting next_dagrun for example_dag_decorator to None, run_after=None
[2024-03-16T23:50:06.382+0000] {processor.py:183} INFO - Processing /home/airflow/.local/lib/python3.8/site-packages/airflow/example_dags/example_dag_decorator.py took 0.212 seconds
[2024-03-16T23:51:48.786+0000] {processor.py:161} INFO - Started process (PID=75) to work on /home/airflow/.local/lib/python3.8/site-packages/airflow/example_dags/example_dag_decorator.py
[2024-03-16T23:51:48.787+0000] {processor.py:830} INFO - Processing file /home/airflow/.local/lib/python3.8/site-packages/airflow/example_dags/example_dag_decorator.py for tasks to queue
[2024-03-16T23:51:48.788+0000] {logging_mixin.py:188} INFO - [2024-03-16T23:51:48.788+0000] {dagbag.py:540} INFO - Filling up the DagBag from /home/airflow/.local/lib/python3.8/site-packages/airflow/example_dags/example_dag_decorator.py
[2024-03-16T23:51:48.993+0000] {processor.py:840} INFO - DAG(s) 'example_dag_decorator' retrieved from /home/airflow/.local/lib/python3.8/site-packages/airflow/example_dags/example_dag_decorator.py
[2024-03-16T23:51:49.017+0000] {logging_mixin.py:188} INFO - [2024-03-16T23:51:49.016+0000] {dag.py:3047} INFO - Sync 1 DAGs
[2024-03-16T23:51:49.041+0000] {logging_mixin.py:188} INFO - [2024-03-16T23:51:49.041+0000] {dag.py:3834} INFO - Setting next_dagrun for example_dag_decorator to None, run_after=None
[2024-03-16T23:51:49.065+0000] {processor.py:183} INFO - Processing /home/airflow/.local/lib/python3.8/site-packages/airflow/example_dags/example_dag_decorator.py took 0.282 seconds
[2024-03-16T23:53:17.647+0000] {processor.py:161} INFO - Started process (PID=75) to work on /home/airflow/.local/lib/python3.8/site-packages/airflow/example_dags/example_dag_decorator.py
[2024-03-16T23:53:17.648+0000] {processor.py:830} INFO - Processing file /home/airflow/.local/lib/python3.8/site-packages/airflow/example_dags/example_dag_decorator.py for tasks to queue
[2024-03-16T23:53:17.649+0000] {logging_mixin.py:188} INFO - [2024-03-16T23:53:17.649+0000] {dagbag.py:540} INFO - Filling up the DagBag from /home/airflow/.local/lib/python3.8/site-packages/airflow/example_dags/example_dag_decorator.py
[2024-03-16T23:53:17.804+0000] {processor.py:840} INFO - DAG(s) 'example_dag_decorator' retrieved from /home/airflow/.local/lib/python3.8/site-packages/airflow/example_dags/example_dag_decorator.py
[2024-03-16T23:53:17.812+0000] {logging_mixin.py:188} INFO - [2024-03-16T23:53:17.812+0000] {dag.py:3047} INFO - Sync 1 DAGs
[2024-03-16T23:53:17.823+0000] {logging_mixin.py:188} INFO - [2024-03-16T23:53:17.823+0000] {dag.py:3834} INFO - Setting next_dagrun for example_dag_decorator to None, run_after=None
[2024-03-16T23:53:17.842+0000] {processor.py:183} INFO - Processing /home/airflow/.local/lib/python3.8/site-packages/airflow/example_dags/example_dag_decorator.py took 0.197 seconds
[2024-03-16T23:53:49.417+0000] {processor.py:161} INFO - Started process (PID=130) to work on /home/airflow/.local/lib/python3.8/site-packages/airflow/example_dags/example_dag_decorator.py
[2024-03-16T23:53:49.418+0000] {processor.py:830} INFO - Processing file /home/airflow/.local/lib/python3.8/site-packages/airflow/example_dags/example_dag_decorator.py for tasks to queue
[2024-03-16T23:53:49.419+0000] {logging_mixin.py:188} INFO - [2024-03-16T23:53:49.418+0000] {dagbag.py:540} INFO - Filling up the DagBag from /home/airflow/.local/lib/python3.8/site-packages/airflow/example_dags/example_dag_decorator.py
[2024-03-16T23:53:49.485+0000] {processor.py:840} INFO - DAG(s) 'example_dag_decorator' retrieved from /home/airflow/.local/lib/python3.8/site-packages/airflow/example_dags/example_dag_decorator.py
[2024-03-16T23:53:49.557+0000] {logging_mixin.py:188} INFO - [2024-03-16T23:53:49.557+0000] {dag.py:3047} INFO - Sync 1 DAGs
[2024-03-16T23:53:49.565+0000] {logging_mixin.py:188} INFO - [2024-03-16T23:53:49.564+0000] {dag.py:3834} INFO - Setting next_dagrun for example_dag_decorator to None, run_after=None
[2024-03-16T23:53:49.578+0000] {processor.py:183} INFO - Processing /home/airflow/.local/lib/python3.8/site-packages/airflow/example_dags/example_dag_decorator.py took 0.163 seconds
[2024-03-16T23:54:20.423+0000] {processor.py:161} INFO - Started process (PID=185) to work on /home/airflow/.local/lib/python3.8/site-packages/airflow/example_dags/example_dag_decorator.py
[2024-03-16T23:54:20.424+0000] {processor.py:830} INFO - Processing file /home/airflow/.local/lib/python3.8/site-packages/airflow/example_dags/example_dag_decorator.py for tasks to queue
[2024-03-16T23:54:20.425+0000] {logging_mixin.py:188} INFO - [2024-03-16T23:54:20.425+0000] {dagbag.py:540} INFO - Filling up the DagBag from /home/airflow/.local/lib/python3.8/site-packages/airflow/example_dags/example_dag_decorator.py
[2024-03-16T23:54:20.492+0000] {processor.py:840} INFO - DAG(s) 'example_dag_decorator' retrieved from /home/airflow/.local/lib/python3.8/site-packages/airflow/example_dags/example_dag_decorator.py
[2024-03-16T23:54:20.570+0000] {logging_mixin.py:188} INFO - [2024-03-16T23:54:20.570+0000] {dag.py:3047} INFO - Sync 1 DAGs
[2024-03-16T23:54:20.579+0000] {logging_mixin.py:188} INFO - [2024-03-16T23:54:20.579+0000] {dag.py:3834} INFO - Setting next_dagrun for example_dag_decorator to None, run_after=None
[2024-03-16T23:54:20.592+0000] {processor.py:183} INFO - Processing /home/airflow/.local/lib/python3.8/site-packages/airflow/example_dags/example_dag_decorator.py took 0.172 seconds
[2024-03-16T23:54:51.117+0000] {processor.py:161} INFO - Started process (PID=240) to work on /home/airflow/.local/lib/python3.8/site-packages/airflow/example_dags/example_dag_decorator.py
[2024-03-16T23:54:51.118+0000] {processor.py:830} INFO - Processing file /home/airflow/.local/lib/python3.8/site-packages/airflow/example_dags/example_dag_decorator.py for tasks to queue
[2024-03-16T23:54:51.119+0000] {logging_mixin.py:188} INFO - [2024-03-16T23:54:51.119+0000] {dagbag.py:540} INFO - Filling up the DagBag from /home/airflow/.local/lib/python3.8/site-packages/airflow/example_dags/example_dag_decorator.py
[2024-03-16T23:54:51.187+0000] {processor.py:840} INFO - DAG(s) 'example_dag_decorator' retrieved from /home/airflow/.local/lib/python3.8/site-packages/airflow/example_dags/example_dag_decorator.py
[2024-03-16T23:54:51.260+0000] {logging_mixin.py:188} INFO - [2024-03-16T23:54:51.260+0000] {dag.py:3047} INFO - Sync 1 DAGs
[2024-03-16T23:54:51.268+0000] {logging_mixin.py:188} INFO - [2024-03-16T23:54:51.268+0000] {dag.py:3834} INFO - Setting next_dagrun for example_dag_decorator to None, run_after=None
[2024-03-16T23:54:51.282+0000] {processor.py:183} INFO - Processing /home/airflow/.local/lib/python3.8/site-packages/airflow/example_dags/example_dag_decorator.py took 0.166 seconds
[2024-03-16T23:55:21.787+0000] {processor.py:161} INFO - Started process (PID=295) to work on /home/airflow/.local/lib/python3.8/site-packages/airflow/example_dags/example_dag_decorator.py
[2024-03-16T23:55:21.788+0000] {processor.py:830} INFO - Processing file /home/airflow/.local/lib/python3.8/site-packages/airflow/example_dags/example_dag_decorator.py for tasks to queue
[2024-03-16T23:55:21.789+0000] {logging_mixin.py:188} INFO - [2024-03-16T23:55:21.789+0000] {dagbag.py:540} INFO - Filling up the DagBag from /home/airflow/.local/lib/python3.8/site-packages/airflow/example_dags/example_dag_decorator.py
[2024-03-16T23:55:21.857+0000] {processor.py:840} INFO - DAG(s) 'example_dag_decorator' retrieved from /home/airflow/.local/lib/python3.8/site-packages/airflow/example_dags/example_dag_decorator.py
[2024-03-16T23:55:21.940+0000] {logging_mixin.py:188} INFO - [2024-03-16T23:55:21.939+0000] {dag.py:3047} INFO - Sync 1 DAGs
[2024-03-16T23:55:21.947+0000] {logging_mixin.py:188} INFO - [2024-03-16T23:55:21.947+0000] {dag.py:3834} INFO - Setting next_dagrun for example_dag_decorator to None, run_after=None
[2024-03-16T23:55:21.960+0000] {processor.py:183} INFO - Processing /home/airflow/.local/lib/python3.8/site-packages/airflow/example_dags/example_dag_decorator.py took 0.175 seconds
[2024-03-16T23:55:52.485+0000] {processor.py:161} INFO - Started process (PID=350) to work on /home/airflow/.local/lib/python3.8/site-packages/airflow/example_dags/example_dag_decorator.py
[2024-03-16T23:55:52.486+0000] {processor.py:830} INFO - Processing file /home/airflow/.local/lib/python3.8/site-packages/airflow/example_dags/example_dag_decorator.py for tasks to queue
[2024-03-16T23:55:52.487+0000] {logging_mixin.py:188} INFO - [2024-03-16T23:55:52.487+0000] {dagbag.py:540} INFO - Filling up the DagBag from /home/airflow/.local/lib/python3.8/site-packages/airflow/example_dags/example_dag_decorator.py
[2024-03-16T23:55:52.555+0000] {processor.py:840} INFO - DAG(s) 'example_dag_decorator' retrieved from /home/airflow/.local/lib/python3.8/site-packages/airflow/example_dags/example_dag_decorator.py
[2024-03-16T23:55:52.632+0000] {logging_mixin.py:188} INFO - [2024-03-16T23:55:52.632+0000] {dag.py:3047} INFO - Sync 1 DAGs
[2024-03-16T23:55:52.641+0000] {logging_mixin.py:188} INFO - [2024-03-16T23:55:52.641+0000] {dag.py:3834} INFO - Setting next_dagrun for example_dag_decorator to None, run_after=None
[2024-03-16T23:55:52.654+0000] {processor.py:183} INFO - Processing /home/airflow/.local/lib/python3.8/site-packages/airflow/example_dags/example_dag_decorator.py took 0.170 seconds
[2024-03-16T23:59:45.283+0000] {processor.py:161} INFO - Started process (PID=76) to work on /home/airflow/.local/lib/python3.8/site-packages/airflow/example_dags/example_dag_decorator.py
[2024-03-16T23:59:45.283+0000] {processor.py:830} INFO - Processing file /home/airflow/.local/lib/python3.8/site-packages/airflow/example_dags/example_dag_decorator.py for tasks to queue
[2024-03-16T23:59:45.284+0000] {logging_mixin.py:188} INFO - [2024-03-16T23:59:45.284+0000] {dagbag.py:540} INFO - Filling up the DagBag from /home/airflow/.local/lib/python3.8/site-packages/airflow/example_dags/example_dag_decorator.py
[2024-03-16T23:59:45.444+0000] {processor.py:840} INFO - DAG(s) 'example_dag_decorator' retrieved from /home/airflow/.local/lib/python3.8/site-packages/airflow/example_dags/example_dag_decorator.py
[2024-03-16T23:59:45.452+0000] {logging_mixin.py:188} INFO - [2024-03-16T23:59:45.451+0000] {dag.py:3047} INFO - Sync 1 DAGs
[2024-03-16T23:59:45.462+0000] {logging_mixin.py:188} INFO - [2024-03-16T23:59:45.461+0000] {dag.py:3834} INFO - Setting next_dagrun for example_dag_decorator to None, run_after=None
[2024-03-16T23:59:45.475+0000] {processor.py:183} INFO - Processing /home/airflow/.local/lib/python3.8/site-packages/airflow/example_dags/example_dag_decorator.py took 0.194 seconds
