[2024-03-16T23:50:05.119+0000] {processor.py:161} INFO - Started process (PID=49) to work on /home/airflow/.local/lib/python3.8/site-packages/airflow/example_dags/example_xcom.py
[2024-03-16T23:50:05.120+0000] {processor.py:830} INFO - Processing file /home/airflow/.local/lib/python3.8/site-packages/airflow/example_dags/example_xcom.py for tasks to queue
[2024-03-16T23:50:05.121+0000] {logging_mixin.py:188} INFO - [2024-03-16T23:50:05.121+0000] {dagbag.py:540} INFO - Filling up the DagBag from /home/airflow/.local/lib/python3.8/site-packages/airflow/example_dags/example_xcom.py
[2024-03-16T23:50:05.128+0000] {processor.py:840} INFO - DAG(s) 'example_xcom' retrieved from /home/airflow/.local/lib/python3.8/site-packages/airflow/example_dags/example_xcom.py
[2024-03-16T23:50:05.137+0000] {logging_mixin.py:188} INFO - [2024-03-16T23:50:05.136+0000] {dag.py:3047} INFO - Sync 1 DAGs
[2024-03-16T23:50:05.155+0000] {logging_mixin.py:188} INFO - [2024-03-16T23:50:05.154+0000] {dag.py:3834} INFO - Setting next_dagrun for example_xcom to 2021-01-01 00:00:00+00:00, run_after=2021-01-01 00:00:00+00:00
[2024-03-16T23:50:05.169+0000] {processor.py:183} INFO - Processing /home/airflow/.local/lib/python3.8/site-packages/airflow/example_dags/example_xcom.py took 0.051 seconds
[2024-03-16T23:51:47.790+0000] {processor.py:161} INFO - Started process (PID=49) to work on /home/airflow/.local/lib/python3.8/site-packages/airflow/example_dags/example_xcom.py
[2024-03-16T23:51:47.791+0000] {processor.py:830} INFO - Processing file /home/airflow/.local/lib/python3.8/site-packages/airflow/example_dags/example_xcom.py for tasks to queue
[2024-03-16T23:51:47.793+0000] {logging_mixin.py:188} INFO - [2024-03-16T23:51:47.793+0000] {dagbag.py:540} INFO - Filling up the DagBag from /home/airflow/.local/lib/python3.8/site-packages/airflow/example_dags/example_xcom.py
[2024-03-16T23:51:47.802+0000] {processor.py:840} INFO - DAG(s) 'example_xcom' retrieved from /home/airflow/.local/lib/python3.8/site-packages/airflow/example_dags/example_xcom.py
[2024-03-16T23:51:47.813+0000] {logging_mixin.py:188} INFO - [2024-03-16T23:51:47.812+0000] {dag.py:3047} INFO - Sync 1 DAGs
[2024-03-16T23:51:47.830+0000] {logging_mixin.py:188} INFO - [2024-03-16T23:51:47.830+0000] {dag.py:3834} INFO - Setting next_dagrun for example_xcom to 2021-01-01 00:00:00+00:00, run_after=2021-01-01 00:00:00+00:00
[2024-03-16T23:51:47.846+0000] {processor.py:183} INFO - Processing /home/airflow/.local/lib/python3.8/site-packages/airflow/example_dags/example_xcom.py took 0.058 seconds
[2024-03-16T23:53:16.654+0000] {processor.py:161} INFO - Started process (PID=49) to work on /home/airflow/.local/lib/python3.8/site-packages/airflow/example_dags/example_xcom.py
[2024-03-16T23:53:16.657+0000] {processor.py:830} INFO - Processing file /home/airflow/.local/lib/python3.8/site-packages/airflow/example_dags/example_xcom.py for tasks to queue
[2024-03-16T23:53:16.658+0000] {logging_mixin.py:188} INFO - [2024-03-16T23:53:16.658+0000] {dagbag.py:540} INFO - Filling up the DagBag from /home/airflow/.local/lib/python3.8/site-packages/airflow/example_dags/example_xcom.py
[2024-03-16T23:53:16.665+0000] {processor.py:840} INFO - DAG(s) 'example_xcom' retrieved from /home/airflow/.local/lib/python3.8/site-packages/airflow/example_dags/example_xcom.py
[2024-03-16T23:53:16.674+0000] {logging_mixin.py:188} INFO - [2024-03-16T23:53:16.673+0000] {dag.py:3047} INFO - Sync 1 DAGs
[2024-03-16T23:53:16.691+0000] {logging_mixin.py:188} INFO - [2024-03-16T23:53:16.691+0000] {dag.py:3834} INFO - Setting next_dagrun for example_xcom to 2021-01-01 00:00:00+00:00, run_after=2021-01-01 00:00:00+00:00
[2024-03-16T23:53:16.704+0000] {processor.py:183} INFO - Processing /home/airflow/.local/lib/python3.8/site-packages/airflow/example_dags/example_xcom.py took 0.053 seconds
[2024-03-16T23:53:47.738+0000] {processor.py:161} INFO - Started process (PID=104) to work on /home/airflow/.local/lib/python3.8/site-packages/airflow/example_dags/example_xcom.py
[2024-03-16T23:53:47.739+0000] {processor.py:830} INFO - Processing file /home/airflow/.local/lib/python3.8/site-packages/airflow/example_dags/example_xcom.py for tasks to queue
[2024-03-16T23:53:47.740+0000] {logging_mixin.py:188} INFO - [2024-03-16T23:53:47.740+0000] {dagbag.py:540} INFO - Filling up the DagBag from /home/airflow/.local/lib/python3.8/site-packages/airflow/example_dags/example_xcom.py
[2024-03-16T23:53:47.745+0000] {processor.py:840} INFO - DAG(s) 'example_xcom' retrieved from /home/airflow/.local/lib/python3.8/site-packages/airflow/example_dags/example_xcom.py
[2024-03-16T23:53:47.816+0000] {logging_mixin.py:188} INFO - [2024-03-16T23:53:47.816+0000] {dag.py:3047} INFO - Sync 1 DAGs
[2024-03-16T23:53:47.831+0000] {logging_mixin.py:188} INFO - [2024-03-16T23:53:47.831+0000] {dag.py:3834} INFO - Setting next_dagrun for example_xcom to 2021-01-01 00:00:00+00:00, run_after=2021-01-01 00:00:00+00:00
[2024-03-16T23:53:47.845+0000] {processor.py:183} INFO - Processing /home/airflow/.local/lib/python3.8/site-packages/airflow/example_dags/example_xcom.py took 0.109 seconds
[2024-03-16T23:54:18.365+0000] {processor.py:161} INFO - Started process (PID=159) to work on /home/airflow/.local/lib/python3.8/site-packages/airflow/example_dags/example_xcom.py
[2024-03-16T23:54:18.365+0000] {processor.py:830} INFO - Processing file /home/airflow/.local/lib/python3.8/site-packages/airflow/example_dags/example_xcom.py for tasks to queue
[2024-03-16T23:54:18.366+0000] {logging_mixin.py:188} INFO - [2024-03-16T23:54:18.366+0000] {dagbag.py:540} INFO - Filling up the DagBag from /home/airflow/.local/lib/python3.8/site-packages/airflow/example_dags/example_xcom.py
[2024-03-16T23:54:18.371+0000] {processor.py:840} INFO - DAG(s) 'example_xcom' retrieved from /home/airflow/.local/lib/python3.8/site-packages/airflow/example_dags/example_xcom.py
[2024-03-16T23:54:18.386+0000] {logging_mixin.py:188} INFO - [2024-03-16T23:54:18.386+0000] {dag.py:3047} INFO - Sync 1 DAGs
[2024-03-16T23:54:18.401+0000] {logging_mixin.py:188} INFO - [2024-03-16T23:54:18.401+0000] {dag.py:3834} INFO - Setting next_dagrun for example_xcom to 2021-01-01 00:00:00+00:00, run_after=2021-01-01 00:00:00+00:00
[2024-03-16T23:54:18.415+0000] {processor.py:183} INFO - Processing /home/airflow/.local/lib/python3.8/site-packages/airflow/example_dags/example_xcom.py took 0.052 seconds
[2024-03-16T23:54:49.236+0000] {processor.py:161} INFO - Started process (PID=214) to work on /home/airflow/.local/lib/python3.8/site-packages/airflow/example_dags/example_xcom.py
[2024-03-16T23:54:49.237+0000] {processor.py:830} INFO - Processing file /home/airflow/.local/lib/python3.8/site-packages/airflow/example_dags/example_xcom.py for tasks to queue
[2024-03-16T23:54:49.238+0000] {logging_mixin.py:188} INFO - [2024-03-16T23:54:49.238+0000] {dagbag.py:540} INFO - Filling up the DagBag from /home/airflow/.local/lib/python3.8/site-packages/airflow/example_dags/example_xcom.py
[2024-03-16T23:54:49.243+0000] {processor.py:840} INFO - DAG(s) 'example_xcom' retrieved from /home/airflow/.local/lib/python3.8/site-packages/airflow/example_dags/example_xcom.py
[2024-03-16T23:54:49.256+0000] {logging_mixin.py:188} INFO - [2024-03-16T23:54:49.256+0000] {dag.py:3047} INFO - Sync 1 DAGs
[2024-03-16T23:54:49.271+0000] {logging_mixin.py:188} INFO - [2024-03-16T23:54:49.271+0000] {dag.py:3834} INFO - Setting next_dagrun for example_xcom to 2021-01-01 00:00:00+00:00, run_after=2021-01-01 00:00:00+00:00
[2024-03-16T23:54:49.283+0000] {processor.py:183} INFO - Processing /home/airflow/.local/lib/python3.8/site-packages/airflow/example_dags/example_xcom.py took 0.049 seconds
[2024-03-16T23:55:19.921+0000] {processor.py:161} INFO - Started process (PID=269) to work on /home/airflow/.local/lib/python3.8/site-packages/airflow/example_dags/example_xcom.py
[2024-03-16T23:55:19.922+0000] {processor.py:830} INFO - Processing file /home/airflow/.local/lib/python3.8/site-packages/airflow/example_dags/example_xcom.py for tasks to queue
[2024-03-16T23:55:19.923+0000] {logging_mixin.py:188} INFO - [2024-03-16T23:55:19.923+0000] {dagbag.py:540} INFO - Filling up the DagBag from /home/airflow/.local/lib/python3.8/site-packages/airflow/example_dags/example_xcom.py
[2024-03-16T23:55:19.928+0000] {processor.py:840} INFO - DAG(s) 'example_xcom' retrieved from /home/airflow/.local/lib/python3.8/site-packages/airflow/example_dags/example_xcom.py
[2024-03-16T23:55:19.941+0000] {logging_mixin.py:188} INFO - [2024-03-16T23:55:19.941+0000] {dag.py:3047} INFO - Sync 1 DAGs
[2024-03-16T23:55:19.955+0000] {logging_mixin.py:188} INFO - [2024-03-16T23:55:19.955+0000] {dag.py:3834} INFO - Setting next_dagrun for example_xcom to 2021-01-01 00:00:00+00:00, run_after=2021-01-01 00:00:00+00:00
[2024-03-16T23:55:19.968+0000] {processor.py:183} INFO - Processing /home/airflow/.local/lib/python3.8/site-packages/airflow/example_dags/example_xcom.py took 0.049 seconds
[2024-03-16T23:55:50.597+0000] {processor.py:161} INFO - Started process (PID=324) to work on /home/airflow/.local/lib/python3.8/site-packages/airflow/example_dags/example_xcom.py
[2024-03-16T23:55:50.598+0000] {processor.py:830} INFO - Processing file /home/airflow/.local/lib/python3.8/site-packages/airflow/example_dags/example_xcom.py for tasks to queue
[2024-03-16T23:55:50.599+0000] {logging_mixin.py:188} INFO - [2024-03-16T23:55:50.598+0000] {dagbag.py:540} INFO - Filling up the DagBag from /home/airflow/.local/lib/python3.8/site-packages/airflow/example_dags/example_xcom.py
[2024-03-16T23:55:50.603+0000] {processor.py:840} INFO - DAG(s) 'example_xcom' retrieved from /home/airflow/.local/lib/python3.8/site-packages/airflow/example_dags/example_xcom.py
[2024-03-16T23:55:50.616+0000] {logging_mixin.py:188} INFO - [2024-03-16T23:55:50.616+0000] {dag.py:3047} INFO - Sync 1 DAGs
[2024-03-16T23:55:50.631+0000] {logging_mixin.py:188} INFO - [2024-03-16T23:55:50.631+0000] {dag.py:3834} INFO - Setting next_dagrun for example_xcom to 2021-01-01 00:00:00+00:00, run_after=2021-01-01 00:00:00+00:00
[2024-03-16T23:55:50.645+0000] {processor.py:183} INFO - Processing /home/airflow/.local/lib/python3.8/site-packages/airflow/example_dags/example_xcom.py took 0.050 seconds
[2024-03-16T23:59:44.035+0000] {processor.py:161} INFO - Started process (PID=50) to work on /home/airflow/.local/lib/python3.8/site-packages/airflow/example_dags/example_xcom.py
[2024-03-16T23:59:44.037+0000] {processor.py:830} INFO - Processing file /home/airflow/.local/lib/python3.8/site-packages/airflow/example_dags/example_xcom.py for tasks to queue
[2024-03-16T23:59:44.039+0000] {logging_mixin.py:188} INFO - [2024-03-16T23:59:44.039+0000] {dagbag.py:540} INFO - Filling up the DagBag from /home/airflow/.local/lib/python3.8/site-packages/airflow/example_dags/example_xcom.py
[2024-03-16T23:59:44.048+0000] {processor.py:840} INFO - DAG(s) 'example_xcom' retrieved from /home/airflow/.local/lib/python3.8/site-packages/airflow/example_dags/example_xcom.py
[2024-03-16T23:59:44.063+0000] {logging_mixin.py:188} INFO - [2024-03-16T23:59:44.063+0000] {dag.py:3047} INFO - Sync 1 DAGs
[2024-03-16T23:59:44.087+0000] {logging_mixin.py:188} INFO - [2024-03-16T23:59:44.087+0000] {dag.py:3834} INFO - Setting next_dagrun for example_xcom to 2021-01-01 00:00:00+00:00, run_after=2021-01-01 00:00:00+00:00
[2024-03-16T23:59:44.105+0000] {processor.py:183} INFO - Processing /home/airflow/.local/lib/python3.8/site-packages/airflow/example_dags/example_xcom.py took 0.073 seconds
