[2024-03-16T23:50:05.588+0000] {processor.py:161} INFO - Started process (PID=63) to work on /home/airflow/.local/lib/python3.8/site-packages/airflow/example_dags/example_python_decorator.py
[2024-03-16T23:50:05.588+0000] {processor.py:830} INFO - Processing file /home/airflow/.local/lib/python3.8/site-packages/airflow/example_dags/example_python_decorator.py for tasks to queue
[2024-03-16T23:50:05.589+0000] {logging_mixin.py:188} INFO - [2024-03-16T23:50:05.589+0000] {dagbag.py:540} INFO - Filling up the DagBag from /home/airflow/.local/lib/python3.8/site-packages/airflow/example_dags/example_python_decorator.py
[2024-03-16T23:50:05.599+0000] {processor.py:840} INFO - DAG(s) 'example_python_decorator' retrieved from /home/airflow/.local/lib/python3.8/site-packages/airflow/example_dags/example_python_decorator.py
[2024-03-16T23:50:05.609+0000] {logging_mixin.py:188} INFO - [2024-03-16T23:50:05.608+0000] {dag.py:3047} INFO - Sync 1 DAGs
[2024-03-16T23:50:05.618+0000] {logging_mixin.py:188} INFO - [2024-03-16T23:50:05.618+0000] {dag.py:3834} INFO - Setting next_dagrun for example_python_decorator to None, run_after=None
[2024-03-16T23:50:05.634+0000] {processor.py:183} INFO - Processing /home/airflow/.local/lib/python3.8/site-packages/airflow/example_dags/example_python_decorator.py took 0.049 seconds
[2024-03-16T23:51:48.347+0000] {processor.py:161} INFO - Started process (PID=63) to work on /home/airflow/.local/lib/python3.8/site-packages/airflow/example_dags/example_python_decorator.py
[2024-03-16T23:51:48.348+0000] {processor.py:830} INFO - Processing file /home/airflow/.local/lib/python3.8/site-packages/airflow/example_dags/example_python_decorator.py for tasks to queue
[2024-03-16T23:51:48.349+0000] {logging_mixin.py:188} INFO - [2024-03-16T23:51:48.349+0000] {dagbag.py:540} INFO - Filling up the DagBag from /home/airflow/.local/lib/python3.8/site-packages/airflow/example_dags/example_python_decorator.py
[2024-03-16T23:51:48.359+0000] {processor.py:840} INFO - DAG(s) 'example_python_decorator' retrieved from /home/airflow/.local/lib/python3.8/site-packages/airflow/example_dags/example_python_decorator.py
[2024-03-16T23:51:48.366+0000] {logging_mixin.py:188} INFO - [2024-03-16T23:51:48.366+0000] {dag.py:3047} INFO - Sync 1 DAGs
[2024-03-16T23:51:48.377+0000] {logging_mixin.py:188} INFO - [2024-03-16T23:51:48.377+0000] {dag.py:3834} INFO - Setting next_dagrun for example_python_decorator to None, run_after=None
[2024-03-16T23:51:48.390+0000] {processor.py:183} INFO - Processing /home/airflow/.local/lib/python3.8/site-packages/airflow/example_dags/example_python_decorator.py took 0.045 seconds
[2024-03-16T23:53:17.128+0000] {processor.py:161} INFO - Started process (PID=63) to work on /home/airflow/.local/lib/python3.8/site-packages/airflow/example_dags/example_python_decorator.py
[2024-03-16T23:53:17.129+0000] {processor.py:830} INFO - Processing file /home/airflow/.local/lib/python3.8/site-packages/airflow/example_dags/example_python_decorator.py for tasks to queue
[2024-03-16T23:53:17.130+0000] {logging_mixin.py:188} INFO - [2024-03-16T23:53:17.130+0000] {dagbag.py:540} INFO - Filling up the DagBag from /home/airflow/.local/lib/python3.8/site-packages/airflow/example_dags/example_python_decorator.py
[2024-03-16T23:53:17.144+0000] {processor.py:840} INFO - DAG(s) 'example_python_decorator' retrieved from /home/airflow/.local/lib/python3.8/site-packages/airflow/example_dags/example_python_decorator.py
[2024-03-16T23:53:17.155+0000] {logging_mixin.py:188} INFO - [2024-03-16T23:53:17.154+0000] {dag.py:3047} INFO - Sync 1 DAGs
[2024-03-16T23:53:17.166+0000] {logging_mixin.py:188} INFO - [2024-03-16T23:53:17.166+0000] {dag.py:3834} INFO - Setting next_dagrun for example_python_decorator to None, run_after=None
[2024-03-16T23:53:17.184+0000] {processor.py:183} INFO - Processing /home/airflow/.local/lib/python3.8/site-packages/airflow/example_dags/example_python_decorator.py took 0.058 seconds
[2024-03-16T23:53:48.597+0000] {processor.py:161} INFO - Started process (PID=118) to work on /home/airflow/.local/lib/python3.8/site-packages/airflow/example_dags/example_python_decorator.py
[2024-03-16T23:53:48.598+0000] {processor.py:830} INFO - Processing file /home/airflow/.local/lib/python3.8/site-packages/airflow/example_dags/example_python_decorator.py for tasks to queue
[2024-03-16T23:53:48.599+0000] {logging_mixin.py:188} INFO - [2024-03-16T23:53:48.599+0000] {dagbag.py:540} INFO - Filling up the DagBag from /home/airflow/.local/lib/python3.8/site-packages/airflow/example_dags/example_python_decorator.py
[2024-03-16T23:53:48.607+0000] {processor.py:840} INFO - DAG(s) 'example_python_decorator' retrieved from /home/airflow/.local/lib/python3.8/site-packages/airflow/example_dags/example_python_decorator.py
[2024-03-16T23:53:48.676+0000] {logging_mixin.py:188} INFO - [2024-03-16T23:53:48.676+0000] {dag.py:3047} INFO - Sync 1 DAGs
[2024-03-16T23:53:48.684+0000] {logging_mixin.py:188} INFO - [2024-03-16T23:53:48.683+0000] {dag.py:3834} INFO - Setting next_dagrun for example_python_decorator to None, run_after=None
[2024-03-16T23:53:48.697+0000] {processor.py:183} INFO - Processing /home/airflow/.local/lib/python3.8/site-packages/airflow/example_dags/example_python_decorator.py took 0.102 seconds
[2024-03-16T23:54:18.828+0000] {processor.py:161} INFO - Started process (PID=173) to work on /home/airflow/.local/lib/python3.8/site-packages/airflow/example_dags/example_python_decorator.py
[2024-03-16T23:54:18.828+0000] {processor.py:830} INFO - Processing file /home/airflow/.local/lib/python3.8/site-packages/airflow/example_dags/example_python_decorator.py for tasks to queue
[2024-03-16T23:54:18.829+0000] {logging_mixin.py:188} INFO - [2024-03-16T23:54:18.829+0000] {dagbag.py:540} INFO - Filling up the DagBag from /home/airflow/.local/lib/python3.8/site-packages/airflow/example_dags/example_python_decorator.py
[2024-03-16T23:54:18.837+0000] {processor.py:840} INFO - DAG(s) 'example_python_decorator' retrieved from /home/airflow/.local/lib/python3.8/site-packages/airflow/example_dags/example_python_decorator.py
[2024-03-16T23:54:18.852+0000] {logging_mixin.py:188} INFO - [2024-03-16T23:54:18.852+0000] {dag.py:3047} INFO - Sync 1 DAGs
[2024-03-16T23:54:18.861+0000] {logging_mixin.py:188} INFO - [2024-03-16T23:54:18.860+0000] {dag.py:3834} INFO - Setting next_dagrun for example_python_decorator to None, run_after=None
[2024-03-16T23:54:18.874+0000] {processor.py:183} INFO - Processing /home/airflow/.local/lib/python3.8/site-packages/airflow/example_dags/example_python_decorator.py took 0.049 seconds
[2024-03-16T23:54:49.684+0000] {processor.py:161} INFO - Started process (PID=228) to work on /home/airflow/.local/lib/python3.8/site-packages/airflow/example_dags/example_python_decorator.py
[2024-03-16T23:54:49.685+0000] {processor.py:830} INFO - Processing file /home/airflow/.local/lib/python3.8/site-packages/airflow/example_dags/example_python_decorator.py for tasks to queue
[2024-03-16T23:54:49.686+0000] {logging_mixin.py:188} INFO - [2024-03-16T23:54:49.686+0000] {dagbag.py:540} INFO - Filling up the DagBag from /home/airflow/.local/lib/python3.8/site-packages/airflow/example_dags/example_python_decorator.py
[2024-03-16T23:54:49.697+0000] {processor.py:840} INFO - DAG(s) 'example_python_decorator' retrieved from /home/airflow/.local/lib/python3.8/site-packages/airflow/example_dags/example_python_decorator.py
[2024-03-16T23:54:49.715+0000] {logging_mixin.py:188} INFO - [2024-03-16T23:54:49.715+0000] {dag.py:3047} INFO - Sync 1 DAGs
[2024-03-16T23:54:49.724+0000] {logging_mixin.py:188} INFO - [2024-03-16T23:54:49.724+0000] {dag.py:3834} INFO - Setting next_dagrun for example_python_decorator to None, run_after=None
[2024-03-16T23:54:49.737+0000] {processor.py:183} INFO - Processing /home/airflow/.local/lib/python3.8/site-packages/airflow/example_dags/example_python_decorator.py took 0.055 seconds
[2024-03-16T23:55:20.366+0000] {processor.py:161} INFO - Started process (PID=283) to work on /home/airflow/.local/lib/python3.8/site-packages/airflow/example_dags/example_python_decorator.py
[2024-03-16T23:55:20.367+0000] {processor.py:830} INFO - Processing file /home/airflow/.local/lib/python3.8/site-packages/airflow/example_dags/example_python_decorator.py for tasks to queue
[2024-03-16T23:55:20.368+0000] {logging_mixin.py:188} INFO - [2024-03-16T23:55:20.368+0000] {dagbag.py:540} INFO - Filling up the DagBag from /home/airflow/.local/lib/python3.8/site-packages/airflow/example_dags/example_python_decorator.py
[2024-03-16T23:55:20.376+0000] {processor.py:840} INFO - DAG(s) 'example_python_decorator' retrieved from /home/airflow/.local/lib/python3.8/site-packages/airflow/example_dags/example_python_decorator.py
[2024-03-16T23:55:20.389+0000] {logging_mixin.py:188} INFO - [2024-03-16T23:55:20.389+0000] {dag.py:3047} INFO - Sync 1 DAGs
[2024-03-16T23:55:20.397+0000] {logging_mixin.py:188} INFO - [2024-03-16T23:55:20.397+0000] {dag.py:3834} INFO - Setting next_dagrun for example_python_decorator to None, run_after=None
[2024-03-16T23:55:20.409+0000] {processor.py:183} INFO - Processing /home/airflow/.local/lib/python3.8/site-packages/airflow/example_dags/example_python_decorator.py took 0.045 seconds
[2024-03-16T23:55:51.055+0000] {processor.py:161} INFO - Started process (PID=338) to work on /home/airflow/.local/lib/python3.8/site-packages/airflow/example_dags/example_python_decorator.py
[2024-03-16T23:55:51.056+0000] {processor.py:830} INFO - Processing file /home/airflow/.local/lib/python3.8/site-packages/airflow/example_dags/example_python_decorator.py for tasks to queue
[2024-03-16T23:55:51.057+0000] {logging_mixin.py:188} INFO - [2024-03-16T23:55:51.057+0000] {dagbag.py:540} INFO - Filling up the DagBag from /home/airflow/.local/lib/python3.8/site-packages/airflow/example_dags/example_python_decorator.py
[2024-03-16T23:55:51.065+0000] {processor.py:840} INFO - DAG(s) 'example_python_decorator' retrieved from /home/airflow/.local/lib/python3.8/site-packages/airflow/example_dags/example_python_decorator.py
[2024-03-16T23:55:51.080+0000] {logging_mixin.py:188} INFO - [2024-03-16T23:55:51.080+0000] {dag.py:3047} INFO - Sync 1 DAGs
[2024-03-16T23:55:51.088+0000] {logging_mixin.py:188} INFO - [2024-03-16T23:55:51.088+0000] {dag.py:3834} INFO - Setting next_dagrun for example_python_decorator to None, run_after=None
[2024-03-16T23:55:51.104+0000] {processor.py:183} INFO - Processing /home/airflow/.local/lib/python3.8/site-packages/airflow/example_dags/example_python_decorator.py took 0.051 seconds
[2024-03-16T23:59:44.685+0000] {processor.py:161} INFO - Started process (PID=64) to work on /home/airflow/.local/lib/python3.8/site-packages/airflow/example_dags/example_python_decorator.py
[2024-03-16T23:59:44.686+0000] {processor.py:830} INFO - Processing file /home/airflow/.local/lib/python3.8/site-packages/airflow/example_dags/example_python_decorator.py for tasks to queue
[2024-03-16T23:59:44.687+0000] {logging_mixin.py:188} INFO - [2024-03-16T23:59:44.687+0000] {dagbag.py:540} INFO - Filling up the DagBag from /home/airflow/.local/lib/python3.8/site-packages/airflow/example_dags/example_python_decorator.py
[2024-03-16T23:59:44.698+0000] {processor.py:840} INFO - DAG(s) 'example_python_decorator' retrieved from /home/airflow/.local/lib/python3.8/site-packages/airflow/example_dags/example_python_decorator.py
[2024-03-16T23:59:44.709+0000] {logging_mixin.py:188} INFO - [2024-03-16T23:59:44.708+0000] {dag.py:3047} INFO - Sync 1 DAGs
[2024-03-16T23:59:44.720+0000] {logging_mixin.py:188} INFO - [2024-03-16T23:59:44.720+0000] {dag.py:3834} INFO - Setting next_dagrun for example_python_decorator to None, run_after=None
[2024-03-16T23:59:44.742+0000] {processor.py:183} INFO - Processing /home/airflow/.local/lib/python3.8/site-packages/airflow/example_dags/example_python_decorator.py took 0.059 seconds
