[2024-03-16T23:50:05.761+0000] {processor.py:161} INFO - Started process (PID=67) to work on /home/airflow/.local/lib/python3.8/site-packages/airflow/example_dags/example_datasets.py
[2024-03-16T23:50:05.761+0000] {processor.py:830} INFO - Processing file /home/airflow/.local/lib/python3.8/site-packages/airflow/example_dags/example_datasets.py for tasks to queue
[2024-03-16T23:50:05.762+0000] {logging_mixin.py:188} INFO - [2024-03-16T23:50:05.762+0000] {dagbag.py:540} INFO - Filling up the DagBag from /home/airflow/.local/lib/python3.8/site-packages/airflow/example_dags/example_datasets.py
[2024-03-16T23:50:05.769+0000] {processor.py:840} INFO - DAG(s) 'dataset_produces_2', 'dataset_consumes_1_never_scheduled', 'dataset_consumes_1_and_2', 'dataset_produces_1', 'dataset_consumes_1', 'dataset_consumes_unknown_never_scheduled' retrieved from /home/airflow/.local/lib/python3.8/site-packages/airflow/example_dags/example_datasets.py
[2024-03-16T23:50:05.786+0000] {logging_mixin.py:188} INFO - [2024-03-16T23:50:05.785+0000] {dag.py:3047} INFO - Sync 6 DAGs
[2024-03-16T23:50:05.809+0000] {logging_mixin.py:188} INFO - [2024-03-16T23:50:05.809+0000] {dag.py:3834} INFO - Setting next_dagrun for dataset_consumes_1 to None, run_after=None
[2024-03-16T23:50:05.813+0000] {logging_mixin.py:188} INFO - [2024-03-16T23:50:05.812+0000] {dag.py:3834} INFO - Setting next_dagrun for dataset_consumes_1_and_2 to None, run_after=None
[2024-03-16T23:50:05.814+0000] {logging_mixin.py:188} INFO - [2024-03-16T23:50:05.814+0000] {dag.py:3834} INFO - Setting next_dagrun for dataset_consumes_1_never_scheduled to None, run_after=None
[2024-03-16T23:50:05.815+0000] {logging_mixin.py:188} INFO - [2024-03-16T23:50:05.815+0000] {dag.py:3834} INFO - Setting next_dagrun for dataset_consumes_unknown_never_scheduled to None, run_after=None
[2024-03-16T23:50:05.817+0000] {logging_mixin.py:188} INFO - [2024-03-16T23:50:05.817+0000] {dag.py:3834} INFO - Setting next_dagrun for dataset_produces_1 to 2024-03-15 00:00:00+00:00, run_after=2024-03-16 00:00:00+00:00
[2024-03-16T23:50:05.818+0000] {logging_mixin.py:188} INFO - [2024-03-16T23:50:05.818+0000] {dag.py:3834} INFO - Setting next_dagrun for dataset_produces_2 to None, run_after=None
[2024-03-16T23:50:05.850+0000] {processor.py:183} INFO - Processing /home/airflow/.local/lib/python3.8/site-packages/airflow/example_dags/example_datasets.py took 0.091 seconds
[2024-03-16T23:51:48.463+0000] {processor.py:161} INFO - Started process (PID=67) to work on /home/airflow/.local/lib/python3.8/site-packages/airflow/example_dags/example_datasets.py
[2024-03-16T23:51:48.464+0000] {processor.py:830} INFO - Processing file /home/airflow/.local/lib/python3.8/site-packages/airflow/example_dags/example_datasets.py for tasks to queue
[2024-03-16T23:51:48.465+0000] {logging_mixin.py:188} INFO - [2024-03-16T23:51:48.464+0000] {dagbag.py:540} INFO - Filling up the DagBag from /home/airflow/.local/lib/python3.8/site-packages/airflow/example_dags/example_datasets.py
[2024-03-16T23:51:48.471+0000] {processor.py:840} INFO - DAG(s) 'dataset_produces_2', 'dataset_consumes_1_never_scheduled', 'dataset_produces_1', 'dataset_consumes_1', 'dataset_consumes_1_and_2', 'dataset_consumes_unknown_never_scheduled' retrieved from /home/airflow/.local/lib/python3.8/site-packages/airflow/example_dags/example_datasets.py
[2024-03-16T23:51:48.482+0000] {logging_mixin.py:188} INFO - [2024-03-16T23:51:48.482+0000] {dag.py:3047} INFO - Sync 6 DAGs
[2024-03-16T23:51:48.499+0000] {logging_mixin.py:188} INFO - [2024-03-16T23:51:48.499+0000] {dag.py:3834} INFO - Setting next_dagrun for dataset_consumes_1 to None, run_after=None
[2024-03-16T23:51:48.502+0000] {logging_mixin.py:188} INFO - [2024-03-16T23:51:48.501+0000] {dag.py:3834} INFO - Setting next_dagrun for dataset_consumes_1_and_2 to None, run_after=None
[2024-03-16T23:51:48.503+0000] {logging_mixin.py:188} INFO - [2024-03-16T23:51:48.502+0000] {dag.py:3834} INFO - Setting next_dagrun for dataset_consumes_1_never_scheduled to None, run_after=None
[2024-03-16T23:51:48.503+0000] {logging_mixin.py:188} INFO - [2024-03-16T23:51:48.503+0000] {dag.py:3834} INFO - Setting next_dagrun for dataset_consumes_unknown_never_scheduled to None, run_after=None
[2024-03-16T23:51:48.505+0000] {logging_mixin.py:188} INFO - [2024-03-16T23:51:48.505+0000] {dag.py:3834} INFO - Setting next_dagrun for dataset_produces_1 to 2024-03-15 00:00:00+00:00, run_after=2024-03-16 00:00:00+00:00
[2024-03-16T23:51:48.506+0000] {logging_mixin.py:188} INFO - [2024-03-16T23:51:48.506+0000] {dag.py:3834} INFO - Setting next_dagrun for dataset_produces_2 to None, run_after=None
[2024-03-16T23:51:48.530+0000] {processor.py:183} INFO - Processing /home/airflow/.local/lib/python3.8/site-packages/airflow/example_dags/example_datasets.py took 0.069 seconds
[2024-03-16T23:53:17.276+0000] {processor.py:161} INFO - Started process (PID=67) to work on /home/airflow/.local/lib/python3.8/site-packages/airflow/example_dags/example_datasets.py
[2024-03-16T23:53:17.277+0000] {processor.py:830} INFO - Processing file /home/airflow/.local/lib/python3.8/site-packages/airflow/example_dags/example_datasets.py for tasks to queue
[2024-03-16T23:53:17.280+0000] {logging_mixin.py:188} INFO - [2024-03-16T23:53:17.279+0000] {dagbag.py:540} INFO - Filling up the DagBag from /home/airflow/.local/lib/python3.8/site-packages/airflow/example_dags/example_datasets.py
[2024-03-16T23:53:17.292+0000] {processor.py:840} INFO - DAG(s) 'dataset_produces_1', 'dataset_consumes_1_and_2', 'dataset_consumes_unknown_never_scheduled', 'dataset_consumes_1', 'dataset_produces_2', 'dataset_consumes_1_never_scheduled' retrieved from /home/airflow/.local/lib/python3.8/site-packages/airflow/example_dags/example_datasets.py
[2024-03-16T23:53:17.310+0000] {logging_mixin.py:188} INFO - [2024-03-16T23:53:17.309+0000] {dag.py:3047} INFO - Sync 6 DAGs
[2024-03-16T23:53:17.332+0000] {logging_mixin.py:188} INFO - [2024-03-16T23:53:17.332+0000] {dag.py:3834} INFO - Setting next_dagrun for dataset_consumes_1 to None, run_after=None
[2024-03-16T23:53:17.335+0000] {logging_mixin.py:188} INFO - [2024-03-16T23:53:17.335+0000] {dag.py:3834} INFO - Setting next_dagrun for dataset_consumes_1_and_2 to None, run_after=None
[2024-03-16T23:53:17.337+0000] {logging_mixin.py:188} INFO - [2024-03-16T23:53:17.337+0000] {dag.py:3834} INFO - Setting next_dagrun for dataset_consumes_1_never_scheduled to None, run_after=None
[2024-03-16T23:53:17.338+0000] {logging_mixin.py:188} INFO - [2024-03-16T23:53:17.338+0000] {dag.py:3834} INFO - Setting next_dagrun for dataset_consumes_unknown_never_scheduled to None, run_after=None
[2024-03-16T23:53:17.342+0000] {logging_mixin.py:188} INFO - [2024-03-16T23:53:17.342+0000] {dag.py:3834} INFO - Setting next_dagrun for dataset_produces_1 to 2024-03-15 00:00:00+00:00, run_after=2024-03-16 00:00:00+00:00
[2024-03-16T23:53:17.344+0000] {logging_mixin.py:188} INFO - [2024-03-16T23:53:17.343+0000] {dag.py:3834} INFO - Setting next_dagrun for dataset_produces_2 to None, run_after=None
[2024-03-16T23:53:17.374+0000] {processor.py:183} INFO - Processing /home/airflow/.local/lib/python3.8/site-packages/airflow/example_dags/example_datasets.py took 0.102 seconds
[2024-03-16T23:53:48.829+0000] {processor.py:161} INFO - Started process (PID=122) to work on /home/airflow/.local/lib/python3.8/site-packages/airflow/example_dags/example_datasets.py
[2024-03-16T23:53:48.829+0000] {processor.py:830} INFO - Processing file /home/airflow/.local/lib/python3.8/site-packages/airflow/example_dags/example_datasets.py for tasks to queue
[2024-03-16T23:53:48.830+0000] {logging_mixin.py:188} INFO - [2024-03-16T23:53:48.830+0000] {dagbag.py:540} INFO - Filling up the DagBag from /home/airflow/.local/lib/python3.8/site-packages/airflow/example_dags/example_datasets.py
[2024-03-16T23:53:48.836+0000] {processor.py:840} INFO - DAG(s) 'dataset_consumes_1_never_scheduled', 'dataset_consumes_1_and_2', 'dataset_consumes_unknown_never_scheduled', 'dataset_consumes_1', 'dataset_produces_1', 'dataset_produces_2' retrieved from /home/airflow/.local/lib/python3.8/site-packages/airflow/example_dags/example_datasets.py
[2024-03-16T23:53:48.952+0000] {logging_mixin.py:188} INFO - [2024-03-16T23:53:48.951+0000] {dag.py:3047} INFO - Sync 6 DAGs
[2024-03-16T23:53:48.967+0000] {logging_mixin.py:188} INFO - [2024-03-16T23:53:48.967+0000] {dag.py:3834} INFO - Setting next_dagrun for dataset_consumes_1 to None, run_after=None
[2024-03-16T23:53:48.970+0000] {logging_mixin.py:188} INFO - [2024-03-16T23:53:48.969+0000] {dag.py:3834} INFO - Setting next_dagrun for dataset_consumes_1_and_2 to None, run_after=None
[2024-03-16T23:53:48.971+0000] {logging_mixin.py:188} INFO - [2024-03-16T23:53:48.971+0000] {dag.py:3834} INFO - Setting next_dagrun for dataset_consumes_1_never_scheduled to None, run_after=None
[2024-03-16T23:53:48.972+0000] {logging_mixin.py:188} INFO - [2024-03-16T23:53:48.972+0000] {dag.py:3834} INFO - Setting next_dagrun for dataset_consumes_unknown_never_scheduled to None, run_after=None
[2024-03-16T23:53:48.974+0000] {logging_mixin.py:188} INFO - [2024-03-16T23:53:48.974+0000] {dag.py:3834} INFO - Setting next_dagrun for dataset_produces_1 to 2024-03-15 00:00:00+00:00, run_after=2024-03-16 00:00:00+00:00
[2024-03-16T23:53:48.975+0000] {logging_mixin.py:188} INFO - [2024-03-16T23:53:48.975+0000] {dag.py:3834} INFO - Setting next_dagrun for dataset_produces_2 to None, run_after=None
[2024-03-16T23:53:48.998+0000] {processor.py:183} INFO - Processing /home/airflow/.local/lib/python3.8/site-packages/airflow/example_dags/example_datasets.py took 0.171 seconds
[2024-03-16T23:54:19.064+0000] {processor.py:161} INFO - Started process (PID=177) to work on /home/airflow/.local/lib/python3.8/site-packages/airflow/example_dags/example_datasets.py
[2024-03-16T23:54:19.064+0000] {processor.py:830} INFO - Processing file /home/airflow/.local/lib/python3.8/site-packages/airflow/example_dags/example_datasets.py for tasks to queue
[2024-03-16T23:54:19.065+0000] {logging_mixin.py:188} INFO - [2024-03-16T23:54:19.065+0000] {dagbag.py:540} INFO - Filling up the DagBag from /home/airflow/.local/lib/python3.8/site-packages/airflow/example_dags/example_datasets.py
[2024-03-16T23:54:19.072+0000] {processor.py:840} INFO - DAG(s) 'dataset_produces_1', 'dataset_consumes_1', 'dataset_consumes_unknown_never_scheduled', 'dataset_produces_2', 'dataset_consumes_1_and_2', 'dataset_consumes_1_never_scheduled' retrieved from /home/airflow/.local/lib/python3.8/site-packages/airflow/example_dags/example_datasets.py
[2024-03-16T23:54:19.098+0000] {logging_mixin.py:188} INFO - [2024-03-16T23:54:19.098+0000] {dag.py:3047} INFO - Sync 6 DAGs
[2024-03-16T23:54:19.113+0000] {logging_mixin.py:188} INFO - [2024-03-16T23:54:19.113+0000] {dag.py:3834} INFO - Setting next_dagrun for dataset_consumes_1 to None, run_after=None
[2024-03-16T23:54:19.116+0000] {logging_mixin.py:188} INFO - [2024-03-16T23:54:19.116+0000] {dag.py:3834} INFO - Setting next_dagrun for dataset_consumes_1_and_2 to None, run_after=None
[2024-03-16T23:54:19.117+0000] {logging_mixin.py:188} INFO - [2024-03-16T23:54:19.117+0000] {dag.py:3834} INFO - Setting next_dagrun for dataset_consumes_1_never_scheduled to None, run_after=None
[2024-03-16T23:54:19.118+0000] {logging_mixin.py:188} INFO - [2024-03-16T23:54:19.118+0000] {dag.py:3834} INFO - Setting next_dagrun for dataset_consumes_unknown_never_scheduled to None, run_after=None
[2024-03-16T23:54:19.120+0000] {logging_mixin.py:188} INFO - [2024-03-16T23:54:19.120+0000] {dag.py:3834} INFO - Setting next_dagrun for dataset_produces_1 to 2024-03-15 00:00:00+00:00, run_after=2024-03-16 00:00:00+00:00
[2024-03-16T23:54:19.121+0000] {logging_mixin.py:188} INFO - [2024-03-16T23:54:19.121+0000] {dag.py:3834} INFO - Setting next_dagrun for dataset_produces_2 to None, run_after=None
[2024-03-16T23:54:19.143+0000] {processor.py:183} INFO - Processing /home/airflow/.local/lib/python3.8/site-packages/airflow/example_dags/example_datasets.py took 0.081 seconds
[2024-03-16T23:54:49.816+0000] {processor.py:161} INFO - Started process (PID=232) to work on /home/airflow/.local/lib/python3.8/site-packages/airflow/example_dags/example_datasets.py
[2024-03-16T23:54:49.816+0000] {processor.py:830} INFO - Processing file /home/airflow/.local/lib/python3.8/site-packages/airflow/example_dags/example_datasets.py for tasks to queue
[2024-03-16T23:54:49.817+0000] {logging_mixin.py:188} INFO - [2024-03-16T23:54:49.817+0000] {dagbag.py:540} INFO - Filling up the DagBag from /home/airflow/.local/lib/python3.8/site-packages/airflow/example_dags/example_datasets.py
[2024-03-16T23:54:49.823+0000] {processor.py:840} INFO - DAG(s) 'dataset_produces_1', 'dataset_consumes_unknown_never_scheduled', 'dataset_consumes_1_and_2', 'dataset_consumes_1_never_scheduled', 'dataset_produces_2', 'dataset_consumes_1' retrieved from /home/airflow/.local/lib/python3.8/site-packages/airflow/example_dags/example_datasets.py
[2024-03-16T23:54:49.847+0000] {logging_mixin.py:188} INFO - [2024-03-16T23:54:49.847+0000] {dag.py:3047} INFO - Sync 6 DAGs
[2024-03-16T23:54:49.862+0000] {logging_mixin.py:188} INFO - [2024-03-16T23:54:49.862+0000] {dag.py:3834} INFO - Setting next_dagrun for dataset_consumes_1 to None, run_after=None
[2024-03-16T23:54:49.865+0000] {logging_mixin.py:188} INFO - [2024-03-16T23:54:49.865+0000] {dag.py:3834} INFO - Setting next_dagrun for dataset_consumes_1_and_2 to None, run_after=None
[2024-03-16T23:54:49.866+0000] {logging_mixin.py:188} INFO - [2024-03-16T23:54:49.866+0000] {dag.py:3834} INFO - Setting next_dagrun for dataset_consumes_1_never_scheduled to None, run_after=None
[2024-03-16T23:54:49.867+0000] {logging_mixin.py:188} INFO - [2024-03-16T23:54:49.867+0000] {dag.py:3834} INFO - Setting next_dagrun for dataset_consumes_unknown_never_scheduled to None, run_after=None
[2024-03-16T23:54:49.870+0000] {logging_mixin.py:188} INFO - [2024-03-16T23:54:49.870+0000] {dag.py:3834} INFO - Setting next_dagrun for dataset_produces_1 to 2024-03-15 00:00:00+00:00, run_after=2024-03-16 00:00:00+00:00
[2024-03-16T23:54:49.871+0000] {logging_mixin.py:188} INFO - [2024-03-16T23:54:49.871+0000] {dag.py:3834} INFO - Setting next_dagrun for dataset_produces_2 to None, run_after=None
[2024-03-16T23:54:49.893+0000] {processor.py:183} INFO - Processing /home/airflow/.local/lib/python3.8/site-packages/airflow/example_dags/example_datasets.py took 0.079 seconds
[2024-03-16T23:55:20.483+0000] {processor.py:161} INFO - Started process (PID=287) to work on /home/airflow/.local/lib/python3.8/site-packages/airflow/example_dags/example_datasets.py
[2024-03-16T23:55:20.484+0000] {processor.py:830} INFO - Processing file /home/airflow/.local/lib/python3.8/site-packages/airflow/example_dags/example_datasets.py for tasks to queue
[2024-03-16T23:55:20.485+0000] {logging_mixin.py:188} INFO - [2024-03-16T23:55:20.485+0000] {dagbag.py:540} INFO - Filling up the DagBag from /home/airflow/.local/lib/python3.8/site-packages/airflow/example_dags/example_datasets.py
[2024-03-16T23:55:20.491+0000] {processor.py:840} INFO - DAG(s) 'dataset_consumes_1', 'dataset_produces_2', 'dataset_consumes_1_never_scheduled', 'dataset_consumes_1_and_2', 'dataset_produces_1', 'dataset_consumes_unknown_never_scheduled' retrieved from /home/airflow/.local/lib/python3.8/site-packages/airflow/example_dags/example_datasets.py
[2024-03-16T23:55:20.514+0000] {logging_mixin.py:188} INFO - [2024-03-16T23:55:20.513+0000] {dag.py:3047} INFO - Sync 6 DAGs
[2024-03-16T23:55:20.529+0000] {logging_mixin.py:188} INFO - [2024-03-16T23:55:20.529+0000] {dag.py:3834} INFO - Setting next_dagrun for dataset_consumes_1 to None, run_after=None
[2024-03-16T23:55:20.532+0000] {logging_mixin.py:188} INFO - [2024-03-16T23:55:20.532+0000] {dag.py:3834} INFO - Setting next_dagrun for dataset_consumes_1_and_2 to None, run_after=None
[2024-03-16T23:55:20.533+0000] {logging_mixin.py:188} INFO - [2024-03-16T23:55:20.533+0000] {dag.py:3834} INFO - Setting next_dagrun for dataset_consumes_1_never_scheduled to None, run_after=None
[2024-03-16T23:55:20.534+0000] {logging_mixin.py:188} INFO - [2024-03-16T23:55:20.534+0000] {dag.py:3834} INFO - Setting next_dagrun for dataset_consumes_unknown_never_scheduled to None, run_after=None
[2024-03-16T23:55:20.536+0000] {logging_mixin.py:188} INFO - [2024-03-16T23:55:20.536+0000] {dag.py:3834} INFO - Setting next_dagrun for dataset_produces_1 to 2024-03-15 00:00:00+00:00, run_after=2024-03-16 00:00:00+00:00
[2024-03-16T23:55:20.537+0000] {logging_mixin.py:188} INFO - [2024-03-16T23:55:20.537+0000] {dag.py:3834} INFO - Setting next_dagrun for dataset_produces_2 to None, run_after=None
[2024-03-16T23:55:20.561+0000] {processor.py:183} INFO - Processing /home/airflow/.local/lib/python3.8/site-packages/airflow/example_dags/example_datasets.py took 0.079 seconds
[2024-03-16T23:55:51.181+0000] {processor.py:161} INFO - Started process (PID=342) to work on /home/airflow/.local/lib/python3.8/site-packages/airflow/example_dags/example_datasets.py
[2024-03-16T23:55:51.182+0000] {processor.py:830} INFO - Processing file /home/airflow/.local/lib/python3.8/site-packages/airflow/example_dags/example_datasets.py for tasks to queue
[2024-03-16T23:55:51.183+0000] {logging_mixin.py:188} INFO - [2024-03-16T23:55:51.183+0000] {dagbag.py:540} INFO - Filling up the DagBag from /home/airflow/.local/lib/python3.8/site-packages/airflow/example_dags/example_datasets.py
[2024-03-16T23:55:51.189+0000] {processor.py:840} INFO - DAG(s) 'dataset_produces_2', 'dataset_consumes_unknown_never_scheduled', 'dataset_consumes_1_never_scheduled', 'dataset_consumes_1_and_2', 'dataset_consumes_1', 'dataset_produces_1' retrieved from /home/airflow/.local/lib/python3.8/site-packages/airflow/example_dags/example_datasets.py
[2024-03-16T23:55:51.214+0000] {logging_mixin.py:188} INFO - [2024-03-16T23:55:51.213+0000] {dag.py:3047} INFO - Sync 6 DAGs
[2024-03-16T23:55:51.231+0000] {logging_mixin.py:188} INFO - [2024-03-16T23:55:51.230+0000] {dag.py:3834} INFO - Setting next_dagrun for dataset_consumes_1 to None, run_after=None
[2024-03-16T23:55:51.234+0000] {logging_mixin.py:188} INFO - [2024-03-16T23:55:51.233+0000] {dag.py:3834} INFO - Setting next_dagrun for dataset_consumes_1_and_2 to None, run_after=None
[2024-03-16T23:55:51.235+0000] {logging_mixin.py:188} INFO - [2024-03-16T23:55:51.235+0000] {dag.py:3834} INFO - Setting next_dagrun for dataset_consumes_1_never_scheduled to None, run_after=None
[2024-03-16T23:55:51.236+0000] {logging_mixin.py:188} INFO - [2024-03-16T23:55:51.236+0000] {dag.py:3834} INFO - Setting next_dagrun for dataset_consumes_unknown_never_scheduled to None, run_after=None
[2024-03-16T23:55:51.238+0000] {logging_mixin.py:188} INFO - [2024-03-16T23:55:51.238+0000] {dag.py:3834} INFO - Setting next_dagrun for dataset_produces_1 to 2024-03-15 00:00:00+00:00, run_after=2024-03-16 00:00:00+00:00
[2024-03-16T23:55:51.239+0000] {logging_mixin.py:188} INFO - [2024-03-16T23:55:51.239+0000] {dag.py:3834} INFO - Setting next_dagrun for dataset_produces_2 to None, run_after=None
[2024-03-16T23:55:51.262+0000] {processor.py:183} INFO - Processing /home/airflow/.local/lib/python3.8/site-packages/airflow/example_dags/example_datasets.py took 0.083 seconds
[2024-03-16T23:59:44.912+0000] {processor.py:161} INFO - Started process (PID=68) to work on /home/airflow/.local/lib/python3.8/site-packages/airflow/example_dags/example_datasets.py
[2024-03-16T23:59:44.913+0000] {processor.py:830} INFO - Processing file /home/airflow/.local/lib/python3.8/site-packages/airflow/example_dags/example_datasets.py for tasks to queue
[2024-03-16T23:59:44.914+0000] {logging_mixin.py:188} INFO - [2024-03-16T23:59:44.914+0000] {dagbag.py:540} INFO - Filling up the DagBag from /home/airflow/.local/lib/python3.8/site-packages/airflow/example_dags/example_datasets.py
[2024-03-16T23:59:44.922+0000] {processor.py:840} INFO - DAG(s) 'dataset_produces_2', 'dataset_consumes_1_and_2', 'dataset_consumes_1_never_scheduled', 'dataset_produces_1', 'dataset_consumes_1', 'dataset_consumes_unknown_never_scheduled' retrieved from /home/airflow/.local/lib/python3.8/site-packages/airflow/example_dags/example_datasets.py
[2024-03-16T23:59:44.936+0000] {logging_mixin.py:188} INFO - [2024-03-16T23:59:44.935+0000] {dag.py:3047} INFO - Sync 6 DAGs
[2024-03-16T23:59:44.960+0000] {logging_mixin.py:188} INFO - [2024-03-16T23:59:44.959+0000] {dag.py:3834} INFO - Setting next_dagrun for dataset_consumes_1 to None, run_after=None
[2024-03-16T23:59:44.963+0000] {logging_mixin.py:188} INFO - [2024-03-16T23:59:44.962+0000] {dag.py:3834} INFO - Setting next_dagrun for dataset_consumes_1_and_2 to None, run_after=None
[2024-03-16T23:59:44.964+0000] {logging_mixin.py:188} INFO - [2024-03-16T23:59:44.964+0000] {dag.py:3834} INFO - Setting next_dagrun for dataset_consumes_1_never_scheduled to None, run_after=None
[2024-03-16T23:59:44.966+0000] {logging_mixin.py:188} INFO - [2024-03-16T23:59:44.965+0000] {dag.py:3834} INFO - Setting next_dagrun for dataset_consumes_unknown_never_scheduled to None, run_after=None
[2024-03-16T23:59:44.968+0000] {logging_mixin.py:188} INFO - [2024-03-16T23:59:44.968+0000] {dag.py:3834} INFO - Setting next_dagrun for dataset_produces_1 to 2024-03-15 00:00:00+00:00, run_after=2024-03-16 00:00:00+00:00
[2024-03-16T23:59:44.969+0000] {logging_mixin.py:188} INFO - [2024-03-16T23:59:44.969+0000] {dag.py:3834} INFO - Setting next_dagrun for dataset_produces_2 to None, run_after=None
[2024-03-16T23:59:44.998+0000] {processor.py:183} INFO - Processing /home/airflow/.local/lib/python3.8/site-packages/airflow/example_dags/example_datasets.py took 0.089 seconds
