[2024-03-16T23:50:05.700+0000] {processor.py:161} INFO - Started process (PID=66) to work on /home/airflow/.local/lib/python3.8/site-packages/airflow/example_dags/example_xcomargs.py
[2024-03-16T23:50:05.701+0000] {processor.py:830} INFO - Processing file /home/airflow/.local/lib/python3.8/site-packages/airflow/example_dags/example_xcomargs.py for tasks to queue
[2024-03-16T23:50:05.702+0000] {logging_mixin.py:188} INFO - [2024-03-16T23:50:05.702+0000] {dagbag.py:540} INFO - Filling up the DagBag from /home/airflow/.local/lib/python3.8/site-packages/airflow/example_dags/example_xcomargs.py
[2024-03-16T23:50:05.708+0000] {processor.py:840} INFO - DAG(s) 'example_xcom_args', 'example_xcom_args_with_operators' retrieved from /home/airflow/.local/lib/python3.8/site-packages/airflow/example_dags/example_xcomargs.py
[2024-03-16T23:50:05.718+0000] {logging_mixin.py:188} INFO - [2024-03-16T23:50:05.717+0000] {dag.py:3047} INFO - Sync 2 DAGs
[2024-03-16T23:50:05.729+0000] {logging_mixin.py:188} INFO - [2024-03-16T23:50:05.729+0000] {dag.py:3834} INFO - Setting next_dagrun for example_xcom_args to None, run_after=None
[2024-03-16T23:50:05.732+0000] {logging_mixin.py:188} INFO - [2024-03-16T23:50:05.732+0000] {dag.py:3834} INFO - Setting next_dagrun for example_xcom_args_with_operators to None, run_after=None
[2024-03-16T23:50:05.745+0000] {processor.py:183} INFO - Processing /home/airflow/.local/lib/python3.8/site-packages/airflow/example_dags/example_xcomargs.py took 0.047 seconds
[2024-03-16T23:51:48.454+0000] {processor.py:161} INFO - Started process (PID=66) to work on /home/airflow/.local/lib/python3.8/site-packages/airflow/example_dags/example_xcomargs.py
[2024-03-16T23:51:48.455+0000] {processor.py:830} INFO - Processing file /home/airflow/.local/lib/python3.8/site-packages/airflow/example_dags/example_xcomargs.py for tasks to queue
[2024-03-16T23:51:48.456+0000] {logging_mixin.py:188} INFO - [2024-03-16T23:51:48.456+0000] {dagbag.py:540} INFO - Filling up the DagBag from /home/airflow/.local/lib/python3.8/site-packages/airflow/example_dags/example_xcomargs.py
[2024-03-16T23:51:48.461+0000] {processor.py:840} INFO - DAG(s) 'example_xcom_args', 'example_xcom_args_with_operators' retrieved from /home/airflow/.local/lib/python3.8/site-packages/airflow/example_dags/example_xcomargs.py
[2024-03-16T23:51:48.469+0000] {logging_mixin.py:188} INFO - [2024-03-16T23:51:48.469+0000] {dag.py:3047} INFO - Sync 2 DAGs
[2024-03-16T23:51:48.479+0000] {logging_mixin.py:188} INFO - [2024-03-16T23:51:48.479+0000] {dag.py:3834} INFO - Setting next_dagrun for example_xcom_args to None, run_after=None
[2024-03-16T23:51:48.482+0000] {logging_mixin.py:188} INFO - [2024-03-16T23:51:48.482+0000] {dag.py:3834} INFO - Setting next_dagrun for example_xcom_args_with_operators to None, run_after=None
[2024-03-16T23:51:48.493+0000] {processor.py:183} INFO - Processing /home/airflow/.local/lib/python3.8/site-packages/airflow/example_dags/example_xcomargs.py took 0.041 seconds
[2024-03-16T23:53:17.266+0000] {processor.py:161} INFO - Started process (PID=66) to work on /home/airflow/.local/lib/python3.8/site-packages/airflow/example_dags/example_xcomargs.py
[2024-03-16T23:53:17.267+0000] {processor.py:830} INFO - Processing file /home/airflow/.local/lib/python3.8/site-packages/airflow/example_dags/example_xcomargs.py for tasks to queue
[2024-03-16T23:53:17.268+0000] {logging_mixin.py:188} INFO - [2024-03-16T23:53:17.268+0000] {dagbag.py:540} INFO - Filling up the DagBag from /home/airflow/.local/lib/python3.8/site-packages/airflow/example_dags/example_xcomargs.py
[2024-03-16T23:53:17.278+0000] {processor.py:840} INFO - DAG(s) 'example_xcom_args_with_operators', 'example_xcom_args' retrieved from /home/airflow/.local/lib/python3.8/site-packages/airflow/example_dags/example_xcomargs.py
[2024-03-16T23:53:17.290+0000] {logging_mixin.py:188} INFO - [2024-03-16T23:53:17.290+0000] {dag.py:3047} INFO - Sync 2 DAGs
[2024-03-16T23:53:17.306+0000] {logging_mixin.py:188} INFO - [2024-03-16T23:53:17.305+0000] {dag.py:3834} INFO - Setting next_dagrun for example_xcom_args to None, run_after=None
[2024-03-16T23:53:17.310+0000] {logging_mixin.py:188} INFO - [2024-03-16T23:53:17.310+0000] {dag.py:3834} INFO - Setting next_dagrun for example_xcom_args_with_operators to None, run_after=None
[2024-03-16T23:53:17.336+0000] {processor.py:183} INFO - Processing /home/airflow/.local/lib/python3.8/site-packages/airflow/example_dags/example_xcomargs.py took 0.073 seconds
[2024-03-16T23:53:48.821+0000] {processor.py:161} INFO - Started process (PID=121) to work on /home/airflow/.local/lib/python3.8/site-packages/airflow/example_dags/example_xcomargs.py
[2024-03-16T23:53:48.821+0000] {processor.py:830} INFO - Processing file /home/airflow/.local/lib/python3.8/site-packages/airflow/example_dags/example_xcomargs.py for tasks to queue
[2024-03-16T23:53:48.822+0000] {logging_mixin.py:188} INFO - [2024-03-16T23:53:48.822+0000] {dagbag.py:540} INFO - Filling up the DagBag from /home/airflow/.local/lib/python3.8/site-packages/airflow/example_dags/example_xcomargs.py
[2024-03-16T23:53:48.827+0000] {processor.py:840} INFO - DAG(s) 'example_xcom_args', 'example_xcom_args_with_operators' retrieved from /home/airflow/.local/lib/python3.8/site-packages/airflow/example_dags/example_xcomargs.py
[2024-03-16T23:53:48.906+0000] {logging_mixin.py:188} INFO - [2024-03-16T23:53:48.906+0000] {dag.py:3047} INFO - Sync 2 DAGs
[2024-03-16T23:53:48.914+0000] {logging_mixin.py:188} INFO - [2024-03-16T23:53:48.914+0000] {dag.py:3834} INFO - Setting next_dagrun for example_xcom_args to None, run_after=None
[2024-03-16T23:53:48.916+0000] {logging_mixin.py:188} INFO - [2024-03-16T23:53:48.916+0000] {dag.py:3834} INFO - Setting next_dagrun for example_xcom_args_with_operators to None, run_after=None
[2024-03-16T23:53:48.928+0000] {processor.py:183} INFO - Processing /home/airflow/.local/lib/python3.8/site-packages/airflow/example_dags/example_xcomargs.py took 0.110 seconds
[2024-03-16T23:54:19.005+0000] {processor.py:161} INFO - Started process (PID=176) to work on /home/airflow/.local/lib/python3.8/site-packages/airflow/example_dags/example_xcomargs.py
[2024-03-16T23:54:19.005+0000] {processor.py:830} INFO - Processing file /home/airflow/.local/lib/python3.8/site-packages/airflow/example_dags/example_xcomargs.py for tasks to queue
[2024-03-16T23:54:19.006+0000] {logging_mixin.py:188} INFO - [2024-03-16T23:54:19.006+0000] {dagbag.py:540} INFO - Filling up the DagBag from /home/airflow/.local/lib/python3.8/site-packages/airflow/example_dags/example_xcomargs.py
[2024-03-16T23:54:19.011+0000] {processor.py:840} INFO - DAG(s) 'example_xcom_args_with_operators', 'example_xcom_args' retrieved from /home/airflow/.local/lib/python3.8/site-packages/airflow/example_dags/example_xcomargs.py
[2024-03-16T23:54:19.028+0000] {logging_mixin.py:188} INFO - [2024-03-16T23:54:19.028+0000] {dag.py:3047} INFO - Sync 2 DAGs
[2024-03-16T23:54:19.037+0000] {logging_mixin.py:188} INFO - [2024-03-16T23:54:19.037+0000] {dag.py:3834} INFO - Setting next_dagrun for example_xcom_args to None, run_after=None
[2024-03-16T23:54:19.040+0000] {logging_mixin.py:188} INFO - [2024-03-16T23:54:19.040+0000] {dag.py:3834} INFO - Setting next_dagrun for example_xcom_args_with_operators to None, run_after=None
[2024-03-16T23:54:19.051+0000] {processor.py:183} INFO - Processing /home/airflow/.local/lib/python3.8/site-packages/airflow/example_dags/example_xcomargs.py took 0.048 seconds
[2024-03-16T23:54:49.806+0000] {processor.py:161} INFO - Started process (PID=231) to work on /home/airflow/.local/lib/python3.8/site-packages/airflow/example_dags/example_xcomargs.py
[2024-03-16T23:54:49.807+0000] {processor.py:830} INFO - Processing file /home/airflow/.local/lib/python3.8/site-packages/airflow/example_dags/example_xcomargs.py for tasks to queue
[2024-03-16T23:54:49.808+0000] {logging_mixin.py:188} INFO - [2024-03-16T23:54:49.808+0000] {dagbag.py:540} INFO - Filling up the DagBag from /home/airflow/.local/lib/python3.8/site-packages/airflow/example_dags/example_xcomargs.py
[2024-03-16T23:54:49.813+0000] {processor.py:840} INFO - DAG(s) 'example_xcom_args_with_operators', 'example_xcom_args' retrieved from /home/airflow/.local/lib/python3.8/site-packages/airflow/example_dags/example_xcomargs.py
[2024-03-16T23:54:49.829+0000] {logging_mixin.py:188} INFO - [2024-03-16T23:54:49.828+0000] {dag.py:3047} INFO - Sync 2 DAGs
[2024-03-16T23:54:49.837+0000] {logging_mixin.py:188} INFO - [2024-03-16T23:54:49.837+0000] {dag.py:3834} INFO - Setting next_dagrun for example_xcom_args to None, run_after=None
[2024-03-16T23:54:49.840+0000] {logging_mixin.py:188} INFO - [2024-03-16T23:54:49.840+0000] {dag.py:3834} INFO - Setting next_dagrun for example_xcom_args_with_operators to None, run_after=None
[2024-03-16T23:54:49.851+0000] {processor.py:183} INFO - Processing /home/airflow/.local/lib/python3.8/site-packages/airflow/example_dags/example_xcomargs.py took 0.047 seconds
[2024-03-16T23:55:20.474+0000] {processor.py:161} INFO - Started process (PID=286) to work on /home/airflow/.local/lib/python3.8/site-packages/airflow/example_dags/example_xcomargs.py
[2024-03-16T23:55:20.475+0000] {processor.py:830} INFO - Processing file /home/airflow/.local/lib/python3.8/site-packages/airflow/example_dags/example_xcomargs.py for tasks to queue
[2024-03-16T23:55:20.476+0000] {logging_mixin.py:188} INFO - [2024-03-16T23:55:20.476+0000] {dagbag.py:540} INFO - Filling up the DagBag from /home/airflow/.local/lib/python3.8/site-packages/airflow/example_dags/example_xcomargs.py
[2024-03-16T23:55:20.481+0000] {processor.py:840} INFO - DAG(s) 'example_xcom_args', 'example_xcom_args_with_operators' retrieved from /home/airflow/.local/lib/python3.8/site-packages/airflow/example_dags/example_xcomargs.py
[2024-03-16T23:55:20.496+0000] {logging_mixin.py:188} INFO - [2024-03-16T23:55:20.496+0000] {dag.py:3047} INFO - Sync 2 DAGs
[2024-03-16T23:55:20.505+0000] {logging_mixin.py:188} INFO - [2024-03-16T23:55:20.505+0000] {dag.py:3834} INFO - Setting next_dagrun for example_xcom_args to None, run_after=None
[2024-03-16T23:55:20.507+0000] {logging_mixin.py:188} INFO - [2024-03-16T23:55:20.507+0000] {dag.py:3834} INFO - Setting next_dagrun for example_xcom_args_with_operators to None, run_after=None
[2024-03-16T23:55:20.518+0000] {processor.py:183} INFO - Processing /home/airflow/.local/lib/python3.8/site-packages/airflow/example_dags/example_xcomargs.py took 0.046 seconds
[2024-03-16T23:55:51.172+0000] {processor.py:161} INFO - Started process (PID=341) to work on /home/airflow/.local/lib/python3.8/site-packages/airflow/example_dags/example_xcomargs.py
[2024-03-16T23:55:51.173+0000] {processor.py:830} INFO - Processing file /home/airflow/.local/lib/python3.8/site-packages/airflow/example_dags/example_xcomargs.py for tasks to queue
[2024-03-16T23:55:51.174+0000] {logging_mixin.py:188} INFO - [2024-03-16T23:55:51.174+0000] {dagbag.py:540} INFO - Filling up the DagBag from /home/airflow/.local/lib/python3.8/site-packages/airflow/example_dags/example_xcomargs.py
[2024-03-16T23:55:51.179+0000] {processor.py:840} INFO - DAG(s) 'example_xcom_args_with_operators', 'example_xcom_args' retrieved from /home/airflow/.local/lib/python3.8/site-packages/airflow/example_dags/example_xcomargs.py
[2024-03-16T23:55:51.197+0000] {logging_mixin.py:188} INFO - [2024-03-16T23:55:51.197+0000] {dag.py:3047} INFO - Sync 2 DAGs
[2024-03-16T23:55:51.206+0000] {logging_mixin.py:188} INFO - [2024-03-16T23:55:51.206+0000] {dag.py:3834} INFO - Setting next_dagrun for example_xcom_args to None, run_after=None
[2024-03-16T23:55:51.208+0000] {logging_mixin.py:188} INFO - [2024-03-16T23:55:51.208+0000] {dag.py:3834} INFO - Setting next_dagrun for example_xcom_args_with_operators to None, run_after=None
[2024-03-16T23:55:51.221+0000] {processor.py:183} INFO - Processing /home/airflow/.local/lib/python3.8/site-packages/airflow/example_dags/example_xcomargs.py took 0.051 seconds
[2024-03-16T23:59:44.840+0000] {processor.py:161} INFO - Started process (PID=67) to work on /home/airflow/.local/lib/python3.8/site-packages/airflow/example_dags/example_xcomargs.py
[2024-03-16T23:59:44.841+0000] {processor.py:830} INFO - Processing file /home/airflow/.local/lib/python3.8/site-packages/airflow/example_dags/example_xcomargs.py for tasks to queue
[2024-03-16T23:59:44.843+0000] {logging_mixin.py:188} INFO - [2024-03-16T23:59:44.842+0000] {dagbag.py:540} INFO - Filling up the DagBag from /home/airflow/.local/lib/python3.8/site-packages/airflow/example_dags/example_xcomargs.py
[2024-03-16T23:59:44.850+0000] {processor.py:840} INFO - DAG(s) 'example_xcom_args', 'example_xcom_args_with_operators' retrieved from /home/airflow/.local/lib/python3.8/site-packages/airflow/example_dags/example_xcomargs.py
[2024-03-16T23:59:44.862+0000] {logging_mixin.py:188} INFO - [2024-03-16T23:59:44.862+0000] {dag.py:3047} INFO - Sync 2 DAGs
[2024-03-16T23:59:44.875+0000] {logging_mixin.py:188} INFO - [2024-03-16T23:59:44.875+0000] {dag.py:3834} INFO - Setting next_dagrun for example_xcom_args to None, run_after=None
[2024-03-16T23:59:44.879+0000] {logging_mixin.py:188} INFO - [2024-03-16T23:59:44.878+0000] {dag.py:3834} INFO - Setting next_dagrun for example_xcom_args_with_operators to None, run_after=None
[2024-03-16T23:59:44.894+0000] {processor.py:183} INFO - Processing /home/airflow/.local/lib/python3.8/site-packages/airflow/example_dags/example_xcomargs.py took 0.058 seconds
