[2024-03-16T23:50:05.950+0000] {processor.py:161} INFO - Started process (PID=71) to work on /home/airflow/.local/lib/python3.8/site-packages/airflow/example_dags/example_external_task_marker_dag.py
[2024-03-16T23:50:05.951+0000] {processor.py:830} INFO - Processing file /home/airflow/.local/lib/python3.8/site-packages/airflow/example_dags/example_external_task_marker_dag.py for tasks to queue
[2024-03-16T23:50:05.952+0000] {logging_mixin.py:188} INFO - [2024-03-16T23:50:05.951+0000] {dagbag.py:540} INFO - Filling up the DagBag from /home/airflow/.local/lib/python3.8/site-packages/airflow/example_dags/example_external_task_marker_dag.py
[2024-03-16T23:50:05.958+0000] {processor.py:840} INFO - DAG(s) 'example_external_task_marker_parent', 'example_external_task_marker_child' retrieved from /home/airflow/.local/lib/python3.8/site-packages/airflow/example_dags/example_external_task_marker_dag.py
[2024-03-16T23:50:05.971+0000] {logging_mixin.py:188} INFO - [2024-03-16T23:50:05.970+0000] {dag.py:3047} INFO - Sync 2 DAGs
[2024-03-16T23:50:05.985+0000] {logging_mixin.py:188} INFO - [2024-03-16T23:50:05.985+0000] {dag.py:3834} INFO - Setting next_dagrun for example_external_task_marker_child to None, run_after=None
[2024-03-16T23:50:05.990+0000] {logging_mixin.py:188} INFO - [2024-03-16T23:50:05.990+0000] {dag.py:3834} INFO - Setting next_dagrun for example_external_task_marker_parent to None, run_after=None
[2024-03-16T23:50:06.003+0000] {processor.py:183} INFO - Processing /home/airflow/.local/lib/python3.8/site-packages/airflow/example_dags/example_external_task_marker_dag.py took 0.055 seconds
[2024-03-16T23:51:48.638+0000] {processor.py:161} INFO - Started process (PID=71) to work on /home/airflow/.local/lib/python3.8/site-packages/airflow/example_dags/example_external_task_marker_dag.py
[2024-03-16T23:51:48.639+0000] {processor.py:830} INFO - Processing file /home/airflow/.local/lib/python3.8/site-packages/airflow/example_dags/example_external_task_marker_dag.py for tasks to queue
[2024-03-16T23:51:48.640+0000] {logging_mixin.py:188} INFO - [2024-03-16T23:51:48.639+0000] {dagbag.py:540} INFO - Filling up the DagBag from /home/airflow/.local/lib/python3.8/site-packages/airflow/example_dags/example_external_task_marker_dag.py
[2024-03-16T23:51:48.644+0000] {processor.py:840} INFO - DAG(s) 'example_external_task_marker_parent', 'example_external_task_marker_child' retrieved from /home/airflow/.local/lib/python3.8/site-packages/airflow/example_dags/example_external_task_marker_dag.py
[2024-03-16T23:51:48.653+0000] {logging_mixin.py:188} INFO - [2024-03-16T23:51:48.653+0000] {dag.py:3047} INFO - Sync 2 DAGs
[2024-03-16T23:51:48.663+0000] {logging_mixin.py:188} INFO - [2024-03-16T23:51:48.663+0000] {dag.py:3834} INFO - Setting next_dagrun for example_external_task_marker_child to None, run_after=None
[2024-03-16T23:51:48.666+0000] {logging_mixin.py:188} INFO - [2024-03-16T23:51:48.666+0000] {dag.py:3834} INFO - Setting next_dagrun for example_external_task_marker_parent to None, run_after=None
[2024-03-16T23:51:48.680+0000] {processor.py:183} INFO - Processing /home/airflow/.local/lib/python3.8/site-packages/airflow/example_dags/example_external_task_marker_dag.py took 0.044 seconds
[2024-03-16T23:53:17.501+0000] {processor.py:161} INFO - Started process (PID=71) to work on /home/airflow/.local/lib/python3.8/site-packages/airflow/example_dags/example_external_task_marker_dag.py
[2024-03-16T23:53:17.502+0000] {processor.py:830} INFO - Processing file /home/airflow/.local/lib/python3.8/site-packages/airflow/example_dags/example_external_task_marker_dag.py for tasks to queue
[2024-03-16T23:53:17.504+0000] {logging_mixin.py:188} INFO - [2024-03-16T23:53:17.503+0000] {dagbag.py:540} INFO - Filling up the DagBag from /home/airflow/.local/lib/python3.8/site-packages/airflow/example_dags/example_external_task_marker_dag.py
[2024-03-16T23:53:17.510+0000] {processor.py:840} INFO - DAG(s) 'example_external_task_marker_parent', 'example_external_task_marker_child' retrieved from /home/airflow/.local/lib/python3.8/site-packages/airflow/example_dags/example_external_task_marker_dag.py
[2024-03-16T23:53:17.523+0000] {logging_mixin.py:188} INFO - [2024-03-16T23:53:17.523+0000] {dag.py:3047} INFO - Sync 2 DAGs
[2024-03-16T23:53:17.533+0000] {logging_mixin.py:188} INFO - [2024-03-16T23:53:17.533+0000] {dag.py:3834} INFO - Setting next_dagrun for example_external_task_marker_child to None, run_after=None
[2024-03-16T23:53:17.536+0000] {logging_mixin.py:188} INFO - [2024-03-16T23:53:17.536+0000] {dag.py:3834} INFO - Setting next_dagrun for example_external_task_marker_parent to None, run_after=None
[2024-03-16T23:53:17.549+0000] {processor.py:183} INFO - Processing /home/airflow/.local/lib/python3.8/site-packages/airflow/example_dags/example_external_task_marker_dag.py took 0.050 seconds
[2024-03-16T23:53:49.154+0000] {processor.py:161} INFO - Started process (PID=126) to work on /home/airflow/.local/lib/python3.8/site-packages/airflow/example_dags/example_external_task_marker_dag.py
[2024-03-16T23:53:49.154+0000] {processor.py:830} INFO - Processing file /home/airflow/.local/lib/python3.8/site-packages/airflow/example_dags/example_external_task_marker_dag.py for tasks to queue
[2024-03-16T23:53:49.156+0000] {logging_mixin.py:188} INFO - [2024-03-16T23:53:49.155+0000] {dagbag.py:540} INFO - Filling up the DagBag from /home/airflow/.local/lib/python3.8/site-packages/airflow/example_dags/example_external_task_marker_dag.py
[2024-03-16T23:53:49.160+0000] {processor.py:840} INFO - DAG(s) 'example_external_task_marker_parent', 'example_external_task_marker_child' retrieved from /home/airflow/.local/lib/python3.8/site-packages/airflow/example_dags/example_external_task_marker_dag.py
[2024-03-16T23:53:49.241+0000] {logging_mixin.py:188} INFO - [2024-03-16T23:53:49.240+0000] {dag.py:3047} INFO - Sync 2 DAGs
[2024-03-16T23:53:49.248+0000] {logging_mixin.py:188} INFO - [2024-03-16T23:53:49.248+0000] {dag.py:3834} INFO - Setting next_dagrun for example_external_task_marker_child to None, run_after=None
[2024-03-16T23:53:49.250+0000] {logging_mixin.py:188} INFO - [2024-03-16T23:53:49.250+0000] {dag.py:3834} INFO - Setting next_dagrun for example_external_task_marker_parent to None, run_after=None
[2024-03-16T23:53:49.263+0000] {processor.py:183} INFO - Processing /home/airflow/.local/lib/python3.8/site-packages/airflow/example_dags/example_external_task_marker_dag.py took 0.111 seconds
[2024-03-16T23:54:19.280+0000] {processor.py:161} INFO - Started process (PID=181) to work on /home/airflow/.local/lib/python3.8/site-packages/airflow/example_dags/example_external_task_marker_dag.py
[2024-03-16T23:54:19.281+0000] {processor.py:830} INFO - Processing file /home/airflow/.local/lib/python3.8/site-packages/airflow/example_dags/example_external_task_marker_dag.py for tasks to queue
[2024-03-16T23:54:19.282+0000] {logging_mixin.py:188} INFO - [2024-03-16T23:54:19.281+0000] {dagbag.py:540} INFO - Filling up the DagBag from /home/airflow/.local/lib/python3.8/site-packages/airflow/example_dags/example_external_task_marker_dag.py
[2024-03-16T23:54:19.285+0000] {processor.py:840} INFO - DAG(s) 'example_external_task_marker_parent', 'example_external_task_marker_child' retrieved from /home/airflow/.local/lib/python3.8/site-packages/airflow/example_dags/example_external_task_marker_dag.py
[2024-03-16T23:54:19.300+0000] {logging_mixin.py:188} INFO - [2024-03-16T23:54:19.300+0000] {dag.py:3047} INFO - Sync 2 DAGs
[2024-03-16T23:54:19.309+0000] {logging_mixin.py:188} INFO - [2024-03-16T23:54:19.308+0000] {dag.py:3834} INFO - Setting next_dagrun for example_external_task_marker_child to None, run_after=None
[2024-03-16T23:54:19.311+0000] {logging_mixin.py:188} INFO - [2024-03-16T23:54:19.311+0000] {dag.py:3834} INFO - Setting next_dagrun for example_external_task_marker_parent to None, run_after=None
[2024-03-16T23:54:19.322+0000] {processor.py:183} INFO - Processing /home/airflow/.local/lib/python3.8/site-packages/airflow/example_dags/example_external_task_marker_dag.py took 0.043 seconds
[2024-03-16T23:54:49.982+0000] {processor.py:161} INFO - Started process (PID=236) to work on /home/airflow/.local/lib/python3.8/site-packages/airflow/example_dags/example_external_task_marker_dag.py
[2024-03-16T23:54:49.982+0000] {processor.py:830} INFO - Processing file /home/airflow/.local/lib/python3.8/site-packages/airflow/example_dags/example_external_task_marker_dag.py for tasks to queue
[2024-03-16T23:54:49.983+0000] {logging_mixin.py:188} INFO - [2024-03-16T23:54:49.983+0000] {dagbag.py:540} INFO - Filling up the DagBag from /home/airflow/.local/lib/python3.8/site-packages/airflow/example_dags/example_external_task_marker_dag.py
[2024-03-16T23:54:49.987+0000] {processor.py:840} INFO - DAG(s) 'example_external_task_marker_parent', 'example_external_task_marker_child' retrieved from /home/airflow/.local/lib/python3.8/site-packages/airflow/example_dags/example_external_task_marker_dag.py
[2024-03-16T23:54:50.002+0000] {logging_mixin.py:188} INFO - [2024-03-16T23:54:50.002+0000] {dag.py:3047} INFO - Sync 2 DAGs
[2024-03-16T23:54:50.011+0000] {logging_mixin.py:188} INFO - [2024-03-16T23:54:50.010+0000] {dag.py:3834} INFO - Setting next_dagrun for example_external_task_marker_child to None, run_after=None
[2024-03-16T23:54:50.013+0000] {logging_mixin.py:188} INFO - [2024-03-16T23:54:50.013+0000] {dag.py:3834} INFO - Setting next_dagrun for example_external_task_marker_parent to None, run_after=None
[2024-03-16T23:54:50.025+0000] {processor.py:183} INFO - Processing /home/airflow/.local/lib/python3.8/site-packages/airflow/example_dags/example_external_task_marker_dag.py took 0.045 seconds
[2024-03-16T23:55:20.656+0000] {processor.py:161} INFO - Started process (PID=291) to work on /home/airflow/.local/lib/python3.8/site-packages/airflow/example_dags/example_external_task_marker_dag.py
[2024-03-16T23:55:20.657+0000] {processor.py:830} INFO - Processing file /home/airflow/.local/lib/python3.8/site-packages/airflow/example_dags/example_external_task_marker_dag.py for tasks to queue
[2024-03-16T23:55:20.658+0000] {logging_mixin.py:188} INFO - [2024-03-16T23:55:20.657+0000] {dagbag.py:540} INFO - Filling up the DagBag from /home/airflow/.local/lib/python3.8/site-packages/airflow/example_dags/example_external_task_marker_dag.py
[2024-03-16T23:55:20.661+0000] {processor.py:840} INFO - DAG(s) 'example_external_task_marker_child', 'example_external_task_marker_parent' retrieved from /home/airflow/.local/lib/python3.8/site-packages/airflow/example_dags/example_external_task_marker_dag.py
[2024-03-16T23:55:20.676+0000] {logging_mixin.py:188} INFO - [2024-03-16T23:55:20.676+0000] {dag.py:3047} INFO - Sync 2 DAGs
[2024-03-16T23:55:20.685+0000] {logging_mixin.py:188} INFO - [2024-03-16T23:55:20.685+0000] {dag.py:3834} INFO - Setting next_dagrun for example_external_task_marker_child to None, run_after=None
[2024-03-16T23:55:20.687+0000] {logging_mixin.py:188} INFO - [2024-03-16T23:55:20.687+0000] {dag.py:3834} INFO - Setting next_dagrun for example_external_task_marker_parent to None, run_after=None
[2024-03-16T23:55:20.698+0000] {processor.py:183} INFO - Processing /home/airflow/.local/lib/python3.8/site-packages/airflow/example_dags/example_external_task_marker_dag.py took 0.045 seconds
[2024-03-16T23:55:51.349+0000] {processor.py:161} INFO - Started process (PID=346) to work on /home/airflow/.local/lib/python3.8/site-packages/airflow/example_dags/example_external_task_marker_dag.py
[2024-03-16T23:55:51.350+0000] {processor.py:830} INFO - Processing file /home/airflow/.local/lib/python3.8/site-packages/airflow/example_dags/example_external_task_marker_dag.py for tasks to queue
[2024-03-16T23:55:51.352+0000] {logging_mixin.py:188} INFO - [2024-03-16T23:55:51.352+0000] {dagbag.py:540} INFO - Filling up the DagBag from /home/airflow/.local/lib/python3.8/site-packages/airflow/example_dags/example_external_task_marker_dag.py
[2024-03-16T23:55:51.356+0000] {processor.py:840} INFO - DAG(s) 'example_external_task_marker_parent', 'example_external_task_marker_child' retrieved from /home/airflow/.local/lib/python3.8/site-packages/airflow/example_dags/example_external_task_marker_dag.py
[2024-03-16T23:55:51.373+0000] {logging_mixin.py:188} INFO - [2024-03-16T23:55:51.373+0000] {dag.py:3047} INFO - Sync 2 DAGs
[2024-03-16T23:55:51.382+0000] {logging_mixin.py:188} INFO - [2024-03-16T23:55:51.382+0000] {dag.py:3834} INFO - Setting next_dagrun for example_external_task_marker_child to None, run_after=None
[2024-03-16T23:55:51.385+0000] {logging_mixin.py:188} INFO - [2024-03-16T23:55:51.384+0000] {dag.py:3834} INFO - Setting next_dagrun for example_external_task_marker_parent to None, run_after=None
[2024-03-16T23:55:51.397+0000] {processor.py:183} INFO - Processing /home/airflow/.local/lib/python3.8/site-packages/airflow/example_dags/example_external_task_marker_dag.py took 0.050 seconds
[2024-03-16T23:59:45.100+0000] {processor.py:161} INFO - Started process (PID=72) to work on /home/airflow/.local/lib/python3.8/site-packages/airflow/example_dags/example_external_task_marker_dag.py
[2024-03-16T23:59:45.100+0000] {processor.py:830} INFO - Processing file /home/airflow/.local/lib/python3.8/site-packages/airflow/example_dags/example_external_task_marker_dag.py for tasks to queue
[2024-03-16T23:59:45.101+0000] {logging_mixin.py:188} INFO - [2024-03-16T23:59:45.101+0000] {dagbag.py:540} INFO - Filling up the DagBag from /home/airflow/.local/lib/python3.8/site-packages/airflow/example_dags/example_external_task_marker_dag.py
[2024-03-16T23:59:45.106+0000] {processor.py:840} INFO - DAG(s) 'example_external_task_marker_child', 'example_external_task_marker_parent' retrieved from /home/airflow/.local/lib/python3.8/site-packages/airflow/example_dags/example_external_task_marker_dag.py
[2024-03-16T23:59:45.117+0000] {logging_mixin.py:188} INFO - [2024-03-16T23:59:45.116+0000] {dag.py:3047} INFO - Sync 2 DAGs
[2024-03-16T23:59:45.128+0000] {logging_mixin.py:188} INFO - [2024-03-16T23:59:45.127+0000] {dag.py:3834} INFO - Setting next_dagrun for example_external_task_marker_child to None, run_after=None
[2024-03-16T23:59:45.131+0000] {logging_mixin.py:188} INFO - [2024-03-16T23:59:45.131+0000] {dag.py:3834} INFO - Setting next_dagrun for example_external_task_marker_parent to None, run_after=None
[2024-03-16T23:59:45.147+0000] {processor.py:183} INFO - Processing /home/airflow/.local/lib/python3.8/site-packages/airflow/example_dags/example_external_task_marker_dag.py took 0.050 seconds
