[2024-03-16T23:50:04.732+0000] {processor.py:161} INFO - Started process (PID=39) to work on /home/airflow/.local/lib/python3.8/site-packages/airflow/example_dags/example_params_trigger_ui.py
[2024-03-16T23:50:04.732+0000] {processor.py:830} INFO - Processing file /home/airflow/.local/lib/python3.8/site-packages/airflow/example_dags/example_params_trigger_ui.py for tasks to queue
[2024-03-16T23:50:04.733+0000] {logging_mixin.py:188} INFO - [2024-03-16T23:50:04.733+0000] {dagbag.py:540} INFO - Filling up the DagBag from /home/airflow/.local/lib/python3.8/site-packages/airflow/example_dags/example_params_trigger_ui.py
[2024-03-16T23:50:04.744+0000] {processor.py:840} INFO - DAG(s) 'example_params_trigger_ui' retrieved from /home/airflow/.local/lib/python3.8/site-packages/airflow/example_dags/example_params_trigger_ui.py
[2024-03-16T23:50:04.754+0000] {logging_mixin.py:188} INFO - [2024-03-16T23:50:04.754+0000] {dag.py:3047} INFO - Sync 1 DAGs
[2024-03-16T23:50:04.770+0000] {logging_mixin.py:188} INFO - [2024-03-16T23:50:04.769+0000] {dag.py:3834} INFO - Setting next_dagrun for example_params_trigger_ui to None, run_after=None
[2024-03-16T23:50:04.784+0000] {processor.py:183} INFO - Processing /home/airflow/.local/lib/python3.8/site-packages/airflow/example_dags/example_params_trigger_ui.py took 0.054 seconds
[2024-03-16T23:51:47.413+0000] {processor.py:161} INFO - Started process (PID=39) to work on /home/airflow/.local/lib/python3.8/site-packages/airflow/example_dags/example_params_trigger_ui.py
[2024-03-16T23:51:47.420+0000] {processor.py:830} INFO - Processing file /home/airflow/.local/lib/python3.8/site-packages/airflow/example_dags/example_params_trigger_ui.py for tasks to queue
[2024-03-16T23:51:47.421+0000] {logging_mixin.py:188} INFO - [2024-03-16T23:51:47.421+0000] {dagbag.py:540} INFO - Filling up the DagBag from /home/airflow/.local/lib/python3.8/site-packages/airflow/example_dags/example_params_trigger_ui.py
[2024-03-16T23:51:47.434+0000] {processor.py:840} INFO - DAG(s) 'example_params_trigger_ui' retrieved from /home/airflow/.local/lib/python3.8/site-packages/airflow/example_dags/example_params_trigger_ui.py
[2024-03-16T23:51:47.443+0000] {logging_mixin.py:188} INFO - [2024-03-16T23:51:47.443+0000] {dag.py:3047} INFO - Sync 1 DAGs
[2024-03-16T23:51:47.452+0000] {logging_mixin.py:188} INFO - [2024-03-16T23:51:47.452+0000] {dag.py:3834} INFO - Setting next_dagrun for example_params_trigger_ui to None, run_after=None
[2024-03-16T23:51:47.464+0000] {processor.py:183} INFO - Processing /home/airflow/.local/lib/python3.8/site-packages/airflow/example_dags/example_params_trigger_ui.py took 0.053 seconds
[2024-03-16T23:53:16.246+0000] {processor.py:161} INFO - Started process (PID=39) to work on /home/airflow/.local/lib/python3.8/site-packages/airflow/example_dags/example_params_trigger_ui.py
[2024-03-16T23:53:16.246+0000] {processor.py:830} INFO - Processing file /home/airflow/.local/lib/python3.8/site-packages/airflow/example_dags/example_params_trigger_ui.py for tasks to queue
[2024-03-16T23:53:16.248+0000] {logging_mixin.py:188} INFO - [2024-03-16T23:53:16.247+0000] {dagbag.py:540} INFO - Filling up the DagBag from /home/airflow/.local/lib/python3.8/site-packages/airflow/example_dags/example_params_trigger_ui.py
[2024-03-16T23:53:16.260+0000] {processor.py:840} INFO - DAG(s) 'example_params_trigger_ui' retrieved from /home/airflow/.local/lib/python3.8/site-packages/airflow/example_dags/example_params_trigger_ui.py
[2024-03-16T23:53:16.268+0000] {logging_mixin.py:188} INFO - [2024-03-16T23:53:16.268+0000] {dag.py:3047} INFO - Sync 1 DAGs
[2024-03-16T23:53:16.279+0000] {logging_mixin.py:188} INFO - [2024-03-16T23:53:16.279+0000] {dag.py:3834} INFO - Setting next_dagrun for example_params_trigger_ui to None, run_after=None
[2024-03-16T23:53:16.293+0000] {processor.py:183} INFO - Processing /home/airflow/.local/lib/python3.8/site-packages/airflow/example_dags/example_params_trigger_ui.py took 0.049 seconds
[2024-03-16T23:53:47.121+0000] {processor.py:161} INFO - Started process (PID=94) to work on /home/airflow/.local/lib/python3.8/site-packages/airflow/example_dags/example_params_trigger_ui.py
[2024-03-16T23:53:47.122+0000] {processor.py:830} INFO - Processing file /home/airflow/.local/lib/python3.8/site-packages/airflow/example_dags/example_params_trigger_ui.py for tasks to queue
[2024-03-16T23:53:47.123+0000] {logging_mixin.py:188} INFO - [2024-03-16T23:53:47.123+0000] {dagbag.py:540} INFO - Filling up the DagBag from /home/airflow/.local/lib/python3.8/site-packages/airflow/example_dags/example_params_trigger_ui.py
[2024-03-16T23:53:47.131+0000] {processor.py:840} INFO - DAG(s) 'example_params_trigger_ui' retrieved from /home/airflow/.local/lib/python3.8/site-packages/airflow/example_dags/example_params_trigger_ui.py
[2024-03-16T23:53:47.233+0000] {logging_mixin.py:188} INFO - [2024-03-16T23:53:47.233+0000] {dag.py:3047} INFO - Sync 1 DAGs
[2024-03-16T23:53:47.240+0000] {logging_mixin.py:188} INFO - [2024-03-16T23:53:47.240+0000] {dag.py:3834} INFO - Setting next_dagrun for example_params_trigger_ui to None, run_after=None
[2024-03-16T23:53:47.254+0000] {processor.py:183} INFO - Processing /home/airflow/.local/lib/python3.8/site-packages/airflow/example_dags/example_params_trigger_ui.py took 0.135 seconds
[2024-03-16T23:54:18.027+0000] {processor.py:161} INFO - Started process (PID=149) to work on /home/airflow/.local/lib/python3.8/site-packages/airflow/example_dags/example_params_trigger_ui.py
[2024-03-16T23:54:18.028+0000] {processor.py:830} INFO - Processing file /home/airflow/.local/lib/python3.8/site-packages/airflow/example_dags/example_params_trigger_ui.py for tasks to queue
[2024-03-16T23:54:18.028+0000] {logging_mixin.py:188} INFO - [2024-03-16T23:54:18.028+0000] {dagbag.py:540} INFO - Filling up the DagBag from /home/airflow/.local/lib/python3.8/site-packages/airflow/example_dags/example_params_trigger_ui.py
[2024-03-16T23:54:18.037+0000] {processor.py:840} INFO - DAG(s) 'example_params_trigger_ui' retrieved from /home/airflow/.local/lib/python3.8/site-packages/airflow/example_dags/example_params_trigger_ui.py
[2024-03-16T23:54:18.078+0000] {logging_mixin.py:188} INFO - [2024-03-16T23:54:18.078+0000] {dag.py:3047} INFO - Sync 1 DAGs
[2024-03-16T23:54:18.086+0000] {logging_mixin.py:188} INFO - [2024-03-16T23:54:18.086+0000] {dag.py:3834} INFO - Setting next_dagrun for example_params_trigger_ui to None, run_after=None
[2024-03-16T23:54:18.099+0000] {processor.py:183} INFO - Processing /home/airflow/.local/lib/python3.8/site-packages/airflow/example_dags/example_params_trigger_ui.py took 0.074 seconds
[2024-03-16T23:54:48.909+0000] {processor.py:161} INFO - Started process (PID=204) to work on /home/airflow/.local/lib/python3.8/site-packages/airflow/example_dags/example_params_trigger_ui.py
[2024-03-16T23:54:48.909+0000] {processor.py:830} INFO - Processing file /home/airflow/.local/lib/python3.8/site-packages/airflow/example_dags/example_params_trigger_ui.py for tasks to queue
[2024-03-16T23:54:48.910+0000] {logging_mixin.py:188} INFO - [2024-03-16T23:54:48.910+0000] {dagbag.py:540} INFO - Filling up the DagBag from /home/airflow/.local/lib/python3.8/site-packages/airflow/example_dags/example_params_trigger_ui.py
[2024-03-16T23:54:48.918+0000] {processor.py:840} INFO - DAG(s) 'example_params_trigger_ui' retrieved from /home/airflow/.local/lib/python3.8/site-packages/airflow/example_dags/example_params_trigger_ui.py
[2024-03-16T23:54:48.960+0000] {logging_mixin.py:188} INFO - [2024-03-16T23:54:48.960+0000] {dag.py:3047} INFO - Sync 1 DAGs
[2024-03-16T23:54:48.969+0000] {logging_mixin.py:188} INFO - [2024-03-16T23:54:48.968+0000] {dag.py:3834} INFO - Setting next_dagrun for example_params_trigger_ui to None, run_after=None
[2024-03-16T23:54:48.982+0000] {processor.py:183} INFO - Processing /home/airflow/.local/lib/python3.8/site-packages/airflow/example_dags/example_params_trigger_ui.py took 0.075 seconds
[2024-03-16T23:55:19.596+0000] {processor.py:161} INFO - Started process (PID=259) to work on /home/airflow/.local/lib/python3.8/site-packages/airflow/example_dags/example_params_trigger_ui.py
[2024-03-16T23:55:19.596+0000] {processor.py:830} INFO - Processing file /home/airflow/.local/lib/python3.8/site-packages/airflow/example_dags/example_params_trigger_ui.py for tasks to queue
[2024-03-16T23:55:19.597+0000] {logging_mixin.py:188} INFO - [2024-03-16T23:55:19.597+0000] {dagbag.py:540} INFO - Filling up the DagBag from /home/airflow/.local/lib/python3.8/site-packages/airflow/example_dags/example_params_trigger_ui.py
[2024-03-16T23:55:19.606+0000] {processor.py:840} INFO - DAG(s) 'example_params_trigger_ui' retrieved from /home/airflow/.local/lib/python3.8/site-packages/airflow/example_dags/example_params_trigger_ui.py
[2024-03-16T23:55:19.645+0000] {logging_mixin.py:188} INFO - [2024-03-16T23:55:19.645+0000] {dag.py:3047} INFO - Sync 1 DAGs
[2024-03-16T23:55:19.653+0000] {logging_mixin.py:188} INFO - [2024-03-16T23:55:19.653+0000] {dag.py:3834} INFO - Setting next_dagrun for example_params_trigger_ui to None, run_after=None
[2024-03-16T23:55:19.666+0000] {processor.py:183} INFO - Processing /home/airflow/.local/lib/python3.8/site-packages/airflow/example_dags/example_params_trigger_ui.py took 0.072 seconds
[2024-03-16T23:55:50.277+0000] {processor.py:161} INFO - Started process (PID=314) to work on /home/airflow/.local/lib/python3.8/site-packages/airflow/example_dags/example_params_trigger_ui.py
[2024-03-16T23:55:50.278+0000] {processor.py:830} INFO - Processing file /home/airflow/.local/lib/python3.8/site-packages/airflow/example_dags/example_params_trigger_ui.py for tasks to queue
[2024-03-16T23:55:50.279+0000] {logging_mixin.py:188} INFO - [2024-03-16T23:55:50.279+0000] {dagbag.py:540} INFO - Filling up the DagBag from /home/airflow/.local/lib/python3.8/site-packages/airflow/example_dags/example_params_trigger_ui.py
[2024-03-16T23:55:50.288+0000] {processor.py:840} INFO - DAG(s) 'example_params_trigger_ui' retrieved from /home/airflow/.local/lib/python3.8/site-packages/airflow/example_dags/example_params_trigger_ui.py
[2024-03-16T23:55:50.327+0000] {logging_mixin.py:188} INFO - [2024-03-16T23:55:50.327+0000] {dag.py:3047} INFO - Sync 1 DAGs
[2024-03-16T23:55:50.336+0000] {logging_mixin.py:188} INFO - [2024-03-16T23:55:50.336+0000] {dag.py:3834} INFO - Setting next_dagrun for example_params_trigger_ui to None, run_after=None
[2024-03-16T23:55:50.349+0000] {processor.py:183} INFO - Processing /home/airflow/.local/lib/python3.8/site-packages/airflow/example_dags/example_params_trigger_ui.py took 0.074 seconds
[2024-03-16T23:59:43.465+0000] {processor.py:161} INFO - Started process (PID=40) to work on /home/airflow/.local/lib/python3.8/site-packages/airflow/example_dags/example_params_trigger_ui.py
[2024-03-16T23:59:43.470+0000] {processor.py:830} INFO - Processing file /home/airflow/.local/lib/python3.8/site-packages/airflow/example_dags/example_params_trigger_ui.py for tasks to queue
[2024-03-16T23:59:43.471+0000] {logging_mixin.py:188} INFO - [2024-03-16T23:59:43.471+0000] {dagbag.py:540} INFO - Filling up the DagBag from /home/airflow/.local/lib/python3.8/site-packages/airflow/example_dags/example_params_trigger_ui.py
[2024-03-16T23:59:43.494+0000] {processor.py:840} INFO - DAG(s) 'example_params_trigger_ui' retrieved from /home/airflow/.local/lib/python3.8/site-packages/airflow/example_dags/example_params_trigger_ui.py
[2024-03-16T23:59:43.502+0000] {logging_mixin.py:188} INFO - [2024-03-16T23:59:43.502+0000] {dag.py:3047} INFO - Sync 1 DAGs
[2024-03-16T23:59:43.518+0000] {logging_mixin.py:188} INFO - [2024-03-16T23:59:43.518+0000] {dag.py:3834} INFO - Setting next_dagrun for example_params_trigger_ui to None, run_after=None
[2024-03-16T23:59:43.545+0000] {processor.py:183} INFO - Processing /home/airflow/.local/lib/python3.8/site-packages/airflow/example_dags/example_params_trigger_ui.py took 0.082 seconds
