[2024-03-16T23:50:05.454+0000] {processor.py:161} INFO - Started process (PID=59) to work on /home/airflow/.local/lib/python3.8/site-packages/airflow/example_dags/example_task_group_decorator.py
[2024-03-16T23:50:05.454+0000] {processor.py:830} INFO - Processing file /home/airflow/.local/lib/python3.8/site-packages/airflow/example_dags/example_task_group_decorator.py for tasks to queue
[2024-03-16T23:50:05.455+0000] {logging_mixin.py:188} INFO - [2024-03-16T23:50:05.455+0000] {dagbag.py:540} INFO - Filling up the DagBag from /home/airflow/.local/lib/python3.8/site-packages/airflow/example_dags/example_task_group_decorator.py
[2024-03-16T23:50:05.467+0000] {processor.py:840} INFO - DAG(s) 'example_task_group_decorator' retrieved from /home/airflow/.local/lib/python3.8/site-packages/airflow/example_dags/example_task_group_decorator.py
[2024-03-16T23:50:05.475+0000] {logging_mixin.py:188} INFO - [2024-03-16T23:50:05.475+0000] {dag.py:3047} INFO - Sync 1 DAGs
[2024-03-16T23:50:05.493+0000] {logging_mixin.py:188} INFO - [2024-03-16T23:50:05.492+0000] {dag.py:3834} INFO - Setting next_dagrun for example_task_group_decorator to 2024-03-15 00:00:00+00:00, run_after=2024-03-16 00:00:00+00:00
[2024-03-16T23:50:05.506+0000] {processor.py:183} INFO - Processing /home/airflow/.local/lib/python3.8/site-packages/airflow/example_dags/example_task_group_decorator.py took 0.055 seconds
[2024-03-16T23:51:48.177+0000] {processor.py:161} INFO - Started process (PID=59) to work on /home/airflow/.local/lib/python3.8/site-packages/airflow/example_dags/example_task_group_decorator.py
[2024-03-16T23:51:48.178+0000] {processor.py:830} INFO - Processing file /home/airflow/.local/lib/python3.8/site-packages/airflow/example_dags/example_task_group_decorator.py for tasks to queue
[2024-03-16T23:51:48.179+0000] {logging_mixin.py:188} INFO - [2024-03-16T23:51:48.179+0000] {dagbag.py:540} INFO - Filling up the DagBag from /home/airflow/.local/lib/python3.8/site-packages/airflow/example_dags/example_task_group_decorator.py
[2024-03-16T23:51:48.189+0000] {processor.py:840} INFO - DAG(s) 'example_task_group_decorator' retrieved from /home/airflow/.local/lib/python3.8/site-packages/airflow/example_dags/example_task_group_decorator.py
[2024-03-16T23:51:48.196+0000] {logging_mixin.py:188} INFO - [2024-03-16T23:51:48.196+0000] {dag.py:3047} INFO - Sync 1 DAGs
[2024-03-16T23:51:48.214+0000] {logging_mixin.py:188} INFO - [2024-03-16T23:51:48.214+0000] {dag.py:3834} INFO - Setting next_dagrun for example_task_group_decorator to 2024-03-15 00:00:00+00:00, run_after=2024-03-16 00:00:00+00:00
[2024-03-16T23:51:48.227+0000] {processor.py:183} INFO - Processing /home/airflow/.local/lib/python3.8/site-packages/airflow/example_dags/example_task_group_decorator.py took 0.051 seconds
[2024-03-16T23:53:16.983+0000] {processor.py:161} INFO - Started process (PID=59) to work on /home/airflow/.local/lib/python3.8/site-packages/airflow/example_dags/example_task_group_decorator.py
[2024-03-16T23:53:16.984+0000] {processor.py:830} INFO - Processing file /home/airflow/.local/lib/python3.8/site-packages/airflow/example_dags/example_task_group_decorator.py for tasks to queue
[2024-03-16T23:53:16.985+0000] {logging_mixin.py:188} INFO - [2024-03-16T23:53:16.984+0000] {dagbag.py:540} INFO - Filling up the DagBag from /home/airflow/.local/lib/python3.8/site-packages/airflow/example_dags/example_task_group_decorator.py
[2024-03-16T23:53:16.995+0000] {processor.py:840} INFO - DAG(s) 'example_task_group_decorator' retrieved from /home/airflow/.local/lib/python3.8/site-packages/airflow/example_dags/example_task_group_decorator.py
[2024-03-16T23:53:17.011+0000] {logging_mixin.py:188} INFO - [2024-03-16T23:53:17.011+0000] {dag.py:3047} INFO - Sync 1 DAGs
[2024-03-16T23:53:17.026+0000] {logging_mixin.py:188} INFO - [2024-03-16T23:53:17.026+0000] {dag.py:3834} INFO - Setting next_dagrun for example_task_group_decorator to 2024-03-15 00:00:00+00:00, run_after=2024-03-16 00:00:00+00:00
[2024-03-16T23:53:17.038+0000] {processor.py:183} INFO - Processing /home/airflow/.local/lib/python3.8/site-packages/airflow/example_dags/example_task_group_decorator.py took 0.059 seconds
[2024-03-16T23:53:48.340+0000] {processor.py:161} INFO - Started process (PID=114) to work on /home/airflow/.local/lib/python3.8/site-packages/airflow/example_dags/example_task_group_decorator.py
[2024-03-16T23:53:48.341+0000] {processor.py:830} INFO - Processing file /home/airflow/.local/lib/python3.8/site-packages/airflow/example_dags/example_task_group_decorator.py for tasks to queue
[2024-03-16T23:53:48.342+0000] {logging_mixin.py:188} INFO - [2024-03-16T23:53:48.342+0000] {dagbag.py:540} INFO - Filling up the DagBag from /home/airflow/.local/lib/python3.8/site-packages/airflow/example_dags/example_task_group_decorator.py
[2024-03-16T23:53:48.352+0000] {processor.py:840} INFO - DAG(s) 'example_task_group_decorator' retrieved from /home/airflow/.local/lib/python3.8/site-packages/airflow/example_dags/example_task_group_decorator.py
[2024-03-16T23:53:48.428+0000] {logging_mixin.py:188} INFO - [2024-03-16T23:53:48.428+0000] {dag.py:3047} INFO - Sync 1 DAGs
[2024-03-16T23:53:48.442+0000] {logging_mixin.py:188} INFO - [2024-03-16T23:53:48.442+0000] {dag.py:3834} INFO - Setting next_dagrun for example_task_group_decorator to 2024-03-15 00:00:00+00:00, run_after=2024-03-16 00:00:00+00:00
[2024-03-16T23:53:48.455+0000] {processor.py:183} INFO - Processing /home/airflow/.local/lib/python3.8/site-packages/airflow/example_dags/example_task_group_decorator.py took 0.117 seconds
[2024-03-16T23:54:18.683+0000] {processor.py:161} INFO - Started process (PID=169) to work on /home/airflow/.local/lib/python3.8/site-packages/airflow/example_dags/example_task_group_decorator.py
[2024-03-16T23:54:18.683+0000] {processor.py:830} INFO - Processing file /home/airflow/.local/lib/python3.8/site-packages/airflow/example_dags/example_task_group_decorator.py for tasks to queue
[2024-03-16T23:54:18.684+0000] {logging_mixin.py:188} INFO - [2024-03-16T23:54:18.684+0000] {dagbag.py:540} INFO - Filling up the DagBag from /home/airflow/.local/lib/python3.8/site-packages/airflow/example_dags/example_task_group_decorator.py
[2024-03-16T23:54:18.694+0000] {processor.py:840} INFO - DAG(s) 'example_task_group_decorator' retrieved from /home/airflow/.local/lib/python3.8/site-packages/airflow/example_dags/example_task_group_decorator.py
[2024-03-16T23:54:18.710+0000] {logging_mixin.py:188} INFO - [2024-03-16T23:54:18.710+0000] {dag.py:3047} INFO - Sync 1 DAGs
[2024-03-16T23:54:18.725+0000] {logging_mixin.py:188} INFO - [2024-03-16T23:54:18.724+0000] {dag.py:3834} INFO - Setting next_dagrun for example_task_group_decorator to 2024-03-15 00:00:00+00:00, run_after=2024-03-16 00:00:00+00:00
[2024-03-16T23:54:18.738+0000] {processor.py:183} INFO - Processing /home/airflow/.local/lib/python3.8/site-packages/airflow/example_dags/example_task_group_decorator.py took 0.057 seconds
[2024-03-16T23:54:49.537+0000] {processor.py:161} INFO - Started process (PID=224) to work on /home/airflow/.local/lib/python3.8/site-packages/airflow/example_dags/example_task_group_decorator.py
[2024-03-16T23:54:49.538+0000] {processor.py:830} INFO - Processing file /home/airflow/.local/lib/python3.8/site-packages/airflow/example_dags/example_task_group_decorator.py for tasks to queue
[2024-03-16T23:54:49.539+0000] {logging_mixin.py:188} INFO - [2024-03-16T23:54:49.539+0000] {dagbag.py:540} INFO - Filling up the DagBag from /home/airflow/.local/lib/python3.8/site-packages/airflow/example_dags/example_task_group_decorator.py
[2024-03-16T23:54:49.549+0000] {processor.py:840} INFO - DAG(s) 'example_task_group_decorator' retrieved from /home/airflow/.local/lib/python3.8/site-packages/airflow/example_dags/example_task_group_decorator.py
[2024-03-16T23:54:49.566+0000] {logging_mixin.py:188} INFO - [2024-03-16T23:54:49.566+0000] {dag.py:3047} INFO - Sync 1 DAGs
[2024-03-16T23:54:49.582+0000] {logging_mixin.py:188} INFO - [2024-03-16T23:54:49.582+0000] {dag.py:3834} INFO - Setting next_dagrun for example_task_group_decorator to 2024-03-15 00:00:00+00:00, run_after=2024-03-16 00:00:00+00:00
[2024-03-16T23:54:49.595+0000] {processor.py:183} INFO - Processing /home/airflow/.local/lib/python3.8/site-packages/airflow/example_dags/example_task_group_decorator.py took 0.060 seconds
[2024-03-16T23:55:20.228+0000] {processor.py:161} INFO - Started process (PID=279) to work on /home/airflow/.local/lib/python3.8/site-packages/airflow/example_dags/example_task_group_decorator.py
[2024-03-16T23:55:20.228+0000] {processor.py:830} INFO - Processing file /home/airflow/.local/lib/python3.8/site-packages/airflow/example_dags/example_task_group_decorator.py for tasks to queue
[2024-03-16T23:55:20.229+0000] {logging_mixin.py:188} INFO - [2024-03-16T23:55:20.229+0000] {dagbag.py:540} INFO - Filling up the DagBag from /home/airflow/.local/lib/python3.8/site-packages/airflow/example_dags/example_task_group_decorator.py
[2024-03-16T23:55:20.239+0000] {processor.py:840} INFO - DAG(s) 'example_task_group_decorator' retrieved from /home/airflow/.local/lib/python3.8/site-packages/airflow/example_dags/example_task_group_decorator.py
[2024-03-16T23:55:20.255+0000] {logging_mixin.py:188} INFO - [2024-03-16T23:55:20.255+0000] {dag.py:3047} INFO - Sync 1 DAGs
[2024-03-16T23:55:20.271+0000] {logging_mixin.py:188} INFO - [2024-03-16T23:55:20.270+0000] {dag.py:3834} INFO - Setting next_dagrun for example_task_group_decorator to 2024-03-15 00:00:00+00:00, run_after=2024-03-16 00:00:00+00:00
[2024-03-16T23:55:20.284+0000] {processor.py:183} INFO - Processing /home/airflow/.local/lib/python3.8/site-packages/airflow/example_dags/example_task_group_decorator.py took 0.058 seconds
[2024-03-16T23:55:50.910+0000] {processor.py:161} INFO - Started process (PID=334) to work on /home/airflow/.local/lib/python3.8/site-packages/airflow/example_dags/example_task_group_decorator.py
[2024-03-16T23:55:50.910+0000] {processor.py:830} INFO - Processing file /home/airflow/.local/lib/python3.8/site-packages/airflow/example_dags/example_task_group_decorator.py for tasks to queue
[2024-03-16T23:55:50.911+0000] {logging_mixin.py:188} INFO - [2024-03-16T23:55:50.911+0000] {dagbag.py:540} INFO - Filling up the DagBag from /home/airflow/.local/lib/python3.8/site-packages/airflow/example_dags/example_task_group_decorator.py
[2024-03-16T23:55:50.922+0000] {processor.py:840} INFO - DAG(s) 'example_task_group_decorator' retrieved from /home/airflow/.local/lib/python3.8/site-packages/airflow/example_dags/example_task_group_decorator.py
[2024-03-16T23:55:50.939+0000] {logging_mixin.py:188} INFO - [2024-03-16T23:55:50.939+0000] {dag.py:3047} INFO - Sync 1 DAGs
[2024-03-16T23:55:50.954+0000] {logging_mixin.py:188} INFO - [2024-03-16T23:55:50.954+0000] {dag.py:3834} INFO - Setting next_dagrun for example_task_group_decorator to 2024-03-15 00:00:00+00:00, run_after=2024-03-16 00:00:00+00:00
[2024-03-16T23:55:50.967+0000] {processor.py:183} INFO - Processing /home/airflow/.local/lib/python3.8/site-packages/airflow/example_dags/example_task_group_decorator.py took 0.060 seconds
[2024-03-16T23:59:44.500+0000] {processor.py:161} INFO - Started process (PID=60) to work on /home/airflow/.local/lib/python3.8/site-packages/airflow/example_dags/example_task_group_decorator.py
[2024-03-16T23:59:44.501+0000] {processor.py:830} INFO - Processing file /home/airflow/.local/lib/python3.8/site-packages/airflow/example_dags/example_task_group_decorator.py for tasks to queue
[2024-03-16T23:59:44.502+0000] {logging_mixin.py:188} INFO - [2024-03-16T23:59:44.502+0000] {dagbag.py:540} INFO - Filling up the DagBag from /home/airflow/.local/lib/python3.8/site-packages/airflow/example_dags/example_task_group_decorator.py
[2024-03-16T23:59:44.521+0000] {processor.py:840} INFO - DAG(s) 'example_task_group_decorator' retrieved from /home/airflow/.local/lib/python3.8/site-packages/airflow/example_dags/example_task_group_decorator.py
[2024-03-16T23:59:44.533+0000] {logging_mixin.py:188} INFO - [2024-03-16T23:59:44.533+0000] {dag.py:3047} INFO - Sync 1 DAGs
[2024-03-16T23:59:44.556+0000] {logging_mixin.py:188} INFO - [2024-03-16T23:59:44.555+0000] {dag.py:3834} INFO - Setting next_dagrun for example_task_group_decorator to 2024-03-15 00:00:00+00:00, run_after=2024-03-16 00:00:00+00:00
[2024-03-16T23:59:44.574+0000] {processor.py:183} INFO - Processing /home/airflow/.local/lib/python3.8/site-packages/airflow/example_dags/example_task_group_decorator.py took 0.076 seconds
