[2024-03-16T23:50:05.468+0000] {processor.py:161} INFO - Started process (PID=60) to work on /home/airflow/.local/lib/python3.8/site-packages/airflow/example_dags/example_task_group.py
[2024-03-16T23:50:05.468+0000] {processor.py:830} INFO - Processing file /home/airflow/.local/lib/python3.8/site-packages/airflow/example_dags/example_task_group.py for tasks to queue
[2024-03-16T23:50:05.469+0000] {logging_mixin.py:188} INFO - [2024-03-16T23:50:05.469+0000] {dagbag.py:540} INFO - Filling up the DagBag from /home/airflow/.local/lib/python3.8/site-packages/airflow/example_dags/example_task_group.py
[2024-03-16T23:50:05.474+0000] {processor.py:840} INFO - DAG(s) 'example_task_group' retrieved from /home/airflow/.local/lib/python3.8/site-packages/airflow/example_dags/example_task_group.py
[2024-03-16T23:50:05.481+0000] {logging_mixin.py:188} INFO - [2024-03-16T23:50:05.481+0000] {dag.py:3047} INFO - Sync 1 DAGs
[2024-03-16T23:50:05.498+0000] {logging_mixin.py:188} INFO - [2024-03-16T23:50:05.498+0000] {dag.py:3834} INFO - Setting next_dagrun for example_task_group to 2024-03-15 00:00:00+00:00, run_after=2024-03-16 00:00:00+00:00
[2024-03-16T23:50:05.513+0000] {processor.py:183} INFO - Processing /home/airflow/.local/lib/python3.8/site-packages/airflow/example_dags/example_task_group.py took 0.047 seconds
[2024-03-16T23:51:48.180+0000] {processor.py:161} INFO - Started process (PID=60) to work on /home/airflow/.local/lib/python3.8/site-packages/airflow/example_dags/example_task_group.py
[2024-03-16T23:51:48.181+0000] {processor.py:830} INFO - Processing file /home/airflow/.local/lib/python3.8/site-packages/airflow/example_dags/example_task_group.py for tasks to queue
[2024-03-16T23:51:48.182+0000] {logging_mixin.py:188} INFO - [2024-03-16T23:51:48.182+0000] {dagbag.py:540} INFO - Filling up the DagBag from /home/airflow/.local/lib/python3.8/site-packages/airflow/example_dags/example_task_group.py
[2024-03-16T23:51:48.187+0000] {processor.py:840} INFO - DAG(s) 'example_task_group' retrieved from /home/airflow/.local/lib/python3.8/site-packages/airflow/example_dags/example_task_group.py
[2024-03-16T23:51:48.194+0000] {logging_mixin.py:188} INFO - [2024-03-16T23:51:48.194+0000] {dag.py:3047} INFO - Sync 1 DAGs
[2024-03-16T23:51:48.212+0000] {logging_mixin.py:188} INFO - [2024-03-16T23:51:48.212+0000] {dag.py:3834} INFO - Setting next_dagrun for example_task_group to 2024-03-15 00:00:00+00:00, run_after=2024-03-16 00:00:00+00:00
[2024-03-16T23:51:48.229+0000] {processor.py:183} INFO - Processing /home/airflow/.local/lib/python3.8/site-packages/airflow/example_dags/example_task_group.py took 0.051 seconds
[2024-03-16T23:53:16.992+0000] {processor.py:161} INFO - Started process (PID=60) to work on /home/airflow/.local/lib/python3.8/site-packages/airflow/example_dags/example_task_group.py
[2024-03-16T23:53:16.993+0000] {processor.py:830} INFO - Processing file /home/airflow/.local/lib/python3.8/site-packages/airflow/example_dags/example_task_group.py for tasks to queue
[2024-03-16T23:53:16.994+0000] {logging_mixin.py:188} INFO - [2024-03-16T23:53:16.993+0000] {dagbag.py:540} INFO - Filling up the DagBag from /home/airflow/.local/lib/python3.8/site-packages/airflow/example_dags/example_task_group.py
[2024-03-16T23:53:16.999+0000] {processor.py:840} INFO - DAG(s) 'example_task_group' retrieved from /home/airflow/.local/lib/python3.8/site-packages/airflow/example_dags/example_task_group.py
[2024-03-16T23:53:17.007+0000] {logging_mixin.py:188} INFO - [2024-03-16T23:53:17.006+0000] {dag.py:3047} INFO - Sync 1 DAGs
[2024-03-16T23:53:17.023+0000] {logging_mixin.py:188} INFO - [2024-03-16T23:53:17.023+0000] {dag.py:3834} INFO - Setting next_dagrun for example_task_group to 2024-03-15 00:00:00+00:00, run_after=2024-03-16 00:00:00+00:00
[2024-03-16T23:53:17.036+0000] {processor.py:183} INFO - Processing /home/airflow/.local/lib/python3.8/site-packages/airflow/example_dags/example_task_group.py took 0.046 seconds
[2024-03-16T23:53:48.354+0000] {processor.py:161} INFO - Started process (PID=115) to work on /home/airflow/.local/lib/python3.8/site-packages/airflow/example_dags/example_task_group.py
[2024-03-16T23:53:48.355+0000] {processor.py:830} INFO - Processing file /home/airflow/.local/lib/python3.8/site-packages/airflow/example_dags/example_task_group.py for tasks to queue
[2024-03-16T23:53:48.356+0000] {logging_mixin.py:188} INFO - [2024-03-16T23:53:48.355+0000] {dagbag.py:540} INFO - Filling up the DagBag from /home/airflow/.local/lib/python3.8/site-packages/airflow/example_dags/example_task_group.py
[2024-03-16T23:53:48.360+0000] {processor.py:840} INFO - DAG(s) 'example_task_group' retrieved from /home/airflow/.local/lib/python3.8/site-packages/airflow/example_dags/example_task_group.py
[2024-03-16T23:53:48.431+0000] {logging_mixin.py:188} INFO - [2024-03-16T23:53:48.431+0000] {dag.py:3047} INFO - Sync 1 DAGs
[2024-03-16T23:53:48.444+0000] {logging_mixin.py:188} INFO - [2024-03-16T23:53:48.444+0000] {dag.py:3834} INFO - Setting next_dagrun for example_task_group to 2024-03-15 00:00:00+00:00, run_after=2024-03-16 00:00:00+00:00
[2024-03-16T23:53:48.457+0000] {processor.py:183} INFO - Processing /home/airflow/.local/lib/python3.8/site-packages/airflow/example_dags/example_task_group.py took 0.106 seconds
[2024-03-16T23:54:18.689+0000] {processor.py:161} INFO - Started process (PID=170) to work on /home/airflow/.local/lib/python3.8/site-packages/airflow/example_dags/example_task_group.py
[2024-03-16T23:54:18.690+0000] {processor.py:830} INFO - Processing file /home/airflow/.local/lib/python3.8/site-packages/airflow/example_dags/example_task_group.py for tasks to queue
[2024-03-16T23:54:18.691+0000] {logging_mixin.py:188} INFO - [2024-03-16T23:54:18.691+0000] {dagbag.py:540} INFO - Filling up the DagBag from /home/airflow/.local/lib/python3.8/site-packages/airflow/example_dags/example_task_group.py
[2024-03-16T23:54:18.695+0000] {processor.py:840} INFO - DAG(s) 'example_task_group' retrieved from /home/airflow/.local/lib/python3.8/site-packages/airflow/example_dags/example_task_group.py
[2024-03-16T23:54:18.708+0000] {logging_mixin.py:188} INFO - [2024-03-16T23:54:18.708+0000] {dag.py:3047} INFO - Sync 1 DAGs
[2024-03-16T23:54:18.723+0000] {logging_mixin.py:188} INFO - [2024-03-16T23:54:18.723+0000] {dag.py:3834} INFO - Setting next_dagrun for example_task_group to 2024-03-15 00:00:00+00:00, run_after=2024-03-16 00:00:00+00:00
[2024-03-16T23:54:18.737+0000] {processor.py:183} INFO - Processing /home/airflow/.local/lib/python3.8/site-packages/airflow/example_dags/example_task_group.py took 0.050 seconds
[2024-03-16T23:54:49.565+0000] {processor.py:161} INFO - Started process (PID=225) to work on /home/airflow/.local/lib/python3.8/site-packages/airflow/example_dags/example_task_group.py
[2024-03-16T23:54:49.566+0000] {processor.py:830} INFO - Processing file /home/airflow/.local/lib/python3.8/site-packages/airflow/example_dags/example_task_group.py for tasks to queue
[2024-03-16T23:54:49.566+0000] {logging_mixin.py:188} INFO - [2024-03-16T23:54:49.566+0000] {dagbag.py:540} INFO - Filling up the DagBag from /home/airflow/.local/lib/python3.8/site-packages/airflow/example_dags/example_task_group.py
[2024-03-16T23:54:49.571+0000] {processor.py:840} INFO - DAG(s) 'example_task_group' retrieved from /home/airflow/.local/lib/python3.8/site-packages/airflow/example_dags/example_task_group.py
[2024-03-16T23:54:49.585+0000] {logging_mixin.py:188} INFO - [2024-03-16T23:54:49.585+0000] {dag.py:3047} INFO - Sync 1 DAGs
[2024-03-16T23:54:49.600+0000] {logging_mixin.py:188} INFO - [2024-03-16T23:54:49.600+0000] {dag.py:3834} INFO - Setting next_dagrun for example_task_group to 2024-03-15 00:00:00+00:00, run_after=2024-03-16 00:00:00+00:00
[2024-03-16T23:54:49.612+0000] {processor.py:183} INFO - Processing /home/airflow/.local/lib/python3.8/site-packages/airflow/example_dags/example_task_group.py took 0.049 seconds
[2024-03-16T23:55:20.246+0000] {processor.py:161} INFO - Started process (PID=280) to work on /home/airflow/.local/lib/python3.8/site-packages/airflow/example_dags/example_task_group.py
[2024-03-16T23:55:20.247+0000] {processor.py:830} INFO - Processing file /home/airflow/.local/lib/python3.8/site-packages/airflow/example_dags/example_task_group.py for tasks to queue
[2024-03-16T23:55:20.248+0000] {logging_mixin.py:188} INFO - [2024-03-16T23:55:20.248+0000] {dagbag.py:540} INFO - Filling up the DagBag from /home/airflow/.local/lib/python3.8/site-packages/airflow/example_dags/example_task_group.py
[2024-03-16T23:55:20.253+0000] {processor.py:840} INFO - DAG(s) 'example_task_group' retrieved from /home/airflow/.local/lib/python3.8/site-packages/airflow/example_dags/example_task_group.py
[2024-03-16T23:55:20.266+0000] {logging_mixin.py:188} INFO - [2024-03-16T23:55:20.266+0000] {dag.py:3047} INFO - Sync 1 DAGs
[2024-03-16T23:55:20.281+0000] {logging_mixin.py:188} INFO - [2024-03-16T23:55:20.280+0000] {dag.py:3834} INFO - Setting next_dagrun for example_task_group to 2024-03-15 00:00:00+00:00, run_after=2024-03-16 00:00:00+00:00
[2024-03-16T23:55:20.292+0000] {processor.py:183} INFO - Processing /home/airflow/.local/lib/python3.8/site-packages/airflow/example_dags/example_task_group.py took 0.048 seconds
[2024-03-16T23:55:50.921+0000] {processor.py:161} INFO - Started process (PID=335) to work on /home/airflow/.local/lib/python3.8/site-packages/airflow/example_dags/example_task_group.py
[2024-03-16T23:55:50.921+0000] {processor.py:830} INFO - Processing file /home/airflow/.local/lib/python3.8/site-packages/airflow/example_dags/example_task_group.py for tasks to queue
[2024-03-16T23:55:50.922+0000] {logging_mixin.py:188} INFO - [2024-03-16T23:55:50.922+0000] {dagbag.py:540} INFO - Filling up the DagBag from /home/airflow/.local/lib/python3.8/site-packages/airflow/example_dags/example_task_group.py
[2024-03-16T23:55:50.927+0000] {processor.py:840} INFO - DAG(s) 'example_task_group' retrieved from /home/airflow/.local/lib/python3.8/site-packages/airflow/example_dags/example_task_group.py
[2024-03-16T23:55:50.940+0000] {logging_mixin.py:188} INFO - [2024-03-16T23:55:50.939+0000] {dag.py:3047} INFO - Sync 1 DAGs
[2024-03-16T23:55:50.955+0000] {logging_mixin.py:188} INFO - [2024-03-16T23:55:50.955+0000] {dag.py:3834} INFO - Setting next_dagrun for example_task_group to 2024-03-15 00:00:00+00:00, run_after=2024-03-16 00:00:00+00:00
[2024-03-16T23:55:50.968+0000] {processor.py:183} INFO - Processing /home/airflow/.local/lib/python3.8/site-packages/airflow/example_dags/example_task_group.py took 0.049 seconds
[2024-03-16T23:59:44.518+0000] {processor.py:161} INFO - Started process (PID=61) to work on /home/airflow/.local/lib/python3.8/site-packages/airflow/example_dags/example_task_group.py
[2024-03-16T23:59:44.519+0000] {processor.py:830} INFO - Processing file /home/airflow/.local/lib/python3.8/site-packages/airflow/example_dags/example_task_group.py for tasks to queue
[2024-03-16T23:59:44.521+0000] {logging_mixin.py:188} INFO - [2024-03-16T23:59:44.521+0000] {dagbag.py:540} INFO - Filling up the DagBag from /home/airflow/.local/lib/python3.8/site-packages/airflow/example_dags/example_task_group.py
[2024-03-16T23:59:44.530+0000] {processor.py:840} INFO - DAG(s) 'example_task_group' retrieved from /home/airflow/.local/lib/python3.8/site-packages/airflow/example_dags/example_task_group.py
[2024-03-16T23:59:44.545+0000] {logging_mixin.py:188} INFO - [2024-03-16T23:59:44.545+0000] {dag.py:3047} INFO - Sync 1 DAGs
[2024-03-16T23:59:44.567+0000] {logging_mixin.py:188} INFO - [2024-03-16T23:59:44.567+0000] {dag.py:3834} INFO - Setting next_dagrun for example_task_group to 2024-03-15 00:00:00+00:00, run_after=2024-03-16 00:00:00+00:00
[2024-03-16T23:59:44.587+0000] {processor.py:183} INFO - Processing /home/airflow/.local/lib/python3.8/site-packages/airflow/example_dags/example_task_group.py took 0.072 seconds
