[2024-03-16T23:50:05.525+0000] {processor.py:161} INFO - Started process (PID=62) to work on /home/airflow/.local/lib/python3.8/site-packages/airflow/example_dags/example_branch_python_dop_operator_3.py
[2024-03-16T23:50:05.525+0000] {processor.py:830} INFO - Processing file /home/airflow/.local/lib/python3.8/site-packages/airflow/example_dags/example_branch_python_dop_operator_3.py for tasks to queue
[2024-03-16T23:50:05.526+0000] {logging_mixin.py:188} INFO - [2024-03-16T23:50:05.526+0000] {dagbag.py:540} INFO - Filling up the DagBag from /home/airflow/.local/lib/python3.8/site-packages/airflow/example_dags/example_branch_python_dop_operator_3.py
[2024-03-16T23:50:05.532+0000] {processor.py:840} INFO - DAG(s) 'example_branch_dop_operator_v3' retrieved from /home/airflow/.local/lib/python3.8/site-packages/airflow/example_dags/example_branch_python_dop_operator_3.py
[2024-03-16T23:50:05.540+0000] {logging_mixin.py:188} INFO - [2024-03-16T23:50:05.540+0000] {dag.py:3047} INFO - Sync 1 DAGs
[2024-03-16T23:50:05.561+0000] {logging_mixin.py:188} INFO - [2024-03-16T23:50:05.561+0000] {dag.py:3834} INFO - Setting next_dagrun for example_branch_dop_operator_v3 to 2024-03-16 23:49:00+00:00, run_after=2024-03-16 23:50:00+00:00
[2024-03-16T23:50:05.576+0000] {processor.py:183} INFO - Processing /home/airflow/.local/lib/python3.8/site-packages/airflow/example_dags/example_branch_python_dop_operator_3.py took 0.053 seconds
[2024-03-16T23:51:48.270+0000] {processor.py:161} INFO - Started process (PID=62) to work on /home/airflow/.local/lib/python3.8/site-packages/airflow/example_dags/example_branch_python_dop_operator_3.py
[2024-03-16T23:51:48.271+0000] {processor.py:830} INFO - Processing file /home/airflow/.local/lib/python3.8/site-packages/airflow/example_dags/example_branch_python_dop_operator_3.py for tasks to queue
[2024-03-16T23:51:48.273+0000] {logging_mixin.py:188} INFO - [2024-03-16T23:51:48.273+0000] {dagbag.py:540} INFO - Filling up the DagBag from /home/airflow/.local/lib/python3.8/site-packages/airflow/example_dags/example_branch_python_dop_operator_3.py
[2024-03-16T23:51:48.279+0000] {processor.py:840} INFO - DAG(s) 'example_branch_dop_operator_v3' retrieved from /home/airflow/.local/lib/python3.8/site-packages/airflow/example_dags/example_branch_python_dop_operator_3.py
[2024-03-16T23:51:48.288+0000] {logging_mixin.py:188} INFO - [2024-03-16T23:51:48.288+0000] {dag.py:3047} INFO - Sync 1 DAGs
[2024-03-16T23:51:48.318+0000] {logging_mixin.py:188} INFO - [2024-03-16T23:51:48.318+0000] {dag.py:3834} INFO - Setting next_dagrun for example_branch_dop_operator_v3 to 2024-03-16 23:50:00+00:00, run_after=2024-03-16 23:51:00+00:00
[2024-03-16T23:51:48.333+0000] {processor.py:183} INFO - Processing /home/airflow/.local/lib/python3.8/site-packages/airflow/example_dags/example_branch_python_dop_operator_3.py took 0.066 seconds
[2024-03-16T23:53:17.063+0000] {processor.py:161} INFO - Started process (PID=62) to work on /home/airflow/.local/lib/python3.8/site-packages/airflow/example_dags/example_branch_python_dop_operator_3.py
[2024-03-16T23:53:17.064+0000] {processor.py:830} INFO - Processing file /home/airflow/.local/lib/python3.8/site-packages/airflow/example_dags/example_branch_python_dop_operator_3.py for tasks to queue
[2024-03-16T23:53:17.065+0000] {logging_mixin.py:188} INFO - [2024-03-16T23:53:17.065+0000] {dagbag.py:540} INFO - Filling up the DagBag from /home/airflow/.local/lib/python3.8/site-packages/airflow/example_dags/example_branch_python_dop_operator_3.py
[2024-03-16T23:53:17.070+0000] {processor.py:840} INFO - DAG(s) 'example_branch_dop_operator_v3' retrieved from /home/airflow/.local/lib/python3.8/site-packages/airflow/example_dags/example_branch_python_dop_operator_3.py
[2024-03-16T23:53:17.079+0000] {logging_mixin.py:188} INFO - [2024-03-16T23:53:17.078+0000] {dag.py:3047} INFO - Sync 1 DAGs
[2024-03-16T23:53:17.098+0000] {logging_mixin.py:188} INFO - [2024-03-16T23:53:17.098+0000] {dag.py:3834} INFO - Setting next_dagrun for example_branch_dop_operator_v3 to 2024-03-16 23:52:00+00:00, run_after=2024-03-16 23:53:00+00:00
[2024-03-16T23:53:17.111+0000] {processor.py:183} INFO - Processing /home/airflow/.local/lib/python3.8/site-packages/airflow/example_dags/example_branch_python_dop_operator_3.py took 0.050 seconds
[2024-03-16T23:53:48.594+0000] {processor.py:161} INFO - Started process (PID=117) to work on /home/airflow/.local/lib/python3.8/site-packages/airflow/example_dags/example_branch_python_dop_operator_3.py
[2024-03-16T23:53:48.595+0000] {processor.py:830} INFO - Processing file /home/airflow/.local/lib/python3.8/site-packages/airflow/example_dags/example_branch_python_dop_operator_3.py for tasks to queue
[2024-03-16T23:53:48.596+0000] {logging_mixin.py:188} INFO - [2024-03-16T23:53:48.596+0000] {dagbag.py:540} INFO - Filling up the DagBag from /home/airflow/.local/lib/python3.8/site-packages/airflow/example_dags/example_branch_python_dop_operator_3.py
[2024-03-16T23:53:48.602+0000] {processor.py:840} INFO - DAG(s) 'example_branch_dop_operator_v3' retrieved from /home/airflow/.local/lib/python3.8/site-packages/airflow/example_dags/example_branch_python_dop_operator_3.py
[2024-03-16T23:53:48.674+0000] {logging_mixin.py:188} INFO - [2024-03-16T23:53:48.673+0000] {dag.py:3047} INFO - Sync 1 DAGs
[2024-03-16T23:53:48.690+0000] {logging_mixin.py:188} INFO - [2024-03-16T23:53:48.690+0000] {dag.py:3834} INFO - Setting next_dagrun for example_branch_dop_operator_v3 to 2024-03-16 23:52:00+00:00, run_after=2024-03-16 23:53:00+00:00
[2024-03-16T23:53:48.703+0000] {processor.py:183} INFO - Processing /home/airflow/.local/lib/python3.8/site-packages/airflow/example_dags/example_branch_python_dop_operator_3.py took 0.111 seconds
[2024-03-16T23:54:18.824+0000] {processor.py:161} INFO - Started process (PID=172) to work on /home/airflow/.local/lib/python3.8/site-packages/airflow/example_dags/example_branch_python_dop_operator_3.py
[2024-03-16T23:54:18.825+0000] {processor.py:830} INFO - Processing file /home/airflow/.local/lib/python3.8/site-packages/airflow/example_dags/example_branch_python_dop_operator_3.py for tasks to queue
[2024-03-16T23:54:18.826+0000] {logging_mixin.py:188} INFO - [2024-03-16T23:54:18.826+0000] {dagbag.py:540} INFO - Filling up the DagBag from /home/airflow/.local/lib/python3.8/site-packages/airflow/example_dags/example_branch_python_dop_operator_3.py
[2024-03-16T23:54:18.832+0000] {processor.py:840} INFO - DAG(s) 'example_branch_dop_operator_v3' retrieved from /home/airflow/.local/lib/python3.8/site-packages/airflow/example_dags/example_branch_python_dop_operator_3.py
[2024-03-16T23:54:18.845+0000] {logging_mixin.py:188} INFO - [2024-03-16T23:54:18.845+0000] {dag.py:3047} INFO - Sync 1 DAGs
[2024-03-16T23:54:18.864+0000] {logging_mixin.py:188} INFO - [2024-03-16T23:54:18.864+0000] {dag.py:3834} INFO - Setting next_dagrun for example_branch_dop_operator_v3 to 2024-03-16 23:53:00+00:00, run_after=2024-03-16 23:54:00+00:00
[2024-03-16T23:54:18.878+0000] {processor.py:183} INFO - Processing /home/airflow/.local/lib/python3.8/site-packages/airflow/example_dags/example_branch_python_dop_operator_3.py took 0.056 seconds
[2024-03-16T23:54:49.625+0000] {processor.py:161} INFO - Started process (PID=227) to work on /home/airflow/.local/lib/python3.8/site-packages/airflow/example_dags/example_branch_python_dop_operator_3.py
[2024-03-16T23:54:49.626+0000] {processor.py:830} INFO - Processing file /home/airflow/.local/lib/python3.8/site-packages/airflow/example_dags/example_branch_python_dop_operator_3.py for tasks to queue
[2024-03-16T23:54:49.627+0000] {logging_mixin.py:188} INFO - [2024-03-16T23:54:49.627+0000] {dagbag.py:540} INFO - Filling up the DagBag from /home/airflow/.local/lib/python3.8/site-packages/airflow/example_dags/example_branch_python_dop_operator_3.py
[2024-03-16T23:54:49.633+0000] {processor.py:840} INFO - DAG(s) 'example_branch_dop_operator_v3' retrieved from /home/airflow/.local/lib/python3.8/site-packages/airflow/example_dags/example_branch_python_dop_operator_3.py
[2024-03-16T23:54:49.646+0000] {logging_mixin.py:188} INFO - [2024-03-16T23:54:49.646+0000] {dag.py:3047} INFO - Sync 1 DAGs
[2024-03-16T23:54:49.664+0000] {logging_mixin.py:188} INFO - [2024-03-16T23:54:49.664+0000] {dag.py:3834} INFO - Setting next_dagrun for example_branch_dop_operator_v3 to 2024-03-16 23:53:00+00:00, run_after=2024-03-16 23:54:00+00:00
[2024-03-16T23:54:49.676+0000] {processor.py:183} INFO - Processing /home/airflow/.local/lib/python3.8/site-packages/airflow/example_dags/example_branch_python_dop_operator_3.py took 0.053 seconds
[2024-03-16T23:55:20.303+0000] {processor.py:161} INFO - Started process (PID=282) to work on /home/airflow/.local/lib/python3.8/site-packages/airflow/example_dags/example_branch_python_dop_operator_3.py
[2024-03-16T23:55:20.304+0000] {processor.py:830} INFO - Processing file /home/airflow/.local/lib/python3.8/site-packages/airflow/example_dags/example_branch_python_dop_operator_3.py for tasks to queue
[2024-03-16T23:55:20.305+0000] {logging_mixin.py:188} INFO - [2024-03-16T23:55:20.305+0000] {dagbag.py:540} INFO - Filling up the DagBag from /home/airflow/.local/lib/python3.8/site-packages/airflow/example_dags/example_branch_python_dop_operator_3.py
[2024-03-16T23:55:20.311+0000] {processor.py:840} INFO - DAG(s) 'example_branch_dop_operator_v3' retrieved from /home/airflow/.local/lib/python3.8/site-packages/airflow/example_dags/example_branch_python_dop_operator_3.py
[2024-03-16T23:55:20.323+0000] {logging_mixin.py:188} INFO - [2024-03-16T23:55:20.323+0000] {dag.py:3047} INFO - Sync 1 DAGs
[2024-03-16T23:55:20.342+0000] {logging_mixin.py:188} INFO - [2024-03-16T23:55:20.342+0000] {dag.py:3834} INFO - Setting next_dagrun for example_branch_dop_operator_v3 to 2024-03-16 23:54:00+00:00, run_after=2024-03-16 23:55:00+00:00
[2024-03-16T23:55:20.354+0000] {processor.py:183} INFO - Processing /home/airflow/.local/lib/python3.8/site-packages/airflow/example_dags/example_branch_python_dop_operator_3.py took 0.052 seconds
[2024-03-16T23:55:50.984+0000] {processor.py:161} INFO - Started process (PID=337) to work on /home/airflow/.local/lib/python3.8/site-packages/airflow/example_dags/example_branch_python_dop_operator_3.py
[2024-03-16T23:55:50.984+0000] {processor.py:830} INFO - Processing file /home/airflow/.local/lib/python3.8/site-packages/airflow/example_dags/example_branch_python_dop_operator_3.py for tasks to queue
[2024-03-16T23:55:50.986+0000] {logging_mixin.py:188} INFO - [2024-03-16T23:55:50.985+0000] {dagbag.py:540} INFO - Filling up the DagBag from /home/airflow/.local/lib/python3.8/site-packages/airflow/example_dags/example_branch_python_dop_operator_3.py
[2024-03-16T23:55:50.991+0000] {processor.py:840} INFO - DAG(s) 'example_branch_dop_operator_v3' retrieved from /home/airflow/.local/lib/python3.8/site-packages/airflow/example_dags/example_branch_python_dop_operator_3.py
[2024-03-16T23:55:51.004+0000] {logging_mixin.py:188} INFO - [2024-03-16T23:55:51.004+0000] {dag.py:3047} INFO - Sync 1 DAGs
[2024-03-16T23:55:51.025+0000] {logging_mixin.py:188} INFO - [2024-03-16T23:55:51.025+0000] {dag.py:3834} INFO - Setting next_dagrun for example_branch_dop_operator_v3 to 2024-03-16 23:54:00+00:00, run_after=2024-03-16 23:55:00+00:00
[2024-03-16T23:55:51.040+0000] {processor.py:183} INFO - Processing /home/airflow/.local/lib/python3.8/site-packages/airflow/example_dags/example_branch_python_dop_operator_3.py took 0.058 seconds
[2024-03-16T23:59:44.604+0000] {processor.py:161} INFO - Started process (PID=63) to work on /home/airflow/.local/lib/python3.8/site-packages/airflow/example_dags/example_branch_python_dop_operator_3.py
[2024-03-16T23:59:44.605+0000] {processor.py:830} INFO - Processing file /home/airflow/.local/lib/python3.8/site-packages/airflow/example_dags/example_branch_python_dop_operator_3.py for tasks to queue
[2024-03-16T23:59:44.606+0000] {logging_mixin.py:188} INFO - [2024-03-16T23:59:44.606+0000] {dagbag.py:540} INFO - Filling up the DagBag from /home/airflow/.local/lib/python3.8/site-packages/airflow/example_dags/example_branch_python_dop_operator_3.py
[2024-03-16T23:59:44.613+0000] {processor.py:840} INFO - DAG(s) 'example_branch_dop_operator_v3' retrieved from /home/airflow/.local/lib/python3.8/site-packages/airflow/example_dags/example_branch_python_dop_operator_3.py
[2024-03-16T23:59:44.622+0000] {logging_mixin.py:188} INFO - [2024-03-16T23:59:44.622+0000] {dag.py:3047} INFO - Sync 1 DAGs
[2024-03-16T23:59:44.650+0000] {logging_mixin.py:188} INFO - [2024-03-16T23:59:44.650+0000] {dag.py:3834} INFO - Setting next_dagrun for example_branch_dop_operator_v3 to 2024-03-16 23:58:00+00:00, run_after=2024-03-16 23:59:00+00:00
[2024-03-16T23:59:44.666+0000] {processor.py:183} INFO - Processing /home/airflow/.local/lib/python3.8/site-packages/airflow/example_dags/example_branch_python_dop_operator_3.py took 0.065 seconds
