[2024-03-16T23:50:05.651+0000] {processor.py:161} INFO - Started process (PID=65) to work on /home/airflow/.local/lib/python3.8/site-packages/airflow/example_dags/example_time_delta_sensor_async.py
[2024-03-16T23:50:05.652+0000] {processor.py:830} INFO - Processing file /home/airflow/.local/lib/python3.8/site-packages/airflow/example_dags/example_time_delta_sensor_async.py for tasks to queue
[2024-03-16T23:50:05.654+0000] {logging_mixin.py:188} INFO - [2024-03-16T23:50:05.653+0000] {dagbag.py:540} INFO - Filling up the DagBag from /home/airflow/.local/lib/python3.8/site-packages/airflow/example_dags/example_time_delta_sensor_async.py
[2024-03-16T23:50:05.657+0000] {processor.py:840} INFO - DAG(s) 'example_time_delta_sensor_async' retrieved from /home/airflow/.local/lib/python3.8/site-packages/airflow/example_dags/example_time_delta_sensor_async.py
[2024-03-16T23:50:05.664+0000] {logging_mixin.py:188} INFO - [2024-03-16T23:50:05.663+0000] {dag.py:3047} INFO - Sync 1 DAGs
[2024-03-16T23:50:05.673+0000] {logging_mixin.py:188} INFO - [2024-03-16T23:50:05.672+0000] {dag.py:3834} INFO - Setting next_dagrun for example_time_delta_sensor_async to None, run_after=None
[2024-03-16T23:50:05.686+0000] {processor.py:183} INFO - Processing /home/airflow/.local/lib/python3.8/site-packages/airflow/example_dags/example_time_delta_sensor_async.py took 0.037 seconds
[2024-03-16T23:51:48.407+0000] {processor.py:161} INFO - Started process (PID=65) to work on /home/airflow/.local/lib/python3.8/site-packages/airflow/example_dags/example_time_delta_sensor_async.py
[2024-03-16T23:51:48.408+0000] {processor.py:830} INFO - Processing file /home/airflow/.local/lib/python3.8/site-packages/airflow/example_dags/example_time_delta_sensor_async.py for tasks to queue
[2024-03-16T23:51:48.409+0000] {logging_mixin.py:188} INFO - [2024-03-16T23:51:48.409+0000] {dagbag.py:540} INFO - Filling up the DagBag from /home/airflow/.local/lib/python3.8/site-packages/airflow/example_dags/example_time_delta_sensor_async.py
[2024-03-16T23:51:48.413+0000] {processor.py:840} INFO - DAG(s) 'example_time_delta_sensor_async' retrieved from /home/airflow/.local/lib/python3.8/site-packages/airflow/example_dags/example_time_delta_sensor_async.py
[2024-03-16T23:51:48.420+0000] {logging_mixin.py:188} INFO - [2024-03-16T23:51:48.420+0000] {dag.py:3047} INFO - Sync 1 DAGs
[2024-03-16T23:51:48.429+0000] {logging_mixin.py:188} INFO - [2024-03-16T23:51:48.429+0000] {dag.py:3834} INFO - Setting next_dagrun for example_time_delta_sensor_async to None, run_after=None
[2024-03-16T23:51:48.442+0000] {processor.py:183} INFO - Processing /home/airflow/.local/lib/python3.8/site-packages/airflow/example_dags/example_time_delta_sensor_async.py took 0.036 seconds
[2024-03-16T23:53:17.202+0000] {processor.py:161} INFO - Started process (PID=65) to work on /home/airflow/.local/lib/python3.8/site-packages/airflow/example_dags/example_time_delta_sensor_async.py
[2024-03-16T23:53:17.203+0000] {processor.py:830} INFO - Processing file /home/airflow/.local/lib/python3.8/site-packages/airflow/example_dags/example_time_delta_sensor_async.py for tasks to queue
[2024-03-16T23:53:17.204+0000] {logging_mixin.py:188} INFO - [2024-03-16T23:53:17.204+0000] {dagbag.py:540} INFO - Filling up the DagBag from /home/airflow/.local/lib/python3.8/site-packages/airflow/example_dags/example_time_delta_sensor_async.py
[2024-03-16T23:53:17.208+0000] {processor.py:840} INFO - DAG(s) 'example_time_delta_sensor_async' retrieved from /home/airflow/.local/lib/python3.8/site-packages/airflow/example_dags/example_time_delta_sensor_async.py
[2024-03-16T23:53:17.217+0000] {logging_mixin.py:188} INFO - [2024-03-16T23:53:17.217+0000] {dag.py:3047} INFO - Sync 1 DAGs
[2024-03-16T23:53:17.229+0000] {logging_mixin.py:188} INFO - [2024-03-16T23:53:17.228+0000] {dag.py:3834} INFO - Setting next_dagrun for example_time_delta_sensor_async to None, run_after=None
[2024-03-16T23:53:17.245+0000] {processor.py:183} INFO - Processing /home/airflow/.local/lib/python3.8/site-packages/airflow/example_dags/example_time_delta_sensor_async.py took 0.046 seconds
[2024-03-16T23:53:48.714+0000] {processor.py:161} INFO - Started process (PID=120) to work on /home/airflow/.local/lib/python3.8/site-packages/airflow/example_dags/example_time_delta_sensor_async.py
[2024-03-16T23:53:48.715+0000] {processor.py:830} INFO - Processing file /home/airflow/.local/lib/python3.8/site-packages/airflow/example_dags/example_time_delta_sensor_async.py for tasks to queue
[2024-03-16T23:53:48.716+0000] {logging_mixin.py:188} INFO - [2024-03-16T23:53:48.716+0000] {dagbag.py:540} INFO - Filling up the DagBag from /home/airflow/.local/lib/python3.8/site-packages/airflow/example_dags/example_time_delta_sensor_async.py
[2024-03-16T23:53:48.718+0000] {processor.py:840} INFO - DAG(s) 'example_time_delta_sensor_async' retrieved from /home/airflow/.local/lib/python3.8/site-packages/airflow/example_dags/example_time_delta_sensor_async.py
[2024-03-16T23:53:48.787+0000] {logging_mixin.py:188} INFO - [2024-03-16T23:53:48.787+0000] {dag.py:3047} INFO - Sync 1 DAGs
[2024-03-16T23:53:48.794+0000] {logging_mixin.py:188} INFO - [2024-03-16T23:53:48.794+0000] {dag.py:3834} INFO - Setting next_dagrun for example_time_delta_sensor_async to None, run_after=None
[2024-03-16T23:53:48.808+0000] {processor.py:183} INFO - Processing /home/airflow/.local/lib/python3.8/site-packages/airflow/example_dags/example_time_delta_sensor_async.py took 0.095 seconds
[2024-03-16T23:54:18.886+0000] {processor.py:161} INFO - Started process (PID=174) to work on /home/airflow/.local/lib/python3.8/site-packages/airflow/example_dags/example_time_delta_sensor_async.py
[2024-03-16T23:54:18.886+0000] {processor.py:830} INFO - Processing file /home/airflow/.local/lib/python3.8/site-packages/airflow/example_dags/example_time_delta_sensor_async.py for tasks to queue
[2024-03-16T23:54:18.887+0000] {logging_mixin.py:188} INFO - [2024-03-16T23:54:18.887+0000] {dagbag.py:540} INFO - Filling up the DagBag from /home/airflow/.local/lib/python3.8/site-packages/airflow/example_dags/example_time_delta_sensor_async.py
[2024-03-16T23:54:18.890+0000] {processor.py:840} INFO - DAG(s) 'example_time_delta_sensor_async' retrieved from /home/airflow/.local/lib/python3.8/site-packages/airflow/example_dags/example_time_delta_sensor_async.py
[2024-03-16T23:54:18.903+0000] {logging_mixin.py:188} INFO - [2024-03-16T23:54:18.903+0000] {dag.py:3047} INFO - Sync 1 DAGs
[2024-03-16T23:54:18.911+0000] {logging_mixin.py:188} INFO - [2024-03-16T23:54:18.911+0000] {dag.py:3834} INFO - Setting next_dagrun for example_time_delta_sensor_async to None, run_after=None
[2024-03-16T23:54:18.926+0000] {processor.py:183} INFO - Processing /home/airflow/.local/lib/python3.8/site-packages/airflow/example_dags/example_time_delta_sensor_async.py took 0.041 seconds
[2024-03-16T23:54:49.755+0000] {processor.py:161} INFO - Started process (PID=230) to work on /home/airflow/.local/lib/python3.8/site-packages/airflow/example_dags/example_time_delta_sensor_async.py
[2024-03-16T23:54:49.755+0000] {processor.py:830} INFO - Processing file /home/airflow/.local/lib/python3.8/site-packages/airflow/example_dags/example_time_delta_sensor_async.py for tasks to queue
[2024-03-16T23:54:49.757+0000] {logging_mixin.py:188} INFO - [2024-03-16T23:54:49.756+0000] {dagbag.py:540} INFO - Filling up the DagBag from /home/airflow/.local/lib/python3.8/site-packages/airflow/example_dags/example_time_delta_sensor_async.py
[2024-03-16T23:54:49.759+0000] {processor.py:840} INFO - DAG(s) 'example_time_delta_sensor_async' retrieved from /home/airflow/.local/lib/python3.8/site-packages/airflow/example_dags/example_time_delta_sensor_async.py
[2024-03-16T23:54:49.772+0000] {logging_mixin.py:188} INFO - [2024-03-16T23:54:49.772+0000] {dag.py:3047} INFO - Sync 1 DAGs
[2024-03-16T23:54:49.780+0000] {logging_mixin.py:188} INFO - [2024-03-16T23:54:49.780+0000] {dag.py:3834} INFO - Setting next_dagrun for example_time_delta_sensor_async to None, run_after=None
[2024-03-16T23:54:49.793+0000] {processor.py:183} INFO - Processing /home/airflow/.local/lib/python3.8/site-packages/airflow/example_dags/example_time_delta_sensor_async.py took 0.041 seconds
[2024-03-16T23:55:20.425+0000] {processor.py:161} INFO - Started process (PID=285) to work on /home/airflow/.local/lib/python3.8/site-packages/airflow/example_dags/example_time_delta_sensor_async.py
[2024-03-16T23:55:20.426+0000] {processor.py:830} INFO - Processing file /home/airflow/.local/lib/python3.8/site-packages/airflow/example_dags/example_time_delta_sensor_async.py for tasks to queue
[2024-03-16T23:55:20.427+0000] {logging_mixin.py:188} INFO - [2024-03-16T23:55:20.426+0000] {dagbag.py:540} INFO - Filling up the DagBag from /home/airflow/.local/lib/python3.8/site-packages/airflow/example_dags/example_time_delta_sensor_async.py
[2024-03-16T23:55:20.429+0000] {processor.py:840} INFO - DAG(s) 'example_time_delta_sensor_async' retrieved from /home/airflow/.local/lib/python3.8/site-packages/airflow/example_dags/example_time_delta_sensor_async.py
[2024-03-16T23:55:20.441+0000] {logging_mixin.py:188} INFO - [2024-03-16T23:55:20.441+0000] {dag.py:3047} INFO - Sync 1 DAGs
[2024-03-16T23:55:20.450+0000] {logging_mixin.py:188} INFO - [2024-03-16T23:55:20.450+0000] {dag.py:3834} INFO - Setting next_dagrun for example_time_delta_sensor_async to None, run_after=None
[2024-03-16T23:55:20.463+0000] {processor.py:183} INFO - Processing /home/airflow/.local/lib/python3.8/site-packages/airflow/example_dags/example_time_delta_sensor_async.py took 0.040 seconds
[2024-03-16T23:55:51.120+0000] {processor.py:161} INFO - Started process (PID=340) to work on /home/airflow/.local/lib/python3.8/site-packages/airflow/example_dags/example_time_delta_sensor_async.py
[2024-03-16T23:55:51.120+0000] {processor.py:830} INFO - Processing file /home/airflow/.local/lib/python3.8/site-packages/airflow/example_dags/example_time_delta_sensor_async.py for tasks to queue
[2024-03-16T23:55:51.121+0000] {logging_mixin.py:188} INFO - [2024-03-16T23:55:51.121+0000] {dagbag.py:540} INFO - Filling up the DagBag from /home/airflow/.local/lib/python3.8/site-packages/airflow/example_dags/example_time_delta_sensor_async.py
[2024-03-16T23:55:51.124+0000] {processor.py:840} INFO - DAG(s) 'example_time_delta_sensor_async' retrieved from /home/airflow/.local/lib/python3.8/site-packages/airflow/example_dags/example_time_delta_sensor_async.py
[2024-03-16T23:55:51.138+0000] {logging_mixin.py:188} INFO - [2024-03-16T23:55:51.137+0000] {dag.py:3047} INFO - Sync 1 DAGs
[2024-03-16T23:55:51.147+0000] {logging_mixin.py:188} INFO - [2024-03-16T23:55:51.146+0000] {dag.py:3834} INFO - Setting next_dagrun for example_time_delta_sensor_async to None, run_after=None
[2024-03-16T23:55:51.159+0000] {processor.py:183} INFO - Processing /home/airflow/.local/lib/python3.8/site-packages/airflow/example_dags/example_time_delta_sensor_async.py took 0.042 seconds
[2024-03-16T23:59:44.766+0000] {processor.py:161} INFO - Started process (PID=66) to work on /home/airflow/.local/lib/python3.8/site-packages/airflow/example_dags/example_time_delta_sensor_async.py
[2024-03-16T23:59:44.766+0000] {processor.py:830} INFO - Processing file /home/airflow/.local/lib/python3.8/site-packages/airflow/example_dags/example_time_delta_sensor_async.py for tasks to queue
[2024-03-16T23:59:44.768+0000] {logging_mixin.py:188} INFO - [2024-03-16T23:59:44.768+0000] {dagbag.py:540} INFO - Filling up the DagBag from /home/airflow/.local/lib/python3.8/site-packages/airflow/example_dags/example_time_delta_sensor_async.py
[2024-03-16T23:59:44.772+0000] {processor.py:840} INFO - DAG(s) 'example_time_delta_sensor_async' retrieved from /home/airflow/.local/lib/python3.8/site-packages/airflow/example_dags/example_time_delta_sensor_async.py
[2024-03-16T23:59:44.781+0000] {logging_mixin.py:188} INFO - [2024-03-16T23:59:44.781+0000] {dag.py:3047} INFO - Sync 1 DAGs
[2024-03-16T23:59:44.794+0000] {logging_mixin.py:188} INFO - [2024-03-16T23:59:44.794+0000] {dag.py:3834} INFO - Setting next_dagrun for example_time_delta_sensor_async to None, run_after=None
[2024-03-16T23:59:44.816+0000] {processor.py:183} INFO - Processing /home/airflow/.local/lib/python3.8/site-packages/airflow/example_dags/example_time_delta_sensor_async.py took 0.054 seconds
