[2024-03-16T23:50:05.767+0000] {processor.py:161} INFO - Started process (PID=68) to work on /home/airflow/.local/lib/python3.8/site-packages/airflow/example_dags/example_branch_labels.py
[2024-03-16T23:50:05.767+0000] {processor.py:830} INFO - Processing file /home/airflow/.local/lib/python3.8/site-packages/airflow/example_dags/example_branch_labels.py for tasks to queue
[2024-03-16T23:50:05.769+0000] {logging_mixin.py:188} INFO - [2024-03-16T23:50:05.768+0000] {dagbag.py:540} INFO - Filling up the DagBag from /home/airflow/.local/lib/python3.8/site-packages/airflow/example_dags/example_branch_labels.py
[2024-03-16T23:50:05.780+0000] {processor.py:840} INFO - DAG(s) 'example_branch_labels' retrieved from /home/airflow/.local/lib/python3.8/site-packages/airflow/example_dags/example_branch_labels.py
[2024-03-16T23:50:05.791+0000] {logging_mixin.py:188} INFO - [2024-03-16T23:50:05.791+0000] {dag.py:3047} INFO - Sync 1 DAGs
[2024-03-16T23:50:05.814+0000] {logging_mixin.py:188} INFO - [2024-03-16T23:50:05.814+0000] {dag.py:3834} INFO - Setting next_dagrun for example_branch_labels to 2024-03-15 00:00:00+00:00, run_after=2024-03-16 00:00:00+00:00
[2024-03-16T23:50:05.837+0000] {processor.py:183} INFO - Processing /home/airflow/.local/lib/python3.8/site-packages/airflow/example_dags/example_branch_labels.py took 0.073 seconds
[2024-03-16T23:51:48.508+0000] {processor.py:161} INFO - Started process (PID=68) to work on /home/airflow/.local/lib/python3.8/site-packages/airflow/example_dags/example_branch_labels.py
[2024-03-16T23:51:48.509+0000] {processor.py:830} INFO - Processing file /home/airflow/.local/lib/python3.8/site-packages/airflow/example_dags/example_branch_labels.py for tasks to queue
[2024-03-16T23:51:48.510+0000] {logging_mixin.py:188} INFO - [2024-03-16T23:51:48.510+0000] {dagbag.py:540} INFO - Filling up the DagBag from /home/airflow/.local/lib/python3.8/site-packages/airflow/example_dags/example_branch_labels.py
[2024-03-16T23:51:48.517+0000] {processor.py:840} INFO - DAG(s) 'example_branch_labels' retrieved from /home/airflow/.local/lib/python3.8/site-packages/airflow/example_dags/example_branch_labels.py
[2024-03-16T23:51:48.526+0000] {logging_mixin.py:188} INFO - [2024-03-16T23:51:48.526+0000] {dag.py:3047} INFO - Sync 1 DAGs
[2024-03-16T23:51:48.546+0000] {logging_mixin.py:188} INFO - [2024-03-16T23:51:48.545+0000] {dag.py:3834} INFO - Setting next_dagrun for example_branch_labels to 2024-03-15 00:00:00+00:00, run_after=2024-03-16 00:00:00+00:00
[2024-03-16T23:51:48.558+0000] {processor.py:183} INFO - Processing /home/airflow/.local/lib/python3.8/site-packages/airflow/example_dags/example_branch_labels.py took 0.053 seconds
[2024-03-16T23:53:17.360+0000] {processor.py:161} INFO - Started process (PID=68) to work on /home/airflow/.local/lib/python3.8/site-packages/airflow/example_dags/example_branch_labels.py
[2024-03-16T23:53:17.361+0000] {processor.py:830} INFO - Processing file /home/airflow/.local/lib/python3.8/site-packages/airflow/example_dags/example_branch_labels.py for tasks to queue
[2024-03-16T23:53:17.363+0000] {logging_mixin.py:188} INFO - [2024-03-16T23:53:17.363+0000] {dagbag.py:540} INFO - Filling up the DagBag from /home/airflow/.local/lib/python3.8/site-packages/airflow/example_dags/example_branch_labels.py
[2024-03-16T23:53:17.370+0000] {processor.py:840} INFO - DAG(s) 'example_branch_labels' retrieved from /home/airflow/.local/lib/python3.8/site-packages/airflow/example_dags/example_branch_labels.py
[2024-03-16T23:53:17.381+0000] {logging_mixin.py:188} INFO - [2024-03-16T23:53:17.380+0000] {dag.py:3047} INFO - Sync 1 DAGs
[2024-03-16T23:53:17.404+0000] {logging_mixin.py:188} INFO - [2024-03-16T23:53:17.403+0000] {dag.py:3834} INFO - Setting next_dagrun for example_branch_labels to 2024-03-15 00:00:00+00:00, run_after=2024-03-16 00:00:00+00:00
[2024-03-16T23:53:17.422+0000] {processor.py:183} INFO - Processing /home/airflow/.local/lib/python3.8/site-packages/airflow/example_dags/example_branch_labels.py took 0.065 seconds
[2024-03-16T23:53:48.942+0000] {processor.py:161} INFO - Started process (PID=123) to work on /home/airflow/.local/lib/python3.8/site-packages/airflow/example_dags/example_branch_labels.py
[2024-03-16T23:53:48.942+0000] {processor.py:830} INFO - Processing file /home/airflow/.local/lib/python3.8/site-packages/airflow/example_dags/example_branch_labels.py for tasks to queue
[2024-03-16T23:53:48.944+0000] {logging_mixin.py:188} INFO - [2024-03-16T23:53:48.943+0000] {dagbag.py:540} INFO - Filling up the DagBag from /home/airflow/.local/lib/python3.8/site-packages/airflow/example_dags/example_branch_labels.py
[2024-03-16T23:53:48.949+0000] {processor.py:840} INFO - DAG(s) 'example_branch_labels' retrieved from /home/airflow/.local/lib/python3.8/site-packages/airflow/example_dags/example_branch_labels.py
[2024-03-16T23:53:49.023+0000] {logging_mixin.py:188} INFO - [2024-03-16T23:53:49.023+0000] {dag.py:3047} INFO - Sync 1 DAGs
[2024-03-16T23:53:49.038+0000] {logging_mixin.py:188} INFO - [2024-03-16T23:53:49.038+0000] {dag.py:3834} INFO - Setting next_dagrun for example_branch_labels to 2024-03-15 00:00:00+00:00, run_after=2024-03-16 00:00:00+00:00
[2024-03-16T23:53:49.051+0000] {processor.py:183} INFO - Processing /home/airflow/.local/lib/python3.8/site-packages/airflow/example_dags/example_branch_labels.py took 0.111 seconds
[2024-03-16T23:54:19.066+0000] {processor.py:161} INFO - Started process (PID=178) to work on /home/airflow/.local/lib/python3.8/site-packages/airflow/example_dags/example_branch_labels.py
[2024-03-16T23:54:19.067+0000] {processor.py:830} INFO - Processing file /home/airflow/.local/lib/python3.8/site-packages/airflow/example_dags/example_branch_labels.py for tasks to queue
[2024-03-16T23:54:19.068+0000] {logging_mixin.py:188} INFO - [2024-03-16T23:54:19.068+0000] {dagbag.py:540} INFO - Filling up the DagBag from /home/airflow/.local/lib/python3.8/site-packages/airflow/example_dags/example_branch_labels.py
[2024-03-16T23:54:19.073+0000] {processor.py:840} INFO - DAG(s) 'example_branch_labels' retrieved from /home/airflow/.local/lib/python3.8/site-packages/airflow/example_dags/example_branch_labels.py
[2024-03-16T23:54:19.086+0000] {logging_mixin.py:188} INFO - [2024-03-16T23:54:19.086+0000] {dag.py:3047} INFO - Sync 1 DAGs
[2024-03-16T23:54:19.103+0000] {logging_mixin.py:188} INFO - [2024-03-16T23:54:19.103+0000] {dag.py:3834} INFO - Setting next_dagrun for example_branch_labels to 2024-03-15 00:00:00+00:00, run_after=2024-03-16 00:00:00+00:00
[2024-03-16T23:54:19.116+0000] {processor.py:183} INFO - Processing /home/airflow/.local/lib/python3.8/site-packages/airflow/example_dags/example_branch_labels.py took 0.051 seconds
[2024-03-16T23:54:49.864+0000] {processor.py:161} INFO - Started process (PID=233) to work on /home/airflow/.local/lib/python3.8/site-packages/airflow/example_dags/example_branch_labels.py
[2024-03-16T23:54:49.865+0000] {processor.py:830} INFO - Processing file /home/airflow/.local/lib/python3.8/site-packages/airflow/example_dags/example_branch_labels.py for tasks to queue
[2024-03-16T23:54:49.866+0000] {logging_mixin.py:188} INFO - [2024-03-16T23:54:49.866+0000] {dagbag.py:540} INFO - Filling up the DagBag from /home/airflow/.local/lib/python3.8/site-packages/airflow/example_dags/example_branch_labels.py
[2024-03-16T23:54:49.871+0000] {processor.py:840} INFO - DAG(s) 'example_branch_labels' retrieved from /home/airflow/.local/lib/python3.8/site-packages/airflow/example_dags/example_branch_labels.py
[2024-03-16T23:54:49.886+0000] {logging_mixin.py:188} INFO - [2024-03-16T23:54:49.886+0000] {dag.py:3047} INFO - Sync 1 DAGs
[2024-03-16T23:54:49.903+0000] {logging_mixin.py:188} INFO - [2024-03-16T23:54:49.903+0000] {dag.py:3834} INFO - Setting next_dagrun for example_branch_labels to 2024-03-15 00:00:00+00:00, run_after=2024-03-16 00:00:00+00:00
[2024-03-16T23:54:49.914+0000] {processor.py:183} INFO - Processing /home/airflow/.local/lib/python3.8/site-packages/airflow/example_dags/example_branch_labels.py took 0.052 seconds
[2024-03-16T23:55:20.530+0000] {processor.py:161} INFO - Started process (PID=288) to work on /home/airflow/.local/lib/python3.8/site-packages/airflow/example_dags/example_branch_labels.py
[2024-03-16T23:55:20.531+0000] {processor.py:830} INFO - Processing file /home/airflow/.local/lib/python3.8/site-packages/airflow/example_dags/example_branch_labels.py for tasks to queue
[2024-03-16T23:55:20.532+0000] {logging_mixin.py:188} INFO - [2024-03-16T23:55:20.532+0000] {dagbag.py:540} INFO - Filling up the DagBag from /home/airflow/.local/lib/python3.8/site-packages/airflow/example_dags/example_branch_labels.py
[2024-03-16T23:55:20.536+0000] {processor.py:840} INFO - DAG(s) 'example_branch_labels' retrieved from /home/airflow/.local/lib/python3.8/site-packages/airflow/example_dags/example_branch_labels.py
[2024-03-16T23:55:20.551+0000] {logging_mixin.py:188} INFO - [2024-03-16T23:55:20.550+0000] {dag.py:3047} INFO - Sync 1 DAGs
[2024-03-16T23:55:20.571+0000] {logging_mixin.py:188} INFO - [2024-03-16T23:55:20.570+0000] {dag.py:3834} INFO - Setting next_dagrun for example_branch_labels to 2024-03-15 00:00:00+00:00, run_after=2024-03-16 00:00:00+00:00
[2024-03-16T23:55:20.586+0000] {processor.py:183} INFO - Processing /home/airflow/.local/lib/python3.8/site-packages/airflow/example_dags/example_branch_labels.py took 0.058 seconds
[2024-03-16T23:55:51.233+0000] {processor.py:161} INFO - Started process (PID=343) to work on /home/airflow/.local/lib/python3.8/site-packages/airflow/example_dags/example_branch_labels.py
[2024-03-16T23:55:51.234+0000] {processor.py:830} INFO - Processing file /home/airflow/.local/lib/python3.8/site-packages/airflow/example_dags/example_branch_labels.py for tasks to queue
[2024-03-16T23:55:51.235+0000] {logging_mixin.py:188} INFO - [2024-03-16T23:55:51.235+0000] {dagbag.py:540} INFO - Filling up the DagBag from /home/airflow/.local/lib/python3.8/site-packages/airflow/example_dags/example_branch_labels.py
[2024-03-16T23:55:51.241+0000] {processor.py:840} INFO - DAG(s) 'example_branch_labels' retrieved from /home/airflow/.local/lib/python3.8/site-packages/airflow/example_dags/example_branch_labels.py
[2024-03-16T23:55:51.255+0000] {logging_mixin.py:188} INFO - [2024-03-16T23:55:51.255+0000] {dag.py:3047} INFO - Sync 1 DAGs
[2024-03-16T23:55:51.271+0000] {logging_mixin.py:188} INFO - [2024-03-16T23:55:51.271+0000] {dag.py:3834} INFO - Setting next_dagrun for example_branch_labels to 2024-03-15 00:00:00+00:00, run_after=2024-03-16 00:00:00+00:00
[2024-03-16T23:55:51.284+0000] {processor.py:183} INFO - Processing /home/airflow/.local/lib/python3.8/site-packages/airflow/example_dags/example_branch_labels.py took 0.053 seconds
[2024-03-16T23:59:44.916+0000] {processor.py:161} INFO - Started process (PID=69) to work on /home/airflow/.local/lib/python3.8/site-packages/airflow/example_dags/example_branch_labels.py
[2024-03-16T23:59:44.917+0000] {processor.py:830} INFO - Processing file /home/airflow/.local/lib/python3.8/site-packages/airflow/example_dags/example_branch_labels.py for tasks to queue
[2024-03-16T23:59:44.918+0000] {logging_mixin.py:188} INFO - [2024-03-16T23:59:44.918+0000] {dagbag.py:540} INFO - Filling up the DagBag from /home/airflow/.local/lib/python3.8/site-packages/airflow/example_dags/example_branch_labels.py
[2024-03-16T23:59:44.925+0000] {processor.py:840} INFO - DAG(s) 'example_branch_labels' retrieved from /home/airflow/.local/lib/python3.8/site-packages/airflow/example_dags/example_branch_labels.py
[2024-03-16T23:59:44.944+0000] {logging_mixin.py:188} INFO - [2024-03-16T23:59:44.944+0000] {dag.py:3047} INFO - Sync 1 DAGs
[2024-03-16T23:59:44.974+0000] {logging_mixin.py:188} INFO - [2024-03-16T23:59:44.974+0000] {dag.py:3834} INFO - Setting next_dagrun for example_branch_labels to 2024-03-15 00:00:00+00:00, run_after=2024-03-16 00:00:00+00:00
[2024-03-16T23:59:44.993+0000] {processor.py:183} INFO - Processing /home/airflow/.local/lib/python3.8/site-packages/airflow/example_dags/example_branch_labels.py took 0.079 seconds
