[2024-03-16T23:50:04.593+0000] {processor.py:161} INFO - Started process (PID=36) to work on /home/airflow/.local/lib/python3.8/site-packages/airflow/example_dags/tutorial.py
[2024-03-16T23:50:04.594+0000] {processor.py:830} INFO - Processing file /home/airflow/.local/lib/python3.8/site-packages/airflow/example_dags/tutorial.py for tasks to queue
[2024-03-16T23:50:04.595+0000] {logging_mixin.py:188} INFO - [2024-03-16T23:50:04.595+0000] {dagbag.py:540} INFO - Filling up the DagBag from /home/airflow/.local/lib/python3.8/site-packages/airflow/example_dags/tutorial.py
[2024-03-16T23:50:04.602+0000] {processor.py:840} INFO - DAG(s) 'tutorial' retrieved from /home/airflow/.local/lib/python3.8/site-packages/airflow/example_dags/tutorial.py
[2024-03-16T23:50:04.612+0000] {logging_mixin.py:188} INFO - [2024-03-16T23:50:04.612+0000] {dag.py:3047} INFO - Sync 1 DAGs
[2024-03-16T23:50:04.633+0000] {logging_mixin.py:188} INFO - [2024-03-16T23:50:04.633+0000] {dag.py:3834} INFO - Setting next_dagrun for tutorial to 2024-03-15 00:00:00+00:00, run_after=2024-03-16 00:00:00+00:00
[2024-03-16T23:50:04.648+0000] {processor.py:183} INFO - Processing /home/airflow/.local/lib/python3.8/site-packages/airflow/example_dags/tutorial.py took 0.059 seconds
[2024-03-16T23:51:47.271+0000] {processor.py:161} INFO - Started process (PID=36) to work on /home/airflow/.local/lib/python3.8/site-packages/airflow/example_dags/tutorial.py
[2024-03-16T23:51:47.271+0000] {processor.py:830} INFO - Processing file /home/airflow/.local/lib/python3.8/site-packages/airflow/example_dags/tutorial.py for tasks to queue
[2024-03-16T23:51:47.272+0000] {logging_mixin.py:188} INFO - [2024-03-16T23:51:47.272+0000] {dagbag.py:540} INFO - Filling up the DagBag from /home/airflow/.local/lib/python3.8/site-packages/airflow/example_dags/tutorial.py
[2024-03-16T23:51:47.278+0000] {processor.py:840} INFO - DAG(s) 'tutorial' retrieved from /home/airflow/.local/lib/python3.8/site-packages/airflow/example_dags/tutorial.py
[2024-03-16T23:51:47.286+0000] {logging_mixin.py:188} INFO - [2024-03-16T23:51:47.286+0000] {dag.py:3047} INFO - Sync 1 DAGs
[2024-03-16T23:51:47.304+0000] {logging_mixin.py:188} INFO - [2024-03-16T23:51:47.304+0000] {dag.py:3834} INFO - Setting next_dagrun for tutorial to 2024-03-15 00:00:00+00:00, run_after=2024-03-16 00:00:00+00:00
[2024-03-16T23:51:47.319+0000] {processor.py:183} INFO - Processing /home/airflow/.local/lib/python3.8/site-packages/airflow/example_dags/tutorial.py took 0.051 seconds
[2024-03-16T23:53:16.121+0000] {processor.py:161} INFO - Started process (PID=36) to work on /home/airflow/.local/lib/python3.8/site-packages/airflow/example_dags/tutorial.py
[2024-03-16T23:53:16.122+0000] {processor.py:830} INFO - Processing file /home/airflow/.local/lib/python3.8/site-packages/airflow/example_dags/tutorial.py for tasks to queue
[2024-03-16T23:53:16.123+0000] {logging_mixin.py:188} INFO - [2024-03-16T23:53:16.123+0000] {dagbag.py:540} INFO - Filling up the DagBag from /home/airflow/.local/lib/python3.8/site-packages/airflow/example_dags/tutorial.py
[2024-03-16T23:53:16.128+0000] {processor.py:840} INFO - DAG(s) 'tutorial' retrieved from /home/airflow/.local/lib/python3.8/site-packages/airflow/example_dags/tutorial.py
[2024-03-16T23:53:16.151+0000] {logging_mixin.py:188} INFO - [2024-03-16T23:53:16.151+0000] {dag.py:3047} INFO - Sync 1 DAGs
[2024-03-16T23:53:16.168+0000] {logging_mixin.py:188} INFO - [2024-03-16T23:53:16.168+0000] {dag.py:3834} INFO - Setting next_dagrun for tutorial to 2024-03-15 00:00:00+00:00, run_after=2024-03-16 00:00:00+00:00
[2024-03-16T23:53:16.181+0000] {processor.py:183} INFO - Processing /home/airflow/.local/lib/python3.8/site-packages/airflow/example_dags/tutorial.py took 0.062 seconds
[2024-03-16T23:53:46.878+0000] {processor.py:161} INFO - Started process (PID=91) to work on /home/airflow/.local/lib/python3.8/site-packages/airflow/example_dags/tutorial.py
[2024-03-16T23:53:46.878+0000] {processor.py:830} INFO - Processing file /home/airflow/.local/lib/python3.8/site-packages/airflow/example_dags/tutorial.py for tasks to queue
[2024-03-16T23:53:46.879+0000] {logging_mixin.py:188} INFO - [2024-03-16T23:53:46.879+0000] {dagbag.py:540} INFO - Filling up the DagBag from /home/airflow/.local/lib/python3.8/site-packages/airflow/example_dags/tutorial.py
[2024-03-16T23:53:46.883+0000] {processor.py:840} INFO - DAG(s) 'tutorial' retrieved from /home/airflow/.local/lib/python3.8/site-packages/airflow/example_dags/tutorial.py
[2024-03-16T23:53:46.962+0000] {logging_mixin.py:188} INFO - [2024-03-16T23:53:46.961+0000] {dag.py:3047} INFO - Sync 1 DAGs
[2024-03-16T23:53:46.975+0000] {logging_mixin.py:188} INFO - [2024-03-16T23:53:46.975+0000] {dag.py:3834} INFO - Setting next_dagrun for tutorial to 2024-03-15 00:00:00+00:00, run_after=2024-03-16 00:00:00+00:00
[2024-03-16T23:53:46.987+0000] {processor.py:183} INFO - Processing /home/airflow/.local/lib/python3.8/site-packages/airflow/example_dags/tutorial.py took 0.112 seconds
[2024-03-16T23:54:17.906+0000] {processor.py:161} INFO - Started process (PID=146) to work on /home/airflow/.local/lib/python3.8/site-packages/airflow/example_dags/tutorial.py
[2024-03-16T23:54:17.907+0000] {processor.py:830} INFO - Processing file /home/airflow/.local/lib/python3.8/site-packages/airflow/example_dags/tutorial.py for tasks to queue
[2024-03-16T23:54:17.908+0000] {logging_mixin.py:188} INFO - [2024-03-16T23:54:17.908+0000] {dagbag.py:540} INFO - Filling up the DagBag from /home/airflow/.local/lib/python3.8/site-packages/airflow/example_dags/tutorial.py
[2024-03-16T23:54:17.911+0000] {processor.py:840} INFO - DAG(s) 'tutorial' retrieved from /home/airflow/.local/lib/python3.8/site-packages/airflow/example_dags/tutorial.py
[2024-03-16T23:54:17.924+0000] {logging_mixin.py:188} INFO - [2024-03-16T23:54:17.924+0000] {dag.py:3047} INFO - Sync 1 DAGs
[2024-03-16T23:54:17.939+0000] {logging_mixin.py:188} INFO - [2024-03-16T23:54:17.938+0000] {dag.py:3834} INFO - Setting next_dagrun for tutorial to 2024-03-15 00:00:00+00:00, run_after=2024-03-16 00:00:00+00:00
[2024-03-16T23:54:17.952+0000] {processor.py:183} INFO - Processing /home/airflow/.local/lib/python3.8/site-packages/airflow/example_dags/tutorial.py took 0.047 seconds
[2024-03-16T23:54:48.791+0000] {processor.py:161} INFO - Started process (PID=201) to work on /home/airflow/.local/lib/python3.8/site-packages/airflow/example_dags/tutorial.py
[2024-03-16T23:54:48.792+0000] {processor.py:830} INFO - Processing file /home/airflow/.local/lib/python3.8/site-packages/airflow/example_dags/tutorial.py for tasks to queue
[2024-03-16T23:54:48.793+0000] {logging_mixin.py:188} INFO - [2024-03-16T23:54:48.793+0000] {dagbag.py:540} INFO - Filling up the DagBag from /home/airflow/.local/lib/python3.8/site-packages/airflow/example_dags/tutorial.py
[2024-03-16T23:54:48.796+0000] {processor.py:840} INFO - DAG(s) 'tutorial' retrieved from /home/airflow/.local/lib/python3.8/site-packages/airflow/example_dags/tutorial.py
[2024-03-16T23:54:48.809+0000] {logging_mixin.py:188} INFO - [2024-03-16T23:54:48.809+0000] {dag.py:3047} INFO - Sync 1 DAGs
[2024-03-16T23:54:48.823+0000] {logging_mixin.py:188} INFO - [2024-03-16T23:54:48.823+0000] {dag.py:3834} INFO - Setting next_dagrun for tutorial to 2024-03-15 00:00:00+00:00, run_after=2024-03-16 00:00:00+00:00
[2024-03-16T23:54:48.836+0000] {processor.py:183} INFO - Processing /home/airflow/.local/lib/python3.8/site-packages/airflow/example_dags/tutorial.py took 0.047 seconds
[2024-03-16T23:55:19.483+0000] {processor.py:161} INFO - Started process (PID=256) to work on /home/airflow/.local/lib/python3.8/site-packages/airflow/example_dags/tutorial.py
[2024-03-16T23:55:19.483+0000] {processor.py:830} INFO - Processing file /home/airflow/.local/lib/python3.8/site-packages/airflow/example_dags/tutorial.py for tasks to queue
[2024-03-16T23:55:19.484+0000] {logging_mixin.py:188} INFO - [2024-03-16T23:55:19.484+0000] {dagbag.py:540} INFO - Filling up the DagBag from /home/airflow/.local/lib/python3.8/site-packages/airflow/example_dags/tutorial.py
[2024-03-16T23:55:19.488+0000] {processor.py:840} INFO - DAG(s) 'tutorial' retrieved from /home/airflow/.local/lib/python3.8/site-packages/airflow/example_dags/tutorial.py
[2024-03-16T23:55:19.500+0000] {logging_mixin.py:188} INFO - [2024-03-16T23:55:19.500+0000] {dag.py:3047} INFO - Sync 1 DAGs
[2024-03-16T23:55:19.514+0000] {logging_mixin.py:188} INFO - [2024-03-16T23:55:19.514+0000] {dag.py:3834} INFO - Setting next_dagrun for tutorial to 2024-03-15 00:00:00+00:00, run_after=2024-03-16 00:00:00+00:00
[2024-03-16T23:55:19.526+0000] {processor.py:183} INFO - Processing /home/airflow/.local/lib/python3.8/site-packages/airflow/example_dags/tutorial.py took 0.046 seconds
[2024-03-16T23:55:50.160+0000] {processor.py:161} INFO - Started process (PID=311) to work on /home/airflow/.local/lib/python3.8/site-packages/airflow/example_dags/tutorial.py
[2024-03-16T23:55:50.160+0000] {processor.py:830} INFO - Processing file /home/airflow/.local/lib/python3.8/site-packages/airflow/example_dags/tutorial.py for tasks to queue
[2024-03-16T23:55:50.161+0000] {logging_mixin.py:188} INFO - [2024-03-16T23:55:50.161+0000] {dagbag.py:540} INFO - Filling up the DagBag from /home/airflow/.local/lib/python3.8/site-packages/airflow/example_dags/tutorial.py
[2024-03-16T23:55:50.165+0000] {processor.py:840} INFO - DAG(s) 'tutorial' retrieved from /home/airflow/.local/lib/python3.8/site-packages/airflow/example_dags/tutorial.py
[2024-03-16T23:55:50.178+0000] {logging_mixin.py:188} INFO - [2024-03-16T23:55:50.178+0000] {dag.py:3047} INFO - Sync 1 DAGs
[2024-03-16T23:55:50.193+0000] {logging_mixin.py:188} INFO - [2024-03-16T23:55:50.193+0000] {dag.py:3834} INFO - Setting next_dagrun for tutorial to 2024-03-15 00:00:00+00:00, run_after=2024-03-16 00:00:00+00:00
[2024-03-16T23:55:50.206+0000] {processor.py:183} INFO - Processing /home/airflow/.local/lib/python3.8/site-packages/airflow/example_dags/tutorial.py took 0.048 seconds
[2024-03-16T23:59:43.301+0000] {processor.py:161} INFO - Started process (PID=37) to work on /home/airflow/.local/lib/python3.8/site-packages/airflow/example_dags/tutorial.py
[2024-03-16T23:59:43.302+0000] {processor.py:830} INFO - Processing file /home/airflow/.local/lib/python3.8/site-packages/airflow/example_dags/tutorial.py for tasks to queue
[2024-03-16T23:59:43.303+0000] {logging_mixin.py:188} INFO - [2024-03-16T23:59:43.303+0000] {dagbag.py:540} INFO - Filling up the DagBag from /home/airflow/.local/lib/python3.8/site-packages/airflow/example_dags/tutorial.py
[2024-03-16T23:59:43.310+0000] {processor.py:840} INFO - DAG(s) 'tutorial' retrieved from /home/airflow/.local/lib/python3.8/site-packages/airflow/example_dags/tutorial.py
[2024-03-16T23:59:43.321+0000] {logging_mixin.py:188} INFO - [2024-03-16T23:59:43.320+0000] {dag.py:3047} INFO - Sync 1 DAGs
[2024-03-16T23:59:43.347+0000] {logging_mixin.py:188} INFO - [2024-03-16T23:59:43.347+0000] {dag.py:3834} INFO - Setting next_dagrun for tutorial to 2024-03-15 00:00:00+00:00, run_after=2024-03-16 00:00:00+00:00
[2024-03-16T23:59:43.368+0000] {processor.py:183} INFO - Processing /home/airflow/.local/lib/python3.8/site-packages/airflow/example_dags/tutorial.py took 0.070 seconds
