[2024-03-16T23:50:04.935+0000] {processor.py:161} INFO - Started process (PID=43) to work on /home/airflow/.local/lib/python3.8/site-packages/airflow/example_dags/tutorial_dag.py
[2024-03-16T23:50:04.935+0000] {processor.py:830} INFO - Processing file /home/airflow/.local/lib/python3.8/site-packages/airflow/example_dags/tutorial_dag.py for tasks to queue
[2024-03-16T23:50:04.936+0000] {logging_mixin.py:188} INFO - [2024-03-16T23:50:04.936+0000] {dagbag.py:540} INFO - Filling up the DagBag from /home/airflow/.local/lib/python3.8/site-packages/airflow/example_dags/tutorial_dag.py
[2024-03-16T23:50:04.940+0000] {processor.py:840} INFO - DAG(s) 'tutorial_dag' retrieved from /home/airflow/.local/lib/python3.8/site-packages/airflow/example_dags/tutorial_dag.py
[2024-03-16T23:50:04.948+0000] {logging_mixin.py:188} INFO - [2024-03-16T23:50:04.947+0000] {dag.py:3047} INFO - Sync 1 DAGs
[2024-03-16T23:50:04.958+0000] {logging_mixin.py:188} INFO - [2024-03-16T23:50:04.958+0000] {dag.py:3834} INFO - Setting next_dagrun for tutorial_dag to None, run_after=None
[2024-03-16T23:50:04.972+0000] {processor.py:183} INFO - Processing /home/airflow/.local/lib/python3.8/site-packages/airflow/example_dags/tutorial_dag.py took 0.039 seconds
[2024-03-16T23:51:47.610+0000] {processor.py:161} INFO - Started process (PID=43) to work on /home/airflow/.local/lib/python3.8/site-packages/airflow/example_dags/tutorial_dag.py
[2024-03-16T23:51:47.611+0000] {processor.py:830} INFO - Processing file /home/airflow/.local/lib/python3.8/site-packages/airflow/example_dags/tutorial_dag.py for tasks to queue
[2024-03-16T23:51:47.612+0000] {logging_mixin.py:188} INFO - [2024-03-16T23:51:47.612+0000] {dagbag.py:540} INFO - Filling up the DagBag from /home/airflow/.local/lib/python3.8/site-packages/airflow/example_dags/tutorial_dag.py
[2024-03-16T23:51:47.616+0000] {processor.py:840} INFO - DAG(s) 'tutorial_dag' retrieved from /home/airflow/.local/lib/python3.8/site-packages/airflow/example_dags/tutorial_dag.py
[2024-03-16T23:51:47.623+0000] {logging_mixin.py:188} INFO - [2024-03-16T23:51:47.623+0000] {dag.py:3047} INFO - Sync 1 DAGs
[2024-03-16T23:51:47.634+0000] {logging_mixin.py:188} INFO - [2024-03-16T23:51:47.634+0000] {dag.py:3834} INFO - Setting next_dagrun for tutorial_dag to None, run_after=None
[2024-03-16T23:51:47.651+0000] {processor.py:183} INFO - Processing /home/airflow/.local/lib/python3.8/site-packages/airflow/example_dags/tutorial_dag.py took 0.042 seconds
[2024-03-16T23:53:16.453+0000] {processor.py:161} INFO - Started process (PID=43) to work on /home/airflow/.local/lib/python3.8/site-packages/airflow/example_dags/tutorial_dag.py
[2024-03-16T23:53:16.454+0000] {processor.py:830} INFO - Processing file /home/airflow/.local/lib/python3.8/site-packages/airflow/example_dags/tutorial_dag.py for tasks to queue
[2024-03-16T23:53:16.455+0000] {logging_mixin.py:188} INFO - [2024-03-16T23:53:16.454+0000] {dagbag.py:540} INFO - Filling up the DagBag from /home/airflow/.local/lib/python3.8/site-packages/airflow/example_dags/tutorial_dag.py
[2024-03-16T23:53:16.459+0000] {processor.py:840} INFO - DAG(s) 'tutorial_dag' retrieved from /home/airflow/.local/lib/python3.8/site-packages/airflow/example_dags/tutorial_dag.py
[2024-03-16T23:53:16.467+0000] {logging_mixin.py:188} INFO - [2024-03-16T23:53:16.467+0000] {dag.py:3047} INFO - Sync 1 DAGs
[2024-03-16T23:53:16.477+0000] {logging_mixin.py:188} INFO - [2024-03-16T23:53:16.477+0000] {dag.py:3834} INFO - Setting next_dagrun for tutorial_dag to None, run_after=None
[2024-03-16T23:53:16.498+0000] {processor.py:183} INFO - Processing /home/airflow/.local/lib/python3.8/site-packages/airflow/example_dags/tutorial_dag.py took 0.047 seconds
[2024-03-16T23:53:47.383+0000] {processor.py:161} INFO - Started process (PID=98) to work on /home/airflow/.local/lib/python3.8/site-packages/airflow/example_dags/tutorial_dag.py
[2024-03-16T23:53:47.384+0000] {processor.py:830} INFO - Processing file /home/airflow/.local/lib/python3.8/site-packages/airflow/example_dags/tutorial_dag.py for tasks to queue
[2024-03-16T23:53:47.385+0000] {logging_mixin.py:188} INFO - [2024-03-16T23:53:47.385+0000] {dagbag.py:540} INFO - Filling up the DagBag from /home/airflow/.local/lib/python3.8/site-packages/airflow/example_dags/tutorial_dag.py
[2024-03-16T23:53:47.388+0000] {processor.py:840} INFO - DAG(s) 'tutorial_dag' retrieved from /home/airflow/.local/lib/python3.8/site-packages/airflow/example_dags/tutorial_dag.py
[2024-03-16T23:53:47.457+0000] {logging_mixin.py:188} INFO - [2024-03-16T23:53:47.457+0000] {dag.py:3047} INFO - Sync 1 DAGs
[2024-03-16T23:53:47.465+0000] {logging_mixin.py:188} INFO - [2024-03-16T23:53:47.465+0000] {dag.py:3834} INFO - Setting next_dagrun for tutorial_dag to None, run_after=None
[2024-03-16T23:53:47.479+0000] {processor.py:183} INFO - Processing /home/airflow/.local/lib/python3.8/site-packages/airflow/example_dags/tutorial_dag.py took 0.098 seconds
[2024-03-16T23:54:18.171+0000] {processor.py:161} INFO - Started process (PID=153) to work on /home/airflow/.local/lib/python3.8/site-packages/airflow/example_dags/tutorial_dag.py
[2024-03-16T23:54:18.172+0000] {processor.py:830} INFO - Processing file /home/airflow/.local/lib/python3.8/site-packages/airflow/example_dags/tutorial_dag.py for tasks to queue
[2024-03-16T23:54:18.173+0000] {logging_mixin.py:188} INFO - [2024-03-16T23:54:18.173+0000] {dagbag.py:540} INFO - Filling up the DagBag from /home/airflow/.local/lib/python3.8/site-packages/airflow/example_dags/tutorial_dag.py
[2024-03-16T23:54:18.176+0000] {processor.py:840} INFO - DAG(s) 'tutorial_dag' retrieved from /home/airflow/.local/lib/python3.8/site-packages/airflow/example_dags/tutorial_dag.py
[2024-03-16T23:54:18.189+0000] {logging_mixin.py:188} INFO - [2024-03-16T23:54:18.188+0000] {dag.py:3047} INFO - Sync 1 DAGs
[2024-03-16T23:54:18.198+0000] {logging_mixin.py:188} INFO - [2024-03-16T23:54:18.198+0000] {dag.py:3834} INFO - Setting next_dagrun for tutorial_dag to None, run_after=None
[2024-03-16T23:54:18.212+0000] {processor.py:183} INFO - Processing /home/airflow/.local/lib/python3.8/site-packages/airflow/example_dags/tutorial_dag.py took 0.043 seconds
[2024-03-16T23:54:49.056+0000] {processor.py:161} INFO - Started process (PID=208) to work on /home/airflow/.local/lib/python3.8/site-packages/airflow/example_dags/tutorial_dag.py
[2024-03-16T23:54:49.057+0000] {processor.py:830} INFO - Processing file /home/airflow/.local/lib/python3.8/site-packages/airflow/example_dags/tutorial_dag.py for tasks to queue
[2024-03-16T23:54:49.058+0000] {logging_mixin.py:188} INFO - [2024-03-16T23:54:49.058+0000] {dagbag.py:540} INFO - Filling up the DagBag from /home/airflow/.local/lib/python3.8/site-packages/airflow/example_dags/tutorial_dag.py
[2024-03-16T23:54:49.061+0000] {processor.py:840} INFO - DAG(s) 'tutorial_dag' retrieved from /home/airflow/.local/lib/python3.8/site-packages/airflow/example_dags/tutorial_dag.py
[2024-03-16T23:54:49.074+0000] {logging_mixin.py:188} INFO - [2024-03-16T23:54:49.074+0000] {dag.py:3047} INFO - Sync 1 DAGs
[2024-03-16T23:54:49.082+0000] {logging_mixin.py:188} INFO - [2024-03-16T23:54:49.082+0000] {dag.py:3834} INFO - Setting next_dagrun for tutorial_dag to None, run_after=None
[2024-03-16T23:54:49.094+0000] {processor.py:183} INFO - Processing /home/airflow/.local/lib/python3.8/site-packages/airflow/example_dags/tutorial_dag.py took 0.040 seconds
[2024-03-16T23:55:19.738+0000] {processor.py:161} INFO - Started process (PID=263) to work on /home/airflow/.local/lib/python3.8/site-packages/airflow/example_dags/tutorial_dag.py
[2024-03-16T23:55:19.739+0000] {processor.py:830} INFO - Processing file /home/airflow/.local/lib/python3.8/site-packages/airflow/example_dags/tutorial_dag.py for tasks to queue
[2024-03-16T23:55:19.740+0000] {logging_mixin.py:188} INFO - [2024-03-16T23:55:19.740+0000] {dagbag.py:540} INFO - Filling up the DagBag from /home/airflow/.local/lib/python3.8/site-packages/airflow/example_dags/tutorial_dag.py
[2024-03-16T23:55:19.743+0000] {processor.py:840} INFO - DAG(s) 'tutorial_dag' retrieved from /home/airflow/.local/lib/python3.8/site-packages/airflow/example_dags/tutorial_dag.py
[2024-03-16T23:55:19.757+0000] {logging_mixin.py:188} INFO - [2024-03-16T23:55:19.756+0000] {dag.py:3047} INFO - Sync 1 DAGs
[2024-03-16T23:55:19.765+0000] {logging_mixin.py:188} INFO - [2024-03-16T23:55:19.765+0000] {dag.py:3834} INFO - Setting next_dagrun for tutorial_dag to None, run_after=None
[2024-03-16T23:55:19.778+0000] {processor.py:183} INFO - Processing /home/airflow/.local/lib/python3.8/site-packages/airflow/example_dags/tutorial_dag.py took 0.042 seconds
[2024-03-16T23:55:50.419+0000] {processor.py:161} INFO - Started process (PID=318) to work on /home/airflow/.local/lib/python3.8/site-packages/airflow/example_dags/tutorial_dag.py
[2024-03-16T23:55:50.420+0000] {processor.py:830} INFO - Processing file /home/airflow/.local/lib/python3.8/site-packages/airflow/example_dags/tutorial_dag.py for tasks to queue
[2024-03-16T23:55:50.421+0000] {logging_mixin.py:188} INFO - [2024-03-16T23:55:50.421+0000] {dagbag.py:540} INFO - Filling up the DagBag from /home/airflow/.local/lib/python3.8/site-packages/airflow/example_dags/tutorial_dag.py
[2024-03-16T23:55:50.424+0000] {processor.py:840} INFO - DAG(s) 'tutorial_dag' retrieved from /home/airflow/.local/lib/python3.8/site-packages/airflow/example_dags/tutorial_dag.py
[2024-03-16T23:55:50.436+0000] {logging_mixin.py:188} INFO - [2024-03-16T23:55:50.436+0000] {dag.py:3047} INFO - Sync 1 DAGs
[2024-03-16T23:55:50.444+0000] {logging_mixin.py:188} INFO - [2024-03-16T23:55:50.444+0000] {dag.py:3834} INFO - Setting next_dagrun for tutorial_dag to None, run_after=None
[2024-03-16T23:55:50.457+0000] {processor.py:183} INFO - Processing /home/airflow/.local/lib/python3.8/site-packages/airflow/example_dags/tutorial_dag.py took 0.039 seconds
[2024-03-16T23:59:43.741+0000] {processor.py:161} INFO - Started process (PID=44) to work on /home/airflow/.local/lib/python3.8/site-packages/airflow/example_dags/tutorial_dag.py
[2024-03-16T23:59:43.742+0000] {processor.py:830} INFO - Processing file /home/airflow/.local/lib/python3.8/site-packages/airflow/example_dags/tutorial_dag.py for tasks to queue
[2024-03-16T23:59:43.744+0000] {logging_mixin.py:188} INFO - [2024-03-16T23:59:43.743+0000] {dagbag.py:540} INFO - Filling up the DagBag from /home/airflow/.local/lib/python3.8/site-packages/airflow/example_dags/tutorial_dag.py
[2024-03-16T23:59:43.749+0000] {processor.py:840} INFO - DAG(s) 'tutorial_dag' retrieved from /home/airflow/.local/lib/python3.8/site-packages/airflow/example_dags/tutorial_dag.py
[2024-03-16T23:59:43.758+0000] {logging_mixin.py:188} INFO - [2024-03-16T23:59:43.758+0000] {dag.py:3047} INFO - Sync 1 DAGs
[2024-03-16T23:59:43.771+0000] {logging_mixin.py:188} INFO - [2024-03-16T23:59:43.771+0000] {dag.py:3834} INFO - Setting next_dagrun for tutorial_dag to None, run_after=None
[2024-03-16T23:59:43.788+0000] {processor.py:183} INFO - Processing /home/airflow/.local/lib/python3.8/site-packages/airflow/example_dags/tutorial_dag.py took 0.049 seconds
