[2024-03-16T23:50:04.532+0000] {processor.py:161} INFO - Started process (PID=34) to work on /home/airflow/.local/lib/python3.8/site-packages/airflow/example_dags/tutorial_objectstorage.py
[2024-03-16T23:50:04.532+0000] {processor.py:830} INFO - Processing file /home/airflow/.local/lib/python3.8/site-packages/airflow/example_dags/tutorial_objectstorage.py for tasks to queue
[2024-03-16T23:50:04.533+0000] {logging_mixin.py:188} INFO - [2024-03-16T23:50:04.533+0000] {dagbag.py:540} INFO - Filling up the DagBag from /home/airflow/.local/lib/python3.8/site-packages/airflow/example_dags/tutorial_objectstorage.py
[2024-03-16T23:50:04.539+0000] {processor.py:840} INFO - DAG(s) 'tutorial_objectstorage' retrieved from /home/airflow/.local/lib/python3.8/site-packages/airflow/example_dags/tutorial_objectstorage.py
[2024-03-16T23:50:04.546+0000] {logging_mixin.py:188} INFO - [2024-03-16T23:50:04.546+0000] {dag.py:3047} INFO - Sync 1 DAGs
[2024-03-16T23:50:04.555+0000] {logging_mixin.py:188} INFO - [2024-03-16T23:50:04.555+0000] {dag.py:3834} INFO - Setting next_dagrun for tutorial_objectstorage to None, run_after=None
[2024-03-16T23:50:04.568+0000] {processor.py:183} INFO - Processing /home/airflow/.local/lib/python3.8/site-packages/airflow/example_dags/tutorial_objectstorage.py took 0.038 seconds
[2024-03-16T23:51:47.213+0000] {processor.py:161} INFO - Started process (PID=34) to work on /home/airflow/.local/lib/python3.8/site-packages/airflow/example_dags/tutorial_objectstorage.py
[2024-03-16T23:51:47.214+0000] {processor.py:830} INFO - Processing file /home/airflow/.local/lib/python3.8/site-packages/airflow/example_dags/tutorial_objectstorage.py for tasks to queue
[2024-03-16T23:51:47.215+0000] {logging_mixin.py:188} INFO - [2024-03-16T23:51:47.215+0000] {dagbag.py:540} INFO - Filling up the DagBag from /home/airflow/.local/lib/python3.8/site-packages/airflow/example_dags/tutorial_objectstorage.py
[2024-03-16T23:51:47.221+0000] {processor.py:840} INFO - DAG(s) 'tutorial_objectstorage' retrieved from /home/airflow/.local/lib/python3.8/site-packages/airflow/example_dags/tutorial_objectstorage.py
[2024-03-16T23:51:47.228+0000] {logging_mixin.py:188} INFO - [2024-03-16T23:51:47.228+0000] {dag.py:3047} INFO - Sync 1 DAGs
[2024-03-16T23:51:47.237+0000] {logging_mixin.py:188} INFO - [2024-03-16T23:51:47.237+0000] {dag.py:3834} INFO - Setting next_dagrun for tutorial_objectstorage to None, run_after=None
[2024-03-16T23:51:47.251+0000] {processor.py:183} INFO - Processing /home/airflow/.local/lib/python3.8/site-packages/airflow/example_dags/tutorial_objectstorage.py took 0.040 seconds
[2024-03-16T23:53:16.055+0000] {processor.py:161} INFO - Started process (PID=34) to work on /home/airflow/.local/lib/python3.8/site-packages/airflow/example_dags/tutorial_objectstorage.py
[2024-03-16T23:53:16.056+0000] {processor.py:830} INFO - Processing file /home/airflow/.local/lib/python3.8/site-packages/airflow/example_dags/tutorial_objectstorage.py for tasks to queue
[2024-03-16T23:53:16.057+0000] {logging_mixin.py:188} INFO - [2024-03-16T23:53:16.057+0000] {dagbag.py:540} INFO - Filling up the DagBag from /home/airflow/.local/lib/python3.8/site-packages/airflow/example_dags/tutorial_objectstorage.py
[2024-03-16T23:53:16.063+0000] {processor.py:840} INFO - DAG(s) 'tutorial_objectstorage' retrieved from /home/airflow/.local/lib/python3.8/site-packages/airflow/example_dags/tutorial_objectstorage.py
[2024-03-16T23:53:16.071+0000] {logging_mixin.py:188} INFO - [2024-03-16T23:53:16.071+0000] {dag.py:3047} INFO - Sync 1 DAGs
[2024-03-16T23:53:16.084+0000] {logging_mixin.py:188} INFO - [2024-03-16T23:53:16.084+0000] {dag.py:3834} INFO - Setting next_dagrun for tutorial_objectstorage to None, run_after=None
[2024-03-16T23:53:16.097+0000] {processor.py:183} INFO - Processing /home/airflow/.local/lib/python3.8/site-packages/airflow/example_dags/tutorial_objectstorage.py took 0.044 seconds
[2024-03-16T23:53:46.771+0000] {processor.py:161} INFO - Started process (PID=89) to work on /home/airflow/.local/lib/python3.8/site-packages/airflow/example_dags/tutorial_objectstorage.py
[2024-03-16T23:53:46.772+0000] {processor.py:830} INFO - Processing file /home/airflow/.local/lib/python3.8/site-packages/airflow/example_dags/tutorial_objectstorage.py for tasks to queue
[2024-03-16T23:53:46.773+0000] {logging_mixin.py:188} INFO - [2024-03-16T23:53:46.773+0000] {dagbag.py:540} INFO - Filling up the DagBag from /home/airflow/.local/lib/python3.8/site-packages/airflow/example_dags/tutorial_objectstorage.py
[2024-03-16T23:53:46.777+0000] {processor.py:840} INFO - DAG(s) 'tutorial_objectstorage' retrieved from /home/airflow/.local/lib/python3.8/site-packages/airflow/example_dags/tutorial_objectstorage.py
[2024-03-16T23:53:46.843+0000] {logging_mixin.py:188} INFO - [2024-03-16T23:53:46.843+0000] {dag.py:3047} INFO - Sync 1 DAGs
[2024-03-16T23:53:46.850+0000] {logging_mixin.py:188} INFO - [2024-03-16T23:53:46.850+0000] {dag.py:3834} INFO - Setting next_dagrun for tutorial_objectstorage to None, run_after=None
[2024-03-16T23:53:46.862+0000] {processor.py:183} INFO - Processing /home/airflow/.local/lib/python3.8/site-packages/airflow/example_dags/tutorial_objectstorage.py took 0.093 seconds
[2024-03-16T23:54:16.894+0000] {processor.py:161} INFO - Started process (PID=144) to work on /home/airflow/.local/lib/python3.8/site-packages/airflow/example_dags/tutorial_objectstorage.py
[2024-03-16T23:54:16.895+0000] {processor.py:830} INFO - Processing file /home/airflow/.local/lib/python3.8/site-packages/airflow/example_dags/tutorial_objectstorage.py for tasks to queue
[2024-03-16T23:54:16.896+0000] {logging_mixin.py:188} INFO - [2024-03-16T23:54:16.895+0000] {dagbag.py:540} INFO - Filling up the DagBag from /home/airflow/.local/lib/python3.8/site-packages/airflow/example_dags/tutorial_objectstorage.py
[2024-03-16T23:54:16.899+0000] {processor.py:840} INFO - DAG(s) 'tutorial_objectstorage' retrieved from /home/airflow/.local/lib/python3.8/site-packages/airflow/example_dags/tutorial_objectstorage.py
[2024-03-16T23:54:16.911+0000] {logging_mixin.py:188} INFO - [2024-03-16T23:54:16.911+0000] {dag.py:3047} INFO - Sync 1 DAGs
[2024-03-16T23:54:16.919+0000] {logging_mixin.py:188} INFO - [2024-03-16T23:54:16.919+0000] {dag.py:3834} INFO - Setting next_dagrun for tutorial_objectstorage to None, run_after=None
[2024-03-16T23:54:16.931+0000] {processor.py:183} INFO - Processing /home/airflow/.local/lib/python3.8/site-packages/airflow/example_dags/tutorial_objectstorage.py took 0.039 seconds
[2024-03-16T23:54:47.780+0000] {processor.py:161} INFO - Started process (PID=199) to work on /home/airflow/.local/lib/python3.8/site-packages/airflow/example_dags/tutorial_objectstorage.py
[2024-03-16T23:54:47.780+0000] {processor.py:830} INFO - Processing file /home/airflow/.local/lib/python3.8/site-packages/airflow/example_dags/tutorial_objectstorage.py for tasks to queue
[2024-03-16T23:54:47.781+0000] {logging_mixin.py:188} INFO - [2024-03-16T23:54:47.781+0000] {dagbag.py:540} INFO - Filling up the DagBag from /home/airflow/.local/lib/python3.8/site-packages/airflow/example_dags/tutorial_objectstorage.py
[2024-03-16T23:54:47.785+0000] {processor.py:840} INFO - DAG(s) 'tutorial_objectstorage' retrieved from /home/airflow/.local/lib/python3.8/site-packages/airflow/example_dags/tutorial_objectstorage.py
[2024-03-16T23:54:47.797+0000] {logging_mixin.py:188} INFO - [2024-03-16T23:54:47.796+0000] {dag.py:3047} INFO - Sync 1 DAGs
[2024-03-16T23:54:47.805+0000] {logging_mixin.py:188} INFO - [2024-03-16T23:54:47.805+0000] {dag.py:3834} INFO - Setting next_dagrun for tutorial_objectstorage to None, run_after=None
[2024-03-16T23:54:47.817+0000] {processor.py:183} INFO - Processing /home/airflow/.local/lib/python3.8/site-packages/airflow/example_dags/tutorial_objectstorage.py took 0.040 seconds
[2024-03-16T23:55:18.473+0000] {processor.py:161} INFO - Started process (PID=254) to work on /home/airflow/.local/lib/python3.8/site-packages/airflow/example_dags/tutorial_objectstorage.py
[2024-03-16T23:55:18.473+0000] {processor.py:830} INFO - Processing file /home/airflow/.local/lib/python3.8/site-packages/airflow/example_dags/tutorial_objectstorage.py for tasks to queue
[2024-03-16T23:55:18.474+0000] {logging_mixin.py:188} INFO - [2024-03-16T23:55:18.474+0000] {dagbag.py:540} INFO - Filling up the DagBag from /home/airflow/.local/lib/python3.8/site-packages/airflow/example_dags/tutorial_objectstorage.py
[2024-03-16T23:55:18.478+0000] {processor.py:840} INFO - DAG(s) 'tutorial_objectstorage' retrieved from /home/airflow/.local/lib/python3.8/site-packages/airflow/example_dags/tutorial_objectstorage.py
[2024-03-16T23:55:18.492+0000] {logging_mixin.py:188} INFO - [2024-03-16T23:55:18.492+0000] {dag.py:3047} INFO - Sync 1 DAGs
[2024-03-16T23:55:18.502+0000] {logging_mixin.py:188} INFO - [2024-03-16T23:55:18.502+0000] {dag.py:3834} INFO - Setting next_dagrun for tutorial_objectstorage to None, run_after=None
[2024-03-16T23:55:18.516+0000] {processor.py:183} INFO - Processing /home/airflow/.local/lib/python3.8/site-packages/airflow/example_dags/tutorial_objectstorage.py took 0.045 seconds
[2024-03-16T23:55:49.148+0000] {processor.py:161} INFO - Started process (PID=309) to work on /home/airflow/.local/lib/python3.8/site-packages/airflow/example_dags/tutorial_objectstorage.py
[2024-03-16T23:55:49.149+0000] {processor.py:830} INFO - Processing file /home/airflow/.local/lib/python3.8/site-packages/airflow/example_dags/tutorial_objectstorage.py for tasks to queue
[2024-03-16T23:55:49.150+0000] {logging_mixin.py:188} INFO - [2024-03-16T23:55:49.150+0000] {dagbag.py:540} INFO - Filling up the DagBag from /home/airflow/.local/lib/python3.8/site-packages/airflow/example_dags/tutorial_objectstorage.py
[2024-03-16T23:55:49.154+0000] {processor.py:840} INFO - DAG(s) 'tutorial_objectstorage' retrieved from /home/airflow/.local/lib/python3.8/site-packages/airflow/example_dags/tutorial_objectstorage.py
[2024-03-16T23:55:49.167+0000] {logging_mixin.py:188} INFO - [2024-03-16T23:55:49.167+0000] {dag.py:3047} INFO - Sync 1 DAGs
[2024-03-16T23:55:49.176+0000] {logging_mixin.py:188} INFO - [2024-03-16T23:55:49.176+0000] {dag.py:3834} INFO - Setting next_dagrun for tutorial_objectstorage to None, run_after=None
[2024-03-16T23:55:49.190+0000] {processor.py:183} INFO - Processing /home/airflow/.local/lib/python3.8/site-packages/airflow/example_dags/tutorial_objectstorage.py took 0.044 seconds
[2024-03-16T23:59:43.219+0000] {processor.py:161} INFO - Started process (PID=35) to work on /home/airflow/.local/lib/python3.8/site-packages/airflow/example_dags/tutorial_objectstorage.py
[2024-03-16T23:59:43.221+0000] {processor.py:830} INFO - Processing file /home/airflow/.local/lib/python3.8/site-packages/airflow/example_dags/tutorial_objectstorage.py for tasks to queue
[2024-03-16T23:59:43.222+0000] {logging_mixin.py:188} INFO - [2024-03-16T23:59:43.222+0000] {dagbag.py:540} INFO - Filling up the DagBag from /home/airflow/.local/lib/python3.8/site-packages/airflow/example_dags/tutorial_objectstorage.py
[2024-03-16T23:59:43.231+0000] {processor.py:840} INFO - DAG(s) 'tutorial_objectstorage' retrieved from /home/airflow/.local/lib/python3.8/site-packages/airflow/example_dags/tutorial_objectstorage.py
[2024-03-16T23:59:43.243+0000] {logging_mixin.py:188} INFO - [2024-03-16T23:59:43.243+0000] {dag.py:3047} INFO - Sync 1 DAGs
[2024-03-16T23:59:43.257+0000] {logging_mixin.py:188} INFO - [2024-03-16T23:59:43.257+0000] {dag.py:3834} INFO - Setting next_dagrun for tutorial_objectstorage to None, run_after=None
[2024-03-16T23:59:43.276+0000] {processor.py:183} INFO - Processing /home/airflow/.local/lib/python3.8/site-packages/airflow/example_dags/tutorial_objectstorage.py took 0.059 seconds
